(KG-S2S) chrisjihee@ptlm3:~/proj/KG-S2S$ setting-korean/train-FB15k-237N-ko-MT5-2.sh
Namespace(dataset_path='./data/processed', dataset='FB15k-237N-ko', model='T5Finetuner', strategy='auto', precision='bf16', accelerator='gpu', seed=41504, num_workers=4, save_dir='./checkpoint/FB15k-237N-ko-2023-12-12 01:23:49.243461', pretrained_model='google/mt5-base', batch_size=16, val_batch_size=16, num_beams=40, num_beam_groups=1, src_max_length=512, train_tgt_max_length=512, eval_tgt_max_length=90, epochs=3, lr=0.0005, diversity_penalty=0.0, model_path='', optim='Adam', decoder='beam_search', log_text=False, use_prefix_search=False, src_descrip_max_length=240, tgt_descrip_max_length=240, use_soft_prompt=True, use_rel_prompt_emb=True, skip_n_val_epoch=0, seq_dropout=0.2, temporal=False, n_ent=12068, n_rel=90, vocab_size=250112, model_dim=768)
Global seed set to 41504
Special tokens have been added in the vocabulary, make sure the associated word embeddings are fine-tuned or trained.
Special tokens have been added in the vocabulary, make sure the associated word embeddings are fine-tuned or trained.
tokenizing entities...
100%|██████████████████████████████████████████████████████████████████████████████████████████████████████████████████████████████████████████████████████████████████████████████████████████| 12068/12068 [00:25<00:00, 465.45it/s]
Special tokens have been added in the vocabulary, make sure the associated word embeddings are fine-tuned or trained.
Special tokens have been added in the vocabulary, make sure the associated word embeddings are fine-tuned or trained.
datamodule construction done.

----------------------------------------------------------------------------------
 * pl.Trainer(accelerator=gpu, precision=bf16, strategy=auto)
----------------------------------------------------------------------------------

Using bfloat16 Automatic Mixed Precision (AMP)
GPU available: True (cuda), used: True
TPU available: False, using: 0 TPU cores
IPU available: False, using: 0 IPUs
HPU available: False, using: 0 HPUs
model construction done.
LOCAL_RANK: 0 - CUDA_VISIBLE_DEVICES: [1]

  | Name          | Type                                | Params
----------------------------------------------------------------------
0 | core_t5_model | ModifiedMT5ForConditionalGeneration | 582 M
1 | rel_embed1    | Embedding                           | 69.1 K
2 | rel_embed2    | Embedding                           | 69.1 K
3 | rel_embed3    | Embedding                           | 69.1 K
4 | rel_embed4    | Embedding                           | 69.1 K
----------------------------------------------------------------------
582 M     Trainable params
0         Non-trainable params
582 M     Total params
2,330.711 Total estimated model params size (MB)
Training: 0it [00:00, ?it/s]Epoch:    0,
Epoch 0:  93%|███████████████████████████████████████████████████████████████████████████████████████████████████████████████████████████████████████████████████████████▌            | 9138/9866 [36:19<02:53,  4.19it/s, loss=0.383]Training time: 2179s
Epoch 0: 100%|██████████████████████████████████████████████████████████████████████████████████████████████████████████████████████████████████████████████████████████████████████| 9866/9866 [2:22:29<00:00,  1.15it/s, loss=0.383]
                   mrr           mr   hit@1   hit@3  hit@10█████████████████████████████████████████████████████████████████████████████████████████████████████████████████████████████████████████| 364/364 [53:22<00:00,  8.80s/it]
tail ranking  0.352539  2712.151901  27.35%  40.08%  50.95%
head ranking  0.086840  4948.500946   6.23%   9.44%  14.05%
mean ranking  0.219690  3830.326424  16.79%  24.76%  32.50%
Ellipsis
Validation time: 6370s
Epoch 0: 100%|██████████████████████████████████████████████████████████████████████████████████████████████████████████████████████████████████████████████████████████████████████| 9866/9866 [2:22:29<00:00,  1.15it/s, loss=0.383]
Total time: 8549s, loss: 0.7305
--------------------------------------------------
Epoch 0: 100%|██████████████████████████████████████████████████████████████████████████████████████████████████████████████████████████████████████████████████████████████████████| 9866/9866 [2:22:29<00:00,  1.15it/s, loss=0.383]Epoch:    1,
Epoch 1:  93%|███████████████████████████████████████████████████████████████████████████████████████████████████████████████████████████████████████████████████████████▌            | 9138/9866 [36:23<02:53,  4.18it/s, loss=0.228]Training time: 2183s
Epoch 1: 100%|██████████████████████████████████████████████████████████████████████████████████████████████████████████████████████████████████████████████████████████████████████| 9866/9866 [2:23:30<00:00,  1.15it/s, loss=0.228]
                   mrr           mr   hit@1   hit@3  hit@10█████████████████████████████████████████████████████████████████████████████████████████████████████████████████████████████████████████| 364/364 [54:07<00:00,  8.92s/it]
tail ranking  0.325422  2538.664373  24.62%  36.33%  48.19%
head ranking  0.078394  4904.026320   5.18%   8.70%  13.18%
mean ranking  0.201908  3721.345347  14.90%  22.52%  30.68%
Ellipsis
Validation time: 6426s
Epoch 1: 100%|██████████████████████████████████████████████████████████████████████████████████████████████████████████████████████████████████████████████████████████████████████| 9866/9866 [2:23:30<00:00,  1.15it/s, loss=0.228]
Total time: 8610s, loss: 0.3182
--------------------------------------------------
Epoch 1: 100%|██████████████████████████████████████████████████████████████████████████████████████████████████████████████████████████████████████████████████████████████████████| 9866/9866 [2:23:30<00:00,  1.15it/s, loss=0.228]Epoch:    2,
Epoch 2:  93%|███████████████████████████████████████████████████████████████████████████████████████████████████████████████████████████████████████████████████████████▌            | 9138/9866 [36:25<02:54,  4.18it/s, loss=0.165]Training time: 2185s
Epoch 2: 100%|██████████████████████████████████████████████████████████████████████████████████████████████████████████████████████████████████████████████████████████████████████| 9866/9866 [2:23:35<00:00,  1.15it/s, loss=0.165]
                   mrr           mr   hit@1   hit@3  hit@10█████████████████████████████████████████████████████████████████████████████████████████████████████████████████████████████████████████| 364/364 [54:17<00:00,  8.95s/it]
tail ranking  0.346894  2349.355582  27.08%  37.97%  50.20%
head ranking  0.081463  4724.974540   5.26%   8.43%  14.50%
mean ranking  0.214178  3537.165061  16.17%  23.20%  32.35%
Ellipsis
Validation time: 6429s
Epoch 2: 100%|██████████████████████████████████████████████████████████████████████████████████████████████████████████████████████████████████████████████████████████████████████| 9866/9866 [2:23:35<00:00,  1.15it/s, loss=0.165]
Total time: 8615s, loss: 0.1904
--------------------------------------------------
Epoch 2: 100%|██████████████████████████████████████████████████████████████████████████████████████████████████████████████████████████████████████████████████████████████████████| 9866/9866 [2:23:35<00:00,  1.15it/s, loss=0.165]`Trainer.fit` stopped: `max_epochs=3` reached.
Epoch 2: 100%|██████████████████████████████████████████████████████████████████████████████████████████████████████████████████████████████████████████████████████████████████████| 9866/9866 [2:23:35<00:00,  1.15it/s, loss=0.165]
model_path: [./checkpoint/FB15k-237N-ko-2023-12-12 01:23:49.243461/FB15k-237N-ko-epoch=000-val_mrr=0.2197.ckpt]
LOCAL_RANK: 0 - CUDA_VISIBLE_DEVICES: [1]
Testing DataLoader 1: 100%|█████████████████████████████████████████████████████████████████████████████████████████████████████████████████████████████████████████████████████████████████████████████████████████████████████████████████████████████████████████████████████████| 423/423 [57:28<00:00,  8.15s/it]
                   mrr           mr   hit@1   hit@3  hit@10
tail ranking  0.347762  2726.710293  27.15%  39.53%  49.62%
head ranking  0.086271  5024.693878   6.06%   9.72%  14.11%
mean ranking  0.217016  3875.702085  16.61%  24.62%  31.86%

==================================================
Epoch: test
Ellipsis
==================================================
Testing DataLoader 1: 100%|█████████████████████████████████████████████████████████████████████████████████████████████████████████████████████████████████████████████████████████████████████████████████████████████████████████████████████████████████████████████████████████| 423/423 [57:28<00:00,  8.15s/it]
──────────────────────────────────────────────────────────────────────────────────────────────────────────────────────────────────────────────────────────────────────────────────────────────────────────────────────────────────────────────────────────────────────────────────────────────────────────────────────
Runningstage.testing metric      DataLoader 0             DataLoader 1
──────────────────────────────────────────────────────────────────────────────────────────────────────────────────────────────────────────────────────────────────────────────────────────────────────────────────────────────────────────────────────────────────────────────────────────────────────────────────────
         val_mrr            0.21701624989509583      0.21701624989509583
──────────────────────────────────────────────────────────────────────────────────────────────────────────────────────────────────────────────────────────────────────────────────────────────────────────────────────────────────────────────────────────────────────────────────────────────────────────────────────
(KG-S2S) chrisjihee@ptlm3:~/proj/KG-S2S$

