(KG-S2S) chrisjihee@ptlm3:~/proj/KG-S2S$ setting-korean/train-FB15k-237N-ko-KeT5.sh
Namespace(dataset_path='./data/processed', dataset='FB15k-237N-ko', model='T5Finetuner', strategy='auto', precision='bf16', accelerator='gpu', seed=41504, num_workers=4, save_dir='./checkpoint/FB15k-237N-ko-2023-12-12 01:23:51.368505', pretrained_model='KETI-AIR/ke-t5-base-ko', batch_size=16, val_batch_size=16, num_beams=40, num_beam_groups=1, src_max_length=512, train_tgt_max_length=512, eval_tgt_max_length=90, epochs=3, lr=0.001, diversity_penalty=0.0, model_path='', optim='Adam', decoder='beam_search', log_text=False, use_prefix_search=False, src_descrip_max_length=240, tgt_descrip_max_length=240, use_soft_prompt=True, use_rel_prompt_emb=True, skip_n_val_epoch=0, seq_dropout=0.2, temporal=False, n_ent=12068, n_rel=90, vocab_size=64128, model_dim=768)
Global seed set to 41504
Special tokens have been added in the vocabulary, make sure the associated word embeddings are fine-tuned or trained.
tokenizing entities...
100%|██████████████████████████████████████████████████████████████████████████████████████████████████████████████████████████████████████████████████████████████████████████████████████████| 12068/12068 [00:27<00:00, 431.15it/s]
Special tokens have been added in the vocabulary, make sure the associated word embeddings are fine-tuned or trained.
datamodule construction done.

----------------------------------------------------------------------------------
 * pl.Trainer(accelerator=gpu, precision=bf16, strategy=auto)
----------------------------------------------------------------------------------

Using bfloat16 Automatic Mixed Precision (AMP)
GPU available: True (cuda), used: True
TPU available: False, using: 0 TPU cores
IPU available: False, using: 0 IPUs
HPU available: False, using: 0 HPUs
model construction done.
LOCAL_RANK: 0 - CUDA_VISIBLE_DEVICES: [2]

  | Name          | Type                               | Params
---------------------------------------------------------------------
0 | core_t5_model | ModifiedT5ForConditionalGeneration | 247 M
1 | rel_embed1    | Embedding                          | 69.1 K
2 | rel_embed2    | Embedding                          | 69.1 K
3 | rel_embed3    | Embedding                          | 69.1 K
4 | rel_embed4    | Embedding                          | 69.1 K
---------------------------------------------------------------------
247 M     Trainable params
0         Non-trainable params
247 M     Total params
991.024   Total estimated model params size (MB)
Training: 0it [00:00, ?it/s]Epoch:    0,
Epoch 0:  93%|███████████████████████████████████████████████████████████████████████████████████████████████████████████████████████████████████████████████████████████▌            | 9138/9866 [23:10<01:50,  6.57it/s, loss=0.567]Training time: 1390s
Epoch 0: 100%|██████████████████████████████████████████████████████████████████████████████████████████████████████████████████████████████████████████████████████████████████████| 9866/9866 [1:58:14<00:00,  1.39it/s, loss=0.567]
                   mrr           mr  hit@1  hit@3  hit@10███████████████████████████████████████████████████████████████████████████████████████████████████████████████████████████████████████████| 364/364 [47:47<00:00,  7.88s/it]
tail ranking  0.067514  4484.618269  4.68%  5.75%  12.44%
head ranking  0.016541  5797.013762  1.29%  1.67%   2.01%
mean ranking  0.042028  5140.816016  2.98%  3.71%   7.23%
Ellipsis
Validation time: 5703s
Epoch 0: 100%|██████████████████████████████████████████████████████████████████████████████████████████████████████████████████████████████████████████████████████████████████████| 9866/9866 [1:58:14<00:00,  1.39it/s, loss=0.567]
Total time: 7094s, loss: 0.9877
--------------------------------------------------
Epoch 0: 100%|██████████████████████████████████████████████████████████████████████████████████████████████████████████████████████████████████████████████████████████████████████| 9866/9866 [1:58:14<00:00,  1.39it/s, loss=0.567]Epoch:    1,
Epoch 1:  93%|███████████████████████████████████████████████████████████████████████████████████████████████████████████████████████████████████████████████████████████▌            | 9138/9866 [23:05<01:50,  6.59it/s, loss=0.292]Training time: 1385s
Epoch 1: 100%|██████████████████████████████████████████████████████████████████████████████████████████████████████████████████████████████████████████████████████████████████████| 9866/9866 [1:52:31<00:00,  1.46it/s, loss=0.292]
                   mrr           mr   hit@1   hit@3  hit@10█████████████████████████████████████████████████████████████████████████████████████████████████████████████████████████████████████████| 364/364 [45:06<00:00,  7.44s/it]
tail ranking  0.330621  2637.488044  25.65%  36.92%  47.94%
head ranking  0.069790  4957.695510   4.61%   7.57%  11.47%
mean ranking  0.200206  3797.591777  15.13%  22.24%  29.71%
Ellipsis
Validation time: 5365s
Epoch 1: 100%|██████████████████████████████████████████████████████████████████████████████████████████████████████████████████████████████████████████████████████████████████████| 9866/9866 [1:52:31<00:00,  1.46it/s, loss=0.292]
Total time: 6751s, loss: 0.4177
--------------------------------------------------
Epoch 1: 100%|██████████████████████████████████████████████████████████████████████████████████████████████████████████████████████████████████████████████████████████████████████| 9866/9866 [1:52:31<00:00,  1.46it/s, loss=0.292]Epoch:    2,
Epoch 2:  93%|███████████████████████████████████████████████████████████████████████████████████████████████████████████████████████████████████████████████████████████▌            | 9138/9866 [23:13<01:51,  6.56it/s, loss=0.243]Training time: 1394s
Epoch 2: 100%|██████████████████████████████████████████████████████████████████████████████████████████████████████████████████████████████████████████████████████████████████████| 9866/9866 [1:53:11<00:00,  1.45it/s, loss=0.243]
                   mrr           mr   hit@1   hit@3  hit@10█████████████████████████████████████████████████████████████████████████████████████████████████████████████████████████████████████████| 364/364 [45:42<00:00,  7.53s/it]
tail ranking  0.382498  2302.815070  30.35%  42.56%  53.69%
head ranking  0.099015  4714.148804   7.07%  10.36%  16.08%
mean ranking  0.240756  3508.481937  18.71%  26.46%  34.89%
Ellipsis
Validation time: 5397s
Epoch 2: 100%|██████████████████████████████████████████████████████████████████████████████████████████████████████████████████████████████████████████████████████████████████████| 9866/9866 [1:53:11<00:00,  1.45it/s, loss=0.243]
Total time: 6791s, loss: 0.2357
--------------------------------------------------
Epoch 2: 100%|██████████████████████████████████████████████████████████████████████████████████████████████████████████████████████████████████████████████████████████████████████| 9866/9866 [1:53:11<00:00,  1.45it/s, loss=0.243]`Trainer.fit` stopped: `max_epochs=3` reached.
Epoch 2: 100%|██████████████████████████████████████████████████████████████████████████████████████████████████████████████████████████████████████████████████████████████████████| 9866/9866 [1:53:24<00:00,  1.45it/s, loss=0.243]
model_path: [./checkpoint/FB15k-237N-ko-2023-12-12 01:23:51.368505/FB15k-237N-ko-epoch=002-val_mrr=0.2408.ckpt]
LOCAL_RANK: 0 - CUDA_VISIBLE_DEVICES: [2]
Testing DataLoader 1: 100%|█████████████████████████████████████████████████████████████████████████████████████████████████████████████████████████████████████████████████████████████████████████| 423/423 [47:14<00:00,  6.70s/it]
                   mrr           mr   hit@1   hit@3  hit@10
tail ranking  0.373931  2353.889973  29.62%  41.60%  52.78%
head ranking  0.104029  4689.961254   7.38%  11.55%  16.46%
mean ranking  0.238980  3521.925614  18.50%  26.57%  34.62%

==================================================
Epoch: test
Ellipsis
==================================================
Testing DataLoader 1: 100%|█████████████████████████████████████████████████████████████████████████████████████████████████████████████████████████████████████████████████████████████████████████| 423/423 [47:14<00:00,  6.70s/it]
──────────────────────────────────────────────────────────────────────────────────────────────────────────────────────────────────────────────────────────────────────────────────────────────────────────────────────────────────────
Runningstage.testing metric      DataLoader 0             DataLoader 1
──────────────────────────────────────────────────────────────────────────────────────────────────────────────────────────────────────────────────────────────────────────────────────────────────────────────────────────────────────
         val_mrr            0.23898035287857056      0.23898035287857056
──────────────────────────────────────────────────────────────────────────────────────────────────────────────────────────────────────────────────────────────────────────────────────────────────────────────────────────────────────
(KG-S2S) chrisjihee@ptlm3:~/proj/KG-S2S$

