(KG-S2S) chrisjihee@ptlm3:~/proj/KG-S2S$ export CUDA_VISIBLE_DEVICES=2
(KG-S2S) chrisjihee@ptlm3:~/proj/KG-S2S$ setting-korean/train-FB15k-237N-ko-KeByT5-1.sh
Namespace(dataset_path='./data/processed', dataset='FB15k-237N-ko', model='T5Finetuner', precision='32', accelerator='gpu', seed=6382, num_workers=4, save_dir='./checkpoint/FB15k-237N-ko-2023-12-13 18:48:34.833773', pretrained_model='pretrained-pro/ETRI-KEByT5-Base-230426', batch_size=16, val_batch_size=16, num_beams=40, num_beam_groups=1, src_max_length=512, train_tgt_max_length=512, eval_tgt_max_length=90, epochs=5, lr=0.001, diversity_penalty=0.0, model_path='', optim='Adam', decoder='beam_search', log_text=False, use_prefix_search=False, src_descrip_max_length=240, tgt_descrip_max_length=240, use_soft_prompt=True, use_rel_prompt_emb=True, skip_n_val_epoch=0, seq_dropout=0.2, temporal=False, n_ent=12068, n_rel=90, vocab_size=384, model_dim=1536)
Global seed set to 6382

----------------------------------------------------------------------------------
 - pretrained_model.model_type: t5
 - tokenizer.additional_special_tokens: ['<extra_id_0>', '<extra_id_1>', '<extra_id_2>', '<extra_id_3>', '<extra_id_4>', '<extra_id_5>', '<extra_id_6>', '<extra_id_7>', '<extra_id_8>', '<extra_id_9>', '<extra_id_10>', '<extra_id_11>', '<extra_id_12>', '<extra_id_13>', '<extra_id_14>', '<extra_id_15>', '<extra_id_16>', '<extra_id_17>', '<extra_id_18>', '<extra_id_19>', '<extra_id_20>', '<extra_id_21>', '<extra_id_22>', '<extra_id_23>', '<extra_id_24>', '<extra_id_25>', '<extra_id_26>', '<extra_id_27>', '<extra_id_28>', '<extra_id_29>', '<extra_id_30>', '<extra_id_31>', '<extra_id_32>', '<extra_id_33>', '<extra_id_34>', '<extra_id_35>', '<extra_id_36>', '<extra_id_37>', '<extra_id_38>', '<extra_id_39>', '<extra_id_40>', '<extra_id_41>', '<extra_id_42>', '<extra_id_43>', '<extra_id_44>', '<extra_id_45>', '<extra_id_46>', '<extra_id_47>', '<extra_id_48>', '<extra_id_49>', '<extra_id_50>', '<extra_id_51>', '<extra_id_52>', '<extra_id_53>', '<extra_id_54>', '<extra_id_55>', '<extra_id_56>', '<extra_id_57>', '<extra_id_58>', '<extra_id_59>', '<extra_id_60>', '<extra_id_61>', '<extra_id_62>', '<extra_id_63>', '<extra_id_64>', '<extra_id_65>', '<extra_id_66>', '<extra_id_67>', '<extra_id_68>', '<extra_id_69>', '<extra_id_70>', '<extra_id_71>', '<extra_id_72>', '<extra_id_73>', '<extra_id_74>', '<extra_id_75>', '<extra_id_76>', '<extra_id_77>', '<extra_id_78>', '<extra_id_79>', '<extra_id_80>', '<extra_id_81>', '<extra_id_82>', '<extra_id_83>', '<extra_id_84>', '<extra_id_85>', '<extra_id_86>', '<extra_id_87>', '<extra_id_88>', '<extra_id_89>', '<extra_id_90>', '<extra_id_91>', '<extra_id_92>', '<extra_id_93>', '<extra_id_94>', '<extra_id_95>', '<extra_id_96>', '<extra_id_97>', '<extra_id_98>', '<extra_id_99>', '<extra_id_100>', '<extra_id_101>', '<extra_id_102>', '<extra_id_103>', '<extra_id_104>', '<extra_id_105>', '<extra_id_106>', '<extra_id_107>', '<extra_id_108>', '<extra_id_109>', '<extra_id_110>', '<extra_id_111>', '<extra_id_112>', '<extra_id_113>', '<extra_id_114>', '<extra_id_115>', '<extra_id_116>', '<extra_id_117>', '<extra_id_118>', '<extra_id_119>', '<extra_id_120>', '<extra_id_121>', '<extra_id_122>', '<extra_id_123>', '<extra_id_124>']
 - extra_id_0_tok_id: 259
----------------------------------------------------------------------------------

tokenizing entities...
100%|███████████████████████████████████████████████████████████████████████████████████████████████████████████████████████████████████████████████████████████████████████████████████████████████████████████████████████████████████████████████████████████████████████████| 12068/12068 [02:47<00:00, 71.84it/s]
datamodule construction done.

----------------------------------------------------------------------------------
 * pl.Trainer(accelerator=gpu, precision=32)
----------------------------------------------------------------------------------

GPU available: True (cuda), used: True
TPU available: False, using: 0 TPU cores
IPU available: False, using: 0 IPUs
HPU available: False, using: 0 HPUs
model construction done.
LOCAL_RANK: 0 - CUDA_VISIBLE_DEVICES: [2]

  | Name          | Type                               | Params
---------------------------------------------------------------------
0 | core_t5_model | ModifiedT5ForConditionalGeneration | 581 M
1 | rel_embed1    | Embedding                          | 138 K
2 | rel_embed2    | Embedding                          | 138 K
3 | rel_embed3    | Embedding                          | 138 K
4 | rel_embed4    | Embedding                          | 138 K
---------------------------------------------------------------------
582 M     Trainable params
0         Non-trainable params
582 M     Total params
2,328.825 Total estimated model params size (MB)
Training: 0it [00:00, ?it/s]Epoch:    0,
Epoch 0:  93%|███████████████████████████████████████████████████████████████████████████████████████████████████████████████████████████████████████████████████████████████████████████████████████████████████████████████████████████████████▊                  | 9138/9866 [1:51:18<08:52,  1.37it/s, loss=0.141]Training time: 6678s
Epoch 0: 100%|██████████████████████████████████████████████████████████████████████████████████████████████████████████████████████████████████████████████████████████████████████████████████████████████████████████████████████████████████████████████████████| 9866/9866 [3:36:10<00:00,  1.31s/it, loss=0.141]
                   mrr           mr   hit@1   hit@3  hit@10█████████████████████████████████████████████████████████████████████████████████████████████████████████████████████████████████████████████████████████████████████████████████████████████████████████████████████████| 364/364 [52:40<00:00,  8.68s/it]
tail ranking  0.305466  2684.730260  23.05%  33.55%  46.76%
head ranking  0.055295  5021.930329   3.39%   5.59%  10.30%
mean ranking  0.180380  3853.330294  13.22%  19.57%  28.53%
Ellipsis
Validation time: 6291s
Epoch 0: 100%|██████████████████████████████████████████████████████████████████████████████████████████████████████████████████████████████████████████████████████████████████████████████████████████████████████████████████████████████████████████████████████| 9866/9866 [3:36:10<00:00,  1.31s/it, loss=0.141]
Total time: 12970s, loss: 0.2126
--------------------------------------------------
Epoch 0: 100%|██████████████████████████████████████████████████████████████████████████████████████████████████████████████████████████████████████████████████████████████████████████████████████████████████████████████████████████████████████████████████████| 9866/9866 [3:36:10<00:00,  1.31s/it, loss=0.141]Epoch:    1,
Epoch 1:  93%|██████████████████████████████████████████████████████████████████████████████████████████████████████████████████████████████████████████████████████████████████████████████████████████████████████████████████████████████████▉                  | 9138/9866 [1:51:09<08:51,  1.37it/s, loss=0.0916]Training time: 6669s
Epoch 1: 100%|█████████████████████████████████████████████████████████████████████████████████████████████████████████████████████████████████████████████████████████████████████████████████████████████████████████████████████████████████████████████████████| 9866/9866 [3:36:06<00:00,  1.31s/it, loss=0.0916]
                   mrr           mr   hit@1   hit@3  hit@10█████████████████████████████████████████████████████████████████████████████████████████████████████████████████████████████████████████████████████████████████████████████████████████████████████████████████████████| 364/364 [52:48<00:00,  8.70s/it]
tail ranking  0.311728  2509.557199  23.31%  34.01%  49.22%
head ranking  0.060407  4825.969035   3.41%   6.33%  11.70%
mean ranking  0.186068  3667.763117  13.36%  20.17%  30.46%
Ellipsis
Validation time: 6296s
Epoch 1: 100%|█████████████████████████████████████████████████████████████████████████████████████████████████████████████████████████████████████████████████████████████████████████████████████████████████████████████████████████████████████████████████████| 9866/9866 [3:36:06<00:00,  1.31s/it, loss=0.0916]
Total time: 12966s, loss: 0.1045
--------------------------------------------------
Epoch 1: 100%|█████████████████████████████████████████████████████████████████████████████████████████████████████████████████████████████████████████████████████████████████████████████████████████████████████████████████████████████████████████████████████| 9866/9866 [3:36:06<00:00,  1.31s/it, loss=0.0916]Epoch:    2,
Epoch 2:  93%|██████████████████████████████████████████████████████████████████████████████████████████████████████████████████████████████████████████████████████████████████████████████████████████████████████████████████████████████████▉                  | 9138/9866 [1:51:11<08:51,  1.37it/s, loss=0.0659]Training time: 6671s
Epoch 2: 100%|█████████████████████████████████████████████████████████████████████████████████████████████████████████████████████████████████████████████████████████████████████████████████████████████████████████████████████████████████████████████████████| 9866/9866 [3:36:14<00:00,  1.32s/it, loss=0.0659]
                   mrr           mr   hit@1   hit@3  hit@10█████████████████████████████████████████████████████████████████████████████████████████████████████████████████████████████████████████████████████████████████████████████████████████████████████████████████████████| 364/364 [52:45<00:00,  8.70s/it]
tail ranking  0.303601  2666.764149  22.57%  33.77%  46.91%
head ranking  0.059178  4897.732668   3.37%   6.28%  11.15%
mean ranking  0.181389  3782.248409  12.97%  20.02%  29.03%
Ellipsis
Validation time: 6302s
Epoch 2: 100%|█████████████████████████████████████████████████████████████████████████████████████████████████████████████████████████████████████████████████████████████████████████████████████████████████████████████████████████████████████████████████████| 9866/9866 [3:36:14<00:00,  1.32s/it, loss=0.0659]
Total time: 12974s, loss: 0.0725
--------------------------------------------------
Epoch 2: 100%|█████████████████████████████████████████████████████████████████████████████████████████████████████████████████████████████████████████████████████████████████████████████████████████████████████████████████████████████████████████████████████| 9866/9866 [3:36:14<00:00,  1.32s/it, loss=0.0659]Epoch:    3,
Epoch 3:  93%|██████████████████████████████████████████████████████████████████████████████████████████████████████████████████████████████████████████████████████████████████████████████████████████████████████████████████████████████████▉                  | 9138/9866 [1:51:11<08:51,  1.37it/s, loss=0.0543]Training time: 6671s
Epoch 3: 100%|█████████████████████████████████████████████████████████████████████████████████████████████████████████████████████████████████████████████████████████████████████████████████████████████████████████████████████████████████████████████████████| 9866/9866 [3:36:09<00:00,  1.31s/it, loss=0.0543]
                   mrr           mr   hit@1   hit@3  hit@10█████████████████████████████████████████████████████████████████████████████████████████████████████████████████████████████████████████████████████████████████████████████████████████████████████████████████████████| 364/364 [52:40<00:00,  8.68s/it]
tail ranking  0.288537  2705.641321  21.83%  31.38%  45.24%
head ranking  0.063916  4904.440220   3.92%   6.86%  11.44%
mean ranking  0.176226  3805.040771  12.88%  19.12%  28.34%
Ellipsis
Validation time: 6298s
Epoch 3: 100%|█████████████████████████████████████████████████████████████████████████████████████████████████████████████████████████████████████████████████████████████████████████████████████████████████████████████████████████████████████████████████████| 9866/9866 [3:36:09<00:00,  1.31s/it, loss=0.0543]
Total time: 12969s, loss: 0.0575
--------------------------------------------------
Epoch 3: 100%|█████████████████████████████████████████████████████████████████████████████████████████████████████████████████████████████████████████████████████████████████████████████████████████████████████████████████████████████████████████████████████| 9866/9866 [3:36:09<00:00,  1.31s/it, loss=0.0543]Epoch:    4,
Epoch 4:  93%|██████████████████████████████████████████████████████████████████████████████████████████████████████████████████████████████████████████████████████████████████████████████████████████████████████████████████████████████████▉                  | 9138/9866 [1:51:17<08:51,  1.37it/s, loss=0.0472]Training time: 6677s
Epoch 4: 100%|█████████████████████████████████████████████████████████████████████████████████████████████████████████████████████████████████████████████████████████████████████████████████████████████████████████████████████████████████████████████████████| 9866/9866 [3:36:02<00:00,  1.31s/it, loss=0.0472]
                   mrr           mr   hit@1   hit@3  hit@10█████████████████████████████████████████████████████████████████████████████████████████████████████████████████████████████████████████████████████████████████████████████████████████████████████████████████████████| 364/364 [52:37<00:00,  8.67s/it]
tail ranking  0.309391  2573.423705  23.10%  34.77%  46.98%
head ranking  0.062998  4862.020815   3.56%   6.78%  12.25%
mean ranking  0.186195  3717.722260  13.33%  20.77%  29.61%
Ellipsis
Validation time: 6285s
Epoch 4: 100%|█████████████████████████████████████████████████████████████████████████████████████████████████████████████████████████████████████████████████████████████████████████████████████████████████████████████████████████████████████████████████████| 9866/9866 [3:36:02<00:00,  1.31s/it, loss=0.0472]
Total time: 12962s, loss: 0.0488
--------------------------------------------------
Epoch 4: 100%|█████████████████████████████████████████████████████████████████████████████████████████████████████████████████████████████████████████████████████████████████████████████████████████████████████████████████████████████████████████████████████| 9866/9866 [3:36:02<00:00,  1.31s/it, loss=0.0472]`Trainer.fit` stopped: `max_epochs=5` reached.
Epoch 4: 100%|█████████████████████████████████████████████████████████████████████████████████████████████████████████████████████████████████████████████████████████████████████████████████████████████████████████████████████████████████████████████████████| 9866/9866 [3:37:03<00:00,  1.32s/it, loss=0.0472]
model_path: [./checkpoint/FB15k-237N-ko-2023-12-13 18:48:34.833773/FB15k-237N-ko-epoch=004-val_mrr=0.1862.ckpt]
LOCAL_RANK: 0 - CUDA_VISIBLE_DEVICES: [2]
Testing DataLoader 1: 100%|█████████████████████████████████████████████████████████████████████████████████████████████████████████████████████████████████████████████████████████████████████████████████████████████████████████████████████████████████████████████████████████| 423/423 [56:33<00:00,  8.02s/it]
                   mrr           mr   hit@1   hit@3  hit@10
tail ranking  0.303057  2550.208370  22.76%  33.66%  46.32%
head ranking  0.066748  4885.415853   3.96%   7.19%  12.30%
mean ranking  0.184903  3717.812112  13.36%  20.42%  29.31%

==================================================
Epoch: test
Ellipsis
==================================================
Testing DataLoader 1: 100%|█████████████████████████████████████████████████████████████████████████████████████████████████████████████████████████████████████████████████████████████████████████████████████████████████████████████████████████████████████████████████████████| 423/423 [56:33<00:00,  8.02s/it]
──────────────────────────────────────────────────────────────────────────────────────────────────────────────────────────────────────────────────────────────────────────────────────────────────────────────────────────────────────────────────────────────────────────────────────────────────────────────────────
Runningstage.testing metric      DataLoader 0             DataLoader 1
──────────────────────────────────────────────────────────────────────────────────────────────────────────────────────────────────────────────────────────────────────────────────────────────────────────────────────────────────────────────────────────────────────────────────────────────────────────────────────
         val_mrr            0.18490289151668549      0.18490289151668549
──────────────────────────────────────────────────────────────────────────────────────────────────────────────────────────────────────────────────────────────────────────────────────────────────────────────────────────────────────────────────────────────────────────────────────────────────────────────────────
(KG-S2S) chrisjihee@ptlm3:~/proj/KG-S2S$

