(KG-S2S) chrisjihee@dgx-a100:~/proj/KG-S2S$ bash train-FB15k-237.sh
Namespace(batch_size=32, dataset='FB15k-237', dataset_path='./data/processed', decoder='beam_search', diversity_penalty=0.0, epochs=40, eval_tgt_max_length=30, gpu='1', log_text=False, lr=0.001, model='T5Finetuner', model_dim=768, model_path='', n_ent=14541, n_rel=237, num_beam_groups=1, num_beams=40, num_workers=4, optim='Adam', pretrained_model='t5-base', save_dir='./checkpoint/FB15k-237-2023-12-01 00:47:18.927448', seed=41504, seq_dropout=0.2, skip_n_val_epoch=20, src_descrip_max_length=80, src_max_length=512, temporal=False, tgt_descrip_max_length=80, train_tgt_max_length=512, use_prefix_search=False, use_rel_prompt_emb=True, use_soft_prompt=True, val_batch_size=8, vocab_size=32128)
Global seed set to 41504
tokenizing entities...
100%|███████████████████████████████████████████████████████████████████████████████████████████████████████████████████████████████████████████████████████████████████████████████████████████| 14541/14541 [01:27<00:00, 167.07it/s]
datamodule construction done.
GPU available: True, used: True
TPU available: False, using: 0 TPU cores
IPU available: False, using: 0 IPUs
model construction done.
LOCAL_RANK: 0 - CUDA_VISIBLE_DEVICES: [0,1,2,3,4,5,6,7]

  | Name                       | Type                               | Params
----------------------------------------------------------------------------------
0 | T5ForConditionalGeneration | ModifiedT5ForConditionalGeneration | 222 M 
1 | rel_embed1                 | Embedding                          | 182 K 
2 | rel_embed2                 | Embedding                          | 182 K 
3 | rel_embed3                 | Embedding                          | 182 K 
4 | rel_embed4                 | Embedding                          | 182 K 
----------------------------------------------------------------------------------
223 M     Trainable params
0         Non-trainable params
223 M     Total params
894.526   Total estimated model params size (MB)
Training: 0it [00:00, ?it/s]Epoch:    0, 
Epoch 0: 100%|███████████████████████████████████████████████████████████████████████████████████████████████████████████████████████████████████████████████████████████████████████| 17008/17008 [41:14<00:00,  6.87it/s, loss=0.404]
Total time: 2474s, loss: 0.7358
--------------------------------------------------
Epoch:    1, 
Epoch 1: 100%|███████████████████████████████████████████████████████████████████████████████████████████████████████████████████████████████████████████████████████████████████████| 17008/17008 [41:11<00:00,  6.88it/s, loss=0.195]
Total time: 2471s, loss: 0.2619
--------------------------------------------------
Epoch:    2, 
Epoch 2:  80%|████████████████████████████████████████████████████████████████████████████████████████████████████████████████████▌                                                  | 17008/21392 [41:24<10:40,  6.85it/s, loss=0.143]
Training time: 2484s
Epoch 2: 100%|██████████████████████████████████████████████████████████████████████████████████████████████████████████████████████████████████████████████████████████████████████▉| 21387/21392 [41:33<00:00,  8.58it/s, loss=0.143]
Ellipsisng:  99%|███████████████████████████████████████████████████████████████████████████████████████████████████████████████████████████████████████████████████████████████████████████████▎ | 4355/4384 [00:09<00:00, 496.93it/s]
Validation time:    9s
Epoch 2: 100%|███████████████████████████████████████████████████████████████████████████████████████████████████████████████████████████████████████████████████████████████████████| 21392/21392 [41:33<00:00,  8.58it/s, loss=0.143]
Total time: 2493s, loss: 0.1732                                                                                                                                                                                                                                                                                       
--------------------------------------------------
Epoch:    3, 
Epoch 3: 100%|███████████████████████████████████████████████████████████████████████████████████████████████████████████████████████████████████████████████████████████████████████| 17008/17008 [41:09<00:00,  6.89it/s, loss=0.124]
Total time: 2469s, loss: 0.1356
--------------------------------------------------
Epoch:    4, 
Epoch 4: 100%|███████████████████████████████████████████████████████████████████████████████████████████████████████████████████████████████████████████████████████████████████████| 17008/17008 [41:18<00:00,  6.86it/s, loss=0.102]
Total time: 2478s, loss: 0.1152
--------------------------------------------------
Epoch:    5, 
Epoch 5:  80%|███████████████████████████████████████████████████████████████████████████████████████████████████████████████████▊                                                  | 17008/21392 [41:14<10:37,  6.87it/s, loss=0.0997]
Training time: 2474s
Epoch 5: 100%|█████████████████████████████████████████████████████████████████████████████████████████████████████████████████████████████████████████████████████████████████████▍| 21344/21392 [41:24<00:05,  8.59it/s, loss=0.0997]
Ellipsisng: 100%|████████████████████████████████████████████████████████████████████████████████████████████████████████████████████████████████████████████████████████████████████████████████▊| 4380/4384 [00:09<00:00, 467.00it/s]
Validation time:    9s
Epoch 5: 100%|██████████████████████████████████████████████████████████████████████████████████████████████████████████████████████████████████████████████████████████████████████| 21392/21392 [41:24<00:00,  8.61it/s, loss=0.0997]
Total time: 2484s, loss: 0.1024                                                                                                                                                                                                                                                                                       
--------------------------------------------------
Epoch:    6, 
Epoch 6: 100%|██████████████████████████████████████████████████████████████████████████████████████████████████████████████████████████████████████████████████████████████████████| 17008/17008 [41:02<00:00,  6.91it/s, loss=0.0911]
Total time: 2462s, loss: 0.0937
--------------------------------------------------
Epoch:    7, 
Epoch 7: 100%|██████████████████████████████████████████████████████████████████████████████████████████████████████████████████████████████████████████████████████████████████████| 17008/17008 [41:02<00:00,  6.91it/s, loss=0.0786]
Total time: 2462s, loss: 0.0875
--------------------------------------------------
Epoch:    8, 
Epoch 8:  80%|███████████████████████████████████████████████████████████████████████████████████████████████████████████████████▊                                                  | 17008/21392 [41:10<10:36,  6.88it/s, loss=0.0816]
Training time: 2470s
Epoch 8: 100%|█████████████████████████████████████████████████████████████████████████████████████████████████████████████████████████████████████████████████████████████████████▍| 21344/21392 [41:20<00:05,  8.61it/s, loss=0.0816]
Ellipsisng: 100%|█████████████████████████████████████████████████████████████████████████████████████████████████████████████████████████████████████████████████████████████████████████████████| 4384/4384 [00:09<00:00, 303.26it/s]
Validation time:    9s
Epoch 8: 100%|██████████████████████████████████████████████████████████████████████████████████████████████████████████████████████████████████████████████████████████████████████| 21392/21392 [41:20<00:00,  8.62it/s, loss=0.0816]
Total time: 2480s, loss: 0.0826                                                                                                                                                                                                                                                                                       
--------------------------------------------------
Epoch:    9, 
Epoch 9: 100%|███████████████████████████████████████████████████████████████████████████████████████████████████████████████████████████████████████████████████████████████████████| 17008/17008 [41:11<00:00,  6.88it/s, loss=0.084]
Total time: 2471s, loss: 0.0787
--------------------------------------------------
Epoch:   10, 
Epoch 10: 100%|█████████████████████████████████████████████████████████████████████████████████████████████████████████████████████████████████████████████████████████████████████| 17008/17008 [41:14<00:00,  6.87it/s, loss=0.0716]
Total time: 2474s, loss: 0.0755
--------------------------------------------------
Epoch:   11, 
Epoch 11:  80%|██████████████████████████████████████████████████████████████████████████████████████████████████████████████████▉                                                  | 17008/21392 [41:18<10:38,  6.86it/s, loss=0.0765]
Training time: 2478s
Epoch 11: 100%|████████████████████████████████████████████████████████████████████████████████████████████████████████████████████████████████████████████████████████████████████▊| 21376/21392 [41:28<00:01,  8.59it/s, loss=0.0765]
Ellipsisng: 100%|█████████████████████████████████████████████████████████████████████████████████████████████████████████████████████████████████████████████████████████████████████████████████| 4384/4384 [00:10<00:00, 310.16it/s]
Validation time:   10s
Epoch 11: 100%|█████████████████████████████████████████████████████████████████████████████████████████████████████████████████████████████████████████████████████████████████████| 21392/21392 [41:28<00:00,  8.60it/s, loss=0.0765]
Total time: 2488s, loss: 0.0728                                                                                                                                                                                                                                                                                       
--------------------------------------------------
Epoch:   12, 
Epoch 12: 100%|█████████████████████████████████████████████████████████████████████████████████████████████████████████████████████████████████████████████████████████████████████| 17008/17008 [41:19<00:00,  6.86it/s, loss=0.0706]
Total time: 2479s, loss: 0.0706
--------------------------------------------------
Epoch:   13, 
Epoch 13: 100%|█████████████████████████████████████████████████████████████████████████████████████████████████████████████████████████████████████████████████████████████████████| 17008/17008 [41:23<00:00,  6.85it/s, loss=0.0664]
Total time: 2483s, loss: 0.0686
--------------------------------------------------
Epoch:   14, 
Epoch 14:  80%|██████████████████████████████████████████████████████████████████████████████████████████████████████████████████▉                                                  | 17008/21392 [41:27<10:41,  6.84it/s, loss=0.0668]
Training time: 2487s
Epoch 14: 100%|████████████████████████████████████████████████████████████████████████████████████████████████████████████████████████████████████████████████████████████████████▌| 21358/21392 [41:36<00:03,  8.55it/s, loss=0.0668]
Ellipsisng:  99%|██████████████████████████████████████████████████████████████████████████████████████████████████████████████████████████████████████████████████████████████████████████████▊  | 4346/4384 [00:09<00:00, 486.85it/s]
Validation time:    9s
Epoch 14: 100%|█████████████████████████████████████████████████████████████████████████████████████████████████████████████████████████████████████████████████████████████████████| 21392/21392 [41:37<00:00,  8.57it/s, loss=0.0668]
Total time: 2497s, loss: 0.0668                                                                                                                                                                                                                                                                                       
--------------------------------------------------
Epoch:   15, 
Epoch 15: 100%|█████████████████████████████████████████████████████████████████████████████████████████████████████████████████████████████████████████████████████████████████████| 17008/17008 [40:58<00:00,  6.92it/s, loss=0.0686]
Total time: 2458s, loss: 0.0653
--------------------------------------------------
Epoch:   16, 
Epoch 16: 100%|█████████████████████████████████████████████████████████████████████████████████████████████████████████████████████████████████████████████████████████████████████| 17008/17008 [41:09<00:00,  6.89it/s, loss=0.0619]
Total time: 2469s, loss: 0.0639
--------------------------------------------------
Epoch:   17, 
Epoch 17:  80%|██████████████████████████████████████████████████████████████████████████████████████████████████████████████████▉                                                  | 17008/21392 [41:24<10:40,  6.85it/s, loss=0.0637]
Training time: 2484s
Epoch 17: 100%|████████████████████████████████████████████████████████████████████████████████████████████████████████████████████████████████████████████████████████████████████▌| 21358/21392 [41:34<00:03,  8.56it/s, loss=0.0637]
Ellipsisng:  99%|███████████████████████████████████████████████████████████████████████████████████████████████████████████████████████████████████████████████████████████████████████████████  | 4350/4384 [00:09<00:00, 491.81it/s]
Validation time:   10s
Epoch 17: 100%|█████████████████████████████████████████████████████████████████████████████████████████████████████████████████████████████████████████████████████████████████████| 21392/21392 [41:34<00:00,  8.58it/s, loss=0.0637]
Total time: 2494s, loss: 0.0627                                                                                                                                                                                                                                                                                       
--------------------------------------------------
Epoch:   18, 
Epoch 18: 100%|█████████████████████████████████████████████████████████████████████████████████████████████████████████████████████████████████████████████████████████████████████| 17008/17008 [41:19<00:00,  6.86it/s, loss=0.0596]
Total time: 2479s, loss: 0.0615
--------------------------------------------------
Epoch:   19, 
Epoch 19: 100%|█████████████████████████████████████████████████████████████████████████████████████████████████████████████████████████████████████████████████████████████████████| 17008/17008 [41:18<00:00,  6.86it/s, loss=0.0609]
Total time: 2478s, loss: 0.0605
--------------------------------------------------
Epoch:   20, 
Epoch 20:  80%|██████████████████████████████████████████████████████████████████████████████████████████████████████████████████▉                                                  | 17008/21392 [41:16<10:38,  6.87it/s, loss=0.0614]
Training time: 2476s
Epoch 20: 100%|███████████████████████████████████████████████████████████████████████████████████████████████████████████████████████████████████████████████████████████████████| 21392/21392 [2:48:37<00:00,  2.11it/s, loss=0.0614]
                   mrr           mr   hit@1   hit@3  hit@10
tail ranking  0.437566  2349.467009  35.74%  48.30%  59.75%
head ranking  0.202459  4236.337325  14.32%  22.70%  32.73%
mean ranking  0.320012  3292.902167  25.03%  35.50%  46.24%
Ellipsis
Validation time: 7642s
Epoch 20: 100%|███████████████████████████████████████████████████████████████████████████████████████████████████████████████████████████████████████████████████████████████████| 21392/21392 [2:48:39<00:00,  2.11it/s, loss=0.0614]
Total time: 10160s, loss: 0.0595                                                                                                                                                                                                                                                                                      
--------------------------------------------------
Epoch:   21, 
Epoch 21: 100%|██████████████████████████████████████████████████████████████████████████████████████████████████████████████████████████████████████████████████████████████████████| 17008/17008 [41:11<00:00,  6.88it/s, loss=0.057]
Total time: 2471s, loss: 0.0587
--------------------------------------------------
Epoch:   22, 
Epoch 22: 100%|█████████████████████████████████████████████████████████████████████████████████████████████████████████████████████████████████████████████████████████████████████| 17008/17008 [41:11<00:00,  6.88it/s, loss=0.0591]
Total time: 2471s, loss: 0.0577
--------------------------------------------------
Epoch:   23, 
Epoch 23:  80%|███████████████████████████████████████████████████████████████████████████████████████████████████████████████████▊                                                  | 17008/21392 [41:15<10:38,  6.87it/s, loss=0.055]
Training time: 2475s
Epoch 23: 100%|████████████████████████████████████████████████████████████████████████████████████████████████████████████████████████████████████████████████████████████████████| 21392/21392 [2:47:33<00:00,  2.13it/s, loss=0.055]
                   mrr           mr   hit@1   hit@3  hit@10
tail ranking  0.433468  2363.322042  35.11%  48.02%  59.71%
head ranking  0.208019  4209.505731  14.84%  23.31%  33.46%
mean ranking  0.320743  3286.413887  24.97%  35.66%  46.59%
Ellipsis
Validation time: 7579s
Epoch 23: 100%|████████████████████████████████████████████████████████████████████████████████████████████████████████████████████████████████████████████████████████████████████| 21392/21392 [2:47:52<00:00,  2.12it/s, loss=0.055]
Total time: 10093s, loss: 0.0570
--------------------------------------------------
Epoch:   24, 
Epoch 24: 100%|█████████████████████████████████████████████████████████████████████████████████████████████████████████████████████████████████████████████████████████████████████| 17008/17008 [41:42<00:00,  6.80it/s, loss=0.0521]
Total time: 2502s, loss: 0.0563
--------------------------------------------------
Epoch:   25, 
Epoch 25: 100%|█████████████████████████████████████████████████████████████████████████████████████████████████████████████████████████████████████████████████████████████████████| 17008/17008 [41:54<00:00,  6.77it/s, loss=0.0529]
Total time: 2514s, loss: 0.0556
--------------------------------------------------
Epoch:   26, 
Epoch 26:  80%|██████████████████████████████████████████████████████████████████████████████████████████████████████████████████▉                                                  | 17008/21392 [41:54<10:48,  6.76it/s, loss=0.0542]
Training time: 2514s
Epoch 26: 100%|███████████████████████████████████████████████████████████████████████████████████████████████████████████████████████████████████████████████████████████████████| 21392/21392 [2:52:38<00:00,  2.07it/s, loss=0.0542]
                   mrr           mr   hit@1   hit@3  hit@10
tail ranking  0.438115  2307.067066  35.57%  48.34%  60.42%
head ranking  0.207964  4258.216538  14.76%  23.52%  33.57%
mean ranking  0.323040  3282.641802  25.16%  35.93%  46.99%
Ellipsis
Validation time: 7845s
Epoch 26: 100%|███████████████████████████████████████████████████████████████████████████████████████████████████████████████████████████████████████████████████████████████████| 21392/21392 [2:52:51<00:00,  2.06it/s, loss=0.0542]
Total time: 10402s, loss: 0.0550
--------------------------------------------------
Epoch:   27, 
Epoch 27: 100%|█████████████████████████████████████████████████████████████████████████████████████████████████████████████████████████████████████████████████████████████████████| 17008/17008 [41:45<00:00,  6.79it/s, loss=0.0535]
Total time: 2505s, loss: 0.0544
--------------------------------------------------
Epoch:   28, 
Epoch 28: 100%|█████████████████████████████████████████████████████████████████████████████████████████████████████████████████████████████████████████████████████████████████████| 17008/17008 [41:45<00:00,  6.79it/s, loss=0.0566]
Total time: 2505s, loss: 0.0539
--------------------------------------------------
Epoch:   29, 
Epoch 29:  80%|██████████████████████████████████████████████████████████████████████████████████████████████████████████████████▉                                                  | 17008/21392 [41:44<10:45,  6.79it/s, loss=0.0561]
Training time: 2504s
Epoch 29: 100%|███████████████████████████████████████████████████████████████████████████████████████████████████████████████████████████████████████████████████████████████████| 21392/21392 [2:51:46<00:00,  2.08it/s, loss=0.0561]
                   mrr           mr   hit@1   hit@3  hit@10
tail ranking  0.439107  2350.079555  35.82%  48.25%  60.44%
head ranking  0.208627  4198.202794  14.88%  23.40%  33.72%
mean ranking  0.323867  3274.141175  25.35%  35.83%  47.08%
Ellipsis
Validation time: 7803s
Epoch 29: 100%|███████████████████████████████████████████████████████████████████████████████████████████████████████████████████████████████████████████████████████████████████| 21392/21392 [2:51:58<00:00,  2.07it/s, loss=0.0561]
Total time: 10348s, loss: 0.0533
--------------------------------------------------
Epoch:   30, 
Epoch 30: 100%|█████████████████████████████████████████████████████████████████████████████████████████████████████████████████████████████████████████████████████████████████████| 17008/17008 [41:58<00:00,  6.75it/s, loss=0.0547]
Total time: 2518s, loss: 0.0528
--------------------------------------------------
Epoch:   31, 
Epoch 31: 100%|█████████████████████████████████████████████████████████████████████████████████████████████████████████████████████████████████████████████████████████████████████| 17008/17008 [41:46<00:00,  6.79it/s, loss=0.0563]
Total time: 2506s, loss: 0.0524
--------------------------------------------------
Epoch:   32, 
Epoch 32:  80%|███████████████████████████████████████████████████████████████████████████████████████████████████████████████████▊                                                  | 17008/21392 [41:43<10:45,  6.79it/s, loss=0.051]
Training time: 2503s
Epoch 32: 100%|████████████████████████████████████████████████████████████████████████████████████████████████████████████████████████████████████████████████████████████████████| 21392/21392 [2:52:04<00:00,  2.07it/s, loss=0.051]
                   mrr           mr   hit@1   hit@3  hit@10
tail ranking  0.440636  2323.480011  35.99%  48.45%  60.34%
head ranking  0.211575  4225.263131  15.04%  23.69%  34.20%
mean ranking  0.326105  3274.371571  25.51%  36.07%  47.27%
Ellipsis
Validation time: 7822s
Epoch 32: 100%|████████████████████████████████████████████████████████████████████████████████████████████████████████████████████████████████████████████████████████████████████| 21392/21392 [2:52:16<00:00,  2.07it/s, loss=0.051]
Total time: 10368s, loss: 0.0519
--------------------------------------------------
Epoch:   33, 
Epoch 33: 100%|█████████████████████████████████████████████████████████████████████████████████████████████████████████████████████████████████████████████████████████████████████| 17008/17008 [41:53<00:00,  6.77it/s, loss=0.0531]
Total time: 2513s, loss: 0.0515
--------------------------------------------------
Epoch:   34, 
Epoch 34: 100%|█████████████████████████████████████████████████████████████████████████████████████████████████████████████████████████████████████████████████████████████████████| 17008/17008 [41:52<00:00,  6.77it/s, loss=0.0494]
Total time: 2512s, loss: 0.0511
--------------------------------------------------
Epoch:   35, 
Epoch 35:  80%|██████████████████████████████████████████████████████████████████████████████████████████████████████████████████▉                                                  | 17008/21392 [41:50<10:47,  6.78it/s, loss=0.0511]
Training time: 2510s
Epoch 35: 100%|███████████████████████████████████████████████████████████████████████████████████████████████████████████████████████████████████████████████████████████████████| 21392/21392 [2:52:13<00:00,  2.07it/s, loss=0.0511]
                   mrr           mr   hit@1   hit@3  hit@10
tail ranking  0.440320  2343.534360  35.87%  48.70%  60.09%
head ranking  0.210169  4227.641688  14.95%  23.55%  33.95%
mean ranking  0.325244  3285.588024  25.41%  36.12%  47.02%
Ellipsis
Validation time: 7825s
Epoch 35: 100%|███████████████████████████████████████████████████████████████████████████████████████████████████████████████████████████████████████████████████████████████████| 21392/21392 [2:52:15<00:00,  2.07it/s, loss=0.0511]
Total time: 10335s, loss: 0.0507                                                                                                                                                                                                                                                                                      
--------------------------------------------------
Epoch:   36, 
Epoch 36: 100%|█████████████████████████████████████████████████████████████████████████████████████████████████████████████████████████████████████████████████████████████████████| 17008/17008 [41:49<00:00,  6.78it/s, loss=0.0519]
Total time: 2509s, loss: 0.0503
--------------------------------------------------
Epoch:   37, 
Epoch 37: 100%|█████████████████████████████████████████████████████████████████████████████████████████████████████████████████████████████████████████████████████████████████████| 17008/17008 [41:52<00:00,  6.77it/s, loss=0.0527]
Total time: 2512s, loss: 0.0499
--------------------------------------------------
Epoch:   38, 
Epoch 38:  80%|███████████████████████████████████████████████████████████████████████████████████████████████████████████████████▊                                                  | 17008/21392 [41:49<10:46,  6.78it/s, loss=0.049]
Training time: 2509s
Epoch 38: 100%|████████████████████████████████████████████████████████████████████████████████████████████████████████████████████████████████████████████████████████████████████| 21392/21392 [2:52:17<00:00,  2.07it/s, loss=0.049]
                   mrr           mr   hit@1   hit@3  hit@10
tail ranking  0.441946  2316.749244  36.07%  48.72%  60.36%
head ranking  0.208461  4223.949472  14.69%  23.43%  34.08%
mean ranking  0.325203  3270.349358  25.38%  36.07%  47.22%
Ellipsis
Validation time: 7830s
Epoch 38: 100%|████████████████████████████████████████████████████████████████████████████████████████████████████████████████████████████████████████████████████████████████████| 21392/21392 [2:52:19<00:00,  2.07it/s, loss=0.049]
Total time: 10339s, loss: 0.0496                                                                                                                                                                                                                                                                                      
--------------------------------------------------
Epoch:   39, 
Epoch 39: 100%|█████████████████████████████████████████████████████████████████████████████████████████████████████████████████████████████████████████████████████████████████████| 17008/17008 [41:50<00:00,  6.78it/s, loss=0.0531]
Total time: 2510s, loss: 0.0493
--------------------------------------------------
Epoch 39: 100%|█████████████████████████████████████████████████████████████████████████████████████████████████████████████████████████████████████████████████████████████████████| 17008/17008 [41:50<00:00,  6.78it/s, loss=0.0531]
model_path: /raid/chrisjihee/proj/KG-S2S/checkpoint/FB15k-237-2023-12-01 00:47:18.927448/FB15k-237-epoch=032-val_mrr=0.3261.ckpt
LOCAL_RANK: 0 - CUDA_VISIBLE_DEVICES: [0,1,2,3,4,5,6,7]
Testing: 100%|███████████████████████████████████████████████████████████████████████████████████████████████████████████████████████████████████████████████████████████████████████████████████| 5118/5118 [2:32:44<00:00,  1.56s/it]
                   mrr           mr   hit@1   hit@3  hit@10
tail ranking  0.434465  2326.416251  35.17%  48.19%  59.88%
head ranking  0.208611  4234.918157  14.68%  23.45%  33.84%
mean ranking  0.321538  3280.667204  24.92%  35.82%  46.86%
--------------------------------------------------------------------------------
DATALOADER:0 TEST RESULTS
{'val_mrr': 0.3215380907058716}
--------------------------------------------------------------------------------
DATALOADER:1 TEST RESULTS
{'val_mrr': 0.3215380907058716}
--------------------------------------------------------------------------------

==================================================
Epoch: test
Ellipsis
==================================================
Testing: 100%|███████████████████████████████████████████████████████████████████████████████████████████████████████████████████████████████████████████████████████████████████████████████████| 5118/5118 [2:32:44<00:00,  1.79s/it]
(KG-S2S) chrisjihee@dgx-a100:~/proj/KG-S2S$ 

