(KG-S2S) chrisjihee@dgx-a100:~/proj/KG-S2S$ bash train-ICEWS14.sh
Namespace(batch_size=32, dataset='ICEWS14', dataset_path='./data/processed', decoder='beam_search', diversity_penalty=0.0, epochs=100, eval_tgt_max_length=26, gpu='3', log_text=False, lr=0.0005, model='T5Finetuner', model_dim=768, model_path='', n_ent=7128, n_rel=230, num_beam_groups=1, num_beams=40, num_workers=4, optim='Adam', pretrained_model='t5-base', save_dir='./checkpoint/ICEWS14-2023-12-01 00:47:31.860961', seed=41504, seq_dropout=0.1, skip_n_val_epoch=50, src_descrip_max_length=40, src_max_length=512, temporal=True, tgt_descrip_max_length=40, train_tgt_max_length=512, use_prefix_search=False, use_rel_prompt_emb=True, use_soft_prompt=True, val_batch_size=8, vocab_size=32128)
Global seed set to 41504
tokenizing entities...
100%|█████████████████████████████████████████████████████████████████████████████████████████████████████████████████████████████████████████████████████████████████████████████████████████████| 7128/7128 [00:08<00:00, 850.27it/s]
datamodule construction done.
GPU available: True, used: True
TPU available: False, using: 0 TPU cores
IPU available: False, using: 0 IPUs
model construction done.
LOCAL_RANK: 0 - CUDA_VISIBLE_DEVICES: [0,1,2,3,4,5,6,7]

  | Name                       | Type                               | Params
----------------------------------------------------------------------------------
0 | T5ForConditionalGeneration | ModifiedT5ForConditionalGeneration | 222 M
1 | rel_embed1                 | Embedding                          | 176 K
2 | rel_embed2                 | Embedding                          | 176 K
3 | rel_embed3                 | Embedding                          | 176 K
4 | rel_embed4                 | Embedding                          | 176 K
----------------------------------------------------------------------------------
223 M     Trainable params
0         Non-trainable params
223 M     Total params
894.440   Total estimated model params size (MB)
Training: 0it [00:00, ?it/s]Epoch:    0,
Epoch 0: 100%|█████████████████████████████████████████████████████████████████████████████████████████████████████████████████████████████████████████████████████████████████████████| 4552/4552 [07:50<00:00,  9.67it/s, loss=0.113]
Total time:  470s, loss: 0.1706
--------------------------------------------------
Epoch:    1,
Epoch 1: 100%|████████████████████████████████████████████████████████████████████████████████████████████████████████████████████████████████████████████████████████████████████████| 4552/4552 [07:50<00:00,  9.67it/s, loss=0.0973]
Total time:  470s, loss: 0.1060
--------------------------------------------------
Epoch:    2,
Epoch 2:  67%|██████████████████████████████████████████████████████████████████████████████████████▋                                                                                 | 4552/6788 [07:51<03:51,  9.65it/s, loss=0.0928]
Training time:  471s
Epoch 2:  99%|██████████████████████████████████████████████████████████████████████████████████████████████████████████████████████████████████████████████████████████████████████▏ | 6738/6788 [07:56<00:03, 14.14it/s, loss=0.0928]
Ellipsisng:  98%|█████████████████████████████████████████████████████████████████████████████████████████████████████████████████████████████████████████████████████████████████████████████    | 2202/2236 [00:04<00:00, 537.51it/s]
Validation time:    4s
Epoch 2: 100%|████████████████████████████████████████████████████████████████████████████████████████████████████████████████████████████████████████████████████████████████████████| 6788/6788 [07:56<00:00, 14.24it/s, loss=0.0928]
Total time:  476s, loss: 0.0911
--------------------------------------------------
Epoch:    3,
Epoch 3: 100%|████████████████████████████████████████████████████████████████████████████████████████████████████████████████████████████████████████████████████████████████████████| 4552/4552 [07:51<00:00,  9.65it/s, loss=0.0812]
Total time:  471s, loss: 0.0831
--------------------------------------------------
Epoch:    4,
Epoch 4: 100%|████████████████████████████████████████████████████████████████████████████████████████████████████████████████████████████████████████████████████████████████████████| 4552/4552 [07:51<00:00,  9.65it/s, loss=0.0693]
Total time:  471s, loss: 0.0772
--------------------------------------------------
Epoch:    5,
Epoch 5:  67%|███████████████████████████████████████████████████████████████████████████████████████▎                                                                                 | 4552/6788 [07:53<03:52,  9.62it/s, loss=0.075]
Training time:  473s
Epoch 5: 100%|████████████████████████████████████████████████████████████████████████████████████████████████████████████████████████████████████████████████████████████████████████▋| 6781/6788 [07:57<00:00, 14.19it/s, loss=0.075]Ellipsisng:  98%|████████████████████████████████████████████████████████████████████████████████████████████████████████████████████████████████████████████████████████████████████████████▏    | 2194/2236 [00:04<00:00, 556.07it/s]
Validation time:    4s
Epoch 5: 100%|█████████████████████████████████████████████████████████████████████████████████████████████████████████████████████████████████████████████████████████████████████████| 6788/6788 [07:57<00:00, 14.20it/s, loss=0.075]
Total time:  477s, loss: 0.0726
--------------------------------------------------
Epoch:    6,
Epoch 6: 100%|████████████████████████████████████████████████████████████████████████████████████████████████████████████████████████████████████████████████████████████████████████| 4552/4552 [07:51<00:00,  9.65it/s, loss=0.0671]
Total time:  471s, loss: 0.0688
--------------------------------------------------
Epoch:    7,
Epoch 7: 100%|████████████████████████████████████████████████████████████████████████████████████████████████████████████████████████████████████████████████████████████████████████| 4552/4552 [07:48<00:00,  9.71it/s, loss=0.0623]
Total time:  468s, loss: 0.0651
--------------------------------------------------
Epoch:    8,
Epoch 8:  67%|██████████████████████████████████████████████████████████████████████████████████████▋                                                                                 | 4552/6788 [07:46<03:49,  9.76it/s, loss=0.0623]
Training time:  466s
Epoch 8: 100%|███████████████████████████████████████████████████████████████████████████████████████████████████████████████████████████████████████████████████████████████████████▉| 6786/6788 [07:51<00:00, 14.41it/s, loss=0.0623]Ellipsisng:  99%|██████████████████████████████████████████████████████████████████████████████████████████████████████████████████████████████████████████████████████████████████████████████▍  | 2214/2236 [00:04<00:00, 542.10it/s]
Validation time:    4s
Epoch 8: 100%|████████████████████████████████████████████████████████████████████████████████████████████████████████████████████████████████████████████████████████████████████████| 6788/6788 [07:51<00:00, 14.41it/s, loss=0.0623]
Total time:  471s, loss: 0.0619
--------------------------------------------------
Epoch:    9,
Epoch 9: 100%|████████████████████████████████████████████████████████████████████████████████████████████████████████████████████████████████████████████████████████████████████████| 4552/4552 [07:50<00:00,  9.67it/s, loss=0.0598]
Total time:  470s, loss: 0.0591
--------------------------------------------------
Epoch:   10,
Epoch 10: 100%|███████████████████████████████████████████████████████████████████████████████████████████████████████████████████████████████████████████████████████████████████████| 4552/4552 [07:51<00:00,  9.65it/s, loss=0.0586]
Total time:  471s, loss: 0.0564
--------------------------------------------------
Epoch:   11,
Epoch 11:  67%|█████████████████████████████████████████████████████████████████████████████████████▉                                                                                 | 4552/6788 [07:51<03:51,  9.66it/s, loss=0.0546]
Training time:  471s
Epoch 11: 100%|██████████████████████████████████████████████████████████████████████████████████████████████████████████████████████████████████████████████████████████████████████▉| 6786/6788 [07:55<00:00, 14.26it/s, loss=0.0546]
Ellipsisng: 100%|█████████████████████████████████████████████████████████████████████████████████████████████████████████████████████████████████████████████████████████████████████████████████| 2236/2236 [00:04<00:00, 448.59it/s]
Validation time:    4s
Epoch 11: 100%|███████████████████████████████████████████████████████████████████████████████████████████████████████████████████████████████████████████████████████████████████████| 6788/6788 [07:55<00:00, 14.26it/s, loss=0.0546]
Total time:  475s, loss: 0.0540
--------------------------------------------------
Epoch:   12,
Epoch 12: 100%|███████████████████████████████████████████████████████████████████████████████████████████████████████████████████████████████████████████████████████████████████████| 4552/4552 [07:50<00:00,  9.68it/s, loss=0.0525]
Total time:  470s, loss: 0.0516
--------------------------------------------------
Epoch:   13,
Epoch 13: 100%|███████████████████████████████████████████████████████████████████████████████████████████████████████████████████████████████████████████████████████████████████████| 4552/4552 [07:47<00:00,  9.73it/s, loss=0.0512]
Total time:  467s, loss: 0.0495
--------------------------------------------------
Epoch:   14,
Epoch 14:  67%|█████████████████████████████████████████████████████████████████████████████████████▉                                                                                 | 4552/6788 [07:46<03:49,  9.76it/s, loss=0.0484]
Training time:  466s
Epoch 14: 100%|██████████████████████████████████████████████████████████████████████████████████████████████████████████████████████████████████████████████████████████████████████▉| 6786/6788 [07:50<00:00, 14.41it/s, loss=0.0484]Ellipsisng:  98%|████████████████████████████████████████████████████████████████████████████████████████████████████████████████████████████████████████████████████████████████████████████▉    | 2201/2236 [00:04<00:00, 546.20it/s]
Validation time:    4s
Epoch 14: 100%|███████████████████████████████████████████████████████████████████████████████████████████████████████████████████████████████████████████████████████████████████████| 6788/6788 [07:50<00:00, 14.41it/s, loss=0.0484]
Total time:  470s, loss: 0.0474
--------------------------------------------------
Epoch:   15,
Epoch 15: 100%|███████████████████████████████████████████████████████████████████████████████████████████████████████████████████████████████████████████████████████████████████████| 4552/4552 [07:50<00:00,  9.67it/s, loss=0.0488]
Total time:  470s, loss: 0.0454
--------------------------------------------------
Epoch:   16,
Epoch 16: 100%|███████████████████████████████████████████████████████████████████████████████████████████████████████████████████████████████████████████████████████████████████████| 4552/4552 [07:52<00:00,  9.64it/s, loss=0.0445]
Total time:  472s, loss: 0.0437
--------------------------------------------------
Epoch:   17,
Epoch 17:  67%|█████████████████████████████████████████████████████████████████████████████████████▉                                                                                 | 4552/6788 [07:50<03:50,  9.68it/s, loss=0.0419]
Training time:  470s
Epoch 17: 100%|██████████████████████████████████████████████████████████████████████████████████████████████████████████████████████████████████████████████████████████████████████▉| 6786/6788 [07:54<00:00, 14.29it/s, loss=0.0419]Ellipsisng: 100%|████████████████████████████████████████████████████████████████████████████████████████████████████████████████████████████████████████████████████████████████████████████████▏| 2229/2236 [00:04<00:00, 539.39it/s]
Validation time:    4s
Epoch 17: 100%|███████████████████████████████████████████████████████████████████████████████████████████████████████████████████████████████████████████████████████████████████████| 6788/6788 [07:54<00:00, 14.30it/s, loss=0.0419]
Total time:  474s, loss: 0.0420
--------------------------------------------------
Epoch:   18,
Epoch 18: 100%|███████████████████████████████████████████████████████████████████████████████████████████████████████████████████████████████████████████████████████████████████████| 4552/4552 [07:50<00:00,  9.68it/s, loss=0.0428]
Total time:  470s, loss: 0.0404
--------------------------------------------------
Epoch:   19,
Epoch 19: 100%|███████████████████████████████████████████████████████████████████████████████████████████████████████████████████████████████████████████████████████████████████████| 4552/4552 [07:45<00:00,  9.77it/s, loss=0.0394]
Total time:  465s, loss: 0.0391
--------------------------------------------------
Epoch:   20,
Epoch 20:  67%|█████████████████████████████████████████████████████████████████████████████████████▉                                                                                 | 4552/6788 [07:45<03:48,  9.78it/s, loss=0.0404]
Training time:  465s
Epoch 20: 100%|██████████████████████████████████████████████████████████████████████████████████████████████████████████████████████████████████████████████████████████████████████▉| 6786/6788 [07:49<00:00, 14.44it/s, loss=0.0404]Ellipsisng:  98%|████████████████████████████████████████████████████████████████████████████████████████████████████████████████████████████████████████████████████████████████████████████▉    | 2200/2236 [00:04<00:00, 542.61it/s]
Validation time:    4s
Epoch 20: 100%|███████████████████████████████████████████████████████████████████████████████████████████████████████████████████████████████████████████████████████████████████████| 6788/6788 [07:50<00:00, 14.44it/s, loss=0.0404]
Total time:  470s, loss: 0.0374
--------------------------------------------------
Epoch:   21,
Epoch 21: 100%|███████████████████████████████████████████████████████████████████████████████████████████████████████████████████████████████████████████████████████████████████████| 4552/4552 [07:49<00:00,  9.69it/s, loss=0.0409]
Total time:  469s, loss: 0.0360
--------------------------------------------------
Epoch:   22,
Epoch 22: 100%|███████████████████████████████████████████████████████████████████████████████████████████████████████████████████████████████████████████████████████████████████████| 4552/4552 [07:50<00:00,  9.68it/s, loss=0.0377]
Total time:  470s, loss: 0.0348
--------------------------------------------------
Epoch:   23,
Epoch 23:  67%|█████████████████████████████████████████████████████████████████████████████████████▉                                                                                 | 4552/6788 [07:51<03:51,  9.66it/s, loss=0.0345]
Training time:  471s
Epoch 23: 100%|██████████████████████████████████████████████████████████████████████████████████████████████████████████████████████████████████████████████████████████████████████▉| 6786/6788 [07:55<00:00, 14.26it/s, loss=0.0345]Ellipsisng:  99%|██████████████████████████████████████████████████████████████████████████████████████████████████████████████████████████████████████████████████████████████████████████████▌  | 2215/2236 [00:04<00:00, 540.24it/s]
Validation time:    4s
Epoch 23: 100%|███████████████████████████████████████████████████████████████████████████████████████████████████████████████████████████████████████████████████████████████████████| 6788/6788 [07:55<00:00, 14.27it/s, loss=0.0345]
Total time:  475s, loss: 0.0336
--------------------------------------------------
Epoch:   24,
Epoch 24: 100%|███████████████████████████████████████████████████████████████████████████████████████████████████████████████████████████████████████████████████████████████████████| 4552/4552 [07:49<00:00,  9.70it/s, loss=0.0324]
Total time:  469s, loss: 0.0326
--------------------------------------------------
Epoch:   25,
Epoch 25: 100%|███████████████████████████████████████████████████████████████████████████████████████████████████████████████████████████████████████████████████████████████████████| 4552/4552 [07:50<00:00,  9.67it/s, loss=0.0355]
Total time:  470s, loss: 0.0314
--------------------------------------------------
Epoch:   26,
Epoch 26:  67%|█████████████████████████████████████████████████████████████████████████████████████▉                                                                                 | 4552/6788 [07:47<03:49,  9.74it/s, loss=0.0315]
Training time:  467s
Epoch 26: 100%|██████████████████████████████████████████████████████████████████████████████████████████████████████████████████████████████████████████████████████████████████████▉| 6786/6788 [07:52<00:00, 14.37it/s, loss=0.0315]Ellipsisng: 100%|███████████████████████████████████████████████████████████████████████████████████████████████████████████████████████████████████████████████████████████████████████████████▉ | 2227/2236 [00:04<00:00, 551.82it/s]
Validation time:    4s
Epoch 26: 100%|███████████████████████████████████████████████████████████████████████████████████████████████████████████████████████████████████████████████████████████████████████| 6788/6788 [07:52<00:00, 14.37it/s, loss=0.0315]
Total time:  472s, loss: 0.0305
--------------------------------------------------
Epoch:   27,
Epoch 27: 100%|███████████████████████████████████████████████████████████████████████████████████████████████████████████████████████████████████████████████████████████████████████| 4552/4552 [07:49<00:00,  9.69it/s, loss=0.0287]
Total time:  469s, loss: 0.0284
--------------------------------------------------
Epoch:   28,
Epoch 28: 100%|███████████████████████████████████████████████████████████████████████████████████████████████████████████████████████████████████████████████████████████████████████| 4552/4552 [07:49<00:00,  9.69it/s, loss=0.0313]
Total time:  469s, loss: 0.0282
--------------------------------------------------
Epoch:   29,
Epoch 29:  67%|█████████████████████████████████████████████████████████████████████████████████████▉                                                                                 | 4552/6788 [07:51<03:51,  9.65it/s, loss=0.0324]
Training time:  471s
Epoch 29: 100%|██████████████████████████████████████████████████████████████████████████████████████████████████████████████████████████████████████████████████████████████████████▉| 6786/6788 [07:56<00:00, 14.24it/s, loss=0.0324]Ellipsisng:  99%|█████████████████████████████████████████████████████████████████████████████████████████████████████████████████████████████████████████████████████████████████████████████▌   | 2206/2236 [00:04<00:00, 554.00it/s]
Validation time:    4s
Epoch 29: 100%|███████████████████████████████████████████████████████████████████████████████████████████████████████████████████████████████████████████████████████████████████████| 6788/6788 [07:56<00:00, 14.24it/s, loss=0.0324]
Total time:  476s, loss: 0.0275
--------------------------------------------------
Epoch:   30,
Epoch 30: 100%|███████████████████████████████████████████████████████████████████████████████████████████████████████████████████████████████████████████████████████████████████████| 4552/4552 [07:52<00:00,  9.63it/s, loss=0.0278]
Total time:  472s, loss: 0.0266
--------------------------------------------------
Epoch:   31,
Epoch 31: 100%|███████████████████████████████████████████████████████████████████████████████████████████████████████████████████████████████████████████████████████████████████████| 4552/4552 [07:50<00:00,  9.67it/s, loss=0.0248]
Total time:  470s, loss: 0.0258
--------------------------------------------------
Epoch:   32,
Epoch 32:  67%|█████████████████████████████████████████████████████████████████████████████████████▉                                                                                 | 4552/6788 [07:50<03:51,  9.67it/s, loss=0.0273]
Training time:  470s
Epoch 32: 100%|██████████████████████████████████████████████████████████████████████████████████████████████████████████████████████████████████████████████████████████████████████▉| 6786/6788 [07:55<00:00, 14.27it/s, loss=0.0273]Ellipsisng: 100%|███████████████████████████████████████████████████████████████████████████████████████████████████████████████████████████████████████████████████████████████████████████████▋ | 2225/2236 [00:04<00:00, 534.39it/s]
Validation time:    4s
Epoch 32: 100%|███████████████████████████████████████████████████████████████████████████████████████████████████████████████████████████████████████████████████████████████████████| 6788/6788 [07:55<00:00, 14.27it/s, loss=0.0273]
Total time:  475s, loss: 0.0251
--------------------------------------------------
Epoch:   33,
Epoch 33: 100%|███████████████████████████████████████████████████████████████████████████████████████████████████████████████████████████████████████████████████████████████████████| 4552/4552 [07:51<00:00,  9.65it/s, loss=0.0259]
Total time:  471s, loss: 0.0244
--------------------------------------------------
Epoch:   34,
Epoch 34: 100%|███████████████████████████████████████████████████████████████████████████████████████████████████████████████████████████████████████████████████████████████████████| 4552/4552 [07:51<00:00,  9.66it/s, loss=0.0299]
Total time:  471s, loss: 0.0235
--------------------------------------------------
Epoch:   35,
Epoch 35:  67%|█████████████████████████████████████████████████████████████████████████████████████▉                                                                                 | 4552/6788 [07:50<03:51,  9.67it/s, loss=0.0262]
Training time:  470s
Epoch 35: 100%|██████████████████████████████████████████████████████████████████████████████████████████████████████████████████████████████████████████████████████████████████████▉| 6786/6788 [07:55<00:00, 14.27it/s, loss=0.0262]Ellipsisng:  98%|███████████████████████████████████████████████████████████████████████████████████████████████████████████████████████████████████████████████████████████████████████████▋     | 2190/2236 [00:04<00:00, 528.81it/s]
Validation time:    4s
Epoch 35: 100%|███████████████████████████████████████████████████████████████████████████████████████████████████████████████████████████████████████████████████████████████████████| 6788/6788 [07:55<00:00, 14.27it/s, loss=0.0262]
Total time:  475s, loss: 0.0229
--------------------------------------------------
Epoch:   36,
Epoch 36: 100%|███████████████████████████████████████████████████████████████████████████████████████████████████████████████████████████████████████████████████████████████████████| 4552/4552 [07:46<00:00,  9.75it/s, loss=0.0253]
Total time:  466s, loss: 0.0223
--------------------------------------------------
Epoch:   37,
Epoch 37: 100%|███████████████████████████████████████████████████████████████████████████████████████████████████████████████████████████████████████████████████████████████████████| 4552/4552 [07:50<00:00,  9.67it/s, loss=0.0229]
Total time:  470s, loss: 0.0216
--------------------------------------------------
Epoch:   38,
Epoch 38:  67%|██████████████████████████████████████████████████████████████████████████████████████▋                                                                                 | 4552/6788 [07:51<03:51,  9.65it/s, loss=0.022]
Training time:  471s
Epoch 38: 100%|███████████████████████████████████████████████████████████████████████████████████████████████████████████████████████████████████████████████████████████████████████▉| 6786/6788 [07:56<00:00, 14.24it/s, loss=0.022]Ellipsisng: 100%|████████████████████████████████████████████████████████████████████████████████████████████████████████████████████████████████████████████████████████████████████████████████▍| 2231/2236 [00:04<00:00, 551.03it/s]
Validation time:    4s
Epoch 38: 100%|████████████████████████████████████████████████████████████████████████████████████████████████████████████████████████████████████████████████████████████████████████| 6788/6788 [07:56<00:00, 14.24it/s, loss=0.022]
Total time:  476s, loss: 0.0210
--------------------------------------------------
Epoch:   39,
Epoch 39: 100%|███████████████████████████████████████████████████████████████████████████████████████████████████████████████████████████████████████████████████████████████████████| 4552/4552 [07:51<00:00,  9.66it/s, loss=0.0226]
Total time:  471s, loss: 0.0205
--------------------------------------------------
Epoch:   40,
Epoch 40: 100%|███████████████████████████████████████████████████████████████████████████████████████████████████████████████████████████████████████████████████████████████████████| 4552/4552 [07:50<00:00,  9.68it/s, loss=0.0193]
Total time:  470s, loss: 0.0200
--------------------------------------------------
Epoch:   41,
Epoch 41:  67%|█████████████████████████████████████████████████████████████████████████████████████▉                                                                                 | 4552/6788 [07:51<03:51,  9.65it/s, loss=0.0184]
Training time:  471s
Epoch 41: 100%|██████████████████████████████████████████████████████████████████████████████████████████████████████████████████████████████████████████████████████████████████████▉| 6786/6788 [07:56<00:00, 14.25it/s, loss=0.0184]Ellipsisng: 100%|████████████████████████████████████████████████████████████████████████████████████████████████████████████████████████████████████████████████████████████████████████████████ | 2228/2236 [00:04<00:00, 531.85it/s]
Validation time:    4s
Epoch 41: 100%|███████████████████████████████████████████████████████████████████████████████████████████████████████████████████████████████████████████████████████████████████████| 6788/6788 [07:56<00:00, 14.25it/s, loss=0.0184]
Total time:  476s, loss: 0.0195
--------------------------------------------------
Epoch:   42,
Epoch 42: 100%|███████████████████████████████████████████████████████████████████████████████████████████████████████████████████████████████████████████████████████████████████████| 4552/4552 [07:50<00:00,  9.68it/s, loss=0.0209]
Total time:  470s, loss: 0.0188
--------------------------------------------------
Epoch:   43,
Epoch 43: 100%|███████████████████████████████████████████████████████████████████████████████████████████████████████████████████████████████████████████████████████████████████████| 4552/4552 [07:50<00:00,  9.68it/s, loss=0.0195]
Total time:  470s, loss: 0.0186
--------------------------------------------------
Epoch:   44,
Epoch 44:  67%|█████████████████████████████████████████████████████████████████████████████████████▉                                                                                 | 4552/6788 [07:55<03:53,  9.57it/s, loss=0.0189]
Training time:  475s
Epoch 44: 100%|██████████████████████████████████████████████████████████████████████████████████████████████████████████████████████████████████████████████████████████████████████▉| 6786/6788 [08:00<00:00, 14.12it/s, loss=0.0189]Ellipsisng:  98%|███████████████████████████████████████████████████████████████████████████████████████████████████████████████████████████████████████████████████████████████████████████▎     | 2186/2236 [00:04<00:00, 534.84it/s]
Validation time:    4s
Epoch 44: 100%|███████████████████████████████████████████████████████████████████████████████████████████████████████████████████████████████████████████████████████████████████████| 6788/6788 [08:00<00:00, 14.12it/s, loss=0.0189]
Total time:  480s, loss: 0.0182
--------------------------------------------------
Epoch:   45,
Epoch 45: 100%|███████████████████████████████████████████████████████████████████████████████████████████████████████████████████████████████████████████████████████████████████████| 4552/4552 [07:50<00:00,  9.67it/s, loss=0.0185]
Total time:  470s, loss: 0.0177
--------------------------------------------------
Epoch:   46,
Epoch 46: 100%|███████████████████████████████████████████████████████████████████████████████████████████████████████████████████████████████████████████████████████████████████████| 4552/4552 [07:49<00:00,  9.69it/s, loss=0.0201]
Total time:  469s, loss: 0.0173
--------------------------------------------------
Epoch:   47,
Epoch 47:  67%|█████████████████████████████████████████████████████████████████████████████████████▉                                                                                 | 4552/6788 [07:46<03:49,  9.75it/s, loss=0.0173]
Training time:  466s
Epoch 47: 100%|██████████████████████████████████████████████████████████████████████████████████████████████████████████████████████████████████████████████████████████████████████▉| 6786/6788 [07:51<00:00, 14.39it/s, loss=0.0173]
Ellipsisng: 100%|█████████████████████████████████████████████████████████████████████████████████████████████████████████████████████████████████████████████████████████████████████████████████| 2236/2236 [00:04<00:00, 401.63it/s]
Validation time:    4s
Epoch 47: 100%|███████████████████████████████████████████████████████████████████████████████████████████████████████████████████████████████████████████████████████████████████████| 6788/6788 [07:51<00:00, 14.39it/s, loss=0.0173]
Total time:  471s, loss: 0.0170
--------------------------------------------------
Epoch:   48,
Epoch 48: 100%|███████████████████████████████████████████████████████████████████████████████████████████████████████████████████████████████████████████████████████████████████████| 4552/4552 [07:44<00:00,  9.80it/s, loss=0.0156]
Total time:  464s, loss: 0.0166
--------------------------------------------------
Epoch:   49,
Epoch 49: 100%|███████████████████████████████████████████████████████████████████████████████████████████████████████████████████████████████████████████████████████████████████████| 4552/4552 [07:47<00:00,  9.74it/s, loss=0.0177]
Total time:  467s, loss: 0.0162
--------------------------------------------------
Epoch:   50,
Epoch 50:  67%|█████████████████████████████████████████████████████████████████████████████████████▉                                                                                 | 4552/6788 [07:43<03:47,  9.83it/s, loss=0.0164]
Training time:  463s
Epoch 50: 100%|███████████████████████████████████████████████████████████████████████████████████████████████████████████████████████████████████████████████████████████████████████| 6788/6788 [59:40<00:00,  1.90it/s, loss=0.0164]
                   mrr          mr   hit@1   hit@3  hit@10
tail ranking  0.612568  581.190918  53.10%  66.67%  75.75%
head ranking  0.577216  664.505424  49.52%  62.61%  72.99%
mean ranking  0.594892  622.848171  51.31%  64.64%  74.37%
Ellipsis
Validation time: 3118s
Epoch 50: 100%|███████████████████████████████████████████████████████████████████████████████████████████████████████████████████████████████████████████████████████████████████████| 6788/6788 [59:41<00:00,  1.90it/s, loss=0.0164]
Total time: 3590s, loss: 0.0159
--------------------------------------------------
Epoch:   51,
Epoch 51: 100%|███████████████████████████████████████████████████████████████████████████████████████████████████████████████████████████████████████████████████████████████████████| 4552/4552 [07:47<00:00,  9.73it/s, loss=0.0178]
Total time:  467s, loss: 0.0156
--------------------------------------------------
Epoch:   52,
Epoch 52: 100%|███████████████████████████████████████████████████████████████████████████████████████████████████████████████████████████████████████████████████████████████████████| 4552/4552 [07:50<00:00,  9.68it/s, loss=0.0146]
Total time:  470s, loss: 0.0153
--------------------------------------------------
Epoch:   53,
Epoch 53:  67%|██████████████████████████████████████████████████████████████████████████████████████▋                                                                                 | 4552/6788 [07:54<03:53,  9.60it/s, loss=0.017]
Training time:  474s
Epoch 53: 100%|██████████████████████████████████████████████████████████████████████████████████████████████████████████████████████████████████████████████████████████████████████| 6788/6788 [1:00:24<00:00,  1.87it/s, loss=0.017]
                   mrr          mr   hit@1   hit@3  hit@10
tail ranking  0.615359  615.409015  53.77%  66.65%  75.32%
head ranking  0.576801  673.691981  49.67%  62.71%  72.50%
mean ranking  0.596080  644.550498  51.72%  64.68%  73.91%
Ellipsis
Validation time: 3151s
Epoch 53: 100%|██████████████████████████████████████████████████████████████████████████████████████████████████████████████████████████████████████████████████████████████████████| 6788/6788 [1:00:26<00:00,  1.87it/s, loss=0.017]
Total time: 3635s, loss: 0.0150
--------------------------------------------------
Epoch:   54,
Epoch 54: 100%|███████████████████████████████████████████████████████████████████████████████████████████████████████████████████████████████████████████████████████████████████████| 4552/4552 [07:59<00:00,  9.50it/s, loss=0.0172]
Total time:  479s, loss: 0.0149
--------------------------------------------------
Epoch:   55,
Epoch 55: 100%|███████████████████████████████████████████████████████████████████████████████████████████████████████████████████████████████████████████████████████████████████████| 4552/4552 [07:51<00:00,  9.66it/s, loss=0.0154]
Total time:  471s, loss: 0.0145
--------------------------------------------------
Epoch:   56,
Epoch 56:  67%|█████████████████████████████████████████████████████████████████████████████████████▉                                                                                 | 4552/6788 [07:52<03:51,  9.64it/s, loss=0.0162]
Training time:  472s
Epoch 56: 100%|█████████████████████████████████████████████████████████████████████████████████████████████████████████████████████████████████████████████████████████████████████| 6788/6788 [1:00:20<00:00,  1.87it/s, loss=0.0162]
                   mrr          mr   hit@1   hit@3  hit@10
tail ranking  0.618420  595.184319  54.35%  66.76%  75.08%
head ranking  0.573947  674.862320  49.29%  62.47%  72.31%
mean ranking  0.596183  635.023320  51.82%  64.61%  73.69%
Ellipsis
Validation time: 3149s
Epoch 56: 100%|█████████████████████████████████████████████████████████████████████████████████████████████████████████████████████████████████████████████████████████████████████| 6788/6788 [1:00:21<00:00,  1.87it/s, loss=0.0162]
Total time: 3630s, loss: 0.0144
--------------------------------------------------
Epoch:   57,
Epoch 57: 100%|███████████████████████████████████████████████████████████████████████████████████████████████████████████████████████████████████████████████████████████████████████| 4552/4552 [07:52<00:00,  9.64it/s, loss=0.0147]
Total time:  472s, loss: 0.0141
--------------------------------------------------
Epoch:   58,
Epoch 58: 100%|███████████████████████████████████████████████████████████████████████████████████████████████████████████████████████████████████████████████████████████████████████| 4552/4552 [07:50<00:00,  9.68it/s, loss=0.0169]
Total time:  470s, loss: 0.0140
--------------------------------------------------
Epoch:   59,
Epoch 59:  67%|█████████████████████████████████████████████████████████████████████████████████████▉                                                                                 | 4552/6788 [07:56<03:54,  9.55it/s, loss=0.0143]
Training time:  476s
Epoch 59: 100%|█████████████████████████████████████████████████████████████████████████████████████████████████████████████████████████████████████████████████████████████████████| 6788/6788 [1:00:24<00:00,  1.87it/s, loss=0.0143]
                   mrr          mr   hit@1   hit@3  hit@10
tail ranking  0.619855  597.953473  54.29%  66.79%  76.00%
head ranking  0.577221  699.872050  49.94%  62.33%  72.13%
mean ranking  0.598538  648.912761  52.11%  64.56%  74.06%
Ellipsis
Validation time: 3149s
Epoch 59: 100%|█████████████████████████████████████████████████████████████████████████████████████████████████████████████████████████████████████████████████████████████████████| 6788/6788 [1:00:35<00:00,  1.87it/s, loss=0.0143]
Total time: 3635s, loss: 0.0139
--------------------------------------------------
Epoch:   60,
Epoch 60: 100%|███████████████████████████████████████████████████████████████████████████████████████████████████████████████████████████████████████████████████████████████████████| 4552/4552 [07:50<00:00,  9.67it/s, loss=0.0135]
Total time:  470s, loss: 0.0136
--------------------------------------------------
Epoch:   61,
Epoch 61: 100%|███████████████████████████████████████████████████████████████████████████████████████████████████████████████████████████████████████████████████████████████████████| 4552/4552 [07:49<00:00,  9.70it/s, loss=0.0157]
Total time:  469s, loss: 0.0135
--------------------------------------------------
Epoch:   62,
Epoch 62:  67%|█████████████████████████████████████████████████████████████████████████████████████▉                                                                                 | 4552/6788 [07:50<03:51,  9.67it/s, loss=0.0155]
Training time:  470s
Epoch 62: 100%|█████████████████████████████████████████████████████████████████████████████████████████████████████████████████████████████████████████████████████████████████████| 6788/6788 [1:00:25<00:00,  1.87it/s, loss=0.0155]
                   mrr          mr   hit@1   hit@3  hit@10
tail ranking  0.621057  594.647579  54.58%  66.92%  75.79%
head ranking  0.573092  707.892965  49.40%  61.97%  71.77%
mean ranking  0.597075  651.270272  51.99%  64.44%  73.78%
Ellipsis
Validation time: 3156s
Epoch 62: 100%|█████████████████████████████████████████████████████████████████████████████████████████████████████████████████████████████████████████████████████████████████████| 6788/6788 [1:00:27<00:00,  1.87it/s, loss=0.0155]
Total time: 3627s, loss: 0.0133
--------------------------------------------------
Epoch:   63,
Epoch 63: 100%|███████████████████████████████████████████████████████████████████████████████████████████████████████████████████████████████████████████████████████████████████████| 4552/4552 [07:52<00:00,  9.62it/s, loss=0.0142]
Total time:  472s, loss: 0.0131
--------------------------------------------------
Epoch:   64,
Epoch 64: 100%|███████████████████████████████████████████████████████████████████████████████████████████████████████████████████████████████████████████████████████████████████████| 4552/4552 [07:58<00:00,  9.51it/s, loss=0.0157]
Total time:  478s, loss: 0.0130
--------------------------------------------------
Epoch:   65,
Epoch 65:  67%|█████████████████████████████████████████████████████████████████████████████████████▉                                                                                 | 4552/6788 [07:51<03:51,  9.65it/s, loss=0.0135]
Training time:  471s
Epoch 65: 100%|█████████████████████████████████████████████████████████████████████████████████████████████████████████████████████████████████████████████████████████████████████| 6788/6788 [1:00:28<00:00,  1.87it/s, loss=0.0135]
                   mrr          mr   hit@1   hit@3  hit@10
tail ranking  0.613523  606.183201  53.86%  66.03%  74.78%
head ranking  0.572654  701.992842  49.35%  62.14%  71.95%
mean ranking  0.593088  654.088021  51.60%  64.09%  73.36%
Ellipsis
Validation time: 3158s
Epoch 65: 100%|█████████████████████████████████████████████████████████████████████████████████████████████████████████████████████████████████████████████████████████████████████| 6788/6788 [1:00:30<00:00,  1.87it/s, loss=0.0135]
Total time: 3630s, loss: 0.0126
--------------------------------------------------
Epoch:   66,
Epoch 66: 100%|████████████████████████████████████████████████████████████████████████████████████████████████████████████████████████████████████████████████████████████████████████| 4552/4552 [07:56<00:00,  9.55it/s, loss=0.013]
Total time:  476s, loss: 0.0127
--------------------------------------------------
Epoch:   67,
Epoch 67: 100%|███████████████████████████████████████████████████████████████████████████████████████████████████████████████████████████████████████████████████████████████████████| 4552/4552 [07:57<00:00,  9.53it/s, loss=0.0136]
Total time:  477s, loss: 0.0126
--------------------------------------------------
Epoch:   68,
Epoch 68:  67%|█████████████████████████████████████████████████████████████████████████████████████▉                                                                                 | 4552/6788 [07:56<03:53,  9.56it/s, loss=0.0129]
Training time:  476s
Epoch 68: 100%|█████████████████████████████████████████████████████████████████████████████████████████████████████████████████████████████████████████████████████████████████████| 6788/6788 [1:00:24<00:00,  1.87it/s, loss=0.0129]
                   mrr          mr   hit@1   hit@3  hit@10
tail ranking  0.615026  616.433732  54.21%  66.00%  74.58%
head ranking  0.573607  708.801365  49.61%  61.92%  71.64%
mean ranking  0.594316  662.617548  51.91%  63.96%  73.11%
Ellipsis
Validation time: 3149s
Epoch 68: 100%|█████████████████████████████████████████████████████████████████████████████████████████████████████████████████████████████████████████████████████████████████████| 6788/6788 [1:00:26<00:00,  1.87it/s, loss=0.0129]
Total time: 3626s, loss: 0.0125
--------------------------------------------------
Epoch:   69,
Epoch 69: 100%|███████████████████████████████████████████████████████████████████████████████████████████████████████████████████████████████████████████████████████████████████████| 4552/4552 [07:57<00:00,  9.53it/s, loss=0.0123]
Total time:  477s, loss: 0.0124
--------------------------------------------------
Epoch:   70,
Epoch 70: 100%|███████████████████████████████████████████████████████████████████████████████████████████████████████████████████████████████████████████████████████████████████████| 4552/4552 [07:54<00:00,  9.59it/s, loss=0.0138]
Total time:  474s, loss: 0.0122
--------------------------------------------------
Epoch:   71,
Epoch 71:  67%|█████████████████████████████████████████████████████████████████████████████████████▉                                                                                 | 4552/6788 [07:56<03:54,  9.55it/s, loss=0.0143]
Training time:  476s
Epoch 71: 100%|█████████████████████████████████████████████████████████████████████████████████████████████████████████████████████████████████████████████████████████████████████| 6788/6788 [1:00:22<00:00,  1.87it/s, loss=0.0143]
                   mrr          mr   hit@1   hit@3  hit@10
tail ranking  0.614322  634.341796  53.89%  66.13%  74.82%
head ranking  0.574296  700.265630  49.71%  62.06%  71.80%
mean ranking  0.594309  667.303713  51.80%  64.10%  73.31%
Ellipsis
Validation time: 3147s
Epoch 71: 100%|█████████████████████████████████████████████████████████████████████████████████████████████████████████████████████████████████████████████████████████████████████| 6788/6788 [1:00:23<00:00,  1.87it/s, loss=0.0143]
Total time: 3623s, loss: 0.0122
--------------------------------------------------
Epoch:   72,
Epoch 72: 100%|███████████████████████████████████████████████████████████████████████████████████████████████████████████████████████████████████████████████████████████████████████| 4552/4552 [07:52<00:00,  9.63it/s, loss=0.0135]
Total time:  472s, loss: 0.0121
--------------------------------------------------
Epoch:   73,
Epoch 73: 100%|███████████████████████████████████████████████████████████████████████████████████████████████████████████████████████████████████████████████████████████████████████| 4552/4552 [07:49<00:00,  9.70it/s, loss=0.0134]
Total time:  469s, loss: 0.0119
--------------------------------------------------
Epoch:   74,
Epoch 74:  67%|█████████████████████████████████████████████████████████████████████████████████████▉                                                                                 | 4552/6788 [07:55<03:53,  9.57it/s, loss=0.0135]
Training time:  475s
Epoch 74: 100%|█████████████████████████████████████████████████████████████████████████████████████████████████████████████████████████████████████████████████████████████████████| 6788/6788 [1:00:17<00:00,  1.88it/s, loss=0.0135]
                   mrr          mr   hit@1   hit@3  hit@10
tail ranking  0.619648  626.424673  54.71%  66.76%  74.89%
head ranking  0.577446  717.011296  50.03%  62.59%  72.05%
mean ranking  0.598547  671.717985  52.37%  64.67%  73.47%
Ellipsis
Validation time: 3142s
Epoch 74: 100%|█████████████████████████████████████████████████████████████████████████████████████████████████████████████████████████████████████████████████████████████████████| 6788/6788 [1:00:18<00:00,  1.88it/s, loss=0.0135]
Total time: 3627s, loss: 0.0119
--------------------------------------------------
Epoch:   75,
Epoch 75: 100%|███████████████████████████████████████████████████████████████████████████████████████████████████████████████████████████████████████████████████████████████████████| 4552/4552 [07:47<00:00,  9.73it/s, loss=0.0145]
Total time:  467s, loss: 0.0118
--------------------------------------------------
Epoch:   76,
Epoch 76: 100%|███████████████████████████████████████████████████████████████████████████████████████████████████████████████████████████████████████████████████████████████████████| 4552/4552 [07:51<00:00,  9.66it/s, loss=0.0136]
Total time:  471s, loss: 0.0116
--------------------------------------------------
Epoch:   77,
Epoch 77:  67%|█████████████████████████████████████████████████████████████████████████████████████▉                                                                                 | 4552/6788 [07:50<03:51,  9.67it/s, loss=0.0138]
Training time:  470s
Epoch 77: 100%|█████████████████████████████████████████████████████████████████████████████████████████████████████████████████████████████████████████████████████████████████████| 6788/6788 [1:00:16<00:00,  1.88it/s, loss=0.0138]
                   mrr          mr   hit@1   hit@3  hit@10
tail ranking  0.618797  608.070350  54.49%  66.49%  75.22%
head ranking  0.574879  705.658092  49.82%  62.00%  71.89%
mean ranking  0.596838  656.864221  52.15%  64.24%  73.55%
Ellipsis
Validation time: 3147s
Epoch 77: 100%|█████████████████████████████████████████████████████████████████████████████████████████████████████████████████████████████████████████████████████████████████████| 6788/6788 [1:00:17<00:00,  1.88it/s, loss=0.0138]
Total time: 3617s, loss: 0.0116
--------------------------------------------------
Epoch:   78,
Epoch 78: 100%|███████████████████████████████████████████████████████████████████████████████████████████████████████████████████████████████████████████████████████████████████████| 4552/4552 [07:57<00:00,  9.54it/s, loss=0.0103]
Total time:  477s, loss: 0.0115
--------------------------------------------------
Epoch:   79,
Epoch 79: 100%|███████████████████████████████████████████████████████████████████████████████████████████████████████████████████████████████████████████████████████████████████████| 4552/4552 [07:51<00:00,  9.66it/s, loss=0.0113]
Total time:  471s, loss: 0.0115
--------------------------------------------------
Epoch:   80,
Epoch 80:  67%|█████████████████████████████████████████████████████████████████████████████████████▉                                                                                 | 4552/6788 [07:54<03:52,  9.60it/s, loss=0.0112]
Training time:  474s
Epoch 80: 100%|█████████████████████████████████████████████████████████████████████████████████████████████████████████████████████████████████████████████████████████████████████| 6788/6788 [1:00:44<00:00,  1.86it/s, loss=0.0112]
                   mrr          mr   hit@1   hit@3  hit@10
tail ranking  0.620450  602.512359  54.40%  67.14%  75.65%
head ranking  0.578501  688.133878  50.20%  62.30%  72.24%
mean ranking  0.599476  645.323118  52.30%  64.72%  73.95%
Ellipsis
Validation time: 3171s
Epoch 80: 100%|█████████████████████████████████████████████████████████████████████████████████████████████████████████████████████████████████████████████████████████████████████| 6788/6788 [1:00:45<00:00,  1.86it/s, loss=0.0112]
Total time: 3654s, loss: 0.0113
--------------------------------------------------
Epoch:   81,
Epoch 81: 100%|███████████████████████████████████████████████████████████████████████████████████████████████████████████████████████████████████████████████████████████████████████| 4552/4552 [07:57<00:00,  9.53it/s, loss=0.0131]
Total time:  477s, loss: 0.0114
--------------------------------------------------
Epoch:   82,
Epoch 82: 100%|████████████████████████████████████████████████████████████████████████████████████████████████████████████████████████████████████████████████████████████████████████| 4552/4552 [08:00<00:00,  9.46it/s, loss=0.014]
Total time:  480s, loss: 0.0112
--------------------------------------------------
Epoch:   83,
Epoch 83:  67%|█████████████████████████████████████████████████████████████████████████████████████▉                                                                                 | 4552/6788 [07:59<03:55,  9.50it/s, loss=0.0121]
Training time:  479s
Epoch 83: 100%|█████████████████████████████████████████████████████████████████████████████████████████████████████████████████████████████████████████████████████████████████████| 6788/6788 [1:00:31<00:00,  1.87it/s, loss=0.0121]
                   mrr          mr   hit@1   hit@3  hit@10
tail ranking  0.618831  625.955598  54.55%  66.74%  75.15%
head ranking  0.574062  741.113746  49.70%  62.32%  71.28%
mean ranking  0.596446  683.534672  52.13%  64.53%  73.21%
Ellipsis
Validation time: 3153s
Epoch 83: 100%|█████████████████████████████████████████████████████████████████████████████████████████████████████████████████████████████████████████████████████████████████████| 6788/6788 [1:00:32<00:00,  1.87it/s, loss=0.0121]
Total time: 3632s, loss: 0.0112
--------------------------------------------------
Epoch:   84,
Epoch 84: 100%|███████████████████████████████████████████████████████████████████████████████████████████████████████████████████████████████████████████████████████████████████████| 4552/4552 [07:54<00:00,  9.60it/s, loss=0.0106]
Total time:  474s, loss: 0.0110
--------------------------------------------------
Epoch:   85,
Epoch 85: 100%|███████████████████████████████████████████████████████████████████████████████████████████████████████████████████████████████████████████████████████████████████████| 4552/4552 [07:54<00:00,  9.60it/s, loss=0.0111]
Total time:  474s, loss: 0.0111
--------------------------------------------------
Epoch:   86,
Epoch 86:  67%|█████████████████████████████████████████████████████████████████████████████████████▉                                                                                 | 4552/6788 [07:54<03:53,  9.58it/s, loss=0.0133]
Training time:  474s
Epoch 86: 100%|█████████████████████████████████████████████████████████████████████████████████████████████████████████████████████████████████████████████████████████████████████| 6788/6788 [1:00:28<00:00,  1.87it/s, loss=0.0133]
                   mrr          mr   hit@1   hit@3  hit@10
tail ranking  0.618684  657.016888  54.84%  66.39%  74.69%
head ranking  0.573304  723.034784  49.75%  62.00%  71.54%
mean ranking  0.595994  690.025836  52.29%  64.19%  73.11%
Ellipsis
Validation time: 3154s
Epoch 86: 100%|█████████████████████████████████████████████████████████████████████████████████████████████████████████████████████████████████████████████████████████████████████| 6788/6788 [1:00:29<00:00,  1.87it/s, loss=0.0133]
Total time: 3629s, loss: 0.0111
--------------------------------------------------
Epoch:   87,
Epoch 87: 100%|███████████████████████████████████████████████████████████████████████████████████████████████████████████████████████████████████████████████████████████████████████| 4552/4552 [07:53<00:00,  9.61it/s, loss=0.0111]
Total time:  473s, loss: 0.0109
--------------------------------------------------
Epoch:   88,
Epoch 88: 100%|███████████████████████████████████████████████████████████████████████████████████████████████████████████████████████████████████████████████████████████████████████| 4552/4552 [07:53<00:00,  9.60it/s, loss=0.0118]
Total time:  473s, loss: 0.0108
--------------------------------------------------
Epoch:   89,
Epoch 89:  67%|█████████████████████████████████████████████████████████████████████████████████████▉                                                                                 | 4552/6788 [07:53<03:52,  9.61it/s, loss=0.0115]
Training time:  473s
Epoch 89: 100%|█████████████████████████████████████████████████████████████████████████████████████████████████████████████████████████████████████████████████████████████████████| 6788/6788 [1:00:20<00:00,  1.87it/s, loss=0.0115]
                   mrr          mr   hit@1   hit@3  hit@10
tail ranking  0.613960  661.933341  54.37%  65.98%  74.21%
head ranking  0.574696  738.159043  49.97%  62.08%  71.43%
mean ranking  0.594328  700.046192  52.17%  64.03%  72.82%
Ellipsis
Validation time: 3148s
Epoch 89: 100%|█████████████████████████████████████████████████████████████████████████████████████████████████████████████████████████████████████████████████████████████████████| 6788/6788 [1:00:22<00:00,  1.87it/s, loss=0.0115]
Total time: 3622s, loss: 0.0108
--------------------------------------------------
Epoch:   90,
Epoch 90: 100%|███████████████████████████████████████████████████████████████████████████████████████████████████████████████████████████████████████████████████████████████████████| 4552/4552 [07:51<00:00,  9.66it/s, loss=0.0122]
Total time:  471s, loss: 0.0108
--------------------------------------------------
Epoch:   91,
Epoch 91: 100%|███████████████████████████████████████████████████████████████████████████████████████████████████████████████████████████████████████████████████████████████████████| 4552/4552 [07:52<00:00,  9.63it/s, loss=0.0128]
Total time:  472s, loss: 0.0106
--------------------------------------------------
Epoch:   92,
Epoch 92:  67%|█████████████████████████████████████████████████████████████████████████████████████▉                                                                                 | 4552/6788 [07:57<03:54,  9.54it/s, loss=0.0121]
Training time:  477s
Epoch 92: 100%|█████████████████████████████████████████████████████████████████████████████████████████████████████████████████████████████████████████████████████████████████████| 6788/6788 [1:00:32<00:00,  1.87it/s, loss=0.0121]
                   mrr          mr   hit@1   hit@3  hit@10
tail ranking  0.617083  659.331059  54.56%  66.30%  74.51%
head ranking  0.574207  744.437870  49.97%  61.91%  71.90%
mean ranking  0.595645  701.884465  52.26%  64.10%  73.21%
Ellipsis
Validation time: 3156s
Epoch 92: 100%|█████████████████████████████████████████████████████████████████████████████████████████████████████████████████████████████████████████████████████████████████████| 6788/6788 [1:00:33<00:00,  1.87it/s, loss=0.0121]
Total time: 3633s, loss: 0.0107
--------------------------------------------------
Epoch:   93,
Epoch 93: 100%|███████████████████████████████████████████████████████████████████████████████████████████████████████████████████████████████████████████████████████████████████████| 4552/4552 [07:56<00:00,  9.56it/s, loss=0.0113]
Total time:  476s, loss: 0.0106
--------------------------------------------------
Epoch:   94,
Epoch 94: 100%|███████████████████████████████████████████████████████████████████████████████████████████████████████████████████████████████████████████████████████████████████████| 4552/4552 [07:56<00:00,  9.55it/s, loss=0.0104]
Total time:  476s, loss: 0.0106
--------------------------------------------------
Epoch:   95,
Epoch 95:  67%|█████████████████████████████████████████████████████████████████████████████████████▉                                                                                 | 4552/6788 [07:57<03:54,  9.54it/s, loss=0.0129]
Training time:  477s
Epoch 95: 100%|█████████████████████████████████████████████████████████████████████████████████████████████████████████████████████████████████████████████████████████████████████| 6788/6788 [1:00:37<00:00,  1.87it/s, loss=0.0129]
                   mrr          mr   hit@1   hit@3  hit@10
tail ranking  0.615853  676.692764  54.52%  66.10%  74.16%
head ranking  0.571615  791.649480  49.98%  61.50%  70.91%
mean ranking  0.593734  734.171122  52.25%  63.80%  72.54%
Ellipsis
Validation time: 3161s
Epoch 95: 100%|█████████████████████████████████████████████████████████████████████████████████████████████████████████████████████████████████████████████████████████████████████| 6788/6788 [1:00:38<00:00,  1.87it/s, loss=0.0129]
Total time: 3638s, loss: 0.0105
--------------------------------------------------
Epoch:   96,
Epoch 96: 100%|███████████████████████████████████████████████████████████████████████████████████████████████████████████████████████████████████████████████████████████████████████| 4552/4552 [07:50<00:00,  9.67it/s, loss=0.0118]
Total time:  470s, loss: 0.0104
--------------------------------------------------
Epoch:   97,
Epoch 97: 100%|███████████████████████████████████████████████████████████████████████████████████████████████████████████████████████████████████████████████████████████████████████| 4552/4552 [07:54<00:00,  9.58it/s, loss=0.0115]
Total time:  474s, loss: 0.0104
--------------------------------------------------
Epoch:   98,
Epoch 98:  67%|█████████████████████████████████████████████████████████████████████████████████████▉                                                                                 | 4552/6788 [07:57<03:54,  9.53it/s, loss=0.0106]
Training time:  477s
Epoch 98: 100%|█████████████████████████████████████████████████████████████████████████████████████████████████████████████████████████████████████████████████████████████████████| 6788/6788 [1:00:41<00:00,  1.86it/s, loss=0.0106]
                   mrr          mr   hit@1   hit@3  hit@10
tail ranking  0.611814  672.887149  54.42%  65.70%  73.35%
head ranking  0.570025  749.866793  49.44%  61.54%  71.11%
mean ranking  0.590920  711.376971  51.93%  63.62%  72.23%
Ellipsis
Validation time: 3164s
Epoch 98: 100%|█████████████████████████████████████████████████████████████████████████████████████████████████████████████████████████████████████████████████████████████████████| 6788/6788 [1:00:42<00:00,  1.86it/s, loss=0.0106]
Total time: 3642s, loss: 0.0103
--------------------------------------------------
Epoch:   99,
Epoch 99: 100%|███████████████████████████████████████████████████████████████████████████████████████████████████████████████████████████████████████████████████████████████████████| 4552/4552 [07:56<00:00,  9.55it/s, loss=0.0109]
Total time:  476s, loss: 0.0103
--------------------------------------------------
Epoch 99: 100%|███████████████████████████████████████████████████████████████████████████████████████████████████████████████████████████████████████████████████████████████████████| 4552/4552 [07:56<00:00,  9.55it/s, loss=0.0109]
model_path: /raid/chrisjihee/proj/KG-S2S/checkpoint/ICEWS14-2023-12-01 00:47:31.860961/ICEWS14-epoch=080-val_mrr=0.5995.ckpt
LOCAL_RANK: 0 - CUDA_VISIBLE_DEVICES: [0,1,2,3,4,5,6,7]
Testing: 100%|█████████████████████████████████████████████████████████████████████████████████████████████████████████████████████████████████████████████████████████████████████████████████████| 2242/2242 [53:04<00:00,  1.29s/it]
                   mrr          mr   hit@1   hit@3  hit@10
tail ranking  0.613209  632.304809  53.84%  66.12%  74.87%
head ranking  0.574219  687.876492  49.54%  61.97%  72.31%
mean ranking  0.593714  660.090650  51.69%  64.04%  73.59%
--------------------------------------------------------------------------------
DATALOADER:0 TEST RESULTS
{'val_mrr': 0.5937138795852661}
--------------------------------------------------------------------------------
DATALOADER:1 TEST RESULTS
{'val_mrr': 0.5937138795852661}
--------------------------------------------------------------------------------

==================================================
Epoch: test
Ellipsis
==================================================
Testing: 100%|█████████████████████████████████████████████████████████████████████████████████████████████████████████████████████████████████████████████████████████████████████████████████████| 2242/2242 [53:04<00:00,  1.42s/it]
(KG-S2S) chrisjihee@dgx-a100:~/proj/KG-S2S$

