(KG-S2S) dlt@dl012:~/proj/KG-S2S$ export CUDA_VISIBLE_DEVICES=5
(KG-S2S) dlt@dl012:~/proj/KG-S2S$ setting-korean/train-FB15k-237N-ko-KeByT5-2.sh
Namespace(dataset_path='./data/processed', dataset='FB15k-237N-ko', model='T5Finetuner', strategy='auto', precision='bf16', accelerator='gpu', seed=41504, num_workers=4, save_dir='./checkpoint/FB15k-237N-ko-2023-12-12 19:35:06.741375', pretrained_model='pretrained-pro/ETRI-KEByT5-Base-230426', batch_size=16, val_batch_size=16, num_beams=40, num_beam_groups=1, src_max_length=512, train_tgt_max_length=512, eval_tgt_max_length=90, epochs=3, lr=0.0005, diversity_penalty=0.0, model_path='', optim='Adam', decoder='beam_search', log_text=False, use_prefix_search=False, src_descrip_max_length=240, tgt_descrip_max_length=240, use_soft_prompt=True, use_rel_prompt_emb=True, skip_n_val_epoch=0, seq_dropout=0.2, temporal=False, n_ent=12068, n_rel=90, vocab_size=384, model_dim=1536)
Global seed set to 41504

----------------------------------------------------------------------------------
 - pretrained_model.model_type: t5
 - tokenizer.additional_special_tokens: ['<extra_id_0>', '<extra_id_1>', '<extra_id_2>', '<extra_id_3>', '<extra_id_4>', '<extra_id_5>', '<extra_id_6>', '<extra_id_7>', '<extra_id_8>', '<extra_id_9>', '<extra_id_10>', '<extra_id_11>', '<extra_id_12>', '<extra_id_13>', '<extra_id_14>', '<extra_id_15>', '<extra_id_16>', '<extra_id_17>', '<extra_id_18>', '<extra_id_19>', '<extra_id_20>', '<extra_id_21>', '<extra_id_22>', '<extra_id_23>', '<extra_id_24>', '<extra_id_25>', '<extra_id_26>', '<extra_id_27>', '<extra_id_28>', '<extra_id_29>', '<extra_id_30>', '<extra_id_31>', '<extra_id_32>', '<extra_id_33>', '<extra_id_34>', '<extra_id_35>', '<extra_id_36>', '<extra_id_37>', '<extra_id_38>', '<extra_id_39>', '<extra_id_40>', '<extra_id_41>', '<extra_id_42>', '<extra_id_43>', '<extra_id_44>', '<extra_id_45>', '<extra_id_46>', '<extra_id_47>', '<extra_id_48>', '<extra_id_49>', '<extra_id_50>', '<extra_id_51>', '<extra_id_52>', '<extra_id_53>', '<extra_id_54>', '<extra_id_55>', '<extra_id_56>', '<extra_id_57>', '<extra_id_58>', '<extra_id_59>', '<extra_id_60>', '<extra_id_61>', '<extra_id_62>', '<extra_id_63>', '<extra_id_64>', '<extra_id_65>', '<extra_id_66>', '<extra_id_67>', '<extra_id_68>', '<extra_id_69>', '<extra_id_70>', '<extra_id_71>', '<extra_id_72>', '<extra_id_73>', '<extra_id_74>', '<extra_id_75>', '<extra_id_76>', '<extra_id_77>', '<extra_id_78>', '<extra_id_79>', '<extra_id_80>', '<extra_id_81>', '<extra_id_82>', '<extra_id_83>', '<extra_id_84>', '<extra_id_85>', '<extra_id_86>', '<extra_id_87>', '<extra_id_88>', '<extra_id_89>', '<extra_id_90>', '<extra_id_91>', '<extra_id_92>', '<extra_id_93>', '<extra_id_94>', '<extra_id_95>', '<extra_id_96>', '<extra_id_97>', '<extra_id_98>', '<extra_id_99>', '<extra_id_100>', '<extra_id_101>', '<extra_id_102>', '<extra_id_103>', '<extra_id_104>', '<extra_id_105>', '<extra_id_106>', '<extra_id_107>', '<extra_id_108>', '<extra_id_109>', '<extra_id_110>', '<extra_id_111>', '<extra_id_112>', '<extra_id_113>', '<extra_id_114>', '<extra_id_115>', '<extra_id_116>', '<extra_id_117>', '<extra_id_118>', '<extra_id_119>', '<extra_id_120>', '<extra_id_121>', '<extra_id_122>', '<extra_id_123>', '<extra_id_124>']
 - extra_id_0_tok_id: 259
----------------------------------------------------------------------------------

tokenizing entities...
100%|███████████████████████████████████████████████████████████████████████████████████████████████████████████████████████████████████████████████████████████████████████████████████████████████████████████████████████████████████████████████████████████████████████████| 12068/12068 [02:03<00:00, 97.76it/s]
datamodule construction done.

----------------------------------------------------------------------------------
 * pl.Trainer(accelerator=gpu, precision=bf16, strategy=auto)
----------------------------------------------------------------------------------

Using bfloat16 Automatic Mixed Precision (AMP)
GPU available: True (cuda), used: True
TPU available: False, using: 0 TPU cores
IPU available: False, using: 0 IPUs
HPU available: False, using: 0 HPUs
model construction done.
LOCAL_RANK: 0 - CUDA_VISIBLE_DEVICES: [5]

  | Name          | Type                               | Params
---------------------------------------------------------------------
0 | core_t5_model | ModifiedT5ForConditionalGeneration | 581 M
1 | rel_embed1    | Embedding                          | 138 K
2 | rel_embed2    | Embedding                          | 138 K
3 | rel_embed3    | Embedding                          | 138 K
4 | rel_embed4    | Embedding                          | 138 K
---------------------------------------------------------------------
582 M     Trainable params
0         Non-trainable params
582 M     Total params
2,328.825 Total estimated model params size (MB)
Training: 0it [00:00, ?it/s]Epoch:    0,
Epoch 0:  93%|██████████████████████████████████████████████████████████████████████████████████████████████████████████████████████████████████████████████████████████████████████████████████████████████████████████████████████████████████████▋                  | 9138/9866 [56:06<04:28,  2.71it/s, loss=0.14]Training time: 3366s
Epoch 0: 100%|███████████████████████████████████████████████████████████████████████████████████████████████████████████████████████████████████████████████████████████████████████████████████████████████████████████████████████████████████████████████████████| 9866/9866 [2:14:27<00:00,  1.22it/s, loss=0.14]
                   mrr           mr   hit@1   hit@3  hit@10█████████████████████████████████████████████████████████████████████████████████████████████████████████████████████████████████████████████████████████████████████████████████████████████████████████████████████████| 364/364 [39:17<00:00,  6.48s/it]
tail ranking  0.392971  2400.188887  30.84%  44.69%  54.93%
head ranking  0.110964  4646.484948   8.09%  12.15%  17.12%
mean ranking  0.251968  3523.336917  19.46%  28.42%  36.02%
Ellipsis
Validation time: 4700s
Epoch 0: 100%|███████████████████████████████████████████████████████████████████████████████████████████████████████████████████████████████████████████████████████████████████████████████████████████████████████████████████████████████████████████████████████| 9866/9866 [2:14:27<00:00,  1.22it/s, loss=0.14]
Total time: 8067s, loss: 0.2147
--------------------------------------------------
Epoch 0: 100%|███████████████████████████████████████████████████████████████████████████████████████████████████████████████████████████████████████████████████████████████████████████████████████████████████████████████████████████████████████████████████████| 9866/9866 [2:14:27<00:00,  1.22it/s, loss=0.14]Epoch:    1,
Epoch 1:  65%|████████████████████████████████████████████████████████████████████████████████████████████████████████████████████████████████████████████████████████████████                                                                                        | 6369/9866 [39:02<21:26,  2.72it/s,Epoch 1:  65%|████████████████████████████████████████████████████████████████████████████████████████████████████████████████████████████████████████████████████████████████                                                                                        | 6370/9866 [39:02<21:25,  2.72it/s,Epoch 1:  65%|████████████████████████████████████████████████████████████████████████████████████████████████████████████████████████████████████████████████████████████████                                                                                        | 6370/9866 [39:02<21:25,  2.72it/s,Epoch 1:  65%|████████████████████████████████████████████████████████████████████████████████████████████████████████████████████████████████████████████████████████████████▏                                                                                       | 6371/9866 [39:02<21:25,  2.72it/s,Epoch 1:  65%|███████████████████████████████████████████████████████▌                              | 6371/9866 [39:02<21:25,  2.72it/s, loss=0.0948]                                                                                                                                                     Epoch 1:  65%|██████████████████████████████████████████████Epoch 1:  65%|████████████████████████████████████████████████████████████████████████████████████████████████████████████████████████████████████████████████████████████████▉                                                               Epoch 1:  65%|████████████████████████████████████████████████████████████████████████████████████████████████████████████████████████████████████████████████████████████████▉                                                                                       | 6404/9866 [39:15<21:13,  2.72it/s,Epoch 1:  65%|████████████████████████████████████████████████████████████████████████████████████████████████████████████████████████████████████████████████████████████████▉                                                                                       | 6404/9866 [39:15<21:13,  2.72it/s,Epoch 1:  65%|█████████████████████████████████████████████████████████████████████████████████████████████████████████████████████████████████████████████████████████████████                                                                                       | 6405/9866 [39:15<21:12,  2.72it/s,Epoch 1:  65%|█████████████████████████████████████████████████████████████████████████████████████████████████████████████████████████████████████████████████████████████████                                                                                       | 6405/9866 [39:15<21:12,  2.72it/s,Epoch 1:  65%|████████████████████████████████████████████████████████▍                              | 6406/9866 [39:15<21:12,  2.72it/s, loss=0.109]                                                                             Epoch 1:  65%|███████████████████████████████████████████████████████████████████████████████████████████████████████████▉                                                          | 6416/9866 [Epoch 1:  6Epoch 1:  93%|████████████████████████████████████████████████████████████████████████████████████████████████████████████████████████████████████████████████████████████████████████████████████████████████████████████████████████████████████▊                  | 9138/9866 [55:59<04:27,  2.72it/s, loss=0.0882]Training time: 3359s
Epoch 1: 100%|█████████████████████████████████████████████████████████████████████████████████████████████████████████████████████████████████████████████████████████████████████████████████████████████████████████████████████████████████████████████████████| 9866/9866 [2:14:30<00:00,  1.22it/s, loss=0.0882]
                   mrr           mr   hit@1   hit@3  hit@10█████████████████████████████████████████████████████████████████████████████████████████████████████████████████████████████████████████████████████████████████████████████████████████████████████████████████████████| 364/364 [39:32<00:00,  6.52s/it]
tail ranking  0.380415  2295.959229  29.97%  42.27%  53.97%
head ranking  0.108519  4635.847927   7.83%  11.75%  17.51%
mean ranking  0.244467  3465.903578  18.90%  27.01%  35.74%
Ellipsis
Validation time: 4710s
Epoch 1: 100%|█████████████████████████████████████████████████████████████████████████████████████████████████████████████████████████████████████████████████████████████████████████████████████████████████████████████████████████████████████████████████████| 9866/9866 [2:14:30<00:00,  1.22it/s, loss=0.0882]
Total time: 8070s, loss: 0.1114
--------------------------------------------------
Epoch 1: 100%|█████████████████████████████████████████████████████████████████████████████████████████████████████████████████████████████████████████████████████████████████████████████████████████████████████████████████████████████████████████████████████| 9866/9866 [2:14:30<00:00,  1.22it/s, loss=0.0882]Epoch:    2,
Epoch 2:  93%|████████████████████████████████████████████████████████████████████████████████████████████████████████████████████████████████████████████████████████████████████████████████████████████████████████████████████████████████████▊                  | 9138/9866 [55:53<04:27,  2.72it/s, loss=0.0669]Training time: 3353s
Epoch 2: 100%|█████████████████████████████████████████████████████████████████████████████████████████████████████████████████████████████████████████████████████████████████████████████████████████████████████████████████████████████████████████████████████| 9866/9866 [2:14:24<00:00,  1.22it/s, loss=0.0669]
                   mrr           mr   hit@1   hit@3  hit@10█████████████████████████████████████████████████████████████████████████████████████████████████████████████████████████████████████████████████████████████████████████████████████████████████████████████████████████| 364/364 [39:24<00:00,  6.50s/it]
tail ranking  0.377947  2195.926028  29.00%  42.99%  54.95%
head ranking  0.107635  4532.933769   7.35%  11.77%  17.58%
mean ranking  0.242791  3364.429899  18.17%  27.38%  36.26%
Ellipsis
Validation time: 4710s
Epoch 2: 100%|█████████████████████████████████████████████████████████████████████████████████████████████████████████████████████████████████████████████████████████████████████████████████████████████████████████████████████████████████████████████████████| 9866/9866 [2:14:24<00:00,  1.22it/s, loss=0.0669]
Total time: 8064s, loss: 0.0747
--------------------------------------------------
Epoch 2: 100%|█████████████████████████████████████████████████████████████████████████████████████████████████████████████████████████████████████████████████████████████████████████████████████████████████████████████████████████████████████████████████████| 9866/9866 [2:14:24<00:00,  1.22it/s, loss=0.0669]`Trainer.fit` stopped: `max_epochs=3` reached.
Epoch 2: 100%|█████████████████████████████████████████████████████████████████████████████████████████████████████████████████████████████████████████████████████████████████████████████████████████████████████████████████████████████████████████████████████| 9866/9866 [2:14:24<00:00,  1.22it/s, loss=0.0669]
model_path: [./checkpoint/FB15k-237N-ko-2023-12-12 19:35:06.741375/FB15k-237N-ko-epoch=000-val_mrr=0.2520.ckpt]
LOCAL_RANK: 0 - CUDA_VISIBLE_DEVICES: [5]
Testing DataLoader 1: 100%|█████████████████████████████████████████████████████████████████████████████████████████████████████████████████████████████████████████████████████████████████████████████████████████████████████████████████████████████████████████████████████████| 423/423 [43:12<00:00,  6.13s/it]
                   mrr           mr   hit@1   hit@3  hit@10
tail ranking  0.385911  2467.055605  30.43%  43.98%  53.70%
head ranking  0.113286  4682.850488   8.25%  12.54%  17.52%
mean ranking  0.249598  3574.953046  19.34%  28.26%  35.61%

==================================================
Epoch: test
Ellipsis
==================================================
Testing DataLoader 1: 100%|█████████████████████████████████████████████████████████████████████████████████████████████████████████████████████████████████████████████████████████████████████████████████████████████████████████████████████████████████████████████████████████| 423/423 [43:12<00:00,  6.13s/it]
──────────────────────────────────────────────────────────────────────────────────────────────────────────────────────────────────────────────────────────────────────────────────────────────────────────────────────────────────────────────────────────────────────────────────────────────────────────────────────
Runningstage.testing metric      DataLoader 0             DataLoader 1
──────────────────────────────────────────────────────────────────────────────────────────────────────────────────────────────────────────────────────────────────────────────────────────────────────────────────────────────────────────────────────────────────────────────────────────────────────────────────────
         val_mrr            0.24959813058376312      0.24959813058376312
──────────────────────────────────────────────────────────────────────────────────────────────────────────────────────────────────────────────────────────────────────────────────────────────────────────────────────────────────────────────────────────────────────────────────────────────────────────────────────
(KG-S2S) dlt@dl012:~/proj/KG-S2S$

