(KG-S2S) dlt@dl012:~/proj/KG-S2S$ export CUDA_VISIBLE_DEVICES=7
(KG-S2S) dlt@dl012:~/proj/KG-S2S$ setting-korean/train-FB15k-237N-ko-KeByT5-2.sh
Namespace(dataset_path='./data/processed', dataset='FB15k-237N-ko', model='T5Finetuner', precision='32', accelerator='gpu', seed=6382, num_workers=4, save_dir='./checkpoint/FB15k-237N-ko-2023-12-13 18:53:29.026438', pretrained_model='pretrained-pro/ETRI-KEByT5-Base-230426', batch_size=8, val_batch_size=8, num_beams=40, num_beam_groups=1, src_max_length=512, train_tgt_max_length=512, eval_tgt_max_length=90, epochs=5, lr=0.0005, diversity_penalty=0.0, model_path='', optim='Adam', decoder='beam_search', log_text=False, use_prefix_search=False, src_descrip_max_length=240, tgt_descrip_max_length=240, use_soft_prompt=True, use_rel_prompt_emb=True, skip_n_val_epoch=0, seq_dropout=0.2, temporal=False, n_ent=12068, n_rel=90, vocab_size=384, model_dim=1536)
Global seed set to 6382

----------------------------------------------------------------------------------
 - pretrained_model.model_type: t5
 - tokenizer.additional_special_tokens: ['<extra_id_0>', '<extra_id_1>', '<extra_id_2>', '<extra_id_3>', '<extra_id_4>', '<extra_id_5>', '<extra_id_6>', '<extra_id_7>', '<extra_id_8>', '<extra_id_9>', '<extra_id_10>', '<extra_id_11>', '<extra_id_12>', '<extra_id_13>', '<extra_id_14>', '<extra_id_15>', '<extra_id_16>', '<extra_id_17>', '<extra_id_18>', '<extra_id_19>', '<extra_id_20>', '<extra_id_21>', '<extra_id_22>', '<extra_id_23>', '<extra_id_24>', '<extra_id_25>', '<extra_id_26>', '<extra_id_27>', '<extra_id_28>', '<extra_id_29>', '<extra_id_30>', '<extra_id_31>', '<extra_id_32>', '<extra_id_33>', '<extra_id_34>', '<extra_id_35>', '<extra_id_36>', '<extra_id_37>', '<extra_id_38>', '<extra_id_39>', '<extra_id_40>', '<extra_id_41>', '<extra_id_42>', '<extra_id_43>', '<extra_id_44>', '<extra_id_45>', '<extra_id_46>', '<extra_id_47>', '<extra_id_48>', '<extra_id_49>', '<extra_id_50>', '<extra_id_51>', '<extra_id_52>', '<extra_id_53>', '<extra_id_54>', '<extra_id_55>', '<extra_id_56>', '<extra_id_57>', '<extra_id_58>', '<extra_id_59>', '<extra_id_60>', '<extra_id_61>', '<extra_id_62>', '<extra_id_63>', '<extra_id_64>', '<extra_id_65>', '<extra_id_66>', '<extra_id_67>', '<extra_id_68>', '<extra_id_69>', '<extra_id_70>', '<extra_id_71>', '<extra_id_72>', '<extra_id_73>', '<extra_id_74>', '<extra_id_75>', '<extra_id_76>', '<extra_id_77>', '<extra_id_78>', '<extra_id_79>', '<extra_id_80>', '<extra_id_81>', '<extra_id_82>', '<extra_id_83>', '<extra_id_84>', '<extra_id_85>', '<extra_id_86>', '<extra_id_87>', '<extra_id_88>', '<extra_id_89>', '<extra_id_90>', '<extra_id_91>', '<extra_id_92>', '<extra_id_93>', '<extra_id_94>', '<extra_id_95>', '<extra_id_96>', '<extra_id_97>', '<extra_id_98>', '<extra_id_99>', '<extra_id_100>', '<extra_id_101>', '<extra_id_102>', '<extra_id_103>', '<extra_id_104>', '<extra_id_105>', '<extra_id_106>', '<extra_id_107>', '<extra_id_108>', '<extra_id_109>', '<extra_id_110>', '<extra_id_111>', '<extra_id_112>', '<extra_id_113>', '<extra_id_114>', '<extra_id_115>', '<extra_id_116>', '<extra_id_117>', '<extra_id_118>', '<extra_id_119>', '<extra_id_120>', '<extra_id_121>', '<extra_id_122>', '<extra_id_123>', '<extra_id_124>']
 - extra_id_0_tok_id: 259
----------------------------------------------------------------------------------

tokenizing entities...
100%|███████████████████████████████████████████████████████████████████████████████████████████████████████████████████████████████████████████████████████████████████████████████████████████████████████████████████████████████████████████████████████████████████████████| 12068/12068 [02:21<00:00, 85.24it/s]
datamodule construction done.

----------------------------------------------------------------------------------
 * pl.Trainer(accelerator=gpu, precision=32)
----------------------------------------------------------------------------------

GPU available: True (cuda), used: True
TPU available: False, using: 0 TPU cores
IPU available: False, using: 0 IPUs
HPU available: False, using: 0 HPUs
model construction done.
LOCAL_RANK: 0 - CUDA_VISIBLE_DEVICES: [7]

  | Name          | Type                               | Params
---------------------------------------------------------------------
0 | core_t5_model | ModifiedT5ForConditionalGeneration | 581 M
1 | rel_embed1    | Embedding                          | 138 K
2 | rel_embed2    | Embedding                          | 138 K
3 | rel_embed3    | Embedding                          | 138 K
4 | rel_embed4    | Embedding                          | 138 K
---------------------------------------------------------------------
582 M     Trainable params
0         Non-trainable params
582 M     Total params
2,328.825 Total estimated model params size (MB)
Training: 0it [00:00, ?it/s]Epoch:    0,
Epoch 0:  93%|██████████████████████████████████████████████████████████████████████████████████████████████████████████████████████████████████████████████████████████████████████████████████████████████████████████████████████████████████                  | 18276/19730 [1:12:11<05:44,  4.22it/s, loss=0.133]Training time: 4331s
Epoch 0: 100%|████████████████████████████████████████████████████████████████████████████████████████████████████████████████████████████████████████████████████████████████████████████████████████████████████████████████████████████████████████████████████| 19730/19730 [2:42:49<00:00,  2.02it/s, loss=0.133]
                   mrr           mr   hit@1   hit@3  hit@10█████████████████████████████████████████████████████████████████████████████████████████████████████████████████████████████████████████████████████████████████████████████████████████████████████████████████████████| 727/727 [45:51<00:00,  3.78s/it]
tail ranking  0.368269  2468.975056  29.07%  40.68%  53.71%
head ranking  0.100634  4747.393773   7.16%  11.25%  16.02%
mean ranking  0.234452  3608.184414  18.11%  25.97%  34.86%
Ellipsis
Validation time: 5438s
Epoch 0: 100%|████████████████████████████████████████████████████████████████████████████████████████████████████████████████████████████████████████████████████████████████████████████████████████████████████████████████████████████████████████████████████| 19730/19730 [2:42:49<00:00,  2.02it/s, loss=0.133]
Total time: 9769s, loss: 0.2202
--------------------------------------------------
Epoch 0: 100%|████████████████████████████████████████████████████████████████████████████████████████████████████████████████████████████████████████████████████████████████████████████████████████████████████████████████████████████████████████████████████| 19730/19730 [2:42:49<00:00,  2.02it/s, loss=0.133]Epoch:    1,
Epoch 1:  93%|█████████████████████████████████████████████████████████████████████████████████████████████████████████████████████████████████████████████████████████████████████████████████████████████████████████████████████████████████                  | 18276/19730 [1:11:33<05:41,  4.26it/s, loss=0.0898]Training time: 4293s
Epoch 1: 100%|███████████████████████████████████████████████████████████████████████████████████████████████████████████████████████████████████████████████████████████████████████████████████████████████████████████████████████████████████████████████████| 19730/19730 [2:42:06<00:00,  2.03it/s, loss=0.0898]
                   mrr           mr   hit@1   hit@3  hit@10█████████████████████████████████████████████████████████████████████████████████████████████████████████████████████████████████████████████████████████████████████████████████████████████████████████████████████████| 727/727 [45:29<00:00,  3.76s/it]
tail ranking  0.384340  2263.235335  30.36%  42.75%  55.15%
head ranking  0.112707  4513.781524   8.09%  12.32%  18.06%
mean ranking  0.248524  3388.508429  19.22%  27.53%  36.61%
Ellipsis
Validation time: 5433s
Epoch 1: 100%|███████████████████████████████████████████████████████████████████████████████████████████████████████████████████████████████████████████████████████████████████████████████████████████████████████████████████████████████████████████████████| 19730/19730 [2:42:06<00:00,  2.03it/s, loss=0.0898]
Total time: 9726s, loss: 0.1068
--------------------------------------------------
Epoch 1: 100%|███████████████████████████████████████████████████████████████████████████████████████████████████████████████████████████████████████████████████████████████████████████████████████████████████████████████████████████████████████████████████| 19730/19730 [2:42:06<00:00,  2.03it/s, loss=0.0898]Epoch:    2,
Epoch 2:  93%|█████████████████████████████████████████████████████████████████████████████████████████████████████████████████████████████████████████████████████████████████████████████████████████████████████████████████████████████████                  | 18276/19730 [1:11:54<05:43,  4.24it/s, loss=0.0731]Training time: 4314s
Epoch 2: 100%|███████████████████████████████████████████████████████████████████████████████████████████████████████████████████████████████████████████████████████████████████████████████████████████████████████████████████████████████████████████████████| 19730/19730 [2:43:23<00:00,  2.01it/s, loss=0.0731]
                   mrr           mr   hit@1   hit@3  hit@10█████████████████████████████████████████████████████████████████████████████████████████████████████████████████████████████████████████████████████████████████████████████████████████████████████████████████████████| 727/727 [46:12<00:00,  3.81s/it]
tail ranking  0.400685  2150.288147  31.67%  45.09%  56.44%
head ranking  0.119719  4496.889902   8.79%  12.80%  18.63%
mean ranking  0.260202  3323.589025  20.23%  28.94%  37.54%
Ellipsis
Validation time: 5488s
Epoch 2: 100%|███████████████████████████████████████████████████████████████████████████████████████████████████████████████████████████████████████████████████████████████████████████████████████████████████████████████████████████████████████████████████| 19730/19730 [2:43:23<00:00,  2.01it/s, loss=0.0731]
Total time: 9803s, loss: 0.0700
--------------------------------------------------
Epoch 2: 100%|███████████████████████████████████████████████████████████████████████████████████████████████████████████████████████████████████████████████████████████████████████████████████████████████████████████████████████████████████████████████████| 19730/19730 [2:43:23<00:00,  2.01it/s, loss=0.0731]Epoch:    3,
Epoch 3:  93%|█████████████████████████████████████████████████████████████████████████████████████████████████████████████████████████████████████████████████████████████████████████████████████████████████████████████████████████████████                  | 18276/19730 [1:11:53<05:43,  4.24it/s, loss=0.0443]Training time: 4314s
Epoch 3: 100%|███████████████████████████████████████████████████████████████████████████████████████████████████████████████████████████████████████████████████████████████████████████████████████████████████████████████████████████████████████████████████| 19730/19730 [2:42:50<00:00,  2.02it/s, loss=0.0443]
                   mrr           mr   hit@1   hit@3  hit@10█████████████████████████████████████████████████████████████████████████████████████████████████████████████████████████████████████████████████████████████████████████████████████████████████████████████████████████| 727/727 [45:43<00:00,  3.77s/it]
tail ranking  0.419022  2103.737141  33.86%  46.60%  57.51%
head ranking  0.123888  4379.835541   9.26%  13.09%  19.35%
mean ranking  0.271455  3241.786341  21.56%  29.85%  38.43%
Ellipsis
Validation time: 5456s
Epoch 3: 100%|███████████████████████████████████████████████████████████████████████████████████████████████████████████████████████████████████████████████████████████████████████████████████████████████████████████████████████████████████████████████████| 19730/19730 [2:42:50<00:00,  2.02it/s, loss=0.0443]
Total time: 9770s, loss: 0.0533
--------------------------------------------------
Epoch 3: 100%|███████████████████████████████████████████████████████████████████████████████████████████████████████████████████████████████████████████████████████████████████████████████████████████████████████████████████████████████████████████████████| 19730/19730 [2:42:50<00:00,  2.02it/s, loss=0.0443]Epoch:    4,
Epoch 4:  93%|██████████████████████████████████████████████████████████████████████████████████████████████████████████████████████████████████████████████████████████████████████████████████████████████████████████████████████████████████                  | 18276/19730 [1:11:29<05:41,  4.26it/s, loss=0.042]Training time: 4289s
Epoch 4: 100%|████████████████████████████████████████████████████████████████████████████████████████████████████████████████████████████████████████████████████████████████████████████████████████████████████████████████████████████████████████████████████| 19730/19730 [2:41:47<00:00,  2.03it/s, loss=0.042]
                   mrr           mr   hit@1   hit@3  hit@10█████████████████████████████████████████████████████████████████████████████████████████████████████████████████████████████████████████████████████████████████████████████████████████████████████████████████████████| 727/727 [45:27<00:00,  3.75s/it]
tail ranking  0.420187  2063.991227  34.22%  46.38%  57.10%
head ranking  0.122879  4410.364184   8.81%  13.35%  19.35%
mean ranking  0.271533  3237.177705  21.51%  29.86%  38.22%
Ellipsis
Validation time: 5417s
Epoch 4: 100%|████████████████████████████████████████████████████████████████████████████████████████████████████████████████████████████████████████████████████████████████████████████████████████████████████████████████████████████████████████████████████| 19730/19730 [2:41:47<00:00,  2.03it/s, loss=0.042]
Total time: 9707s, loss: 0.0446
--------------------------------------------------
Epoch 4: 100%|████████████████████████████████████████████████████████████████████████████████████████████████████████████████████████████████████████████████████████████████████████████████████████████████████████████████████████████████████████████████████| 19730/19730 [2:41:47<00:00,  2.03it/s, loss=0.042]`Trainer.fit` stopped: `max_epochs=5` reached.
Epoch 4: 100%|████████████████████████████████████████████████████████████████████████████████████████████████████████████████████████████████████████████████████████████████████████████████████████████████████████████████████████████████████████████████████| 19730/19730 [2:42:51<00:00,  2.02it/s, loss=0.042]
model_path: [./checkpoint/FB15k-237N-ko-2023-12-13 18:53:29.026438/FB15k-237N-ko-epoch=004-val_mrr=0.2715.ckpt]
LOCAL_RANK: 0 - CUDA_VISIBLE_DEVICES: [7]
Testing DataLoader 1: 100%|█████████████████████████████████████████████████████████████████████████████████████████████████████████████████████████████████████████████████████████████████████████████████████████████████████████████████████████████████████████████████████████| 846/846 [48:12<00:00,  3.42s/it]
                   mrr           mr   hit@1   hit@3  hit@10
tail ranking  0.407044  2149.661195  32.62%  45.22%  56.18%
head ranking  0.126448  4367.229370   9.07%  13.80%  19.54%
mean ranking  0.266746  3258.445282  20.84%  29.51%  37.86%

==================================================
Epoch: test
Ellipsis
==================================================
Testing DataLoader 1: 100%|█████████████████████████████████████████████████████████████████████████████████████████████████████████████████████████████████████████████████████████████████████████████████████████████████████████████████████████████████████████████████████████| 846/846 [48:12<00:00,  3.42s/it]
──────────────────────────────────────────────────────────────────────────────────────────────────────────────────────────────────────────────────────────────────────────────────────────────────────────────────────────────────────────────────────────────────────────────────────────────────────────────────────
Runningstage.testing metric      DataLoader 0             DataLoader 1
──────────────────────────────────────────────────────────────────────────────────────────────────────────────────────────────────────────────────────────────────────────────────────────────────────────────────────────────────────────────────────────────────────────────────────────────────────────────────────
         val_mrr            0.26674598455429077      0.26674598455429077
──────────────────────────────────────────────────────────────────────────────────────────────────────────────────────────────────────────────────────────────────────────────────────────────────────────────────────────────────────────────────────────────────────────────────────────────────────────────────────
(KG-S2S) dlt@dl012:~/proj/KG-S2S$

