(KG-S2S) dlt@dl012:~/proj/KG-S2S$ export CUDA_VISIBLE_DEVICES=4
(KG-S2S) dlt@dl012:~/proj/KG-S2S$ setting-korean/train-FB15k-237N-ko-MT5-1.sh
Namespace(dataset_path='./data/processed', dataset='FB15k-237N-ko', model='T5Finetuner', precision='32', accelerator='gpu', seed=6382, num_workers=4, save_dir='./checkpoint/FB15k-237N-ko-2023-12-13 18:53:12.393408', pretrained_model='google/mt5-base', batch_size=8, val_batch_size=8, num_beams=40, num_beam_groups=1, src_max_length=512, train_tgt_max_length=512, eval_tgt_max_length=90, epochs=5, lr=0.001, diversity_penalty=0.0, model_path='', optim='Adam', decoder='beam_search', log_text=False, use_prefix_search=False, src_descrip_max_length=240, tgt_descrip_max_length=240, use_soft_prompt=True, use_rel_prompt_emb=True, skip_n_val_epoch=0, seq_dropout=0.2, temporal=False, n_ent=12068, n_rel=90, vocab_size=250112, model_dim=768)
Global seed set to 6382
/data/dlt/proj/KG-S2S/transformers-4.24.0/src/transformers/convert_slow_tokenizer.py:446: UserWarning: The sentencepiece tokenizer that you are converting to a fast tokenizer uses the byte fallback option which is not implemented in the fast tokenizers. In practice this means that the fast version of the tokenizer can produce unknown tokens whereas the sentencepiece version would have converted these unknown tokens into a sequence of byte tokens matching the original piece of text.
  warnings.warn(

----------------------------------------------------------------------------------
 - pretrained_model.model_type: mt5
 - tokenizer.additional_special_tokens: []
Special tokens have been added in the vocabulary, make sure the associated word embeddings are fine-tuned or trained.
 - extra_id_0_tok_id: 250100
----------------------------------------------------------------------------------

tokenizing entities...
100%|██████████████████████████████████████████████████████████████████████████████████████████████████████████████████████████████████████████████████████████████████████████████████████████████████████████████████████████████████████████████████████████████████████████| 12068/12068 [00:23<00:00, 522.55it/s]
Special tokens have been added in the vocabulary, make sure the associated word embeddings are fine-tuned or trained.
datamodule construction done.

----------------------------------------------------------------------------------
 * pl.Trainer(accelerator=gpu, precision=32)
----------------------------------------------------------------------------------

GPU available: True (cuda), used: True
TPU available: False, using: 0 TPU cores
IPU available: False, using: 0 IPUs
HPU available: False, using: 0 HPUs
model construction done.
LOCAL_RANK: 0 - CUDA_VISIBLE_DEVICES: [4]

  | Name          | Type                                | Params
----------------------------------------------------------------------
0 | core_t5_model | ModifiedMT5ForConditionalGeneration | 582 M
1 | rel_embed1    | Embedding                           | 69.1 K
2 | rel_embed2    | Embedding                           | 69.1 K
3 | rel_embed3    | Embedding                           | 69.1 K
4 | rel_embed4    | Embedding                           | 69.1 K
----------------------------------------------------------------------
582 M     Trainable params
0         Non-trainable params
582 M     Total params
2,330.711 Total estimated model params size (MB)
Training: 0it [00:00, ?it/s]Epoch:    0,
Epoch 0:  93%|███████████████████████████████████████████████████████████████████████████████████████████████████████████████████████████████████████████████████████████████████████████████████████████████████████████████████████████████████▊                  | 18276/19730 [38:57<03:06,  7.82it/s, loss=0.363]Training time: 2337s
Epoch 0: 100%|████████████████████████████████████████████████████████████████████████████████████████████████████████████████████████████████████████████████████████████████████████████████████████████████████████████████████████████████████████████████████| 19730/19730 [2:24:14<00:00,  2.28it/s, loss=0.363]
                   mrr           mr  hit@1   hit@3  hit@10██████████████████████████████████████████████████████████████████████████████████████████████████████████████████████████████████████████████████████████████████████████████████████████████████████████████████████████| 727/727 [52:57<00:00,  4.37s/it]
tail ranking  0.115575  3795.376570  5.71%  12.90%  22.29%
head ranking  0.021607  5691.975572  1.31%   2.53%   3.65%
mean ranking  0.068591  4743.676071  3.51%   7.72%  12.97%
Ellipsis
Validation time: 6316s
Epoch 0: 100%|████████████████████████████████████████████████████████████████████████████████████████████████████████████████████████████████████████████████████████████████████████████████████████████████████████████████████████████████████████████████████| 19730/19730 [2:24:14<00:00,  2.28it/s, loss=0.363]
Total time: 8654s, loss: 0.6881
--------------------------------------------------
Epoch 0: 100%|████████████████████████████████████████████████████████████████████████████████████████████████████████████████████████████████████████████████████████████████████████████████████████████████████████████████████████████████████████████████████| 19730/19730 [2:24:14<00:00,  2.28it/s, loss=0.363]Epoch:    1,
Epoch 1:  93%|███████████████████████████████████████████████████████████████████████████████████████████████████████████████████████████████████████████████████████████████████████████████████████████████████████████████████████████████████▊                  | 18276/19730 [39:44<03:09,  7.67it/s, loss=0.217]Training time: 2384s
Epoch 1: 100%|████████████████████████████████████████████████████████████████████████████████████████████████████████████████████████████████████████████████████████████████████████████████████████████████████████████████████████████████████████████████████| 19730/19730 [2:29:20<00:00,  2.20it/s, loss=0.217]
                   mrr           mr  hit@1   hit@3  hit@10██████████████████████████████████████████████████████████████████████████████████████████████████████████████████████████████████████████████████████████████████████████████████████████████████████████████████████████| 727/727 [55:05<00:00,  4.55s/it]
tail ranking  0.120651  3750.772063  8.77%  11.03%  18.79%
head ranking  0.018144  5819.393084  1.29%   1.84%   2.68%
mean ranking  0.069397  4785.082574  5.03%   6.43%  10.73%
Ellipsis
Validation time: 6576s
Epoch 1: 100%|████████████████████████████████████████████████████████████████████████████████████████████████████████████████████████████████████████████████████████████████████████████████████████████████████████████████████████████████████████████████████| 19730/19730 [2:29:20<00:00,  2.20it/s, loss=0.217]
Total time: 8960s, loss: 0.2626
--------------------------------------------------
Epoch 1: 100%|████████████████████████████████████████████████████████████████████████████████████████████████████████████████████████████████████████████████████████████████████████████████████████████████████████████████████████████████████████████████████| 19730/19730 [2:29:20<00:00,  2.20it/s, loss=0.217]Epoch:    2,
Epoch 2:  93%|███████████████████████████████████████████████████████████████████████████████████████████████████████████████████████████████████████████████████████████████████████████████████████████████████████████████████████████████████▊                  | 18276/19730 [39:40<03:09,  7.68it/s, loss=0.169]Training time: 2380s
Epoch 2: 100%|████████████████████████████████████████████████████████████████████████████████████████████████████████████████████████████████████████████████████████████████████████████████████████████████████████████████████████████████████████████████████| 19730/19730 [2:25:48<00:00,  2.26it/s, loss=0.169]
                   mrr           mr   hit@1   hit@3  hit@10█████████████████████████████████████████████████████████████████████████████████████████████████████████████████████████████████████████████████████████████████████████████████████████████████████████████████████████| 727/727 [53:24<00:00,  4.41s/it]
tail ranking  0.189580  3412.120076  14.57%  18.89%  27.89%
head ranking  0.024968  5526.970583   1.77%   2.44%   3.70%
mean ranking  0.107274  4469.545329   8.17%  10.67%  15.79%
Ellipsis
Validation time: 6367s
Epoch 2: 100%|████████████████████████████████████████████████████████████████████████████████████████████████████████████████████████████████████████████████████████████████████████████████████████████████████████████████████████████████████████████████████| 19730/19730 [2:25:48<00:00,  2.26it/s, loss=0.169]
Total time: 8748s, loss: 0.1739
--------------------------------------------------
Epoch 2: 100%|████████████████████████████████████████████████████████████████████████████████████████████████████████████████████████████████████████████████████████████████████████████████████████████████████████████████████████████████████████████████████| 19730/19730 [2:25:48<00:00,  2.26it/s, loss=0.169]Epoch:    3,
Epoch 3:  93%|███████████████████████████████████████████████████████████████████████████████████████████████████████████████████████████████████████████████████████████████████████████████████████████████████████████████████████████████████▊                  | 18276/19730 [39:02<03:06,  7.80it/s, loss=0.149]Training time: 2342s
Epoch 3: 100%|████████████████████████████████████████████████████████████████████████████████████████████████████████████████████████████████████████████████████████████████████████████████████████████████████████████████████████████████████████████████████| 19730/19730 [2:24:23<00:00,  2.28it/s, loss=0.149]
                   mrr           mr   hit@1   hit@3  hit@10█████████████████████████████████████████████████████████████████████████████████████████████████████████████████████████████████████████████████████████████████████████████████████████████████████████████████████████| 727/727 [52:58<00:00,  4.37s/it]
tail ranking  0.197600  3227.308963  15.07%  19.78%  29.76%
head ranking  0.031663  5488.547222   2.24%   2.96%   4.68%
mean ranking  0.114632  4357.928092   8.65%  11.37%  17.22%
Ellipsis
Validation time: 6320s
Epoch 3: 100%|████████████████████████████████████████████████████████████████████████████████████████████████████████████████████████████████████████████████████████████████████████████████████████████████████████████████████████████████████████████████████| 19730/19730 [2:24:23<00:00,  2.28it/s, loss=0.149]
Total time: 8663s, loss: 0.1417
--------------------------------------------------
Epoch 3: 100%|████████████████████████████████████████████████████████████████████████████████████████████████████████████████████████████████████████████████████████████████████████████████████████████████████████████████████████████████████████████████████| 19730/19730 [2:24:23<00:00,  2.28it/s, loss=0.149]Epoch:    4,
Epoch 4:  93%|████████████████████████████████████████████████████████████████████████████████████████████████████████████████████████████████████████████████████████████████████████████████████████████████████████████████████████████████████▊                  | 18276/19730 [38:49<03:05,  7.85it/s, loss=0.13]Training time: 2329s
Epoch 4: 100%|█████████████████████████████████████████████████████████████████████████████████████████████████████████████████████████████████████████████████████████████████████████████████████████████████████████████████████████████████████████████████████| 19730/19730 [2:24:04<00:00,  2.28it/s, loss=0.13]
                   mrr           mr   hit@1   hit@3  hit@10█████████████████████████████████████████████████████████████████████████████████████████████████████████████████████████████████████████████████████████████████████████████████████████████████████████████████████████| 727/727 [53:01<00:00,  4.38s/it]
tail ranking  0.243920  2922.619646  18.84%  25.62%  35.83%
head ranking  0.042935  5336.721314   2.86%   4.42%   6.69%
mean ranking  0.143428  4129.670480  10.85%  15.02%  21.26%
Ellipsis
Validation time: 6314s
Epoch 4: 100%|█████████████████████████████████████████████████████████████████████████████████████████████████████████████████████████████████████████████████████████████████████████████████████████████████████████████████████████████████████████████████████| 19730/19730 [2:24:04<00:00,  2.28it/s, loss=0.13]
Total time: 8644s, loss: 0.1263
--------------------------------------------------
Epoch 4: 100%|█████████████████████████████████████████████████████████████████████████████████████████████████████████████████████████████████████████████████████████████████████████████████████████████████████████████████████████████████████████████████████| 19730/19730 [2:24:04<00:00,  2.28it/s, loss=0.13]`Trainer.fit` stopped: `max_epochs=5` reached.
Epoch 4: 100%|█████████████████████████████████████████████████████████████████████████████████████████████████████████████████████████████████████████████████████████████████████████████████████████████████████████████████████████████████████████████████████| 19730/19730 [2:24:26<00:00,  2.28it/s, loss=0.13]
model_path: [./checkpoint/FB15k-237N-ko-2023-12-13 18:53:12.393408/FB15k-237N-ko-epoch=004-val_mrr=0.1434.ckpt]
LOCAL_RANK: 0 - CUDA_VISIBLE_DEVICES: [4]
Testing DataLoader 1: 100%|█████████████████████████████████████████████████████████████████████████████████████████████████████████████████████████████████████████████████████████████████████████████████████████████████████████████████████████████████████████████████████████| 846/846 [57:12<00:00,  4.06s/it]
                   mrr           mr   hit@1   hit@3  hit@10
tail ranking  0.241222  3001.502810  18.69%  25.07%  35.34%
head ranking  0.044388  5353.858622   3.06%   4.55%   6.82%
mean ranking  0.142805  4177.680716  10.88%  14.81%  21.08%

==================================================
Epoch: test
Ellipsis
==================================================
Testing DataLoader 1: 100%|█████████████████████████████████████████████████████████████████████████████████████████████████████████████████████████████████████████████████████████████████████████████████████████████████████████████████████████████████████████████████████████| 846/846 [57:12<00:00,  4.06s/it]
──────────────────────────────────────────────────────────────────────────────────────────────────────────────────────────────────────────────────────────────────────────────────────────────────────────────────────────────────────────────────────────────────────────────────────────────────────────────────────
Runningstage.testing metric      DataLoader 0             DataLoader 1
──────────────────────────────────────────────────────────────────────────────────────────────────────────────────────────────────────────────────────────────────────────────────────────────────────────────────────────────────────────────────────────────────────────────────────────────────────────────────────
         val_mrr            0.1428050994873047       0.1428050994873047
──────────────────────────────────────────────────────────────────────────────────────────────────────────────────────────────────────────────────────────────────────────────────────────────────────────────────────────────────────────────────────────────────────────────────────────────────────────────────────
(KG-S2S) dlt@dl012:~/proj/KG-S2S$

