#export CUDA_VISIBLE_DEVICES=3
#export CUDA_VISIBLE_DEVICES=7
#python3 main.py -dataset FB15k-237N-ko -lr 0.0005 -num_beams 40 -seq_dropout 0.2 -use_soft_prompt -use_rel_prompt_emb -src_descrip_max_length 200 -tgt_descrip_max_length 200 -pretrained_model KETI-AIR/ke-t5-base-ko
python3 main.py -dataset FB15k-237N-ko \
                -lr 0.0005 \
                -precision bf16 \
                -epoch 15 \
                -batch_size 16 \
                -val_batch_size 8 \
                -num_beams 40 \
                -seq_dropout 0.2 \
                -use_soft_prompt \
                -use_rel_prompt_emb \
                -src_descrip_max_length 240 \
                -tgt_descrip_max_length 240 \
                -eval_tgt_max_length 90 \
                -pretrained_model KETI-AIR/ke-t5-large-ko



(KG-S2S) chrisjihee@ptlm3:~/proj/KG-S2S$ export CUDA_VISIBLE_DEVICES=3
(KG-S2S) chrisjihee@ptlm3:~/proj/KG-S2S$ setting-korean-batch_16/train-FB15k-237N-ko-KeT5-large-2.sh
Namespace(dataset_path='./data/processed', dataset='FB15k-237N-ko', model='T5Finetuner', precision='bf16', accelerator='gpu', seed=41504, num_workers=12, save_dir='./checkpoint/FB15k-237N-ko=ke-t5-large-ko=1219.014606', pretrained_model='KETI-AIR/ke-t5-large-ko', batch_size=16, val_batch_size=8, num_beams=40, num_beam_groups=1, src_max_length=512, train_tgt_max_length=512, eval_tgt_max_length=90, epochs=15, lr=0.0005, diversity_penalty=0.0, model_path='', optim='Adam', decoder='beam_search', log_text=False, use_prefix_search=False, src_descrip_max_length=240, tgt_descrip_max_length=240, use_soft_prompt=True, use_rel_prompt_emb=True, check_every_n_epochs=3, seq_dropout=0.2, temporal=False, n_ent=12068, n_rel=90, vocab_size=64128, model_dim=1024)
Global seed set to 41504
Special tokens have been added in the vocabulary, make sure the associated word embeddings are fine-tuned or trained.

----------------------------------------------------------------------------------
 - pretrained_model.model_type: t5
 - tokenizer.additional_special_tokens: ['<extra_id_0>', '<extra_id_1>', '<extra_id_2>', '<extra_id_3>', '<extra_id_4>', '<extra_id_5>', '<extra_id_6>', '<extra_id_7>', '<extra_id_8>', '<extra_id_9>', '<extra_id_10>', '<extra_id_11>', '<extra_id_12>', '<extra_id_13>', '<extra_id_14>', '<extra_id_15>', '<extra_id_16>', '<extra_id_17>', '<extra_id_18>', '<extra_id_19>', '<extra_id_20>', '<extra_id_21>', '<extra_id_22>', '<extra_id_23>', '<extra_id_24>', '<extra_id_25>', '<extra_id_26>', '<extra_id_27>', '<extra_id_28>', '<extra_id_29>', '<extra_id_30>', '<extra_id_31>', '<extra_id_32>', '<extra_id_33>', '<extra_id_34>', '<extra_id_35>', '<extra_id_36>', '<extra_id_37>', '<extra_id_38>', '<extra_id_39>', '<extra_id_40>', '<extra_id_41>', '<extra_id_42>', '<extra_id_43>', '<extra_id_44>', '<extra_id_45>', '<extra_id_46>', '<extra_id_47>', '<extra_id_48>', '<extra_id_49>', '<extra_id_50>', '<extra_id_51>', '<extra_id_52>', '<extra_id_53>', '<extra_id_54>', '<extra_id_55>', '<extra_id_56>', '<extra_id_57>', '<extra_id_58>', '<extra_id_59>', '<extra_id_60>', '<extra_id_61>', '<extra_id_62>', '<extra_id_63>', '<extra_id_64>', '<extra_id_65>', '<extra_id_66>', '<extra_id_67>', '<extra_id_68>', '<extra_id_69>', '<extra_id_70>', '<extra_id_71>', '<extra_id_72>', '<extra_id_73>', '<extra_id_74>', '<extra_id_75>', '<extra_id_76>', '<extra_id_77>', '<extra_id_78>', '<extra_id_79>', '<extra_id_80>', '<extra_id_81>', '<extra_id_82>', '<extra_id_83>', '<extra_id_84>', '<extra_id_85>', '<extra_id_86>', '<extra_id_87>', '<extra_id_88>', '<extra_id_89>', '<extra_id_90>', '<extra_id_91>', '<extra_id_92>', '<extra_id_93>', '<extra_id_94>', '<extra_id_95>', '<extra_id_96>', '<extra_id_97>', '<extra_id_98>', '<extra_id_99>']
 - extra_id_0_tok_id: 64099
----------------------------------------------------------------------------------

tokenizing entities...
100%|██████████████████████████████████████████████████████████████████████████████████████████████████████████████████████████████████████████████████████████████████████████████████████████████████████████████████████████████████████████████████████████████████████████| 12068/12068 [00:28<00:00, 430.32it/s]
Special tokens have been added in the vocabulary, make sure the associated word embeddings are fine-tuned or trained.
datamodule construction done.

----------------------------------------------------------------------------------
 * pl.Trainer(accelerator=gpu, precision=bf16, max_epochs=15, every_n_epoch=3)
----------------------------------------------------------------------------------

Using bfloat16 Automatic Mixed Precision (AMP)
GPU available: True (cuda), used: True
TPU available: False, using: 0 TPU cores
IPU available: False, using: 0 IPUs
HPU available: False, using: 0 HPUs
model construction done.
LOCAL_RANK: 0 - CUDA_VISIBLE_DEVICES: [3]

  | Name          | Type                               | Params
---------------------------------------------------------------------
0 | core_t5_model | ModifiedT5ForConditionalGeneration | 783 M
1 | rel_embed1    | Embedding                          | 92.2 K
2 | rel_embed2    | Embedding                          | 92.2 K
3 | rel_embed3    | Embedding                          | 92.2 K
4 | rel_embed4    | Embedding                          | 92.2 K
---------------------------------------------------------------------
783 M     Trainable params
0         Non-trainable params
783 M     Total params
3,133.551 Total estimated model params size (MB)
Training: 0it [00:00, ?it/s]

======================================================================
Epoch:    0,
Epoch 0: 100%|████████████████████████████████████████████████████████████████████████████████████████████████████████████████████████████████████████████████████████████████████████████████████████████████████████████████████████████████████████████████████████| 9138/9138 [56:37<00:00,  2.69it/s, loss=0.247]
Total time: 3397s, loss: 1.6481
Epoch 0: 100%|████████████████████████████████████████████████████████████████████████████████████████████████████████████████████████████████████████████████████████████████████████████████████████████████████████████████████████████████████████████████████████| 9138/9138 [56:37<00:00,  2.69it/s, loss=0.247]

======================================================================
Epoch:    1,
Epoch 1: 100%|████████████████████████████████████████████████████████████████████████████████████████████████████████████████████████████████████████████████████████████████████████████████████████████████████████████████████████████████████████████████████████| 9138/9138 [56:35<00:00,  2.69it/s, loss=0.123]
Total time: 3395s, loss: 0.1741
Epoch 1: 100%|████████████████████████████████████████████████████████████████████████████████████████████████████████████████████████████████████████████████████████████████████████████████████████████████████████████████████████████████████████████████████████| 9138/9138 [56:35<00:00,  2.69it/s, loss=0.123]

======================================================================
Epoch:    2,
Epoch 2: 100%|███████████████████████████████████████████████████████████████████████████████████████████████████████████████████████████████████████████████████████████████████████████████████████████████████████████████████████████████████████████████████████| 9138/9138 [56:25<00:00,  2.70it/s, loss=0.0914]
Training time: 3385s
Epoch 2: : 10592it [3:35:58,  1.22s/it, loss=0.0914]
Validation DataLoader 1: 100%|████████████████████████████████████████████████████████████████████████████████████████████████████████████████████████████████████████████████████████████████████████████████████████████████████████████████████████████████████████████████████| 727/727 [1:20:26<00:00,  6.64s/it]

           mrr   hit@1   hit@3  hit@10
tail  0.391363  31.24%  42.82%  55.86%
head  0.113123   8.34%  11.72%  17.93%
mean  0.252243  19.79%  27.27%  36.89%

Ellipsis
Validation time: 9573s
Epoch 2: : 10592it [3:35:58,  1.22s/it, loss=0.0914]
Total time: 12979s, loss: 0.1037
Epoch 2: : 10592it [3:36:19,  1.23s/it, loss=0.0914]

======================================================================
Epoch:    3,
Epoch 3: 100%|███████████████████████████████████████████████████████████████████████████████████████████████████████████████████████████████████████████████████████████████████████████████████████████████████████████████████████████████████████████████████████| 9138/9138 [56:38<00:00,  2.69it/s, loss=0.0835]
Total time: 3398s, loss: 0.0874
Epoch 3: 100%|███████████████████████████████████████████████████████████████████████████████████████████████████████████████████████████████████████████████████████████████████████████████████████████████████████████████████████████████████████████████████████| 9138/9138 [56:38<00:00,  2.69it/s, loss=0.0835]

======================================================================
Epoch:    4,
Epoch 4: 100%|███████████████████████████████████████████████████████████████████████████████████████████████████████████████████████████████████████████████████████████████████████████████████████████████████████████████████████████████████████████████████████| 9138/9138 [56:40<00:00,  2.69it/s, loss=0.0763]
Total time: 3400s, loss: 0.0788
Epoch 4: 100%|███████████████████████████████████████████████████████████████████████████████████████████████████████████████████████████████████████████████████████████████████████████████████████████████████████████████████████████████████████████████████████| 9138/9138 [56:40<00:00,  2.69it/s, loss=0.0763]

======================================================================
Epoch:    5,
Epoch 5:  86%|████████████████████████████████████████████████████████████████████████████████████████████████████████████████████████████████████████████████████████████████████████████████████████████████████████████████████▏                                 | 9138/10592 [56:34<09:00,  2.69it/s, loss=0.0678]
Training time: 3394s
Epoch 5: 100%|███████████████████████████████████████████████████████████████████████████████████████████████████████████████████████████████████████████████████████████████████████████████████████████████████████████████████████████████████████████████████| 10592/10592 [3:34:30<00:00,  1.22s/it, loss=0.0678]
Validation DataLoader 1: 100%|████████████████████████████████████████████████████████████████████████████████████████████████████████████████████████████████████████████████████████████████████████████████████████████████████████████████████████████████████████████████████| 727/727 [1:18:22<00:00,  6.47s/it]

           mrr   hit@1   hit@3  hit@10
tail  0.431669  35.20%  47.08%  59.06%
head  0.131990   9.58%  14.12%  20.76%
mean  0.281830  22.39%  30.60%  39.91%

Ellipsis
Validation time: 9476s
Epoch 5: 100%|███████████████████████████████████████████████████████████████████████████████████████████████████████████████████████████████████████████████████████████████████████████████████████████████████████████████████████████████████████████████████| 10592/10592 [3:34:30<00:00,  1.22s/it, loss=0.0678]
Total time: 12891s, loss: 0.0736
Epoch 5: 100%|███████████████████████████████████████████████████████████████████████████████████████████████████████████████████████████████████████████████████████████████████████████████████████████████████████████████████████████████████████████████████| 10592/10592 [3:34:51<00:00,  1.22s/it, loss=0.0678]

======================================================================
Epoch:    6,
Epoch 6: 100%|███████████████████████████████████████████████████████████████████████████████████████████████████████████████████████████████████████████████████████████████████████████████████████████████████████████████████████████████████████████████████████| 9138/9138 [56:40<00:00,  2.69it/s, loss=0.0671]
Total time: 3400s, loss: 0.0689
Epoch 6: 100%|███████████████████████████████████████████████████████████████████████████████████████████████████████████████████████████████████████████████████████████████████████████████████████████████████████████████████████████████████████████████████████| 9138/9138 [56:40<00:00,  2.69it/s, loss=0.0671]

======================================================================
Epoch:    7,
Epoch 7: 100%|███████████████████████████████████████████████████████████████████████████████████████████████████████████████████████████████████████████████████████████████████████████████████████████████████████████████████████████████████████████████████████| 9138/9138 [56:39<00:00,  2.69it/s, loss=0.0682]
Total time: 3399s, loss: 0.0661
Epoch 7: 100%|███████████████████████████████████████████████████████████████████████████████████████████████████████████████████████████████████████████████████████████████████████████████████████████████████████████████████████████████████████████████████████| 9138/9138 [56:39<00:00,  2.69it/s, loss=0.0682]

======================================================================
Epoch:    8,
Epoch 8:  86%|████████████████████████████████████████████████████████████████████████████████████████████████████████████████████████████████████████████████████████████████████████████████████████████████████████████████████▏                                 | 9138/10592 [56:38<09:00,  2.69it/s, loss=0.0639]
Training time: 3399s
Epoch 8: 100%|███████████████████████████████████████████████████████████████████████████████████████████████████████████████████████████████████████████████████████████████████████████████████████████████████████████████████████████████████████████████████| 10592/10592 [3:34:14<00:00,  1.21s/it, loss=0.0639]
Validation DataLoader 1: 100%|████████████████████████████████████████████████████████████████████████████████████████████████████████████████████████████████████████████████████████████████████████████████████████████████████████████████████████████████████████████████████| 727/727 [1:19:14<00:00,  6.54s/it]

           mrr   hit@1   hit@3  hit@10
tail  0.431725  34.63%  47.57%  60.45%
head  0.142983  10.08%  15.69%  23.33%
mean  0.287354  22.36%  31.63%  41.89%

Ellipsis
Validation time: 9455s
Epoch 8: 100%|███████████████████████████████████████████████████████████████████████████████████████████████████████████████████████████████████████████████████████████████████████████████████████████████████████████████████████████████████████████████████| 10592/10592 [3:34:14<00:00,  1.21s/it, loss=0.0639]
Total time: 12876s, loss: 0.0632
Epoch 8: 100%|███████████████████████████████████████████████████████████████████████████████████████████████████████████████████████████████████████████████████████████████████████████████████████████████████████████████████████████████████████████████████| 10592/10592 [3:34:36<00:00,  1.22s/it, loss=0.0639]

======================================================================
Epoch:    9,
Epoch 9: 100%|███████████████████████████████████████████████████████████████████████████████████████████████████████████████████████████████████████████████████████████████████████████████████████████████████████████████████████████████████████████████████████| 9138/9138 [56:36<00:00,  2.69it/s, loss=0.0593]
Total time: 3396s, loss: 0.0609
Epoch 9: 100%|███████████████████████████████████████████████████████████████████████████████████████████████████████████████████████████████████████████████████████████████████████████████████████████████████████████████████████████████████████████████████████| 9138/9138 [56:36<00:00,  2.69it/s, loss=0.0593]

======================================================================
Epoch:   10,
Epoch 10: 100%|██████████████████████████████████████████████████████████████████████████████████████████████████████████████████████████████████████████████████████████████████████████████████████████████████████████████████████████████████████████████████████| 9138/9138 [56:38<00:00,  2.69it/s, loss=0.0543]
Total time: 3398s, loss: 0.0585
Epoch 10: 100%|██████████████████████████████████████████████████████████████████████████████████████████████████████████████████████████████████████████████████████████████████████████████████████████████████████████████████████████████████████████████████████| 9138/9138 [56:38<00:00,  2.69it/s, loss=0.0543]

======================================================================
Epoch:   11,
Epoch 11:  86%|███████████████████████████████████████████████████████████████████████████████████████████████████████████████████████████████████████████████████████████████████████████████████████████████████████████████████▎                                 | 9138/10592 [56:38<09:00,  2.69it/s, loss=0.0607]
Training time: 3399s
Epoch 11: 100%|██████████████████████████████████████████████████████████████████████████████████████████████████████████████████████████████████████████████████████████████████████████████████████████████████████████████████████████████████████████████████| 10592/10592 [3:34:50<00:00,  1.22s/it, loss=0.0607]
Validation DataLoader 1: 100%|████████████████████████████████████████████████████████████████████████████████████████████████████████████████████████████████████████████████████████████████████████████████████████████████████████████████████████████████████████████████████| 727/727 [1:19:42<00:00,  6.58s/it]

           mrr   hit@1   hit@3  hit@10
tail  0.432680  34.72%  48.17%  60.26%
head  0.146168  10.42%  15.95%  23.46%
mean  0.289424  22.57%  32.06%  41.86%

Ellipsis
Validation time: 9491s
Epoch 11: 100%|██████████████████████████████████████████████████████████████████████████████████████████████████████████████████████████████████████████████████████████████████████████████████████████████████████████████████████████████████████████████████| 10592/10592 [3:34:50<00:00,  1.22s/it, loss=0.0607]
Total time: 12911s, loss: 0.0568
Epoch 11: 100%|██████████████████████████████████████████████████████████████████████████████████████████████████████████████████████████████████████████████████████████████████████████████████████████████████████████████████████████████████████████████████| 10592/10592 [3:35:11<00:00,  1.22s/it, loss=0.0607]

======================================================================
Epoch:   12,
Epoch 12: 100%|██████████████████████████████████████████████████████████████████████████████████████████████████████████████████████████████████████████████████████████████████████████████████████████████████████████████████████████████████████████████████████| 9138/9138 [56:34<00:00,  2.69it/s, loss=0.0568]
Total time: 3394s, loss: 0.0551
Epoch 12: 100%|██████████████████████████████████████████████████████████████████████████████████████████████████████████████████████████████████████████████████████████████████████████████████████████████████████████████████████████████████████████████████████| 9138/9138 [56:34<00:00,  2.69it/s, loss=0.0568]

======================================================================
Epoch:   13,
Epoch 13: 100%|██████████████████████████████████████████████████████████████████████████████████████████████████████████████████████████████████████████████████████████████████████████████████████████████████████████████████████████████████████████████████████| 9138/9138 [56:37<00:00,  2.69it/s, loss=0.0622]
Total time: 3397s, loss: 0.0536
Epoch 13: 100%|██████████████████████████████████████████████████████████████████████████████████████████████████████████████████████████████████████████████████████████████████████████████████████████████████████████████████████████████████████████████████████| 9138/9138 [56:37<00:00,  2.69it/s, loss=0.0622]

======================================================================
Epoch:   14,
Epoch 14:  86%|███████████████████████████████████████████████████████████████████████████████████████████████████████████████████████████████████████████████████████████████████████████████████████████████████████████████████▎                                 | 9138/10592 [56:42<09:01,  2.69it/s, loss=0.0511]
Training time: 3402s
Epoch 14: 100%|██████████████████████████████████████████████████████████████████████████████████████████████████████████████████████████████████████████████████████████████████████████████████████████████████████████████████████████████████████████████████| 10592/10592 [3:34:22<00:00,  1.21s/it, loss=0.0511]
Validation DataLoader 1: 100%|████████████████████████████████████████████████████████████████████████████████████████████████████████████████████████████████████████████████████████████████████████████████████████████████████████████████████████████████████████████████████| 727/727 [1:19:01<00:00,  6.52s/it]

           mrr   hit@1   hit@3  hit@10
tail  0.432479  35.16%  47.10%  59.97%
head  0.143837  10.39%  15.50%  23.26%
mean  0.288158  22.78%  31.30%  41.61%

Ellipsis
Validation time: 9460s
Epoch 14: 100%|██████████████████████████████████████████████████████████████████████████████████████████████████████████████████████████████████████████████████████████████████████████████████████████████████████████████████████████████████████████████████| 10592/10592 [3:34:22<00:00,  1.21s/it, loss=0.0511]
Total time: 12883s, loss: 0.0522
Epoch 14: 100%|██████████████████████████████████████████████████████████████████████████████████████████████████████████████████████████████████████████████████████████████████████████████████████████████████████████████████████████████████████████████████| 10592/10592 [3:34:43<00:00,  1.22s/it, loss=0.0511]`Trainer.fit` stopped: `max_epochs=15` reached.
Epoch 14: 100%|██████████████████████████████████████████████████████████████████████████████████████████████████████████████████████████████████████████████████████████████████████████████████████████████████████████████████████████████████████████████████| 10592/10592 [3:34:43<00:00,  1.22s/it, loss=0.0511]
model_path: [./checkpoint/FB15k-237N-ko=ke-t5-large-ko=1219.014606/FB15k-237N-ko-epoch=011-val_mrr=0.2894.ckpt]
LOCAL_RANK: 0 - CUDA_VISIBLE_DEVICES: [3]
Testing DataLoader 1: 100%|███████████████████████████████████████████████████████████████████████████████████████████████████████████████████████████████████████████████████████████████████████████████████████████████████████████████████████████████████████████████████████| 846/846 [1:23:52<00:00,  5.95s/it]


           mrr   hit@1   hit@3  hit@10
tail  0.424949  33.81%  47.55%  59.46%
head  0.148726  10.87%  15.90%  23.53%
mean  0.286838  22.34%  31.72%  41.50%

======================================================================
Epoch: test
Ellipsis
======================================================================
Testing DataLoader 1: 100%|███████████████████████████████████████████████████████████████████████████████████████████████████████████████████████████████████████████████████████████████████████████████████████████████████████████████████████████████████████████████████████| 846/846 [1:23:52<00:00,  5.95s/it]
──────────────────────────────────────────────────────────────────────────────────────────────────────────────────────────────────────────────────────────────────────────────────────────────────────────────────────────────────────────────────────────────────────────────────────────────────────────────────────
Runningstage.testing metric      DataLoader 0             DataLoader 1
──────────────────────────────────────────────────────────────────────────────────────────────────────────────────────────────────────────────────────────────────────────────────────────────────────────────────────────────────────────────────────────────────────────────────────────────────────────────────────
         val_mrr            0.28683751821517944      0.28683751821517944
──────────────────────────────────────────────────────────────────────────────────────────────────────────────────────────────────────────────────────────────────────────────────────────────────────────────────────────────────────────────────────────────────────────────────────────────────────────────────────
(KG-S2S) chrisjihee@ptlm3:~/proj/KG-S2S$

