#export CUDA_VISIBLE_DEVICES=0
#export CUDA_VISIBLE_DEVICES=4
#python3 main.py -dataset FB15k-237N-ko -lr 0.001 -num_beams 40 -seq_dropout 0.2 -use_soft_prompt -use_rel_prompt_emb -src_descrip_max_length 200 -tgt_descrip_max_length 200 -pretrained_model pretrained-pro/ETRI-KEByT5-Base-230426
python3 main.py -dataset FB15k-237N-ko \
                -lr 0.001 \
                -precision bf16 \
                -epoch 15 \
                -batch_size 16 \
                -val_batch_size 8 \
                -num_beams 40 \
                -seq_dropout 0.2 \
                -use_soft_prompt \
                -use_rel_prompt_emb \
                -src_descrip_max_length 240 \
                -tgt_descrip_max_length 240 \
                -eval_tgt_max_length 90 \
                -pretrained_model pretrained-pro/ETRI-KEByT5-Base-230426



(KG-S2S) dlt@dl012:~/proj/KG-S2S$ export CUDA_VISIBLE_DEVICES=6
(KG-S2S) dlt@dl012:~/proj/KG-S2S$ setting-korean-batch_16/train-FB15k-237N-ko-KeByT5-base-1.sh
Namespace(dataset_path='./data/processed', dataset='FB15k-237N-ko', model='T5Finetuner', precision='bf16', accelerator='gpu', seed=41504, num_workers=12, save_dir='./checkpoint/FB15k-237N-ko=ETRI-KEByT5-Base-230426=1219.104417', pretrained_model='pretrained-pro/ETRI-KEByT5-Base-230426', batch_size=16, val_batch_size=8, num_beams=40, num_beam_groups=1, src_max_length=512, train_tgt_max_length=512, eval_tgt_max_length=90, epochs=15, lr=0.001, diversity_penalty=0.0, model_path='', optim='Adam', decoder='beam_search', log_text=False, use_prefix_search=False, src_descrip_max_length=240, tgt_descrip_max_length=240, use_soft_prompt=True, use_rel_prompt_emb=True, check_every_n_epochs=3, seq_dropout=0.2, temporal=False, n_ent=12068, n_rel=90, vocab_size=384, model_dim=1536)
Global seed set to 41504

----------------------------------------------------------------------------------
 - pretrained_model.model_type: t5
 - tokenizer.additional_special_tokens: ['<extra_id_0>', '<extra_id_1>', '<extra_id_2>', '<extra_id_3>', '<extra_id_4>', '<extra_id_5>', '<extra_id_6>', '<extra_id_7>', '<extra_id_8>', '<extra_id_9>', '<extra_id_10>', '<extra_id_11>', '<extra_id_12>', '<extra_id_13>', '<extra_id_14>', '<extra_id_15>', '<extra_id_16>', '<extra_id_17>', '<extra_id_18>', '<extra_id_19>', '<extra_id_20>', '<extra_id_21>', '<extra_id_22>', '<extra_id_23>', '<extra_id_24>', '<extra_id_25>', '<extra_id_26>', '<extra_id_27>', '<extra_id_28>', '<extra_id_29>', '<extra_id_30>', '<extra_id_31>', '<extra_id_32>', '<extra_id_33>', '<extra_id_34>', '<extra_id_35>', '<extra_id_36>', '<extra_id_37>', '<extra_id_38>', '<extra_id_39>', '<extra_id_40>', '<extra_id_41>', '<extra_id_42>', '<extra_id_43>', '<extra_id_44>', '<extra_id_45>', '<extra_id_46>', '<extra_id_47>', '<extra_id_48>', '<extra_id_49>', '<extra_id_50>', '<extra_id_51>', '<extra_id_52>', '<extra_id_53>', '<extra_id_54>', '<extra_id_55>', '<extra_id_56>', '<extra_id_57>', '<extra_id_58>', '<extra_id_59>', '<extra_id_60>', '<extra_id_61>', '<extra_id_62>', '<extra_id_63>', '<extra_id_64>', '<extra_id_65>', '<extra_id_66>', '<extra_id_67>', '<extra_id_68>', '<extra_id_69>', '<extra_id_70>', '<extra_id_71>', '<extra_id_72>', '<extra_id_73>', '<extra_id_74>', '<extra_id_75>', '<extra_id_76>', '<extra_id_77>', '<extra_id_78>', '<extra_id_79>', '<extra_id_80>', '<extra_id_81>', '<extra_id_82>', '<extra_id_83>', '<extra_id_84>', '<extra_id_85>', '<extra_id_86>', '<extra_id_87>', '<extra_id_88>', '<extra_id_89>', '<extra_id_90>', '<extra_id_91>', '<extra_id_92>', '<extra_id_93>', '<extra_id_94>', '<extra_id_95>', '<extra_id_96>', '<extra_id_97>', '<extra_id_98>', '<extra_id_99>', '<extra_id_100>', '<extra_id_101>', '<extra_id_102>', '<extra_id_103>', '<extra_id_104>', '<extra_id_105>', '<extra_id_106>', '<extra_id_107>', '<extra_id_108>', '<extra_id_109>', '<extra_id_110>', '<extra_id_111>', '<extra_id_112>', '<extra_id_113>', '<extra_id_114>', '<extra_id_115>', '<extra_id_116>', '<extra_id_117>', '<extra_id_118>', '<extra_id_119>', '<extra_id_120>', '<extra_id_121>', '<extra_id_122>', '<extra_id_123>', '<extra_id_124>']
 - extra_id_0_tok_id: 259
----------------------------------------------------------------------------------

tokenizing entities...
100%|███████████████████████████████████████████████████████████████████████████████████████████████████████████████████████████████████████████████████████████████████████████████████████████████████████████████████████████████████████████████████████████████████████████| 12068/12068 [02:02<00:00, 98.56it/s]
datamodule construction done.

----------------------------------------------------------------------------------
 * pl.Trainer(accelerator=gpu, precision=bf16, max_epochs=15, every_n_epoch=3)
----------------------------------------------------------------------------------

Using bfloat16 Automatic Mixed Precision (AMP)
GPU available: True (cuda), used: True
TPU available: False, using: 0 TPU cores
IPU available: False, using: 0 IPUs
HPU available: False, using: 0 HPUs
model construction done.
LOCAL_RANK: 0 - CUDA_VISIBLE_DEVICES: [6]

  | Name          | Type                               | Params
---------------------------------------------------------------------
0 | core_t5_model | ModifiedT5ForConditionalGeneration | 581 M
1 | rel_embed1    | Embedding                          | 138 K
2 | rel_embed2    | Embedding                          | 138 K
3 | rel_embed3    | Embedding                          | 138 K
4 | rel_embed4    | Embedding                          | 138 K
---------------------------------------------------------------------
582 M     Trainable params
0         Non-trainable params
582 M     Total params
2,328.825 Total estimated model params size (MB)
Training: 0it [00:00, ?it/s]

======================================================================
Epoch:    0,
Epoch 0: 100%|████████████████████████████████████████████████████████████████████████████████████████████████████████████████████████████████████████████████████████████████████████████████████████████████████████████████████████████████████████████████████████| 9138/9138 [56:32<00:00,  2.69it/s, loss=0.142]
Total time: 3392s, loss: 0.2108
Epoch 0: 100%|████████████████████████████████████████████████████████████████████████████████████████████████████████████████████████████████████████████████████████████████████████████████████████████████████████████████████████████████████████████████████████| 9138/9138 [56:32<00:00,  2.69it/s, loss=0.142]

======================================================================
Epoch:    1,
Epoch 1: 100%|███████████████████████████████████████████████████████████████████████████████████████████████████████████████████████████████████████████████████████████████████████████████████████████████████████████████████████████████████████████████████████| 9138/9138 [56:17<00:00,  2.71it/s, loss=0.0819]
Total time: 3377s, loss: 0.1023
Epoch 1: 100%|███████████████████████████████████████████████████████████████████████████████████████████████████████████████████████████████████████████████████████████████████████████████████████████████████████████████████████████████████████████████████████| 9138/9138 [56:17<00:00,  2.71it/s, loss=0.0819]

======================================================================
Epoch:    2,
Epoch 2: 100%|███████████████████████████████████████████████████████████████████████████████████████████████████████████████████████████████████████████████████████████████████████████████████████████████████████████████████████████████████████████████████████| 9138/9138 [56:21<00:00,  2.70it/s, loss=0.0569]
Training time: 3381s
Epoch 2: : 10592it [2:16:58,  1.29it/s, loss=0.0569]
Validation DataLoader 1: 100%|██████████████████████████████████████████████████████████████████████████████████████████████████████████████████████████████████████████████████████████████████████████████████████████████████████████████████████████████████████████████████████| 727/727 [40:37<00:00,  3.35s/it]

           mrr   hit@1   hit@3  hit@10
tail  0.384191  30.17%  42.54%  54.95%
head  0.107744   7.64%  11.56%  16.81%
mean  0.245968  18.91%  27.05%  35.88%

Ellipsis
Validation time: 4837s
Epoch 2: : 10592it [2:16:58,  1.29it/s, loss=0.0569]
Total time: 8271s, loss: 0.0662
Epoch 2: : 10592it [2:17:51,  1.28it/s, loss=0.0569]

======================================================================
Epoch:    3,
Epoch 3: 100%|███████████████████████████████████████████████████████████████████████████████████████████████████████████████████████████████████████████████████████████████████████████████████████████████████████████████████████████████████████████████████████| 9138/9138 [56:12<00:00,  2.71it/s, loss=0.0563]
Total time: 3372s, loss: 0.0539
Epoch 3: 100%|███████████████████████████████████████████████████████████████████████████████████████████████████████████████████████████████████████████████████████████████████████████████████████████████████████████████████████████████████████████████████████| 9138/9138 [56:12<00:00,  2.71it/s, loss=0.0563]

======================================================================
Epoch:    4,
Epoch 4: 100%|███████████████████████████████████████████████████████████████████████████████████████████████████████████████████████████████████████████████████████████████████████████████████████████████████████████████████████████████████████████████████████| 9138/9138 [56:25<00:00,  2.70it/s, loss=0.0408]
Total time: 3385s, loss: 0.0470
Epoch 4: 100%|███████████████████████████████████████████████████████████████████████████████████████████████████████████████████████████████████████████████████████████████████████████████████████████████████████████████████████████████████████████████████████| 9138/9138 [56:25<00:00,  2.70it/s, loss=0.0408]

======================================================================
Epoch:    5,
Epoch 5:  86%|████████████████████████████████████████████████████████████████████████████████████████████████████████████████████████████████████████████████████████████████████████████████████████████████████████████████████▏                                 | 9138/10592 [56:24<08:58,  2.70it/s, loss=0.0505]
Training time: 3384s
Epoch 5: 100%|███████████████████████████████████████████████████████████████████████████████████████████████████████████████████████████████████████████████████████████████████████████████████████████████████████████████████████████████████████████████████| 10592/10592 [2:31:48<00:00,  1.16it/s, loss=0.0505]
Validation DataLoader 1: 100%|██████████████████████████████████████████████████████████████████████████████████████████████████████████████████████████████████████████████████████████████████████████████████████████████████████████████████████████████████████████████████████| 727/727 [55:23<00:00,  4.57s/it]

           mrr  hit@1   hit@3  hit@10
tail  0.097325  4.39%  12.08%  21.74%
head  0.014868  1.29%   1.29%   1.88%
mean  0.056097  2.84%   6.68%  11.81%

Ellipsis
Validation time: 5723s
Epoch 5: 100%|███████████████████████████████████████████████████████████████████████████████████████████████████████████████████████████████████████████████████████████████████████████████████████████████████████████████████████████████████████████████████| 10592/10592 [2:31:48<00:00,  1.16it/s, loss=0.0505]
Total time: 9192s, loss: 0.0506
Epoch 5: 100%|███████████████████████████████████████████████████████████████████████████████████████████████████████████████████████████████████████████████████████████████████████████████████████████████████████████████████████████████████████████████████| 10592/10592 [2:33:12<00:00,  1.15it/s, loss=0.0505]

======================================================================
Epoch:    6,
Epoch 6: 100%|███████████████████████████████████████████████████████████████████████████████████████████████████████████████████████████████████████████████████████████████████████████████████████████████████████████████████████████████████████████████████████| 9138/9138 [58:23<00:00,  2.61it/s, loss=0.0453]
Total time: 3503s, loss: 0.0492
Epoch 6: 100%|███████████████████████████████████████████████████████████████████████████████████████████████████████████████████████████████████████████████████████████████████████████████████████████████████████████████████████████████████████████████████████| 9138/9138 [58:23<00:00,  2.61it/s, loss=0.0453]

======================================================================
Epoch:    7,
Epoch 7: 100%|███████████████████████████████████████████████████████████████████████████████████████████████████████████████████████████████████████████████████████████████████████████████████████████████████████████████████████████████████████████████████████| 9138/9138 [58:39<00:00,  2.60it/s, loss=0.0434]
Total time: 3519s, loss: 0.0465
Epoch 7: 100%|███████████████████████████████████████████████████████████████████████████████████████████████████████████████████████████████████████████████████████████████████████████████████████████████████████████████████████████████████████████████████████| 9138/9138 [58:39<00:00,  2.60it/s, loss=0.0434]

======================================================================
Epoch:    8,
Epoch 8:  86%|████████████████████████████████████████████████████████████████████████████████████████████████████████████████████████████████████████████████████████████████████████████████████████████████████████████████████▏                                 | 9138/10592 [58:35<09:19,  2.60it/s, loss=0.0439]
Training time: 3516s
Epoch 8: 100%|███████████████████████████████████████████████████████████████████████████████████████████████████████████████████████████████████████████████████████████████████████████████████████████████████████████████████████████████████████████████████| 10592/10592 [2:50:26<00:00,  1.04it/s, loss=0.0439]
Validation DataLoader 1: 100%|██████████████████████████████████████████████████████████████████████████████████████████████████████████████████████████████████████████████████████████████████████████████████████████████████████████████████████████████████████████████████████| 727/727 [55:43<00:00,  4.60s/it]

           mrr  hit@1   hit@3  hit@10
tail  0.099599  4.39%  11.96%  22.71%
head  0.015131  1.29%   1.31%   1.75%
mean  0.057365  2.84%   6.63%  12.23%

Ellipsis
Validation time: 6710s
Epoch 8: 100%|███████████████████████████████████████████████████████████████████████████████████████████████████████████████████████████████████████████████████████████████████████████████████████████████████████████████████████████████████████████████████| 10592/10592 [2:50:26<00:00,  1.04it/s, loss=0.0439]
Total time: 10309s, loss: 0.0447
Epoch 8: 100%|███████████████████████████████████████████████████████████████████████████████████████████████████████████████████████████████████████████████████████████████████████████████████████████████████████████████████████████████████████████████████| 10592/10592 [2:51:49<00:00,  1.03it/s, loss=0.0439]

======================================================================
Epoch:    9,
Epoch 9: 100%|███████████████████████████████████████████████████████████████████████████████████████████████████████████████████████████████████████████████████████████████████████████████████████████████████████████████████████████████████████████████████████| 9138/9138 [59:19<00:00,  2.57it/s, loss=0.0416]
Total time: 3559s, loss: 0.0433
Epoch 9: 100%|███████████████████████████████████████████████████████████████████████████████████████████████████████████████████████████████████████████████████████████████████████████████████████████████████████████████████████████████████████████████████████| 9138/9138 [59:19<00:00,  2.57it/s, loss=0.0416]

======================================================================
Epoch:   10,
Epoch 10: 100%|██████████████████████████████████████████████████████████████████████████████████████████████████████████████████████████████████████████████████████████████████████████████████████████████████████████████████████████████████████████████████████| 9138/9138 [58:55<00:00,  2.58it/s, loss=0.0445]
Total time: 3535s, loss: 0.0422
Epoch 10: 100%|██████████████████████████████████████████████████████████████████████████████████████████████████████████████████████████████████████████████████████████████████████████████████████████████████████████████████████████████████████████████████████| 9138/9138 [58:55<00:00,  2.58it/s, loss=0.0445]

======================================================================
Epoch:   11,
Epoch 11:  86%|███████████████████████████████████████████████████████████████████████████████████████████████████████████████████████████████████████████████████████████████████████████████████████████████████████████████████▎                                 | 9138/10592 [58:36<09:19,  2.60it/s, loss=0.0392]
Training time: 3517s
Epoch 11: 100%|██████████████████████████████████████████████████████████████████████████████████████████████████████████████████████████████████████████████████████████████████████████████████████████████████████████████████████████████████████████████████| 10592/10592 [2:51:23<00:00,  1.03it/s, loss=0.0392]
Validation DataLoader 1: 100%|██████████████████████████████████████████████████████████████████████████████████████████████████████████████████████████████████████████████████████████████████████████████████████████████████████████████████████████████████████████████████████| 727/727 [56:24<00:00,  4.66s/it]

           mrr  hit@1   hit@3  hit@10
tail  0.100946  4.39%  11.80%  23.74%
head  0.014809  1.29%   1.29%   1.84%
mean  0.057877  2.84%   6.55%  12.79%

Ellipsis
Validation time: 6765s
Epoch 11: 100%|██████████████████████████████████████████████████████████████████████████████████████████████████████████████████████████████████████████████████████████████████████████████████████████████████████████████████████████████████████████████████| 10592/10592 [2:51:23<00:00,  1.03it/s, loss=0.0392]
Total time: 10347s, loss: 0.0414
Epoch 11: 100%|██████████████████████████████████████████████████████████████████████████████████████████████████████████████████████████████████████████████████████████████████████████████████████████████████████████████████████████████████████████████████| 10592/10592 [2:52:27<00:00,  1.02it/s, loss=0.0392]

======================================================================
Epoch:   12,
Epoch 12: 100%|██████████████████████████████████████████████████████████████████████████████████████████████████████████████████████████████████████████████████████████████████████████████████████████████████████████████████████████████████████████████████████| 9138/9138 [58:45<00:00,  2.59it/s, loss=0.0411]
Total time: 3525s, loss: 0.0406
Epoch 12: 100%|██████████████████████████████████████████████████████████████████████████████████████████████████████████████████████████████████████████████████████████████████████████████████████████████████████████████████████████████████████████████████████| 9138/9138 [58:45<00:00,  2.59it/s, loss=0.0411]

======================================================================
Epoch:   13,
Epoch 13: 100%|███████████████████████████████████████████████████████████████████████████████████████████████████████████████████████████████████████████████████████████████████████████████████████████████████████████████████████████████████████████████████████| 9138/9138 [58:40<00:00,  2.60it/s, loss=0.039]
Total time: 3520s, loss: 0.0400
Epoch 13: 100%|███████████████████████████████████████████████████████████████████████████████████████████████████████████████████████████████████████████████████████████████████████████████████████████████████████████████████████████████████████████████████████| 9138/9138 [58:40<00:00,  2.60it/s, loss=0.039]

======================================================================
Epoch:   14,
Epoch 14:  86%|███████████████████████████████████████████████████████████████████████████████████████████████████████████████████████████████████████████████████████████████████████████████████████████████████████████████████▎                                 | 9138/10592 [57:17<09:06,  2.66it/s, loss=0.0399]
Training time: 3437s
Epoch 14: 100%|██████████████████████████████████████████████████████████████████████████████████████████████████████████████████████████████████████████████████████████████████████████████████████████████████████████████████████████████████████████████████| 10592/10592 [2:16:54<00:00,  1.29it/s, loss=0.0399]
Validation DataLoader 1: 100%|██████████████████████████████████████████████████████████████████████████████████████████████████████████████████████████████████████████████████████████████████████████████████████████████████████████████████████████████████████████████████████| 727/727 [40:00<00:00,  3.30s/it]

           mrr  hit@1   hit@3  hit@10
tail  0.101826  4.39%  12.30%  22.54%
head  0.015464  1.29%   1.32%   1.86%
mean  0.058645  2.84%   6.81%  12.20%

Ellipsis
Validation time: 4777s
Epoch 14: 100%|██████████████████████████████████████████████████████████████████████████████████████████████████████████████████████████████████████████████████████████████████████████████████████████████████████████████████████████████████████████████████| 10592/10592 [2:16:54<00:00,  1.29it/s, loss=0.0399]
Total time: 8274s, loss: 0.0395
Epoch 14: 100%|██████████████████████████████████████████████████████████████████████████████████████████████████████████████████████████████████████████████████████████████████████████████████████████████████████████████████████████████████████████████████| 10592/10592 [2:17:54<00:00,  1.28it/s, loss=0.0399]`Trainer.fit` stopped: `max_epochs=15` reached.
Epoch 14: 100%|██████████████████████████████████████████████████████████████████████████████████████████████████████████████████████████████████████████████████████████████████████████████████████████████████████████████████████████████████████████████████| 10592/10592 [2:17:54<00:00,  1.28it/s, loss=0.0399]
model_path: [./checkpoint/FB15k-237N-ko=ETRI-KEByT5-Base-230426=1219.104417/FB15k-237N-ko-epoch=002-val_mrr=0.2460.ckpt]
LOCAL_RANK: 0 - CUDA_VISIBLE_DEVICES: [6]
Testing DataLoader 1: 100%|█████████████████████████████████████████████████████████████████████████████████████████████████████████████████████████████████████████████████████████████████████████████████████████████████████████████████████████████████████████████████████████| 846/846 [45:08<00:00,  3.20s/it]


           mrr   hit@1   hit@3  hit@10
tail  0.379978  29.89%  41.84%  54.63%
head  0.114875   8.18%  12.60%  18.03%
mean  0.247426  19.03%  27.22%  36.33%

======================================================================
Epoch: test
Ellipsis
======================================================================
Testing DataLoader 1: 100%|█████████████████████████████████████████████████████████████████████████████████████████████████████████████████████████████████████████████████████████████████████████████████████████████████████████████████████████████████████████████████████████| 846/846 [45:08<00:00,  3.20s/it]
──────────────────────────────────────────────────────────────────────────────────────────────────────────────────────────────────────────────────────────────────────────────────────────────────────────────────────────────────────────────────────────────────────────────────────────────────────────────────────
Runningstage.testing metric      DataLoader 0             DataLoader 1
──────────────────────────────────────────────────────────────────────────────────────────────────────────────────────────────────────────────────────────────────────────────────────────────────────────────────────────────────────────────────────────────────────────────────────────────────────────────────────
         val_mrr            0.24742643535137177      0.24742643535137177
──────────────────────────────────────────────────────────────────────────────────────────────────────────────────────────────────────────────────────────────────────────────────────────────────────────────────────────────────────────────────────────────────────────────────────────────────────────────────────
(KG-S2S) dlt@dl012:~/proj/KG-S2S$

