#export CUDA_VISIBLE_DEVICES=1
#export CUDA_VISIBLE_DEVICES=5
#python3 main.py -dataset FB15k-237N-ko -lr 0.001 -num_beams 40 -seq_dropout 0.2 -use_soft_prompt -use_rel_prompt_emb -src_descrip_max_length 200 -tgt_descrip_max_length 200 -pretrained_model pretrained-pro/ETRI-KEByT5-Base-230426
python3 main.py -dataset FB15k-237N-ko \
                -lr 0.0005 \
                -precision bf16 \
                -epoch 15 \
                -batch_size 16 \
                -val_batch_size 8 \
                -num_beams 40 \
                -seq_dropout 0.2 \
                -use_soft_prompt \
                -use_rel_prompt_emb \
                -src_descrip_max_length 240 \
                -tgt_descrip_max_length 240 \
                -eval_tgt_max_length 90 \
                -pretrained_model pretrained-pro/ETRI-KEByT5-Large-230627



(KG-S2S) dlt@dl013:~/proj/KG-S2S$ export CUDA_VISIBLE_DEVICES=3
(KG-S2S) dlt@dl013:~/proj/KG-S2S$ setting-korean-batch_16/train-FB15k-237N-ko-KeByT5-large-2.sh
Namespace(dataset_path='./data/processed', dataset='FB15k-237N-ko', model='T5Finetuner', precision='bf16', accelerator='gpu', seed=41504, num_workers=12, save_dir='./checkpoint/FB15k-237N-ko=ETRI-KEByT5-Large-230627=1219.104306', pretrained_model='pretrained-pro/ETRI-KEByT5-Large-230627', batch_size=16, val_batch_size=8, num_beams=40, num_beam_groups=1, src_max_length=512, train_tgt_max_length=512, eval_tgt_max_length=90, epochs=15, lr=0.0005, diversity_penalty=0.0, model_path='', optim='Adam', decoder='beam_search', log_text=False, use_prefix_search=False, src_descrip_max_length=240, tgt_descrip_max_length=240, use_soft_prompt=True, use_rel_prompt_emb=True, check_every_n_epochs=3, seq_dropout=0.2, temporal=False, n_ent=12068, n_rel=90, vocab_size=384, model_dim=1536)
Global seed set to 41504

----------------------------------------------------------------------------------
 - pretrained_model.model_type: t5
 - tokenizer.additional_special_tokens: ['<extra_id_0>', '<extra_id_1>', '<extra_id_2>', '<extra_id_3>', '<extra_id_4>', '<extra_id_5>', '<extra_id_6>', '<extra_id_7>', '<extra_id_8>', '<extra_id_9>', '<extra_id_10>', '<extra_id_11>', '<extra_id_12>', '<extra_id_13>', '<extra_id_14>', '<extra_id_15>', '<extra_id_16>', '<extra_id_17>', '<extra_id_18>', '<extra_id_19>', '<extra_id_20>', '<extra_id_21>', '<extra_id_22>', '<extra_id_23>', '<extra_id_24>', '<extra_id_25>', '<extra_id_26>', '<extra_id_27>', '<extra_id_28>', '<extra_id_29>', '<extra_id_30>', '<extra_id_31>', '<extra_id_32>', '<extra_id_33>', '<extra_id_34>', '<extra_id_35>', '<extra_id_36>', '<extra_id_37>', '<extra_id_38>', '<extra_id_39>', '<extra_id_40>', '<extra_id_41>', '<extra_id_42>', '<extra_id_43>', '<extra_id_44>', '<extra_id_45>', '<extra_id_46>', '<extra_id_47>', '<extra_id_48>', '<extra_id_49>', '<extra_id_50>', '<extra_id_51>', '<extra_id_52>', '<extra_id_53>', '<extra_id_54>', '<extra_id_55>', '<extra_id_56>', '<extra_id_57>', '<extra_id_58>', '<extra_id_59>', '<extra_id_60>', '<extra_id_61>', '<extra_id_62>', '<extra_id_63>', '<extra_id_64>', '<extra_id_65>', '<extra_id_66>', '<extra_id_67>', '<extra_id_68>', '<extra_id_69>', '<extra_id_70>', '<extra_id_71>', '<extra_id_72>', '<extra_id_73>', '<extra_id_74>', '<extra_id_75>', '<extra_id_76>', '<extra_id_77>', '<extra_id_78>', '<extra_id_79>', '<extra_id_80>', '<extra_id_81>', '<extra_id_82>', '<extra_id_83>', '<extra_id_84>', '<extra_id_85>', '<extra_id_86>', '<extra_id_87>', '<extra_id_88>', '<extra_id_89>', '<extra_id_90>', '<extra_id_91>', '<extra_id_92>', '<extra_id_93>', '<extra_id_94>', '<extra_id_95>', '<extra_id_96>', '<extra_id_97>', '<extra_id_98>', '<extra_id_99>', '<extra_id_100>', '<extra_id_101>', '<extra_id_102>', '<extra_id_103>', '<extra_id_104>', '<extra_id_105>', '<extra_id_106>', '<extra_id_107>', '<extra_id_108>', '<extra_id_109>', '<extra_id_110>', '<extra_id_111>', '<extra_id_112>', '<extra_id_113>', '<extra_id_114>', '<extra_id_115>', '<extra_id_116>', '<extra_id_117>', '<extra_id_118>', '<extra_id_119>', '<extra_id_120>', '<extra_id_121>', '<extra_id_122>', '<extra_id_123>', '<extra_id_124>']
 - extra_id_0_tok_id: 259
----------------------------------------------------------------------------------

tokenizing entities...
100%|███████████████████████████████████████████████████████████████████████████████████████████████████████████████████████████████████████████████████████████████████████████████████████████████████████████████████████████████████████████████████████████████████████████| 12068/12068 [02:02<00:00, 98.35it/s]
datamodule construction done.

----------------------------------------------------------------------------------
 * pl.Trainer(accelerator=gpu, precision=bf16, max_epochs=15, every_n_epoch=3)
----------------------------------------------------------------------------------

Using bfloat16 Automatic Mixed Precision (AMP)
GPU available: True (cuda), used: True
TPU available: False, using: 0 TPU cores
IPU available: False, using: 0 IPUs
HPU available: False, using: 0 HPUs
model construction done.
LOCAL_RANK: 0 - CUDA_VISIBLE_DEVICES: [3]

  | Name          | Type                               | Params
---------------------------------------------------------------------
0 | core_t5_model | ModifiedT5ForConditionalGeneration | 1.2 B
1 | rel_embed1    | Embedding                          | 138 K
2 | rel_embed2    | Embedding                          | 138 K
3 | rel_embed3    | Embedding                          | 138 K
4 | rel_embed4    | Embedding                          | 138 K
---------------------------------------------------------------------
1.2 B     Trainable params
0         Non-trainable params
1.2 B     Total params
4,914.946 Total estimated model params size (MB)
Training: 0it [00:00, ?it/s]

======================================================================
Epoch:    0,
Epoch 0: 100%|█████████████████████████████████████████████████████████████████████████████████████████████████████████████████████████████████████████████████████████████████████████████████████████████████████████████████████████████████████████████████████| 9138/9138 [1:54:54<00:00,  1.33it/s, loss=0.0748]
Total time: 6894s, loss: 0.1740
Epoch 0: 100%|█████████████████████████████████████████████████████████████████████████████████████████████████████████████████████████████████████████████████████████████████████████████████████████████████████████████████████████████████████████████████████| 9138/9138 [1:54:54<00:00,  1.33it/s, loss=0.0748]

======================================================================
Epoch:    1,
Epoch 1: 100%|█████████████████████████████████████████████████████████████████████████████████████████████████████████████████████████████████████████████████████████████████████████████████████████████████████████████████████████████████████████████████████| 9138/9138 [1:56:11<00:00,  1.31it/s, loss=0.0539]
Total time: 6971s, loss: 0.0649
Epoch 1: 100%|█████████████████████████████████████████████████████████████████████████████████████████████████████████████████████████████████████████████████████████████████████████████████████████████████████████████████████████████████████████████████████| 9138/9138 [1:56:11<00:00,  1.31it/s, loss=0.0539]

======================================================================
Epoch:    2,
Epoch 2: 100%|█████████████████████████████████████████████████████████████████████████████████████████████████████████████████████████████████████████████████████████████████████████████████████████████████████████████████████████████████████████████████████| 9138/9138 [1:55:43<00:00,  1.32it/s, loss=0.0475]
Training time: 6943s
Epoch 2: : 10592it [4:24:35,  1.50s/it, loss=0.0475]
Validation DataLoader 1: 100%|████████████████████████████████████████████████████████████████████████████████████████████████████████████████████████████████████████████████████████████████████████████████████████████████████████████████████████████████████████████████████| 727/727 [1:15:25<00:00,  6.22s/it]

           mrr  hit@1   hit@3  hit@10
tail  0.105403  4.39%  12.97%  24.75%
head  0.015964  1.29%   1.48%   2.08%
mean  0.060684  2.84%   7.23%  13.42%

Ellipsis
Validation time: 8931s
Epoch 2: : 10592it [4:24:35,  1.50s/it, loss=0.0475]
Total time: 15943s, loss: 0.0502
Epoch 2: : 10592it [4:25:43,  1.51s/it, loss=0.0475]

======================================================================
Epoch:    3,
Epoch 3: 100%|██████████████████████████████████████████████████████████████████████████████████████████████████████████████████████████████████████████████████████████████████████████████████████████████████████████████████████████████████████████████████████| 9138/9138 [1:55:34<00:00,  1.32it/s, loss=0.039]
Total time: 6934s, loss: 0.0429
Epoch 3: 100%|██████████████████████████████████████████████████████████████████████████████████████████████████████████████████████████████████████████████████████████████████████████████████████████████████████████████████████████████████████████████████████| 9138/9138 [1:55:34<00:00,  1.32it/s, loss=0.039]

======================================================================
Epoch:    4,
Epoch 4: 100%|█████████████████████████████████████████████████████████████████████████████████████████████████████████████████████████████████████████████████████████████████████████████████████████████████████████████████████████████████████████████████████| 9138/9138 [1:55:23<00:00,  1.32it/s, loss=0.0356]
Total time: 6923s, loss: 0.0379
Epoch 4: 100%|█████████████████████████████████████████████████████████████████████████████████████████████████████████████████████████████████████████████████████████████████████████████████████████████████████████████████████████████████████████████████████| 9138/9138 [1:55:23<00:00,  1.32it/s, loss=0.0356]

======================================================================
Epoch:    5,
Epoch 5:  86%|██████████████████████████████████████████████████████████████████████████████████████████████████████████████████████████████████████████████████████████████████████████████████████████████████████████████████▌                                 | 9138/10592 [1:54:48<18:16,  1.33it/s, loss=0.0304]
Training time: 6888s
Epoch 5: 100%|███████████████████████████████████████████████████████████████████████████████████████████████████████████████████████████████████████████████████████████████████████████████████████████████████████████████████████████████████████████████████| 10592/10592 [4:20:55<00:00,  1.48s/it, loss=0.0304]
Validation DataLoader 1: 100%|████████████████████████████████████████████████████████████████████████████████████████████████████████████████████████████████████████████████████████████████████████████████████████████████████████████████████████████████████████████████████| 727/727 [1:13:54<00:00,  6.10s/it]

           mrr   hit@1   hit@3  hit@10
tail  0.294291  21.80%  33.03%  45.50%
head  0.055814   3.06%   5.90%  11.06%
mean  0.175053  12.43%  19.46%  28.28%

Ellipsis
Validation time: 8766s
Epoch 5: 100%|███████████████████████████████████████████████████████████████████████████████████████████████████████████████████████████████████████████████████████████████████████████████████████████████████████████████████████████████████████████████████| 10592/10592 [4:20:55<00:00,  1.48s/it, loss=0.0304]
Total time: 15723s, loss: 0.0343
Epoch 5: 100%|███████████████████████████████████████████████████████████████████████████████████████████████████████████████████████████████████████████████████████████████████████████████████████████████████████████████████████████████████████████████████| 10592/10592 [4:22:03<00:00,  1.48s/it, loss=0.0304]

======================================================================
Epoch:    6,
Epoch 6: 100%|█████████████████████████████████████████████████████████████████████████████████████████████████████████████████████████████████████████████████████████████████████████████████████████████████████████████████████████████████████████████████████| 9138/9138 [1:51:32<00:00,  1.37it/s, loss=0.0306]
Total time: 6692s, loss: 0.0315
Epoch 6: 100%|█████████████████████████████████████████████████████████████████████████████████████████████████████████████████████████████████████████████████████████████████████████████████████████████████████████████████████████████████████████████████████| 9138/9138 [1:51:32<00:00,  1.37it/s, loss=0.0306]

======================================================================
Epoch:    7,
Epoch 7: 100%|█████████████████████████████████████████████████████████████████████████████████████████████████████████████████████████████████████████████████████████████████████████████████████████████████████████████████████████████████████████████████████| 9138/9138 [1:54:00<00:00,  1.34it/s, loss=0.0293]
Total time: 6840s, loss: 0.0301
Epoch 7: 100%|█████████████████████████████████████████████████████████████████████████████████████████████████████████████████████████████████████████████████████████████████████████████████████████████████████████████████████████████████████████████████████| 9138/9138 [1:54:00<00:00,  1.34it/s, loss=0.0293]

======================================================================
Epoch:    8,
Epoch 8:  86%|██████████████████████████████████████████████████████████████████████████████████████████████████████████████████████████████████████████████████████████████████████████████████████████████████████████████████▌                                 | 9138/10592 [1:53:50<18:06,  1.34it/s, loss=0.0295]
Training time: 6831s
Epoch 8: 100%|███████████████████████████████████████████████████████████████████████████████████████████████████████████████████████████████████████████████████████████████████████████████████████████████████████████████████████████████████████████████████| 10592/10592 [4:21:33<00:00,  1.48s/it, loss=0.0295]
Validation DataLoader 1: 100%|████████████████████████████████████████████████████████████████████████████████████████████████████████████████████████████████████████████████████████████████████████████████████████████████████████████████████████████████████████████████████| 727/727 [1:14:48<00:00,  6.17s/it]

           mrr   hit@1   hit@3  hit@10
tail  0.319707  23.72%  36.06%  48.87%
head  0.068511   3.97%   7.55%  12.94%
mean  0.194109  13.85%  21.80%  30.90%

Ellipsis
Validation time: 8861s
Epoch 8: 100%|███████████████████████████████████████████████████████████████████████████████████████████████████████████████████████████████████████████████████████████████████████████████████████████████████████████████████████████████████████████████████| 10592/10592 [4:21:33<00:00,  1.48s/it, loss=0.0295]
Total time: 15761s, loss: 0.0288
Epoch 8: 100%|███████████████████████████████████████████████████████████████████████████████████████████████████████████████████████████████████████████████████████████████████████████████████████████████████████████████████████████████████████████████████| 10592/10592 [4:22:41<00:00,  1.49s/it, loss=0.0295]

======================================================================
Epoch:    9,
Epoch 9: 100%|█████████████████████████████████████████████████████████████████████████████████████████████████████████████████████████████████████████████████████████████████████████████████████████████████████████████████████████████████████████████████████| 9138/9138 [1:53:58<00:00,  1.34it/s, loss=0.0269]
Total time: 6838s, loss: 0.0279
Epoch 9: 100%|█████████████████████████████████████████████████████████████████████████████████████████████████████████████████████████████████████████████████████████████████████████████████████████████████████████████████████████████████████████████████████| 9138/9138 [1:53:58<00:00,  1.34it/s, loss=0.0269]

======================================================================
Epoch:   10,
Epoch 10: 100%|████████████████████████████████████████████████████████████████████████████████████████████████████████████████████████████████████████████████████████████████████████████████████████████████████████████████████████████████████████████████████| 9138/9138 [1:54:29<00:00,  1.33it/s, loss=0.0271]
Total time: 6869s, loss: 0.0272
Epoch 10: 100%|████████████████████████████████████████████████████████████████████████████████████████████████████████████████████████████████████████████████████████████████████████████████████████████████████████████████████████████████████████████████████| 9138/9138 [1:54:29<00:00,  1.33it/s, loss=0.0271]

======================================================================
Epoch:   11,
Epoch 11:  86%|█████████████████████████████████████████████████████████████████████████████████████████████████████████████████████████████████████████████████████████████████████████████████████████████████████████████████▋                                 | 9138/10592 [1:56:20<18:30,  1.31it/s, loss=0.0272]
Training time: 6980s
Epoch 11: 100%|██████████████████████████████████████████████████████████████████████████████████████████████████████████████████████████████████████████████████████████████████████████████████████████████████████████████████████████████████████████████████| 10592/10592 [4:26:24<00:00,  1.51s/it, loss=0.0272]
Validation DataLoader 1: 100%|████████████████████████████████████████████████████████████████████████████████████████████████████████████████████████████████████████████████████████████████████████████████████████████████████████████████████████████████████████████████████| 727/727 [1:15:57<00:00,  6.27s/it]

           mrr   hit@1   hit@3  hit@10
tail  0.337109  25.44%  37.86%  50.70%
head  0.076419   4.68%   8.27%  13.68%
mean  0.206764  15.06%  23.07%  32.19%

Ellipsis
Validation time: 9004s
Epoch 11: 100%|██████████████████████████████████████████████████████████████████████████████████████████████████████████████████████████████████████████████████████████████████████████████████████████████████████████████████████████████████████████████████| 10592/10592 [4:26:24<00:00,  1.51s/it, loss=0.0272]
Total time: 16053s, loss: 0.0265
Epoch 11: 100%|██████████████████████████████████████████████████████████████████████████████████████████████████████████████████████████████████████████████████████████████████████████████████████████████████████████████████████████████████████████████████| 10592/10592 [4:27:33<00:00,  1.52s/it, loss=0.0272]

======================================================================
Epoch:   12,
Epoch 12: 100%|████████████████████████████████████████████████████████████████████████████████████████████████████████████████████████████████████████████████████████████████████████████████████████████████████████████████████████████████████████████████████| 9138/9138 [1:58:05<00:00,  1.29it/s, loss=0.0263]
Total time: 7085s, loss: 0.0259
Epoch 12: 100%|████████████████████████████████████████████████████████████████████████████████████████████████████████████████████████████████████████████████████████████████████████████████████████████████████████████████████████████████████████████████████| 9138/9138 [1:58:05<00:00,  1.29it/s, loss=0.0263]

======================================================================
Epoch:   13,
Epoch 13: 100%|████████████████████████████████████████████████████████████████████████████████████████████████████████████████████████████████████████████████████████████████████████████████████████████████████████████████████████████████████████████████████| 9138/9138 [1:57:53<00:00,  1.29it/s, loss=0.0245]
Total time: 7073s, loss: 0.0285
Epoch 13: 100%|████████████████████████████████████████████████████████████████████████████████████████████████████████████████████████████████████████████████████████████████████████████████████████████████████████████████████████████████████████████████████| 9138/9138 [1:57:53<00:00,  1.29it/s, loss=0.0245]

======================================================================
Epoch:   14,
Epoch 14:  86%|█████████████████████████████████████████████████████████████████████████████████████████████████████████████████████████████████████████████████████████████████████████████████████████████████████████████████▋                                 | 9138/10592 [1:57:34<18:42,  1.30it/s, loss=0.0279]
Training time: 7054s
Epoch 14: 100%|██████████████████████████████████████████████████████████████████████████████████████████████████████████████████████████████████████████████████████████████████████████████████████████████████████████████████████████████████████████████████| 10592/10592 [4:27:20<00:00,  1.51s/it, loss=0.0279]
Validation DataLoader 1: 100%|████████████████████████████████████████████████████████████████████████████████████████████████████████████████████████████████████████████████████████████████████████████████████████████████████████████████████████████████████████████████████| 727/727 [1:15:51<00:00,  6.26s/it]

           mrr   hit@1   hit@3  hit@10
tail  0.339230  25.48%  38.33%  50.97%
head  0.077072   4.63%   8.45%  13.99%
mean  0.208151  15.05%  23.39%  32.48%

Ellipsis
Validation time: 8985s
Epoch 14: 100%|██████████████████████████████████████████████████████████████████████████████████████████████████████████████████████████████████████████████████████████████████████████████████████████████████████████████████████████████████████████████████| 10592/10592 [4:27:20<00:00,  1.51s/it, loss=0.0279]
Total time: 16111s, loss: 0.0247
Epoch 14: 100%|██████████████████████████████████████████████████████████████████████████████████████████████████████████████████████████████████████████████████████████████████████████████████████████████████████████████████████████████████████████████████| 10592/10592 [4:28:31<00:00,  1.52s/it, loss=0.0279]`Trainer.fit` stopped: `max_epochs=15` reached.
Epoch 14: 100%|██████████████████████████████████████████████████████████████████████████████████████████████████████████████████████████████████████████████████████████████████████████████████████████████████████████████████████████████████████████████████| 10592/10592 [4:28:31<00:00,  1.52s/it, loss=0.0279]
model_path: [./checkpoint/FB15k-237N-ko=ETRI-KEByT5-Large-230627=1219.104306/FB15k-237N-ko-epoch=014-val_mrr=0.2082.ckpt]
LOCAL_RANK: 0 - CUDA_VISIBLE_DEVICES: [3]
Testing DataLoader 1: 100%|███████████████████████████████████████████████████████████████████████████████████████████████████████████████████████████████████████████████████████████████████████████████████████████████████████████████████████████████████████████████████████| 846/846 [1:25:44<00:00,  6.08s/it]


           mrr   hit@1   hit@3  hit@10
tail  0.331675  24.84%  36.94%  50.00%
head  0.080773   4.94%   8.74%  14.71%
mean  0.206224  14.89%  22.84%  32.36%

======================================================================
Epoch: test
Ellipsis
======================================================================
Testing DataLoader 1: 100%|███████████████████████████████████████████████████████████████████████████████████████████████████████████████████████████████████████████████████████████████████████████████████████████████████████████████████████████████████████████████████████| 846/846 [1:25:44<00:00,  6.08s/it]
──────────────────────────────────────────────────────────────────────────────────────────────────────────────────────────────────────────────────────────────────────────────────────────────────────────────────────────────────────────────────────────────────────────────────────────────────────────────────────
Runningstage.testing metric      DataLoader 0             DataLoader 1
──────────────────────────────────────────────────────────────────────────────────────────────────────────────────────────────────────────────────────────────────────────────────────────────────────────────────────────────────────────────────────────────────────────────────────────────────────────────────────
         val_mrr            0.20622405409812927      0.20622405409812927
──────────────────────────────────────────────────────────────────────────────────────────────────────────────────────────────────────────────────────────────────────────────────────────────────────────────────────────────────────────────────────────────────────────────────────────────────────────────────────
(KG-S2S) dlt@dl013:~/proj/KG-S2S$

