#export CUDA_VISIBLE_DEVICES=0
#export CUDA_VISIBLE_DEVICES=4
#python3 main.py -dataset FB15k-237N-ko -lr 0.001 -num_beams 40 -seq_dropout 0.2 -use_soft_prompt -use_rel_prompt_emb -src_descrip_max_length 200 -tgt_descrip_max_length 200 -pretrained_model pretrained-pro/ETRI-KEByT5-Base-230426
python3 main.py -dataset FB15k-237N-ko \
                -lr 0.001 \
                -precision bf16 \
                -epoch 15 \
                -batch_size 16 \
                -val_batch_size 8 \
                -num_beams 40 \
                -seq_dropout 0.2 \
                -use_soft_prompt \
                -use_rel_prompt_emb \
                -src_descrip_max_length 240 \
                -tgt_descrip_max_length 240 \
                -eval_tgt_max_length 90 \
                -pretrained_model pretrained-pro/ETRI-KEByT5-Large-230627



(KG-S2S) dlt@dl013:~/proj/KG-S2S$ export CUDA_VISIBLE_DEVICES=2
(KG-S2S) dlt@dl013:~/proj/KG-S2S$ setting-korean-batch_16/train-FB15k-237N-ko-KeByT5-large-1.sh
Namespace(dataset_path='./data/processed', dataset='FB15k-237N-ko', model='T5Finetuner', precision='bf16', accelerator='gpu', seed=41504, num_workers=12, save_dir='./checkpoint/FB15k-237N-ko=ETRI-KEByT5-Large-230627=1219.104302', pretrained_model='pretrained-pro/ETRI-KEByT5-Large-230627', batch_size=16, val_batch_size=8, num_beams=40, num_beam_groups=1, src_max_length=512, train_tgt_max_length=512, eval_tgt_max_length=90, epochs=15, lr=0.001, diversity_penalty=0.0, model_path='', optim='Adam', decoder='beam_search', log_text=False, use_prefix_search=False, src_descrip_max_length=240, tgt_descrip_max_length=240, use_soft_prompt=True, use_rel_prompt_emb=True, check_every_n_epochs=3, seq_dropout=0.2, temporal=False, n_ent=12068, n_rel=90, vocab_size=384, model_dim=1536)
Global seed set to 41504

----------------------------------------------------------------------------------
 - pretrained_model.model_type: t5
 - tokenizer.additional_special_tokens: ['<extra_id_0>', '<extra_id_1>', '<extra_id_2>', '<extra_id_3>', '<extra_id_4>', '<extra_id_5>', '<extra_id_6>', '<extra_id_7>', '<extra_id_8>', '<extra_id_9>', '<extra_id_10>', '<extra_id_11>', '<extra_id_12>', '<extra_id_13>', '<extra_id_14>', '<extra_id_15>', '<extra_id_16>', '<extra_id_17>', '<extra_id_18>', '<extra_id_19>', '<extra_id_20>', '<extra_id_21>', '<extra_id_22>', '<extra_id_23>', '<extra_id_24>', '<extra_id_25>', '<extra_id_26>', '<extra_id_27>', '<extra_id_28>', '<extra_id_29>', '<extra_id_30>', '<extra_id_31>', '<extra_id_32>', '<extra_id_33>', '<extra_id_34>', '<extra_id_35>', '<extra_id_36>', '<extra_id_37>', '<extra_id_38>', '<extra_id_39>', '<extra_id_40>', '<extra_id_41>', '<extra_id_42>', '<extra_id_43>', '<extra_id_44>', '<extra_id_45>', '<extra_id_46>', '<extra_id_47>', '<extra_id_48>', '<extra_id_49>', '<extra_id_50>', '<extra_id_51>', '<extra_id_52>', '<extra_id_53>', '<extra_id_54>', '<extra_id_55>', '<extra_id_56>', '<extra_id_57>', '<extra_id_58>', '<extra_id_59>', '<extra_id_60>', '<extra_id_61>', '<extra_id_62>', '<extra_id_63>', '<extra_id_64>', '<extra_id_65>', '<extra_id_66>', '<extra_id_67>', '<extra_id_68>', '<extra_id_69>', '<extra_id_70>', '<extra_id_71>', '<extra_id_72>', '<extra_id_73>', '<extra_id_74>', '<extra_id_75>', '<extra_id_76>', '<extra_id_77>', '<extra_id_78>', '<extra_id_79>', '<extra_id_80>', '<extra_id_81>', '<extra_id_82>', '<extra_id_83>', '<extra_id_84>', '<extra_id_85>', '<extra_id_86>', '<extra_id_87>', '<extra_id_88>', '<extra_id_89>', '<extra_id_90>', '<extra_id_91>', '<extra_id_92>', '<extra_id_93>', '<extra_id_94>', '<extra_id_95>', '<extra_id_96>', '<extra_id_97>', '<extra_id_98>', '<extra_id_99>', '<extra_id_100>', '<extra_id_101>', '<extra_id_102>', '<extra_id_103>', '<extra_id_104>', '<extra_id_105>', '<extra_id_106>', '<extra_id_107>', '<extra_id_108>', '<extra_id_109>', '<extra_id_110>', '<extra_id_111>', '<extra_id_112>', '<extra_id_113>', '<extra_id_114>', '<extra_id_115>', '<extra_id_116>', '<extra_id_117>', '<extra_id_118>', '<extra_id_119>', '<extra_id_120>', '<extra_id_121>', '<extra_id_122>', '<extra_id_123>', '<extra_id_124>']
 - extra_id_0_tok_id: 259
----------------------------------------------------------------------------------

tokenizing entities...
100%|███████████████████████████████████████████████████████████████████████████████████████████████████████████████████████████████████████████████████████████████████████████████████████████████████████████████████████████████████████████████████████████████████████████| 12068/12068 [02:01<00:00, 98.97it/s]
datamodule construction done.

----------------------------------------------------------------------------------
 * pl.Trainer(accelerator=gpu, precision=bf16, max_epochs=15, every_n_epoch=3)
----------------------------------------------------------------------------------

Using bfloat16 Automatic Mixed Precision (AMP)
GPU available: True (cuda), used: True
TPU available: False, using: 0 TPU cores
IPU available: False, using: 0 IPUs
HPU available: False, using: 0 HPUs
model construction done.
LOCAL_RANK: 0 - CUDA_VISIBLE_DEVICES: [2]

  | Name          | Type                               | Params
---------------------------------------------------------------------
0 | core_t5_model | ModifiedT5ForConditionalGeneration | 1.2 B
1 | rel_embed1    | Embedding                          | 138 K
2 | rel_embed2    | Embedding                          | 138 K
3 | rel_embed3    | Embedding                          | 138 K
4 | rel_embed4    | Embedding                          | 138 K
---------------------------------------------------------------------
1.2 B     Trainable params
0         Non-trainable params
1.2 B     Total params
4,914.946 Total estimated model params size (MB)
Training: 0it [00:00, ?it/s]

======================================================================
Epoch:    0,
Epoch 0: 100%|█████████████████████████████████████████████████████████████████████████████████████████████████████████████████████████████████████████████████████████████████████████████████████████████████████████████████████████████████████████████████████| 9138/9138 [1:53:25<00:00,  1.34it/s, loss=0.0872]
Total time: 6805s, loss: 0.1730
Epoch 0: 100%|█████████████████████████████████████████████████████████████████████████████████████████████████████████████████████████████████████████████████████████████████████████████████████████████████████████████████████████████████████████████████████| 9138/9138 [1:53:25<00:00,  1.34it/s, loss=0.0872]

======================================================================
Epoch:    1,
Epoch 1: 100%|█████████████████████████████████████████████████████████████████████████████████████████████████████████████████████████████████████████████████████████████████████████████████████████████████████████████████████████████████████████████████████| 9138/9138 [1:54:37<00:00,  1.33it/s, loss=0.0616]
Total time: 6877s, loss: 0.0775
Epoch 1: 100%|█████████████████████████████████████████████████████████████████████████████████████████████████████████████████████████████████████████████████████████████████████████████████████████████████████████████████████████████████████████████████████| 9138/9138 [1:54:37<00:00,  1.33it/s, loss=0.0616]

======================================================================
Epoch:    2,
Epoch 2: 100%|█████████████████████████████████████████████████████████████████████████████████████████████████████████████████████████████████████████████████████████████████████████████████████████████████████████████████████████████████████████████████████| 9138/9138 [1:54:12<00:00,  1.33it/s, loss=0.0505]
Training time: 6852s
Epoch 2: : 10592it [4:20:01,  1.47s/it, loss=0.0505]
Validation DataLoader 1: 100%|████████████████████████████████████████████████████████████████████████████████████████████████████████████████████████████████████████████████████████████████████████████████████████████████████████████████████████████████████████████████████| 727/727 [1:13:48<00:00,  6.09s/it]

           mrr   hit@1   hit@3  hit@10
tail  0.247021  18.96%  26.66%  36.26%
head  0.026529   1.86%   2.72%   4.63%
mean  0.136775  10.41%  14.69%  20.45%

Ellipsis
Validation time: 8748s
Epoch 2: : 10592it [4:20:01,  1.47s/it, loss=0.0505]
Total time: 15671s, loss: 0.0540
Epoch 2: : 10592it [4:21:11,  1.48s/it, loss=0.0505]

======================================================================
Epoch:    3,
Epoch 3: 100%|█████████████████████████████████████████████████████████████████████████████████████████████████████████████████████████████████████████████████████████████████████████████████████████████████████████████████████████████████████████████████████| 9138/9138 [1:53:23<00:00,  1.34it/s, loss=0.0403]
Total time: 6803s, loss: 0.0447
Epoch 3: 100%|█████████████████████████████████████████████████████████████████████████████████████████████████████████████████████████████████████████████████████████████████████████████████████████████████████████████████████████████████████████████████████| 9138/9138 [1:53:23<00:00,  1.34it/s, loss=0.0403]

======================================================================
Epoch:    4,
Epoch 4: 100%|█████████████████████████████████████████████████████████████████████████████████████████████████████████████████████████████████████████████████████████████████████████████████████████████████████████████████████████████████████████████████████| 9138/9138 [1:53:30<00:00,  1.34it/s, loss=0.0365]
Total time: 6810s, loss: 0.0398
Epoch 4: 100%|█████████████████████████████████████████████████████████████████████████████████████████████████████████████████████████████████████████████████████████████████████████████████████████████████████████████████████████████████████████████████████| 9138/9138 [1:53:30<00:00,  1.34it/s, loss=0.0365]

======================================================================
Epoch:    5,
Epoch 5:  86%|██████████████████████████████████████████████████████████████████████████████████████████████████████████████████████████████████████████████████████████████████████████████████████████████████████████████████▌                                 | 9138/10592 [1:53:30<18:03,  1.34it/s, loss=0.0346]
Training time: 6810s
Epoch 5: 100%|███████████████████████████████████████████████████████████████████████████████████████████████████████████████████████████████████████████████████████████████████████████████████████████████████████████████████████████████████████████████████| 10592/10592 [4:16:46<00:00,  1.45s/it, loss=0.0346]
Validation DataLoader 1: 100%|████████████████████████████████████████████████████████████████████████████████████████████████████████████████████████████████████████████████████████████████████████████████████████████████████████████████████████████████████████████████████| 727/727 [1:12:29<00:00,  5.98s/it]

           mrr   hit@1   hit@3  hit@10
tail  0.295352  22.09%  33.84%  43.82%
head  0.052730   3.10%   5.50%  10.12%
mean  0.174041  12.59%  19.67%  26.97%

Ellipsis
Validation time: 8596s
Epoch 5: 100%|███████████████████████████████████████████████████████████████████████████████████████████████████████████████████████████████████████████████████████████████████████████████████████████████████████████████████████████████████████████████████| 10592/10592 [4:16:46<00:00,  1.45s/it, loss=0.0346]
Total time: 15476s, loss: 0.0364
Epoch 5: 100%|███████████████████████████████████████████████████████████████████████████████████████████████████████████████████████████████████████████████████████████████████████████████████████████████████████████████████████████████████████████████████| 10592/10592 [4:17:56<00:00,  1.46s/it, loss=0.0346]

======================================================================
Epoch:    6,
Epoch 6: 100%|█████████████████████████████████████████████████████████████████████████████████████████████████████████████████████████████████████████████████████████████████████████████████████████████████████████████████████████████████████████████████████| 9138/9138 [1:49:40<00:00,  1.39it/s, loss=0.0333]
Total time: 6580s, loss: 0.0346
Epoch 6: 100%|█████████████████████████████████████████████████████████████████████████████████████████████████████████████████████████████████████████████████████████████████████████████████████████████████████████████████████████████████████████████████████| 9138/9138 [1:49:40<00:00,  1.39it/s, loss=0.0333]

======================================================================
Epoch:    7,
Epoch 7: 100%|█████████████████████████████████████████████████████████████████████████████████████████████████████████████████████████████████████████████████████████████████████████████████████████████████████████████████████████████████████████████████████| 9138/9138 [1:52:29<00:00,  1.35it/s, loss=0.0318]
Total time: 6749s, loss: 0.0325
Epoch 7: 100%|█████████████████████████████████████████████████████████████████████████████████████████████████████████████████████████████████████████████████████████████████████████████████████████████████████████████████████████████████████████████████████| 9138/9138 [1:52:29<00:00,  1.35it/s, loss=0.0318]

======================================================================
Epoch:    8,
Epoch 8:  86%|██████████████████████████████████████████████████████████████████████████████████████████████████████████████████████████████████████████████████████████████████████████████████████████████████████████████████▌                                 | 9138/10592 [1:52:21<17:52,  1.36it/s, loss=0.0313]
Training time: 6741s
Epoch 8: 100%|███████████████████████████████████████████████████████████████████████████████████████████████████████████████████████████████████████████████████████████████████████████████████████████████████████████████████████████████████████████████████| 10592/10592 [4:17:21<00:00,  1.46s/it, loss=0.0313]
Validation DataLoader 1: 100%|████████████████████████████████████████████████████████████████████████████████████████████████████████████████████████████████████████████████████████████████████████████████████████████████████████████████████████████████████████████████████| 727/727 [1:13:20<00:00,  6.05s/it]

           mrr   hit@1   hit@3  hit@10
tail  0.314787  23.57%  35.01%  48.37%
head  0.063834   3.94%   6.73%  11.42%
mean  0.189311  13.75%  20.87%  29.90%

Ellipsis
Validation time: 8699s
Epoch 8: 100%|███████████████████████████████████████████████████████████████████████████████████████████████████████████████████████████████████████████████████████████████████████████████████████████████████████████████████████████████████████████████████| 10592/10592 [4:17:21<00:00,  1.46s/it, loss=0.0313]
Total time: 15508s, loss: 0.0311
Epoch 8: 100%|███████████████████████████████████████████████████████████████████████████████████████████████████████████████████████████████████████████████████████████████████████████████████████████████████████████████████████████████████████████████████| 10592/10592 [4:18:28<00:00,  1.46s/it, loss=0.0313]

======================================================================
Epoch:    9,
Epoch 9: 100%|█████████████████████████████████████████████████████████████████████████████████████████████████████████████████████████████████████████████████████████████████████████████████████████████████████████████████████████████████████████████████████| 9138/9138 [1:52:21<00:00,  1.36it/s, loss=0.0283]
Total time: 6741s, loss: 0.0296
Epoch 9: 100%|█████████████████████████████████████████████████████████████████████████████████████████████████████████████████████████████████████████████████████████████████████████████████████████████████████████████████████████████████████████████████████| 9138/9138 [1:52:21<00:00,  1.36it/s, loss=0.0283]

======================================================================
Epoch:   10,
Epoch 10: 100%|████████████████████████████████████████████████████████████████████████████████████████████████████████████████████████████████████████████████████████████████████████████████████████████████████████████████████████████████████████████████████| 9138/9138 [1:53:04<00:00,  1.35it/s, loss=0.0281]
Total time: 6784s, loss: 0.0287
Epoch 10: 100%|████████████████████████████████████████████████████████████████████████████████████████████████████████████████████████████████████████████████████████████████████████████████████████████████████████████████████████████████████████████████████| 9138/9138 [1:53:04<00:00,  1.35it/s, loss=0.0281]

======================================================================
Epoch:   11,
Epoch 11:  86%|█████████████████████████████████████████████████████████████████████████████████████████████████████████████████████████████████████████████████████████████████████████████████████████████████████████████████▋                                 | 9138/10592 [1:53:45<18:06,  1.34it/s, loss=0.0276]
Training time: 6826s
Epoch 11: 100%|██████████████████████████████████████████████████████████████████████████████████████████████████████████████████████████████████████████████████████████████████████████████████████████████████████████████████████████████████████████████████| 10592/10592 [4:20:57<00:00,  1.48s/it, loss=0.0276]
Validation DataLoader 1: 100%|████████████████████████████████████████████████████████████████████████████████████████████████████████████████████████████████████████████████████████████████████████████████████████████████████████████████████████████████████████████████████| 727/727 [1:14:33<00:00,  6.15s/it]

           mrr   hit@1   hit@3  hit@10
tail  0.329676  25.06%  36.26%  49.94%
head  0.071334   4.15%   7.81%  13.40%
mean  0.200505  14.61%  22.04%  31.67%

Ellipsis
Validation time: 8831s
Epoch 11: 100%|██████████████████████████████████████████████████████████████████████████████████████████████████████████████████████████████████████████████████████████████████████████████████████████████████████████████████████████████████████████████████| 10592/10592 [4:20:57<00:00,  1.48s/it, loss=0.0276]
Total time: 15725s, loss: 0.0278
Epoch 11: 100%|██████████████████████████████████████████████████████████████████████████████████████████████████████████████████████████████████████████████████████████████████████████████████████████████████████████████████████████████████████████████████| 10592/10592 [4:22:05<00:00,  1.48s/it, loss=0.0276]

======================================================================
Epoch:   12,
Epoch 12: 100%|████████████████████████████████████████████████████████████████████████████████████████████████████████████████████████████████████████████████████████████████████████████████████████████████████████████████████████████████████████████████████| 9138/9138 [1:56:08<00:00,  1.31it/s, loss=0.0274]
Total time: 6968s, loss: 0.0270
Epoch 12: 100%|████████████████████████████████████████████████████████████████████████████████████████████████████████████████████████████████████████████████████████████████████████████████████████████████████████████████████████████████████████████████████| 9138/9138 [1:56:08<00:00,  1.31it/s, loss=0.0274]

======================================================================
Epoch:   13,
Epoch 13: 100%|████████████████████████████████████████████████████████████████████████████████████████████████████████████████████████████████████████████████████████████████████████████████████████████████████████████████████████████████████████████████████| 9138/9138 [1:55:58<00:00,  1.31it/s, loss=0.0277]
Total time: 6958s, loss: 0.0264
Epoch 13: 100%|████████████████████████████████████████████████████████████████████████████████████████████████████████████████████████████████████████████████████████████████████████████████████████████████████████████████████████████████████████████████████| 9138/9138 [1:55:58<00:00,  1.31it/s, loss=0.0277]

======================================================================
Epoch:   14,
Epoch 14:  86%|█████████████████████████████████████████████████████████████████████████████████████████████████████████████████████████████████████████████████████████████████████████████████████████████████████████████████▋                                 | 9138/10592 [1:55:45<18:25,  1.32it/s, loss=0.0291]
Training time: 6945s
Epoch 14: 100%|██████████████████████████████████████████████████████████████████████████████████████████████████████████████████████████████████████████████████████████████████████████████████████████████████████████████████████████████████████████████████| 10592/10592 [4:22:45<00:00,  1.49s/it, loss=0.0291]
Validation DataLoader 1: 100%|████████████████████████████████████████████████████████████████████████████████████████████████████████████████████████████████████████████████████████████████████████████████████████████████████████████████████████████████████████████████████| 727/727 [1:14:22<00:00,  6.14s/it]

           mrr   hit@1   hit@3  hit@10
tail  0.343396  25.96%  38.35%  50.61%
head  0.081463   4.99%   8.96%  14.57%
mean  0.212429  15.47%  23.65%  32.59%

Ellipsis
Validation time: 8819s
Epoch 14: 100%|██████████████████████████████████████████████████████████████████████████████████████████████████████████████████████████████████████████████████████████████████████████████████████████████████████████████████████████████████████████████████| 10592/10592 [4:22:45<00:00,  1.49s/it, loss=0.0291]
Total time: 15833s, loss: 0.0260
Epoch 14: 100%|██████████████████████████████████████████████████████████████████████████████████████████████████████████████████████████████████████████████████████████████████████████████████████████████████████████████████████████████████████████████████| 10592/10592 [4:23:53<00:00,  1.49s/it, loss=0.0291]`Trainer.fit` stopped: `max_epochs=15` reached.
Epoch 14: 100%|██████████████████████████████████████████████████████████████████████████████████████████████████████████████████████████████████████████████████████████████████████████████████████████████████████████████████████████████████████████████████| 10592/10592 [4:23:53<00:00,  1.49s/it, loss=0.0291]
model_path: [./checkpoint/FB15k-237N-ko=ETRI-KEByT5-Large-230627=1219.104302/FB15k-237N-ko-epoch=014-val_mrr=0.2124.ckpt]
LOCAL_RANK: 0 - CUDA_VISIBLE_DEVICES: [2]
Testing DataLoader 1: 100%|███████████████████████████████████████████████████████████████████████████████████████████████████████████████████████████████████████████████████████████████████████████████████████████████████████████████████████████████████████████████████████| 846/846 [1:25:30<00:00,  6.06s/it]


           mrr   hit@1   hit@3  hit@10
tail  0.337589  25.72%  37.31%  49.72%
head  0.083959   5.26%   9.23%  14.83%
mean  0.210774  15.49%  23.27%  32.28%

======================================================================
Epoch: test
Ellipsis
======================================================================
Testing DataLoader 1: 100%|███████████████████████████████████████████████████████████████████████████████████████████████████████████████████████████████████████████████████████████████████████████████████████████████████████████████████████████████████████████████████████| 846/846 [1:25:30<00:00,  6.06s/it]
──────────────────────────────────────────────────────────────────────────────────────────────────────────────────────────────────────────────────────────────────────────────────────────────────────────────────────────────────────────────────────────────────────────────────────────────────────────────────────
Runningstage.testing metric      DataLoader 0             DataLoader 1
──────────────────────────────────────────────────────────────────────────────────────────────────────────────────────────────────────────────────────────────────────────────────────────────────────────────────────────────────────────────────────────────────────────────────────────────────────────────────────
         val_mrr             0.210773766040802        0.210773766040802
──────────────────────────────────────────────────────────────────────────────────────────────────────────────────────────────────────────────────────────────────────────────────────────────────────────────────────────────────────────────────────────────────────────────────────────────────────────────────────
(KG-S2S) dlt@dl013:~/proj/KG-S2S$

