#export CUDA_VISIBLE_DEVICES=3
#export CUDA_VISIBLE_DEVICES=7
#python3 main.py -dataset FB15k-237N-ko -lr 0.0005 -num_beams 40 -seq_dropout 0.2 -use_soft_prompt -use_rel_prompt_emb -src_descrip_max_length 200 -tgt_descrip_max_length 200 -pretrained_model KETI-AIR/ke-t5-base-ko
python3 main.py -dataset FB15k-237N-ko \
                -lr 0.0005 \
                -precision bf16 \
                -epoch 15 \
                -batch_size 16 \
                -val_batch_size 8 \
                -num_beams 40 \
                -seq_dropout 0.2 \
                -use_soft_prompt \
                -use_rel_prompt_emb \
                -src_descrip_max_length 240 \
                -tgt_descrip_max_length 240 \
                -eval_tgt_max_length 90 \
                -pretrained_model KETI-AIR/ke-t5-base-ko



(KG-S2S) chrisjihee@ptlm3:~/proj/KG-S2S$ export CUDA_VISIBLE_DEVICES=1
(KG-S2S) chrisjihee@ptlm3:~/proj/KG-S2S$ setting-korean-batch_16/train-FB15k-237N-ko-KeT5-base-2.sh
Namespace(dataset_path='./data/processed', dataset='FB15k-237N-ko', model='T5Finetuner', precision='bf16', accelerator='gpu', seed=41504, num_workers=12, save_dir='./checkpoint/FB15k-237N-ko=ke-t5-base-ko=1219.014552', pretrained_model='KETI-AIR/ke-t5-base-ko', batch_size=16, val_batch_size=8, num_beams=40, num_beam_groups=1, src_max_length=512, train_tgt_max_length=512, eval_tgt_max_length=90, epochs=15, lr=0.0005, diversity_penalty=0.0, model_path='', optim='Adam', decoder='beam_search', log_text=False, use_prefix_search=False, src_descrip_max_length=240, tgt_descrip_max_length=240, use_soft_prompt=True, use_rel_prompt_emb=True, check_every_n_epochs=3, seq_dropout=0.2, temporal=False, n_ent=12068, n_rel=90, vocab_size=64128, model_dim=768)
Global seed set to 41504
Special tokens have been added in the vocabulary, make sure the associated word embeddings are fine-tuned or trained.

----------------------------------------------------------------------------------
 - pretrained_model.model_type: t5
 - tokenizer.additional_special_tokens: ['<extra_id_0>', '<extra_id_1>', '<extra_id_2>', '<extra_id_3>', '<extra_id_4>', '<extra_id_5>', '<extra_id_6>', '<extra_id_7>', '<extra_id_8>', '<extra_id_9>', '<extra_id_10>', '<extra_id_11>', '<extra_id_12>', '<extra_id_13>', '<extra_id_14>', '<extra_id_15>', '<extra_id_16>', '<extra_id_17>', '<extra_id_18>', '<extra_id_19>', '<extra_id_20>', '<extra_id_21>', '<extra_id_22>', '<extra_id_23>', '<extra_id_24>', '<extra_id_25>', '<extra_id_26>', '<extra_id_27>', '<extra_id_28>', '<extra_id_29>', '<extra_id_30>', '<extra_id_31>', '<extra_id_32>', '<extra_id_33>', '<extra_id_34>', '<extra_id_35>', '<extra_id_36>', '<extra_id_37>', '<extra_id_38>', '<extra_id_39>', '<extra_id_40>', '<extra_id_41>', '<extra_id_42>', '<extra_id_43>', '<extra_id_44>', '<extra_id_45>', '<extra_id_46>', '<extra_id_47>', '<extra_id_48>', '<extra_id_49>', '<extra_id_50>', '<extra_id_51>', '<extra_id_52>', '<extra_id_53>', '<extra_id_54>', '<extra_id_55>', '<extra_id_56>', '<extra_id_57>', '<extra_id_58>', '<extra_id_59>', '<extra_id_60>', '<extra_id_61>', '<extra_id_62>', '<extra_id_63>', '<extra_id_64>', '<extra_id_65>', '<extra_id_66>', '<extra_id_67>', '<extra_id_68>', '<extra_id_69>', '<extra_id_70>', '<extra_id_71>', '<extra_id_72>', '<extra_id_73>', '<extra_id_74>', '<extra_id_75>', '<extra_id_76>', '<extra_id_77>', '<extra_id_78>', '<extra_id_79>', '<extra_id_80>', '<extra_id_81>', '<extra_id_82>', '<extra_id_83>', '<extra_id_84>', '<extra_id_85>', '<extra_id_86>', '<extra_id_87>', '<extra_id_88>', '<extra_id_89>', '<extra_id_90>', '<extra_id_91>', '<extra_id_92>', '<extra_id_93>', '<extra_id_94>', '<extra_id_95>', '<extra_id_96>', '<extra_id_97>', '<extra_id_98>', '<extra_id_99>']
 - extra_id_0_tok_id: 64099
----------------------------------------------------------------------------------

tokenizing entities...
100%|██████████████████████████████████████████████████████████████████████████████████████████████████████████████████████████████████████████████████████████████████████████████████████████████████████████████████████████████████████████████████████████████████████████| 12068/12068 [00:28<00:00, 430.01it/s]
Special tokens have been added in the vocabulary, make sure the associated word embeddings are fine-tuned or trained.
datamodule construction done.

----------------------------------------------------------------------------------
 * pl.Trainer(accelerator=gpu, precision=bf16, max_epochs=15, every_n_epoch=3)
----------------------------------------------------------------------------------

Using bfloat16 Automatic Mixed Precision (AMP)
GPU available: True (cuda), used: True
TPU available: False, using: 0 TPU cores
IPU available: False, using: 0 IPUs
HPU available: False, using: 0 HPUs
model construction done.
LOCAL_RANK: 0 - CUDA_VISIBLE_DEVICES: [1]

  | Name          | Type                               | Params
---------------------------------------------------------------------
0 | core_t5_model | ModifiedT5ForConditionalGeneration | 247 M
1 | rel_embed1    | Embedding                          | 69.1 K
2 | rel_embed2    | Embedding                          | 69.1 K
3 | rel_embed3    | Embedding                          | 69.1 K
4 | rel_embed4    | Embedding                          | 69.1 K
---------------------------------------------------------------------
247 M     Trainable params
0         Non-trainable params
247 M     Total params
991.024   Total estimated model params size (MB)
Training: 0it [00:00, ?it/s]

======================================================================
Epoch:    0,
Epoch 0: 100%|████████████████████████████████████████████████████████████████████████████████████████████████████████████████████████████████████████████████████████████████████████████████████████████████████████████████████████████████████████████████████████| 9138/9138 [23:11<00:00,  6.57it/s, loss=0.694]
Total time: 1391s, loss: 1.3059
Epoch 0: 100%|████████████████████████████████████████████████████████████████████████████████████████████████████████████████████████████████████████████████████████████████████████████████████████████████████████████████████████████████████████████████████████| 9138/9138 [23:11<00:00,  6.57it/s, loss=0.694]

======================================================================
Epoch:    1,
Epoch 1: 100%|████████████████████████████████████████████████████████████████████████████████████████████████████████████████████████████████████████████████████████████████████████████████████████████████████████████████████████████████████████████████████████| 9138/9138 [23:20<00:00,  6.53it/s, loss=0.451]
Total time: 1400s, loss: 0.5351
Epoch 1: 100%|████████████████████████████████████████████████████████████████████████████████████████████████████████████████████████████████████████████████████████████████████████████████████████████████████████████████████████████████████████████████████████| 9138/9138 [23:20<00:00,  6.53it/s, loss=0.451]

======================================================================
Epoch:    2,
Epoch 2: 100%|████████████████████████████████████████████████████████████████████████████████████████████████████████████████████████████████████████████████████████████████████████████████████████████████████████████████████████████████████████████████████████| 9138/9138 [23:21<00:00,  6.52it/s, loss=0.266]
Training time: 1401s
Epoch 2: : 10592it [2:05:34,  1.41it/s, loss=0.266]
Validation DataLoader 1: 100%|██████████████████████████████████████████████████████████████████████████████████████████████████████████████████████████████████████████████████████████████████████████████████████████████████████████████████████████████████████████████████████| 727/727 [50:52<00:00,  4.20s/it]

           mrr   hit@1   hit@3  hit@10
tail  0.410755  33.77%  45.38%  55.20%
head  0.115535   8.76%  12.25%  17.58%
mean  0.263145  21.26%  28.81%  36.39%

Ellipsis
Validation time: 6133s
Epoch 2: : 10592it [2:05:34,  1.41it/s, loss=0.266]
Total time: 7547s, loss: 0.3441
Epoch 2: : 10592it [2:05:47,  1.40it/s, loss=0.266]

======================================================================
Epoch:    3,
Epoch 3: 100%|████████████████████████████████████████████████████████████████████████████████████████████████████████████████████████████████████████████████████████████████████████████████████████████████████████████████████████████████████████████████████████| 9138/9138 [23:15<00:00,  6.55it/s, loss=0.256]
Total time: 1395s, loss: 0.2359
Epoch 3: 100%|████████████████████████████████████████████████████████████████████████████████████████████████████████████████████████████████████████████████████████████████████████████████████████████████████████████████████████████████████████████████████████| 9138/9138 [23:15<00:00,  6.55it/s, loss=0.256]

======================================================================
Epoch:    4,
Epoch 4: 100%|████████████████████████████████████████████████████████████████████████████████████████████████████████████████████████████████████████████████████████████████████████████████████████████████████████████████████████████████████████████████████████| 9138/9138 [23:10<00:00,  6.57it/s, loss=0.165]
Total time: 1390s, loss: 0.1791
Epoch 4: 100%|████████████████████████████████████████████████████████████████████████████████████████████████████████████████████████████████████████████████████████████████████████████████████████████████████████████████████████████████████████████████████████| 9138/9138 [23:10<00:00,  6.57it/s, loss=0.165]

======================================================================
Epoch:    5,
Epoch 5:  86%|█████████████████████████████████████████████████████████████████████████████████████████████████████████████████████████████████████████████████████████████████████████████████████████████████████████████████████▉                                  | 9138/10592 [23:11<03:41,  6.57it/s, loss=0.15]
Training time: 1391s
Epoch 5: 100%|█████████████████████████████████████████████████████████████████████████████████████████████████████████████████████████████████████████████████████████████████████████████████████████████████████████████████████████████████████████████████████| 10592/10592 [2:05:56<00:00,  1.40it/s, loss=0.15]
Validation DataLoader 1: 100%|██████████████████████████████████████████████████████████████████████████████████████████████████████████████████████████████████████████████████████████████████████████████████████████████████████████████████████████████████████████████████████| 727/727 [51:28<00:00,  4.25s/it]

           mrr   hit@1   hit@3  hit@10
tail  0.427772  35.46%  46.43%  56.98%
head  0.127770   9.53%  13.28%  19.83%
mean  0.277771  22.49%  29.86%  38.41%

Ellipsis
Validation time: 6164s
Epoch 5: 100%|█████████████████████████████████████████████████████████████████████████████████████████████████████████████████████████████████████████████████████████████████████████████████████████████████████████████████████████████████████████████████████| 10592/10592 [2:05:56<00:00,  1.40it/s, loss=0.15]
Total time: 7569s, loss: 0.1466
Epoch 5: 100%|█████████████████████████████████████████████████████████████████████████████████████████████████████████████████████████████████████████████████████████████████████████████████████████████████████████████████████████████████████████████████████| 10592/10592 [2:06:09<00:00,  1.40it/s, loss=0.15]

======================================================================
Epoch:    6,
Epoch 6: 100%|████████████████████████████████████████████████████████████████████████████████████████████████████████████████████████████████████████████████████████████████████████████████████████████████████████████████████████████████████████████████████████| 9138/9138 [23:20<00:00,  6.52it/s, loss=0.124]
Total time: 1400s, loss: 0.1256
Epoch 6: 100%|████████████████████████████████████████████████████████████████████████████████████████████████████████████████████████████████████████████████████████████████████████████████████████████████████████████████████████████████████████████████████████| 9138/9138 [23:20<00:00,  6.52it/s, loss=0.124]

======================================================================
Epoch:    7,
Epoch 7: 100%|████████████████████████████████████████████████████████████████████████████████████████████████████████████████████████████████████████████████████████████████████████████████████████████████████████████████████████████████████████████████████████| 9138/9138 [23:27<00:00,  6.49it/s, loss=0.117]
Total time: 1407s, loss: 0.1121
Epoch 7: 100%|████████████████████████████████████████████████████████████████████████████████████████████████████████████████████████████████████████████████████████████████████████████████████████████████████████████████████████████████████████████████████████| 9138/9138 [23:27<00:00,  6.49it/s, loss=0.117]

======================================================================
Epoch:    8,
Epoch 8:  86%|████████████████████████████████████████████████████████████████████████████████████████████████████████████████████████████████████████████████████████████████████████████████████████████████████████████████████▏                                 | 9138/10592 [23:27<03:43,  6.49it/s, loss=0.0941]
Training time: 1407s
Epoch 8: 100%|███████████████████████████████████████████████████████████████████████████████████████████████████████████████████████████████████████████████████████████████████████████████████████████████████████████████████████████████████████████████████| 10592/10592 [2:06:02<00:00,  1.40it/s, loss=0.0941]
Validation DataLoader 1: 100%|██████████████████████████████████████████████████████████████████████████████████████████████████████████████████████████████████████████████████████████████████████████████████████████████████████████████████████████████████████████████████████| 727/727 [51:33<00:00,  4.25s/it]

           mrr   hit@1   hit@3  hit@10
tail  0.445212  36.56%  48.94%  59.62%
head  0.142691  10.63%  15.40%  22.05%
mean  0.293952  23.59%  32.17%  40.84%

Ellipsis
Validation time: 6154s
Epoch 8: 100%|███████████████████████████████████████████████████████████████████████████████████████████████████████████████████████████████████████████████████████████████████████████████████████████████████████████████████████████████████████████████████| 10592/10592 [2:06:02<00:00,  1.40it/s, loss=0.0941]
Total time: 7575s, loss: 0.1022
Epoch 8: 100%|███████████████████████████████████████████████████████████████████████████████████████████████████████████████████████████████████████████████████████████████████████████████████████████████████████████████████████████████████████████████████| 10592/10592 [2:06:15<00:00,  1.40it/s, loss=0.0941]

======================================================================
Epoch:    9,
Epoch 9: 100%|███████████████████████████████████████████████████████████████████████████████████████████████████████████████████████████████████████████████████████████████████████████████████████████████████████████████████████████████████████████████████████| 9138/9138 [23:20<00:00,  6.52it/s, loss=0.0924]
Total time: 1400s, loss: 0.0955
Epoch 9: 100%|███████████████████████████████████████████████████████████████████████████████████████████████████████████████████████████████████████████████████████████████████████████████████████████████████████████████████████████████████████████████████████| 9138/9138 [23:20<00:00,  6.52it/s, loss=0.0924]

======================================================================
Epoch:   10,
Epoch 10: 100%|██████████████████████████████████████████████████████████████████████████████████████████████████████████████████████████████████████████████████████████████████████████████████████████████████████████████████████████████████████████████████████| 9138/9138 [23:24<00:00,  6.51it/s, loss=0.0937]
Total time: 1404s, loss: 0.0899
Epoch 10: 100%|██████████████████████████████████████████████████████████████████████████████████████████████████████████████████████████████████████████████████████████████████████████████████████████████████████████████████████████████████████████████████████| 9138/9138 [23:24<00:00,  6.51it/s, loss=0.0937]

======================================================================
Epoch:   11,
Epoch 11:  86%|███████████████████████████████████████████████████████████████████████████████████████████████████████████████████████████████████████████████████████████████████████████████████████████████████████████████████▎                                 | 9138/10592 [23:30<03:44,  6.48it/s, loss=0.0939]
Training time: 1410s
Epoch 11: 100%|██████████████████████████████████████████████████████████████████████████████████████████████████████████████████████████████████████████████████████████████████████████████████████████████████████████████████████████████████████████████████| 10592/10592 [2:05:36<00:00,  1.41it/s, loss=0.0939]
Validation DataLoader 1: 100%|██████████████████████████████████████████████████████████████████████████████████████████████████████████████████████████████████████████████████████████████████████████████████████████████████████████████████████████████████████████████████████| 727/727 [51:09<00:00,  4.22s/it]

           mrr   hit@1   hit@3  hit@10
tail  0.454288  37.36%  50.01%  60.52%
head  0.144506  10.44%  15.48%  22.72%
mean  0.299397  23.90%  32.75%  41.62%

Ellipsis
Validation time: 6125s
Epoch 11: 100%|██████████████████████████████████████████████████████████████████████████████████████████████████████████████████████████████████████████████████████████████████████████████████████████████████████████████████████████████████████████████████| 10592/10592 [2:05:36<00:00,  1.41it/s, loss=0.0939]
Total time: 7548s, loss: 0.0855
Epoch 11: 100%|██████████████████████████████████████████████████████████████████████████████████████████████████████████████████████████████████████████████████████████████████████████████████████████████████████████████████████████████████████████████████| 10592/10592 [2:05:48<00:00,  1.40it/s, loss=0.0939]

======================================================================
Epoch:   12,
Epoch 12: 100%|██████████████████████████████████████████████████████████████████████████████████████████████████████████████████████████████████████████████████████████████████████████████████████████████████████████████████████████████████████████████████████| 9138/9138 [23:31<00:00,  6.48it/s, loss=0.0867]
Total time: 1411s, loss: 0.0819
Epoch 12: 100%|██████████████████████████████████████████████████████████████████████████████████████████████████████████████████████████████████████████████████████████████████████████████████████████████████████████████████████████████████████████████████████| 9138/9138 [23:31<00:00,  6.48it/s, loss=0.0867]

======================================================================
Epoch:   13,
Epoch 13: 100%|██████████████████████████████████████████████████████████████████████████████████████████████████████████████████████████████████████████████████████████████████████████████████████████████████████████████████████████████████████████████████████| 9138/9138 [23:34<00:00,  6.46it/s, loss=0.0768]
Total time: 1414s, loss: 0.0786
Epoch 13: 100%|██████████████████████████████████████████████████████████████████████████████████████████████████████████████████████████████████████████████████████████████████████████████████████████████████████████████████████████████████████████████████████| 9138/9138 [23:34<00:00,  6.46it/s, loss=0.0768]

======================================================================
Epoch:   14,
Epoch 14:  86%|███████████████████████████████████████████████████████████████████████████████████████████████████████████████████████████████████████████████████████████████████████████████████████████████████████████████████▎                                 | 9138/10592 [23:25<03:43,  6.50it/s, loss=0.0724]
Training time: 1405s
Epoch 14: 100%|██████████████████████████████████████████████████████████████████████████████████████████████████████████████████████████████████████████████████████████████████████████████████████████████████████████████████████████████████████████████████| 10592/10592 [2:04:53<00:00,  1.41it/s, loss=0.0724]
Validation DataLoader 1: 100%|██████████████████████████████████████████████████████████████████████████████████████████████████████████████████████████████████████████████████████████████████████████████████████████████████████████████████████████████████████████████████████| 727/727 [50:16<00:00,  4.15s/it]

           mrr   hit@1   hit@3  hit@10
tail  0.448791  36.44%  49.46%  61.47%
head  0.148228  10.79%  15.81%  23.57%
mean  0.298510  23.61%  32.63%  42.52%

Ellipsis
Validation time: 6087s
Epoch 14: 100%|██████████████████████████████████████████████████████████████████████████████████████████████████████████████████████████████████████████████████████████████████████████████████████████████████████████████████████████████████████████████████| 10592/10592 [2:04:53<00:00,  1.41it/s, loss=0.0724]
Total time: 7506s, loss: 0.0761
Epoch 14: 100%|██████████████████████████████████████████████████████████████████████████████████████████████████████████████████████████████████████████████████████████████████████████████████████████████████████████████████████████████████████████████████| 10592/10592 [2:05:06<00:00,  1.41it/s, loss=0.0724]`Trainer.fit` stopped: `max_epochs=15` reached.
Epoch 14: 100%|██████████████████████████████████████████████████████████████████████████████████████████████████████████████████████████████████████████████████████████████████████████████████████████████████████████████████████████████████████████████████| 10592/10592 [2:05:06<00:00,  1.41it/s, loss=0.0724]
model_path: [./checkpoint/FB15k-237N-ko=ke-t5-base-ko=1219.014552/FB15k-237N-ko-epoch=011-val_mrr=0.2994.ckpt]
LOCAL_RANK: 0 - CUDA_VISIBLE_DEVICES: [1]
Testing DataLoader 1: 100%|█████████████████████████████████████████████████████████████████████████████████████████████████████████████████████████████████████████████████████████████████████████████████████████████████████████████████████████████████████████████████████████| 846/846 [52:32<00:00,  3.73s/it]


           mrr   hit@1   hit@3  hit@10
tail  0.445730  36.82%  49.04%  59.69%
head  0.151286  11.27%  16.12%  23.11%
mean  0.298508  24.05%  32.58%  41.40%

======================================================================
Epoch: test
Ellipsis
======================================================================
Testing DataLoader 1: 100%|█████████████████████████████████████████████████████████████████████████████████████████████████████████████████████████████████████████████████████████████████████████████████████████████████████████████████████████████████████████████████████████| 846/846 [52:32<00:00,  3.73s/it]
──────────────────────────────────────────────────────────────────────────────────────────────────────────────────────────────────────────────────────────────────────────────────────────────────────────────────────────────────────────────────────────────────────────────────────────────────────────────────────
Runningstage.testing metric      DataLoader 0             DataLoader 1
──────────────────────────────────────────────────────────────────────────────────────────────────────────────────────────────────────────────────────────────────────────────────────────────────────────────────────────────────────────────────────────────────────────────────────────────────────────────────────
         val_mrr            0.29850807785987854      0.29850807785987854
──────────────────────────────────────────────────────────────────────────────────────────────────────────────────────────────────────────────────────────────────────────────────────────────────────────────────────────────────────────────────────────────────────────────────────────────────────────────────────
(KG-S2S) chrisjihee@ptlm3:~/proj/KG-S2S$

