#export CUDA_VISIBLE_DEVICES=2
#export CUDA_VISIBLE_DEVICES=6
#python3 main.py -dataset FB15k-237N-ko -lr 0.001 -num_beams 40 -seq_dropout 0.2 -use_soft_prompt -use_rel_prompt_emb -src_descrip_max_length 200 -tgt_descrip_max_length 200 -pretrained_model KETI-AIR/ke-t5-base-ko
python3 main.py -dataset FB15k-237N-ko \
                -lr 0.001 \
                -precision bf16 \
                -epoch 15 \
                -batch_size 16 \
                -val_batch_size 8 \
                -num_beams 40 \
                -seq_dropout 0.2 \
                -use_soft_prompt \
                -use_rel_prompt_emb \
                -src_descrip_max_length 240 \
                -tgt_descrip_max_length 240 \
                -eval_tgt_max_length 90 \
                -pretrained_model KETI-AIR/ke-t5-base-ko



(KG-S2S) chrisjihee@ptlm3:~/proj/KG-S2S$ export CUDA_VISIBLE_DEVICES=0
(KG-S2S) chrisjihee@ptlm3:~/proj/KG-S2S$ setting-korean-batch_16/train-FB15k-237N-ko-KeT5-base-1.sh
Namespace(dataset_path='./data/processed', dataset='FB15k-237N-ko', model='T5Finetuner', precision='bf16', accelerator='gpu', seed=41504, num_workers=12, save_dir='./checkpoint/FB15k-237N-ko=ke-t5-base-ko=1219.014545', pretrained_model='KETI-AIR/ke-t5-base-ko', batch_size=16, val_batch_size=8, num_beams=40, num_beam_groups=1, src_max_length=512, train_tgt_max_length=512, eval_tgt_max_length=90, epochs=15, lr=0.001, diversity_penalty=0.0, model_path='', optim='Adam', decoder='beam_search', log_text=False, use_prefix_search=False, src_descrip_max_length=240, tgt_descrip_max_length=240, use_soft_prompt=True, use_rel_prompt_emb=True, check_every_n_epochs=3, seq_dropout=0.2, temporal=False, n_ent=12068, n_rel=90, vocab_size=64128, model_dim=768)
Global seed set to 41504
Special tokens have been added in the vocabulary, make sure the associated word embeddings are fine-tuned or trained.

----------------------------------------------------------------------------------
 - pretrained_model.model_type: t5
 - tokenizer.additional_special_tokens: ['<extra_id_0>', '<extra_id_1>', '<extra_id_2>', '<extra_id_3>', '<extra_id_4>', '<extra_id_5>', '<extra_id_6>', '<extra_id_7>', '<extra_id_8>', '<extra_id_9>', '<extra_id_10>', '<extra_id_11>', '<extra_id_12>', '<extra_id_13>', '<extra_id_14>', '<extra_id_15>', '<extra_id_16>', '<extra_id_17>', '<extra_id_18>', '<extra_id_19>', '<extra_id_20>', '<extra_id_21>', '<extra_id_22>', '<extra_id_23>', '<extra_id_24>', '<extra_id_25>', '<extra_id_26>', '<extra_id_27>', '<extra_id_28>', '<extra_id_29>', '<extra_id_30>', '<extra_id_31>', '<extra_id_32>', '<extra_id_33>', '<extra_id_34>', '<extra_id_35>', '<extra_id_36>', '<extra_id_37>', '<extra_id_38>', '<extra_id_39>', '<extra_id_40>', '<extra_id_41>', '<extra_id_42>', '<extra_id_43>', '<extra_id_44>', '<extra_id_45>', '<extra_id_46>', '<extra_id_47>', '<extra_id_48>', '<extra_id_49>', '<extra_id_50>', '<extra_id_51>', '<extra_id_52>', '<extra_id_53>', '<extra_id_54>', '<extra_id_55>', '<extra_id_56>', '<extra_id_57>', '<extra_id_58>', '<extra_id_59>', '<extra_id_60>', '<extra_id_61>', '<extra_id_62>', '<extra_id_63>', '<extra_id_64>', '<extra_id_65>', '<extra_id_66>', '<extra_id_67>', '<extra_id_68>', '<extra_id_69>', '<extra_id_70>', '<extra_id_71>', '<extra_id_72>', '<extra_id_73>', '<extra_id_74>', '<extra_id_75>', '<extra_id_76>', '<extra_id_77>', '<extra_id_78>', '<extra_id_79>', '<extra_id_80>', '<extra_id_81>', '<extra_id_82>', '<extra_id_83>', '<extra_id_84>', '<extra_id_85>', '<extra_id_86>', '<extra_id_87>', '<extra_id_88>', '<extra_id_89>', '<extra_id_90>', '<extra_id_91>', '<extra_id_92>', '<extra_id_93>', '<extra_id_94>', '<extra_id_95>', '<extra_id_96>', '<extra_id_97>', '<extra_id_98>', '<extra_id_99>']
 - extra_id_0_tok_id: 64099
----------------------------------------------------------------------------------

tokenizing entities...
100%|██████████████████████████████████████████████████████████████████████████████████████████████████████████████████████████████████████████████████████████████████████████████████████████████████████████████████████████████████████████████████████████████████████████| 12068/12068 [00:27<00:00, 432.51it/s]
Special tokens have been added in the vocabulary, make sure the associated word embeddings are fine-tuned or trained.
datamodule construction done.

----------------------------------------------------------------------------------
 * pl.Trainer(accelerator=gpu, precision=bf16, max_epochs=15, every_n_epoch=3)
----------------------------------------------------------------------------------

Using bfloat16 Automatic Mixed Precision (AMP)
GPU available: True (cuda), used: True
TPU available: False, using: 0 TPU cores
IPU available: False, using: 0 IPUs
HPU available: False, using: 0 HPUs
model construction done.
LOCAL_RANK: 0 - CUDA_VISIBLE_DEVICES: [0]

  | Name          | Type                               | Params
---------------------------------------------------------------------
0 | core_t5_model | ModifiedT5ForConditionalGeneration | 247 M
1 | rel_embed1    | Embedding                          | 69.1 K
2 | rel_embed2    | Embedding                          | 69.1 K
3 | rel_embed3    | Embedding                          | 69.1 K
4 | rel_embed4    | Embedding                          | 69.1 K
---------------------------------------------------------------------
247 M     Trainable params
0         Non-trainable params
247 M     Total params
991.024   Total estimated model params size (MB)
Training: 0it [00:00, ?it/s]

======================================================================
Epoch:    0,
Epoch 0: 100%|████████████████████████████████████████████████████████████████████████████████████████████████████████████████████████████████████████████████████████████████████████████████████████████████████████████████████████████████████████████████████████| 9138/9138 [23:04<00:00,  6.60it/s, loss=0.567]
Total time: 1384s, loss: 0.9877
Epoch 0: 100%|████████████████████████████████████████████████████████████████████████████████████████████████████████████████████████████████████████████████████████████████████████████████████████████████████████████████████████████████████████████████████████| 9138/9138 [23:04<00:00,  6.60it/s, loss=0.567]

======================================================================
Epoch:    1,
Epoch 1: 100%|████████████████████████████████████████████████████████████████████████████████████████████████████████████████████████████████████████████████████████████████████████████████████████████████████████████████████████████████████████████████████████| 9138/9138 [23:05<00:00,  6.59it/s, loss=0.381]
Total time: 1385s, loss: 0.4071
Epoch 1: 100%|████████████████████████████████████████████████████████████████████████████████████████████████████████████████████████████████████████████████████████████████████████████████████████████████████████████████████████████████████████████████████████| 9138/9138 [23:05<00:00,  6.59it/s, loss=0.381]

======================================================================
Epoch:    2,
Epoch 2: 100%|████████████████████████████████████████████████████████████████████████████████████████████████████████████████████████████████████████████████████████████████████████████████████████████████████████████████████████████████████████████████████████| 9138/9138 [23:11<00:00,  6.57it/s, loss=0.198]
Training time: 1391s
Epoch 2: : 10592it [2:05:56,  1.40it/s, loss=0.198]
Validation DataLoader 1: 100%|██████████████████████████████████████████████████████████████████████████████████████████████████████████████████████████████████████████████████████████████████████████████████████████████████████████████████████████████████████████████████████| 727/727 [50:59<00:00,  4.21s/it]

           mrr   hit@1   hit@3  hit@10
tail  0.335164  25.80%  36.73%  49.22%
head  0.069848   4.16%   7.64%  12.58%
mean  0.202506  14.98%  22.18%  30.90%

Ellipsis
Validation time: 6164s
Epoch 2: : 10592it [2:05:56,  1.40it/s, loss=0.198]
Total time: 7568s, loss: 0.2548
Epoch 2: : 10592it [2:06:08,  1.40it/s, loss=0.198]

======================================================================
Epoch:    3,
Epoch 3: 100%|████████████████████████████████████████████████████████████████████████████████████████████████████████████████████████████████████████████████████████████████████████████████████████████████████████████████████████████████████████████████████████| 9138/9138 [23:02<00:00,  6.61it/s, loss=0.241]
Total time: 1382s, loss: 0.1774
Epoch 3: 100%|████████████████████████████████████████████████████████████████████████████████████████████████████████████████████████████████████████████████████████████████████████████████████████████████████████████████████████████████████████████████████████| 9138/9138 [23:02<00:00,  6.61it/s, loss=0.241]

======================================================================
Epoch:    4,
Epoch 4: 100%|████████████████████████████████████████████████████████████████████████████████████████████████████████████████████████████████████████████████████████████████████████████████████████████████████████████████████████████████████████████████████████| 9138/9138 [23:06<00:00,  6.59it/s, loss=0.136]
Total time: 1386s, loss: 0.1476
Epoch 4: 100%|████████████████████████████████████████████████████████████████████████████████████████████████████████████████████████████████████████████████████████████████████████████████████████████████████████████████████████████████████████████████████████| 9138/9138 [23:06<00:00,  6.59it/s, loss=0.136]

======================================================================
Epoch:    5,
Epoch 5:  86%|█████████████████████████████████████████████████████████████████████████████████████████████████████████████████████████████████████████████████████████████████████████████████████████████████████████████████████                                  | 9138/10592 [23:07<03:40,  6.59it/s, loss=0.132]
Training time: 1387s
Epoch 5: 100%|████████████████████████████████████████████████████████████████████████████████████████████████████████████████████████████████████████████████████████████████████████████████████████████████████████████████████████████████████████████████████| 10592/10592 [2:04:30<00:00,  1.42it/s, loss=0.132]
Validation DataLoader 1: 100%|██████████████████████████████████████████████████████████████████████████████████████████████████████████████████████████████████████████████████████████████████████████████████████████████████████████████████████████████████████████████████████| 727/727 [50:45<00:00,  4.19s/it]

           mrr   hit@1   hit@3  hit@10
tail  0.356701  27.44%  39.70%  51.80%
head  0.080720   5.04%   8.48%  14.54%
mean  0.218710  16.24%  24.09%  33.17%

Ellipsis
Validation time: 6082s
Epoch 5: 100%|████████████████████████████████████████████████████████████████████████████████████████████████████████████████████████████████████████████████████████████████████████████████████████████████████████████████████████████████████████████████████| 10592/10592 [2:04:30<00:00,  1.42it/s, loss=0.132]
Total time: 7482s, loss: 0.1261
Epoch 5: 100%|████████████████████████████████████████████████████████████████████████████████████████████████████████████████████████████████████████████████████████████████████████████████████████████████████████████████████████████████████████████████████| 10592/10592 [2:04:42<00:00,  1.42it/s, loss=0.132]

======================================================================
Epoch:    6,
Epoch 6: 100%|████████████████████████████████████████████████████████████████████████████████████████████████████████████████████████████████████████████████████████████████████████████████████████████████████████████████████████████████████████████████████████| 9138/9138 [23:15<00:00,  6.55it/s, loss=0.109]
Total time: 1395s, loss: 0.1127
Epoch 6: 100%|████████████████████████████████████████████████████████████████████████████████████████████████████████████████████████████████████████████████████████████████████████████████████████████████████████████████████████████████████████████████████████| 9138/9138 [23:15<00:00,  6.55it/s, loss=0.109]

======================================================================
Epoch:    7,
Epoch 7: 100%|████████████████████████████████████████████████████████████████████████████████████████████████████████████████████████████████████████████████████████████████████████████████████████████████████████████████████████████████████████████████████████| 9138/9138 [23:13<00:00,  6.56it/s, loss=0.108]
Total time: 1393s, loss: 0.1048
Epoch 7: 100%|████████████████████████████████████████████████████████████████████████████████████████████████████████████████████████████████████████████████████████████████████████████████████████████████████████████████████████████████████████████████████████| 9138/9138 [23:13<00:00,  6.56it/s, loss=0.108]

======================================================================
Epoch:    8,
Epoch 8:  86%|████████████████████████████████████████████████████████████████████████████████████████████████████████████████████████████████████████████████████████████████████████████████████████████████████████████████████▏                                 | 9138/10592 [23:15<03:42,  6.55it/s, loss=0.0904]
Training time: 1396s
Epoch 8: 100%|███████████████████████████████████████████████████████████████████████████████████████████████████████████████████████████████████████████████████████████████████████████████████████████████████████████████████████████████████████████████████| 10592/10592 [2:06:25<00:00,  1.40it/s, loss=0.0904]
Validation DataLoader 1: 100%|██████████████████████████████████████████████████████████████████████████████████████████████████████████████████████████████████████████████████████████████████████████████████████████████████████████████████████████████████████████████████████| 727/727 [51:59<00:00,  4.29s/it]

           mrr   hit@1   hit@3  hit@10
tail  0.372179  28.32%  42.20%  54.26%
head  0.095245   6.00%  10.30%  16.86%
mean  0.233712  17.16%  26.25%  35.56%

Ellipsis
Validation time: 6189s
Epoch 8: 100%|███████████████████████████████████████████████████████████████████████████████████████████████████████████████████████████████████████████████████████████████████████████████████████████████████████████████████████████████████████████████████| 10592/10592 [2:06:25<00:00,  1.40it/s, loss=0.0904]
Total time: 7598s, loss: 0.0986
Epoch 8: 100%|███████████████████████████████████████████████████████████████████████████████████████████████████████████████████████████████████████████████████████████████████████████████████████████████████████████████████████████████████████████████████| 10592/10592 [2:06:38<00:00,  1.39it/s, loss=0.0904]

======================================================================
Epoch:    9,
Epoch 9: 100%|████████████████████████████████████████████████████████████████████████████████████████████████████████████████████████████████████████████████████████████████████████████████████████████████████████████████████████████████████████████████████████| 9138/9138 [23:01<00:00,  6.61it/s, loss=0.092]
Total time: 1381s, loss: 0.0944
Epoch 9: 100%|████████████████████████████████████████████████████████████████████████████████████████████████████████████████████████████████████████████████████████████████████████████████████████████████████████████████████████████████████████████████████████| 9138/9138 [23:01<00:00,  6.61it/s, loss=0.092]

======================================================================
Epoch:   10,
Epoch 10: 100%|██████████████████████████████████████████████████████████████████████████████████████████████████████████████████████████████████████████████████████████████████████████████████████████████████████████████████████████████████████████████████████| 9138/9138 [23:14<00:00,  6.55it/s, loss=0.0911]
Total time: 1394s, loss: 0.0910
Epoch 10: 100%|██████████████████████████████████████████████████████████████████████████████████████████████████████████████████████████████████████████████████████████████████████████████████████████████████████████████████████████████████████████████████████| 9138/9138 [23:14<00:00,  6.55it/s, loss=0.0911]

======================================================================
Epoch:   11,
Epoch 11:  86%|███████████████████████████████████████████████████████████████████████████████████████████████████████████████████████████████████████████████████████████████████████████████████████████████████████████████████▎                                 | 9138/10592 [23:08<03:40,  6.58it/s, loss=0.0995]
Training time: 1388s
Epoch 11: 100%|██████████████████████████████████████████████████████████████████████████████████████████████████████████████████████████████████████████████████████████████████████████████████████████████████████████████████████████████████████████████████| 10592/10592 [2:05:17<00:00,  1.41it/s, loss=0.0995]
Validation DataLoader 1: 100%|██████████████████████████████████████████████████████████████████████████████████████████████████████████████████████████████████████████████████████████████████████████████████████████████████████████████████████████████████████████████████████| 727/727 [50:22<00:00,  4.16s/it]

           mrr   hit@1   hit@3  hit@10
tail  0.387720  30.40%  43.14%  54.70%
head  0.101302   6.67%  10.68%  17.27%
mean  0.244511  18.54%  26.91%  35.99%

Ellipsis
Validation time: 6128s
Epoch 11: 100%|██████████████████████████████████████████████████████████████████████████████████████████████████████████████████████████████████████████████████████████████████████████████████████████████████████████████████████████████████████████████████| 10592/10592 [2:05:17<00:00,  1.41it/s, loss=0.0995]
Total time: 7530s, loss: 0.0883
Epoch 11: 100%|██████████████████████████████████████████████████████████████████████████████████████████████████████████████████████████████████████████████████████████████████████████████████████████████████████████████████████████████████████████████████| 10592/10592 [2:05:30<00:00,  1.41it/s, loss=0.0995]

======================================================================
Epoch:   12,
Epoch 12: 100%|██████████████████████████████████████████████████████████████████████████████████████████████████████████████████████████████████████████████████████████████████████████████████████████████████████████████████████████████████████████████████████| 9138/9138 [23:11<00:00,  6.56it/s, loss=0.0934]
Total time: 1391s, loss: 0.0878
Epoch 12: 100%|██████████████████████████████████████████████████████████████████████████████████████████████████████████████████████████████████████████████████████████████████████████████████████████████████████████████████████████████████████████████████████| 9138/9138 [23:11<00:00,  6.56it/s, loss=0.0934]

======================================================================
Epoch:   13,
Epoch 13: 100%|██████████████████████████████████████████████████████████████████████████████████████████████████████████████████████████████████████████████████████████████████████████████████████████████████████████████████████████████████████████████████████| 9138/9138 [23:14<00:00,  6.55it/s, loss=0.0839]
Total time: 1394s, loss: 0.0868
Epoch 13: 100%|██████████████████████████████████████████████████████████████████████████████████████████████████████████████████████████████████████████████████████████████████████████████████████████████████████████████████████████████████████████████████████| 9138/9138 [23:14<00:00,  6.55it/s, loss=0.0839]

======================================================================
Epoch:   14,
Epoch 14:  86%|███████████████████████████████████████████████████████████████████████████████████████████████████████████████████████████████████████████████████████████████████████████████████████████████████████████████████▎                                 | 9138/10592 [23:15<03:42,  6.55it/s, loss=0.0824]
Training time: 1395s
Epoch 14: 100%|██████████████████████████████████████████████████████████████████████████████████████████████████████████████████████████████████████████████████████████████████████████████████████████████████████████████████████████████████████████████████| 10592/10592 [2:04:45<00:00,  1.41it/s, loss=0.0824]
Validation DataLoader 1: 100%|██████████████████████████████████████████████████████████████████████████████████████████████████████████████████████████████████████████████████████████████████████████████████████████████████████████████████████████████████████████████████████| 727/727 [49:47<00:00,  4.11s/it]

           mrr   hit@1   hit@3  hit@10
tail  0.369683  28.81%  40.84%  52.42%
head  0.097502   6.23%  10.32%  17.17%
mean  0.233593  17.52%  25.58%  34.79%

Ellipsis
Validation time: 6089s
Epoch 14: 100%|██████████████████████████████████████████████████████████████████████████████████████████████████████████████████████████████████████████████████████████████████████████████████████████████████████████████████████████████████████████████████| 10592/10592 [2:04:45<00:00,  1.41it/s, loss=0.0824]
Total time: 7498s, loss: 0.0855
Epoch 14: 100%|██████████████████████████████████████████████████████████████████████████████████████████████████████████████████████████████████████████████████████████████████████████████████████████████████████████████████████████████████████████████████| 10592/10592 [2:04:58<00:00,  1.41it/s, loss=0.0824]`Trainer.fit` stopped: `max_epochs=15` reached.
Epoch 14: 100%|██████████████████████████████████████████████████████████████████████████████████████████████████████████████████████████████████████████████████████████████████████████████████████████████████████████████████████████████████████████████████| 10592/10592 [2:04:58<00:00,  1.41it/s, loss=0.0824]
model_path: [./checkpoint/FB15k-237N-ko=ke-t5-base-ko=1219.014545/FB15k-237N-ko-epoch=011-val_mrr=0.2445.ckpt]
LOCAL_RANK: 0 - CUDA_VISIBLE_DEVICES: [0]
Testing DataLoader 1: 100%|█████████████████████████████████████████████████████████████████████████████████████████████████████████████████████████████████████████████████████████████████████████████████████████████████████████████████████████████████████████████████████████| 846/846 [51:53<00:00,  3.68s/it]


           mrr   hit@1   hit@3  hit@10
tail  0.383189  30.21%  42.62%  53.77%
head  0.110400   7.60%  11.76%  18.01%
mean  0.246795  18.91%  27.19%  35.89%

======================================================================
Epoch: test
Ellipsis
======================================================================
Testing DataLoader 1: 100%|█████████████████████████████████████████████████████████████████████████████████████████████████████████████████████████████████████████████████████████████████████████████████████████████████████████████████████████████████████████████████████████| 846/846 [51:53<00:00,  3.68s/it]
──────────────────────────────────────────────────────────────────────────────────────────────────────────────────────────────────────────────────────────────────────────────────────────────────────────────────────────────────────────────────────────────────────────────────────────────────────────────────────
Runningstage.testing metric      DataLoader 0             DataLoader 1
──────────────────────────────────────────────────────────────────────────────────────────────────────────────────────────────────────────────────────────────────────────────────────────────────────────────────────────────────────────────────────────────────────────────────────────────────────────────────────
         val_mrr            0.24679455161094666      0.24679455161094666
──────────────────────────────────────────────────────────────────────────────────────────────────────────────────────────────────────────────────────────────────────────────────────────────────────────────────────────────────────────────────────────────────────────────────────────────────────────────────────
(KG-S2S) chrisjihee@ptlm3:~/proj/KG-S2S$

