(KG-S2S) chrisjihee@dgx-a100:~/proj/KG-S2S$ bash setting-korean/train-FB15k-237N-ko-T5.sh
Namespace(dataset_path='./data/processed', dataset='FB15k-237N-ko', model='T5Finetuner', gpu='0', seed=41504, num_workers=4, save_dir='./checkpoint/FB15k-237N-ko-2023-12-08 23:24:46.524169', pretrained_model='t5-base', batch_size=32, val_batch_size=8, num_beams=40, num_beam_groups=1, src_max_length=512, train_tgt_max_length=512, eval_tgt_max_length=30, epochs=50, lr=0.001, diversity_penalty=0.0, model_path='', optim='Adam', decoder='beam_search', log_text=False, use_prefix_search=False, src_descrip_max_length=80, tgt_descrip_max_length=80, use_soft_prompt=True, use_rel_prompt_emb=True, skip_n_val_epoch=0, seq_dropout=0.2, temporal=False, n_ent=12068, n_rel=90, vocab_size=32128, model_dim=768)
Global seed set to 41504
tokenizing entities...
100%|█████████████████████████████████████████████████████████████████████████████████████████████████████████████████████████████████████████████████████████████████████████████████████████| 12068/12068 [00:06<00:00, 1952.28it/s]
datamodule construction done.

----------------------------------------------------------------------------------
 * pl.Trainer(accelerator=gpu, devices=[0])
----------------------------------------------------------------------------------

GPU available: True, used: True
TPU available: False, using: 0 TPU cores
IPU available: False, using: 0 IPUs
HPU available: False, using: 0 HPUs
model construction done.
LOCAL_RANK: 0 - CUDA_VISIBLE_DEVICES: [0,1,2,3,4,5,6,7]

  | Name                       | Type                               | Params
----------------------------------------------------------------------------------
0 | T5ForConditionalGeneration | ModifiedT5ForConditionalGeneration | 222 M
1 | rel_embed1                 | Embedding                          | 69.1 K
2 | rel_embed2                 | Embedding                          | 69.1 K
3 | rel_embed3                 | Embedding                          | 69.1 K
4 | rel_embed4                 | Embedding                          | 69.1 K
----------------------------------------------------------------------------------
223 M     Trainable params
0         Non-trainable params
223 M     Total params
892.720   Total estimated model params size (MB)
Training: 0it [00:00, ?it/s]Epoch:    0,
Epoch 0:  76%|███████████████████████████████████████████████████████████████████████████████████████████████████████████████████████████████▍                                        | 4569/6023 [07:01<02:14, 10.84it/s, loss=0.263]Training time:  421s
Epoch 0: 100%|████████████████████████████████████████████████████████████████████████████████████████████████████████████████████████████████████████████████████████████████████████| 6023/6023 [47:13<00:00,  2.13it/s, loss=0.263]
                   mrr          mr   hit@1   hit@3  hit@10██████████████████████████████████████████████████████████████████████████████████████████████████████████████████████████████████████████| 727/727 [20:09<00:00,  1.52s/it]
tail ranking  0.936436  264.792362  91.86%  95.46%  95.91%
head ranking  0.833095  722.085842  79.39%  87.30%  88.03%
mean ranking  0.884766  493.439102  85.63%  91.38%  91.97%
Ellipsis
Validation time: 2412s
Epoch 0: 100%|████████████████████████████████████████████████████████████████████████████████████████████████████████████████████████████████████████████████████████████████████████| 6023/6023 [47:14<00:00,  2.13it/s, loss=0.263]
Total time: 2834s, loss: 0.3274
--------------------------------------------------
Epoch 0: 100%|████████████████████████████████████████████████████████████████████████████████████████████████████████████████████████████████████████████████████████████████████████| 6023/6023 [47:14<00:00,  2.13it/s, loss=0.263]Epoch:    1,
Epoch 1:  76%|███████████████████████████████████████████████████████████████████████████████████████████████████████████████████████████████▍                                        | 4569/6023 [07:01<02:14, 10.84it/s, loss=0.202]Training time:  421s
Epoch 1: 100%|████████████████████████████████████████████████████████████████████████████████████████████████████████████████████████████████████████████████████████████████████████| 6023/6023 [47:23<00:00,  2.12it/s, loss=0.202]
                   mrr          mr   hit@1   hit@3  hit@10██████████████████████████████████████████████████████████████████████████████████████████████████████████████████████████████████████████| 727/727 [20:27<00:00,  1.54s/it]
tail ranking  0.935714  193.646138  90.80%  96.40%  96.82%
head ranking  0.831495  574.972648  77.15%  89.30%  90.35%
mean ranking  0.883604  384.309393  83.98%  92.85%  93.58%
Ellipsis
Validation time: 2422s
Epoch 1: 100%|████████████████████████████████████████████████████████████████████████████████████████████████████████████████████████████████████████████████████████████████████████| 6023/6023 [47:23<00:00,  2.12it/s, loss=0.202]
Total time: 2843s, loss: 0.2345
--------------------------------------------------
Epoch 1: 100%|████████████████████████████████████████████████████████████████████████████████████████████████████████████████████████████████████████████████████████████████████████| 6023/6023 [47:23<00:00,  2.12it/s, loss=0.202]Epoch:    2,
Epoch 2:  76%|███████████████████████████████████████████████████████████████████████████████████████████████████████████████████████████████▍                                        | 4569/6023 [07:00<02:13, 10.86it/s, loss=0.202]Training time:  420s
Epoch 2: 100%|████████████████████████████████████████████████████████████████████████████████████████████████████████████████████████████████████████████████████████████████████████| 6023/6023 [47:49<00:00,  2.10it/s, loss=0.202]
                   mrr          mr   hit@1   hit@3  hit@10██████████████████████████████████████████████████████████████████████████████████████████████████████████████████████████████████████████| 727/727 [20:22<00:00,  1.51s/it]
tail ranking  0.936398  204.792018  91.16%  96.15%  96.68%
head ranking  0.830244  664.223465  78.46%  87.49%  88.96%
mean ranking  0.883321  434.507741  84.81%  91.82%  92.82%
Ellipsis
Validation time: 2448s
Epoch 2: 100%|████████████████████████████████████████████████████████████████████████████████████████████████████████████████████████████████████████████████████████████████████████| 6023/6023 [47:49<00:00,  2.10it/s, loss=0.202]
Total time: 2869s, loss: 0.2032
--------------------------------------------------
Epoch 2: 100%|████████████████████████████████████████████████████████████████████████████████████████████████████████████████████████████████████████████████████████████████████████| 6023/6023 [47:49<00:00,  2.10it/s, loss=0.202]Epoch:    3,
Epoch 3:  76%|███████████████████████████████████████████████████████████████████████████████████████████████████████████████████████████████▍                                        | 4569/6023 [07:00<02:13, 10.86it/s, loss=0.179]Training time:  420s
Epoch 3: 100%|████████████████████████████████████████████████████████████████████████████████████████████████████████████████████████████████████████████████████████████████████████| 6023/6023 [47:15<00:00,  2.12it/s, loss=0.179]
                   mrr          mr   hit@1   hit@3  hit@10██████████████████████████████████████████████████████████████████████████████████████████████████████████████████████████████████████████| 727/727 [20:00<00:00,  1.51s/it]
tail ranking  0.911490  263.001720  88.18%  94.15%  95.39%
head ranking  0.810953  586.643386  74.49%  87.29%  90.30%
mean ranking  0.861222  424.822553  81.33%  90.72%  92.84%
Ellipsis
Validation time: 2414s
Epoch 3: 100%|████████████████████████████████████████████████████████████████████████████████████████████████████████████████████████████████████████████████████████████████████████| 6023/6023 [47:15<00:00,  2.12it/s, loss=0.179]
Total time: 2835s, loss: 0.1882
--------------------------------------------------
Epoch 3: 100%|████████████████████████████████████████████████████████████████████████████████████████████████████████████████████████████████████████████████████████████████████████| 6023/6023 [47:15<00:00,  2.12it/s, loss=0.179]Epoch:    4,
Epoch 4:  76%|███████████████████████████████████████████████████████████████████████████████████████████████████████████████████████████████▍                                        | 4569/6023 [07:02<02:14, 10.80it/s, loss=0.167]Training time:  423s
Epoch 4: 100%|████████████████████████████████████████████████████████████████████████████████████████████████████████████████████████████████████████████████████████████████████████| 6023/6023 [46:53<00:00,  2.14it/s, loss=0.167]
                   mrr          mr   hit@1   hit@3  hit@10██████████████████████████████████████████████████████████████████████████████████████████████████████████████████████████████████████████| 727/727 [19:44<00:00,  1.47s/it]
tail ranking  0.942275  190.804920  92.09%  96.30%  96.89%
head ranking  0.846543  696.548942  81.80%  87.27%  88.39%
mean ranking  0.894409  443.676931  86.94%  91.79%  92.64%
Ellipsis
Validation time: 2390s
Epoch 4: 100%|████████████████████████████████████████████████████████████████████████████████████████████████████████████████████████████████████████████████████████████████████████| 6023/6023 [46:53<00:00,  2.14it/s, loss=0.167]
Total time: 2813s, loss: 0.1799
--------------------------------------------------
Epoch 4: 100%|████████████████████████████████████████████████████████████████████████████████████████████████████████████████████████████████████████████████████████████████████████| 6023/6023 [46:53<00:00,  2.14it/s, loss=0.167]Epoch:    5,
Epoch 5:  76%|███████████████████████████████████████████████████████████████████████████████████████████████████████████████████████████████▍                                        | 4569/6023 [07:02<02:14, 10.81it/s, loss=0.189]Training time:  422s
Epoch 5: 100%|████████████████████████████████████████████████████████████████████████████████████████████████████████████████████████████████████████████████████████████████████████| 6023/6023 [47:45<00:00,  2.10it/s, loss=0.189]
                   mrr          mr   hit@1   hit@3  hit@10██████████████████████████████████████████████████████████████████████████████████████████████████████████████████████████████████████████| 727/727 [20:31<00:00,  1.57s/it]
tail ranking  0.943058  172.332186  92.26%  96.27%  96.97%
head ranking  0.819838  657.574230  76.81%  86.94%  88.89%
mean ranking  0.881448  414.953208  84.53%  91.61%  92.93%
Ellipsis
Validation time: 2442s
Epoch 5: 100%|████████████████████████████████████████████████████████████████████████████████████████████████████████████████████████████████████████████████████████████████████████| 6023/6023 [47:45<00:00,  2.10it/s, loss=0.189]
Total time: 2865s, loss: 0.1742
--------------------------------------------------
Epoch 5: 100%|████████████████████████████████████████████████████████████████████████████████████████████████████████████████████████████████████████████████████████████████████████| 6023/6023 [47:45<00:00,  2.10it/s, loss=0.189]Epoch:    6,
Epoch 6:  76%|███████████████████████████████████████████████████████████████████████████████████████████████████████████████████████████████▍                                        | 4569/6023 [06:59<02:13, 10.88it/s, loss=0.157]Training time:  420s
Epoch 6: 100%|████████████████████████████████████████████████████████████████████████████████████████████████████████████████████████████████████████████████████████████████████████| 6023/6023 [47:46<00:00,  2.10it/s, loss=0.157]
                   mrr          mr   hit@1   hit@3  hit@10██████████████████████████████████████████████████████████████████████████████████████████████████████████████████████████████████████████| 727/727 [20:20<00:00,  1.50s/it]
tail ranking  0.936972  188.515052  91.14%  96.27%  96.85%
head ranking  0.798275  624.472562  72.63%  86.48%  89.15%
mean ranking  0.867623  406.493807  81.89%  91.37%  93.00%
Ellipsis
Validation time: 2446s
Epoch 6: 100%|████████████████████████████████████████████████████████████████████████████████████████████████████████████████████████████████████████████████████████████████████████| 6023/6023 [47:46<00:00,  2.10it/s, loss=0.157]
Total time: 2866s, loss: 0.1701
--------------------------------------------------
Epoch 6: 100%|████████████████████████████████████████████████████████████████████████████████████████████████████████████████████████████████████████████████████████████████████████| 6023/6023 [47:46<00:00,  2.10it/s, loss=0.157]Epoch:    7,
Epoch 7:  76%|███████████████████████████████████████████████████████████████████████████████████████████████████████████████████████████████▍                                        | 4569/6023 [06:54<02:11, 11.02it/s, loss=0.168]Training time:  414s
Epoch 7: 100%|████████████████████████████████████████████████████████████████████████████████████████████████████████████████████████████████████████████████████████████████████████| 6023/6023 [47:36<00:00,  2.11it/s, loss=0.168]
                   mrr          mr   hit@1   hit@3  hit@10██████████████████████████████████████████████████████████████████████████████████████████████████████████████████████████████████████████| 727/727 [20:21<00:00,  1.55s/it]
tail ranking  0.925109  269.495613  90.13%  94.86%  95.54%
head ranking  0.772500  889.075864  72.20%  81.47%  85.03%
mean ranking  0.848804  579.285739  81.16%  88.16%  90.29%
Ellipsis
Validation time: 2441s
Epoch 7: 100%|████████████████████████████████████████████████████████████████████████████████████████████████████████████████████████████████████████████████████████████████████████| 6023/6023 [47:36<00:00,  2.11it/s, loss=0.168]
Total time: 2856s, loss: 0.1669
--------------------------------------------------
Epoch 7: 100%|████████████████████████████████████████████████████████████████████████████████████████████████████████████████████████████████████████████████████████████████████████| 6023/6023 [47:36<00:00,  2.11it/s, loss=0.168]Epoch:    8,
Epoch 8:  76%|███████████████████████████████████████████████████████████████████████████████████████████████████████████████████████████████▍                                        | 4569/6023 [06:57<02:12, 10.95it/s, loss=0.157]Training time:  417s
Epoch 8: 100%|████████████████████████████████████████████████████████████████████████████████████████████████████████████████████████████████████████████████████████████████████████| 6023/6023 [47:41<00:00,  2.10it/s, loss=0.157]
                   mrr          mr   hit@1   hit@3  hit@10██████████████████████████████████████████████████████████████████████████████████████████████████████████████████████████████████████████| 727/727 [20:23<00:00,  1.51s/it]
tail ranking  0.930925  233.840530  90.49%  95.77%  96.30%
head ranking  0.787970  926.490796  74.82%  82.59%  84.38%
mean ranking  0.859448  580.165663  82.65%  89.18%  90.34%
Ellipsis
Validation time: 2444s
Epoch 8: 100%|████████████████████████████████████████████████████████████████████████████████████████████████████████████████████████████████████████████████████████████████████████| 6023/6023 [47:41<00:00,  2.10it/s, loss=0.157]
Total time: 2861s, loss: 0.1637
--------------------------------------------------
Epoch 8: 100%|████████████████████████████████████████████████████████████████████████████████████████████████████████████████████████████████████████████████████████████████████████| 6023/6023 [47:41<00:00,  2.10it/s, loss=0.157]Epoch:    9,
Epoch 9:  76%|████████████████████████████████████████████████████████████████████████████████████████████████████████████████████████████████▏                                        | 4569/6023 [06:54<02:12, 11.01it/s, loss=0.16]Training time:  414s
Epoch 9: 100%|█████████████████████████████████████████████████████████████████████████████████████████████████████████████████████████████████████████████████████████████████████████| 6023/6023 [47:28<00:00,  2.11it/s, loss=0.16]
                   mrr           mr   hit@1   hit@3  hit@10█████████████████████████████████████████████████████████████████████████████████████████████████████████████████████████████████████████| 727/727 [20:15<00:00,  1.51s/it]
tail ranking  0.936776   189.101497  91.21%  96.23%  96.77%
head ranking  0.779336  1005.614141  73.39%  82.52%  83.85%
mean ranking  0.858056   597.357819  82.30%  89.38%  90.31%
Ellipsis
Validation time: 2433s
Epoch 9: 100%|█████████████████████████████████████████████████████████████████████████████████████████████████████████████████████████████████████████████████████████████████████████| 6023/6023 [47:28<00:00,  2.11it/s, loss=0.16]
Total time: 2848s, loss: 0.1622
--------------------------------------------------
Epoch 9: 100%|█████████████████████████████████████████████████████████████████████████████████████████████████████████████████████████████████████████████████████████████████████████| 6023/6023 [47:28<00:00,  2.11it/s, loss=0.16]Epoch:   10,
Epoch 10:  76%|██████████████████████████████████████████████████████████████████████████████████████████████████████████████████████████████▋                                        | 4569/6023 [07:00<02:13, 10.88it/s, loss=0.157]Training time:  420s
Epoch 10: 100%|███████████████████████████████████████████████████████████████████████████████████████████████████████████████████████████████████████████████████████████████████████| 6023/6023 [47:50<00:00,  2.10it/s, loss=0.157]
                   mrr          mr   hit@1   hit@3  hit@10██████████████████████████████████████████████████████████████████████████████████████████████████████████████████████████████████████████| 727/727 [20:29<00:00,  1.54s/it]
tail ranking  0.936432  186.075176  91.19%  96.15%  96.77%
head ranking  0.781514  885.985378  72.77%  83.06%  85.58%
mean ranking  0.858973  536.030277  81.98%  89.60%  91.17%
Ellipsis
Validation time: 2450s
Epoch 10: 100%|███████████████████████████████████████████████████████████████████████████████████████████████████████████████████████████████████████████████████████████████████████| 6023/6023 [47:51<00:00,  2.10it/s, loss=0.157]
Total time: 2871s, loss: 0.1603
--------------------------------------------------
Epoch 10: 100%|███████████████████████████████████████████████████████████████████████████████████████████████████████████████████████████████████████████████████████████████████████| 6023/6023 [47:51<00:00,  2.10it/s, loss=0.157]Epoch:   11,
Epoch 11:  76%|██████████████████████████████████████████████████████████████████████████████████████████████████████████████████████████████▋                                        | 4569/6023 [07:02<02:14, 10.82it/s, loss=0.167]Training time:  422s
Epoch 11: 100%|███████████████████████████████████████████████████████████████████████████████████████████████████████████████████████████████████████████████████████████████████████| 6023/6023 [47:51<00:00,  2.10it/s, loss=0.167]
                   mrr          mr   hit@1   hit@3  hit@10██████████████████████████████████████████████████████████████████████████████████████████████████████████████████████████████████████████| 727/727 [20:22<00:00,  1.52s/it]
tail ranking  0.920014  240.753312  88.89%  95.22%  96.04%
head ranking  0.777286  849.143816  71.29%  84.31%  85.81%
mean ranking  0.848650  544.948564  80.09%  89.76%  90.93%
Ellipsis
Validation time: 2449s
Epoch 11: 100%|███████████████████████████████████████████████████████████████████████████████████████████████████████████████████████████████████████████████████████████████████████| 6023/6023 [47:51<00:00,  2.10it/s, loss=0.167]
Total time: 2871s, loss: 0.1590
--------------------------------------------------
Epoch 11: 100%|███████████████████████████████████████████████████████████████████████████████████████████████████████████████████████████████████████████████████████████████████████| 6023/6023 [47:51<00:00,  2.10it/s, loss=0.167]Epoch:   12,
Epoch 12:  76%|██████████████████████████████████████████████████████████████████████████████████████████████████████████████████████████████▋                                        | 4569/6023 [07:02<02:14, 10.81it/s, loss=0.156]Training time:  422s
Epoch 12: 100%|███████████████████████████████████████████████████████████████████████████████████████████████████████████████████████████████████████████████████████████████████████| 6023/6023 [47:56<00:00,  2.09it/s, loss=0.156]
                   mrr          mr   hit@1   hit@3  hit@10██████████████████████████████████████████████████████████████████████████████████████████████████████████████████████████████████████████| 727/727 [20:26<00:00,  1.55s/it]
tail ranking  0.915200  250.299157  88.06%  95.11%  95.99%
head ranking  0.788233  815.183382  74.01%  83.14%  86.24%
mean ranking  0.851716  532.741270  81.03%  89.13%  91.11%
Ellipsis
Validation time: 2453s
Epoch 12: 100%|███████████████████████████████████████████████████████████████████████████████████████████████████████████████████████████████████████████████████████████████████████| 6023/6023 [47:56<00:00,  2.09it/s, loss=0.156]
Total time: 2876s, loss: 0.1574
--------------------------------------------------
Epoch 12: 100%|███████████████████████████████████████████████████████████████████████████████████████████████████████████████████████████████████████████████████████████████████████| 6023/6023 [47:56<00:00,  2.09it/s, loss=0.156]Epoch:   13,
Epoch 13:  76%|██████████████████████████████████████████████████████████████████████████████████████████████████████████████████████████████▋                                        | 4569/6023 [07:01<02:14, 10.83it/s, loss=0.157]Training time:  421s
Epoch 13: 100%|███████████████████████████████████████████████████████████████████████████████████████████████████████████████████████████████████████████████████████████████████████| 6023/6023 [48:02<00:00,  2.09it/s, loss=0.157]
                   mrr          mr   hit@1   hit@3  hit@10██████████████████████████████████████████████████████████████████████████████████████████████████████████████████████████████████████████| 727/727 [20:31<00:00,  1.55s/it]
tail ranking  0.920283  191.290040  88.80%  95.10%  96.71%
head ranking  0.772405  931.209186  72.37%  81.56%  85.00%
mean ranking  0.846344  561.249613  80.59%  88.33%  90.86%
Ellipsis
Validation time: 2460s
Epoch 13: 100%|███████████████████████████████████████████████████████████████████████████████████████████████████████████████████████████████████████████████████████████████████████| 6023/6023 [48:02<00:00,  2.09it/s, loss=0.157]
Total time: 2882s, loss: 0.1563
--------------------------------------------------
Epoch 13: 100%|███████████████████████████████████████████████████████████████████████████████████████████████████████████████████████████████████████████████████████████████████████| 6023/6023 [48:02<00:00,  2.09it/s, loss=0.157]Epoch:   14,
Epoch 14:  76%|██████████████████████████████████████████████████████████████████████████████████████████████████████████████████████████████▋                                        | 4569/6023 [06:58<02:13, 10.91it/s, loss=0.155]Training time:  419s
Epoch 14: 100%|███████████████████████████████████████████████████████████████████████████████████████████████████████████████████████████████████████████████████████████████████████| 6023/6023 [47:45<00:00,  2.10it/s, loss=0.155]
                   mrr          mr   hit@1   hit@3  hit@10██████████████████████████████████████████████████████████████████████████████████████████████████████████████████████████████████████████| 727/727 [20:20<00:00,  1.52s/it]
tail ranking  0.934577  192.311199  90.78%  96.16%  96.92%
head ranking  0.787350  829.486496  73.34%  83.83%  86.19%
mean ranking  0.860963  510.898847  82.06%  90.00%  91.55%
Ellipsis
Validation time: 2446s
Epoch 14: 100%|███████████████████████████████████████████████████████████████████████████████████████████████████████████████████████████████████████████████████████████████████████| 6023/6023 [47:45<00:00,  2.10it/s, loss=0.155]
Total time: 2865s, loss: 0.1552
--------------------------------------------------
Epoch 14: 100%|███████████████████████████████████████████████████████████████████████████████████████████████████████████████████████████████████████████████████████████████████████| 6023/6023 [47:45<00:00,  2.10it/s, loss=0.155]Epoch:   15,
Epoch 15:  76%|██████████████████████████████████████████████████████████████████████████████████████████████████████████████████████████████▋                                        | 4569/6023 [07:03<02:14, 10.80it/s, loss=0.164]Training time:  423s
Epoch 15: 100%|███████████████████████████████████████████████████████████████████████████████████████████████████████████████████████████████████████████████████████████████████████| 6023/6023 [47:49<00:00,  2.10it/s, loss=0.164]
                   mrr          mr   hit@1   hit@3  hit@10██████████████████████████████████████████████████████████████████████████████████████████████████████████████████████████████████████████| 727/727 [20:18<00:00,  1.51s/it]
tail ranking  0.928913  187.696198  89.59%  96.34%  96.97%
head ranking  0.839094  609.355410  79.53%  88.22%  89.95%
mean ranking  0.884004  398.525804  84.56%  92.28%  93.46%
Ellipsis
Validation time: 2446s
Epoch 15: 100%|███████████████████████████████████████████████████████████████████████████████████████████████████████████████████████████████████████████████████████████████████████| 6023/6023 [47:49<00:00,  2.10it/s, loss=0.164]
Total time: 2869s, loss: 0.1543
--------------------------------------------------
Epoch 15: 100%|███████████████████████████████████████████████████████████████████████████████████████████████████████████████████████████████████████████████████████████████████████| 6023/6023 [47:49<00:00,  2.10it/s, loss=0.164]Epoch:   16,
Epoch 16:  76%|██████████████████████████████████████████████████████████████████████████████████████████████████████████████████████████████▋                                        | 4569/6023 [06:56<02:12, 10.96it/s, loss=0.169]Training time:  417s
Epoch 16: 100%|███████████████████████████████████████████████████████████████████████████████████████████████████████████████████████████████████████████████████████████████████████| 6023/6023 [47:56<00:00,  2.09it/s, loss=0.169]
                   mrr          mr   hit@1   hit@3  hit@10██████████████████████████████████████████████████████████████████████████████████████████████████████████████████████████████████████████| 727/727 [20:31<00:00,  1.55s/it]
tail ranking  0.916067  162.434371  87.24%  96.27%  97.32%
head ranking  0.785973  816.086186  73.44%  83.31%  86.34%
mean ranking  0.851020  489.260279  80.34%  89.79%  91.83%
Ellipsis
Validation time: 2459s
Epoch 16: 100%|███████████████████████████████████████████████████████████████████████████████████████████████████████████████████████████████████████████████████████████████████████| 6023/6023 [47:56<00:00,  2.09it/s, loss=0.169]
Total time: 2876s, loss: 0.1535
--------------------------------------------------
Epoch 16: 100%|███████████████████████████████████████████████████████████████████████████████████████████████████████████████████████████████████████████████████████████████████████| 6023/6023 [47:56<00:00,  2.09it/s, loss=0.169]Epoch:   17,
Epoch 17:  76%|██████████████████████████████████████████████████████████████████████████████████████████████████████████████████████████████▋                                        | 4569/6023 [07:01<02:14, 10.84it/s, loss=0.156]Training time:  421s
Epoch 17: 100%|███████████████████████████████████████████████████████████████████████████████████████████████████████████████████████████████████████████████████████████████████████| 6023/6023 [47:35<00:00,  2.11it/s, loss=0.156]
                   mrr          mr   hit@1   hit@3  hit@10██████████████████████████████████████████████████████████████████████████████████████████████████████████████████████████████████████████| 727/727 [20:08<00:00,  1.50s/it]
tail ranking  0.934081  224.014106  91.11%  95.70%  96.34%
head ranking  0.812445  772.279546  76.85%  85.62%  86.87%
mean ranking  0.873263  498.146826  83.98%  90.66%  91.61%
Ellipsis
Validation time: 2433s
Epoch 17: 100%|███████████████████████████████████████████████████████████████████████████████████████████████████████████████████████████████████████████████████████████████████████| 6023/6023 [47:35<00:00,  2.11it/s, loss=0.156]
Total time: 2855s, loss: 0.1532
--------------------------------------------------
Epoch 17: 100%|███████████████████████████████████████████████████████████████████████████████████████████████████████████████████████████████████████████████████████████████████████| 6023/6023 [47:35<00:00,  2.11it/s, loss=0.156]Epoch:   18,
Epoch 18:  76%|██████████████████████████████████████████████████████████████████████████████████████████████████████████████████████████████▋                                        | 4569/6023 [07:02<02:14, 10.81it/s, loss=0.155]Training time:  422s
Epoch 18: 100%|███████████████████████████████████████████████████████████████████████████████████████████████████████████████████████████████████████████████████████████████████████| 6023/6023 [47:34<00:00,  2.11it/s, loss=0.155]
                   mrr          mr   hit@1   hit@3  hit@10██████████████████████████████████████████████████████████████████████████████████████████████████████████████████████████████████████████| 727/727 [20:12<00:00,  1.55s/it]
tail ranking  0.909310  187.360055  85.98%  95.84%  97.04%
head ranking  0.772446  832.269224  70.63%  83.67%  86.38%
mean ranking  0.840878  509.814640  78.31%  89.76%  91.71%
Ellipsis
Validation time: 2431s
Epoch 18: 100%|███████████████████████████████████████████████████████████████████████████████████████████████████████████████████████████████████████████████████████████████████████| 6023/6023 [47:34<00:00,  2.11it/s, loss=0.155]
Total time: 2854s, loss: 0.1524
--------------------------------------------------
Epoch 18: 100%|███████████████████████████████████████████████████████████████████████████████████████████████████████████████████████████████████████████████████████████████████████| 6023/6023 [47:34<00:00,  2.11it/s, loss=0.155]Epoch:   19,
Epoch 19:  76%|██████████████████████████████████████████████████████████████████████████████████████████████████████████████████████████████▋                                        | 4569/6023 [07:04<02:15, 10.76it/s, loss=0.153]Training time:  424s
Epoch 19: 100%|███████████████████████████████████████████████████████████████████████████████████████████████████████████████████████████████████████████████████████████████████████| 6023/6023 [47:42<00:00,  2.10it/s, loss=0.153]
                   mrr          mr   hit@1   hit@3  hit@10██████████████████████████████████████████████████████████████████████████████████████████████████████████████████████████████████████████| 727/727 [20:18<00:00,  1.55s/it]
tail ranking  0.922264  233.373301  89.39%  94.98%  96.06%
head ranking  0.747909  872.068811  68.16%  80.41%  85.48%
mean ranking  0.835087  552.721056  78.77%  87.69%  90.77%
Ellipsis
Validation time: 2438s
Epoch 19: 100%|███████████████████████████████████████████████████████████████████████████████████████████████████████████████████████████████████████████████████████████████████████| 6023/6023 [47:42<00:00,  2.10it/s, loss=0.153]
Total time: 2862s, loss: 0.1522
--------------------------------------------------
Epoch 19: 100%|███████████████████████████████████████████████████████████████████████████████████████████████████████████████████████████████████████████████████████████████████████| 6023/6023 [47:42<00:00,  2.10it/s, loss=0.153]Epoch:   20,
Epoch 20:  76%|██████████████████████████████████████████████████████████████████████████████████████████████████████████████████████████████▋                                        | 4569/6023 [07:02<02:14, 10.82it/s, loss=0.164]Training time:  422s
Epoch 20: 100%|███████████████████████████████████████████████████████████████████████████████████████████████████████████████████████████████████████████████████████████████████████| 6023/6023 [47:35<00:00,  2.11it/s, loss=0.164]
                   mrr          mr   hit@1   hit@3  hit@10██████████████████████████████████████████████████████████████████████████████████████████████████████████████████████████████████████████| 727/727 [20:15<00:00,  1.54s/it]
tail ranking  0.927529  249.652847  90.44%  95.13%  95.66%
head ranking  0.793826  728.539825  72.91%  85.62%  88.15%
mean ranking  0.860677  489.096336  81.67%  90.38%  91.91%
Ellipsis
Validation time: 2433s
Epoch 20: 100%|███████████████████████████████████████████████████████████████████████████████████████████████████████████████████████████████████████████████████████████████████████| 6023/6023 [47:35<00:00,  2.11it/s, loss=0.164]
Total time: 2855s, loss: 0.1517
--------------------------------------------------
Epoch 20: 100%|███████████████████████████████████████████████████████████████████████████████████████████████████████████████████████████████████████████████████████████████████████| 6023/6023 [47:35<00:00,  2.11it/s, loss=0.164]Epoch:   21,
Epoch 21:  76%|██████████████████████████████████████████████████████████████████████████████████████████████████████████████████████████████▋                                        | 4569/6023 [07:02<02:14, 10.81it/s, loss=0.161]Training time:  422s
Epoch 21: 100%|███████████████████████████████████████████████████████████████████████████████████████████████████████████████████████████████████████████████████████████████████████| 6023/6023 [47:40<00:00,  2.11it/s, loss=0.161]
                   mrr          mr   hit@1   hit@3  hit@10██████████████████████████████████████████████████████████████████████████████████████████████████████████████████████████████████████████| 727/727 [20:16<00:00,  1.52s/it]
tail ranking  0.911073  236.336315  86.91%  95.48%  96.30%
head ranking  0.846767  590.520901  80.54%  88.44%  90.26%
mean ranking  0.878920  413.428608  83.73%  91.96%  93.28%
Ellipsis
Validation time: 2437s
Epoch 21: 100%|███████████████████████████████████████████████████████████████████████████████████████████████████████████████████████████████████████████████████████████████████████| 6023/6023 [47:40<00:00,  2.11it/s, loss=0.161]
Total time: 2860s, loss: 0.1514
--------------------------------------------------
Epoch 21: 100%|███████████████████████████████████████████████████████████████████████████████████████████████████████████████████████████████████████████████████████████████████████| 6023/6023 [47:40<00:00,  2.11it/s, loss=0.161]Epoch:   22,
Epoch 22:  76%|██████████████████████████████████████████████████████████████████████████████████████████████████████████████████████████████▋                                        | 4569/6023 [06:53<02:11, 11.06it/s, loss=0.173]Training time:  413s
Epoch 22: 100%|███████████████████████████████████████████████████████████████████████████████████████████████████████████████████████████████████████████████████████████████████████| 6023/6023 [47:32<00:00,  2.11it/s, loss=0.173]
                   mrr          mr   hit@1   hit@3  hit@10██████████████████████████████████████████████████████████████████████████████████████████████████████████████████████████████████████████| 727/727 [20:18<00:00,  1.52s/it]
tail ranking  0.939739  169.202477  91.54%  96.49%  97.06%
head ranking  0.811145  752.051780  76.50%  85.60%  87.12%
mean ranking  0.875442  460.627129  84.02%  91.05%  92.09%
Ellipsis
Validation time: 2439s
Epoch 22: 100%|███████████████████████████████████████████████████████████████████████████████████████████████████████████████████████████████████████████████████████████████████████| 6023/6023 [47:32<00:00,  2.11it/s, loss=0.173]
Total time: 2852s, loss: 0.1513
--------------------------------------------------
Epoch 22: 100%|███████████████████████████████████████████████████████████████████████████████████████████████████████████████████████████████████████████████████████████████████████| 6023/6023 [47:32<00:00,  2.11it/s, loss=0.173]Epoch:   23,
Epoch 23:  76%|██████████████████████████████████████████████████████████████████████████████████████████████████████████████████████████████▋                                        | 4569/6023 [06:55<02:12, 11.01it/s, loss=0.157]Training time:  415s
Epoch 23: 100%|███████████████████████████████████████████████████████████████████████████████████████████████████████████████████████████████████████████████████████████████████████| 6023/6023 [47:43<00:00,  2.10it/s, loss=0.157]
                   mrr          mr   hit@1   hit@3  hit@10██████████████████████████████████████████████████████████████████████████████████████████████████████████████████████████████████████████| 727/727 [20:24<00:00,  1.55s/it]
tail ranking  0.919708  227.782384  88.89%  95.27%  95.91%
head ranking  0.788816  822.352314  72.99%  84.43%  86.44%
mean ranking  0.854262  525.067349  80.94%  89.85%  91.17%
Ellipsis
Validation time: 2448s
Epoch 23: 100%|███████████████████████████████████████████████████████████████████████████████████████████████████████████████████████████████████████████████████████████████████████| 6023/6023 [47:43<00:00,  2.10it/s, loss=0.157]
Total time: 2863s, loss: 0.1513
--------------------------------------------------
Epoch 23: 100%|███████████████████████████████████████████████████████████████████████████████████████████████████████████████████████████████████████████████████████████████████████| 6023/6023 [47:43<00:00,  2.10it/s, loss=0.157]Epoch:   24,
Epoch 24:  76%|██████████████████████████████████████████████████████████████████████████████████████████████████████████████████████████████▋                                        | 4569/6023 [07:00<02:13, 10.87it/s, loss=0.139]Training time:  420s
Epoch 24: 100%|███████████████████████████████████████████████████████████████████████████████████████████████████████████████████████████████████████████████████████████████████████| 6023/6023 [47:36<00:00,  2.11it/s, loss=0.139]
                   mrr          mr   hit@1   hit@3  hit@10██████████████████████████████████████████████████████████████████████████████████████████████████████████████████████████████████████████| 727/727 [20:21<00:00,  1.55s/it]
tail ranking  0.927909  231.048856  89.94%  95.77%  96.34%
head ranking  0.794758  854.923619  75.23%  83.62%  85.34%
mean ranking  0.861333  542.986238  82.58%  89.70%  90.84%
Ellipsis
Validation time: 2435s
Epoch 24: 100%|███████████████████████████████████████████████████████████████████████████████████████████████████████████████████████████████████████████████████████████████████████| 6023/6023 [47:36<00:00,  2.11it/s, loss=0.139]
Total time: 2856s, loss: 0.1511
--------------------------------------------------
Epoch 24: 100%|███████████████████████████████████████████████████████████████████████████████████████████████████████████████████████████████████████████████████████████████████████| 6023/6023 [47:36<00:00,  2.11it/s, loss=0.139]Epoch:   25,
Epoch 25:  76%|██████████████████████████████████████████████████████████████████████████████████████████████████████████████████████████████▋                                        | 4569/6023 [06:54<02:11, 11.02it/s, loss=0.157]Training time:  414s
Epoch 25: 100%|███████████████████████████████████████████████████████████████████████████████████████████████████████████████████████████████████████████████████████████████████████| 6023/6023 [47:30<00:00,  2.11it/s, loss=0.157]
                   mrr          mr   hit@1   hit@3  hit@10██████████████████████████████████████████████████████████████████████████████████████████████████████████████████████████████████████████| 727/727 [20:17<00:00,  1.53s/it]
tail ranking  0.938105  169.681576  91.36%  96.42%  97.06%
head ranking  0.836511  539.123172  78.57%  88.65%  90.71%
mean ranking  0.887308  354.402374  84.96%  92.53%  93.88%
Ellipsis
Validation time: 2435s
Epoch 25: 100%|███████████████████████████████████████████████████████████████████████████████████████████████████████████████████████████████████████████████████████████████████████| 6023/6023 [47:30<00:00,  2.11it/s, loss=0.157]
Total time: 2850s, loss: 0.1520
--------------------------------------------------
Epoch 25: 100%|███████████████████████████████████████████████████████████████████████████████████████████████████████████████████████████████████████████████████████████████████████| 6023/6023 [47:30<00:00,  2.11it/s, loss=0.157]Epoch:   26,
Epoch 26:  76%|██████████████████████████████████████████████████████████████████████████████████████████████████████████████████████████████▋                                        | 4569/6023 [07:01<02:14, 10.84it/s, loss=0.174]Training time:  421s
Epoch 26: 100%|███████████████████████████████████████████████████████████████████████████████████████████████████████████████████████████████████████████████████████████████████████| 6023/6023 [47:50<00:00,  2.10it/s, loss=0.174]
                   mrr          mr   hit@1   hit@3  hit@10██████████████████████████████████████████████████████████████████████████████████████████████████████████████████████████████████████████| 727/727 [20:21<00:00,  1.53s/it]
tail ranking  0.932353  190.559264  90.21%  96.28%  96.99%
head ranking  0.799204  801.994151  75.73%  83.83%  86.50%
mean ranking  0.865778  496.276707  82.97%  90.06%  91.74%
Ellipsis
Validation time: 2448s
Epoch 26: 100%|███████████████████████████████████████████████████████████████████████████████████████████████████████████████████████████████████████████████████████████████████████| 6023/6023 [47:50<00:00,  2.10it/s, loss=0.174]
Total time: 2870s, loss: 0.1514
--------------------------------------------------
Epoch 26: 100%|███████████████████████████████████████████████████████████████████████████████████████████████████████████████████████████████████████████████████████████████████████| 6023/6023 [47:50<00:00,  2.10it/s, loss=0.174]Epoch:   27,
Epoch 27:  76%|██████████████████████████████████████████████████████████████████████████████████████████████████████████████████████████████▋                                        | 4569/6023 [07:01<02:14, 10.85it/s, loss=0.157]Training time:  421s
Epoch 27: 100%|███████████████████████████████████████████████████████████████████████████████████████████████████████████████████████████████████████████████████████████████████████| 6023/6023 [47:43<00:00,  2.10it/s, loss=0.157]
                   mrr          mr   hit@1   hit@3  hit@10██████████████████████████████████████████████████████████████████████████████████████████████████████████████████████████████████████████| 727/727 [20:18<00:00,  1.52s/it]
tail ranking  0.928504  231.328230  90.35%  95.32%  96.16%
head ranking  0.761863  843.006709  70.15%  81.27%  85.95%
mean ranking  0.845184  537.167469  80.25%  88.29%  91.05%
Ellipsis
Validation time: 2442s
Epoch 27: 100%|███████████████████████████████████████████████████████████████████████████████████████████████████████████████████████████████████████████████████████████████████████| 6023/6023 [47:43<00:00,  2.10it/s, loss=0.157]
Total time: 2863s, loss: 0.1510
--------------------------------------------------
Epoch 27: 100%|███████████████████████████████████████████████████████████████████████████████████████████████████████████████████████████████████████████████████████████████████████| 6023/6023 [47:43<00:00,  2.10it/s, loss=0.157]Epoch:   28,
Epoch 28:  76%|██████████████████████████████████████████████████████████████████████████████████████████████████████████████████████████████▋                                        | 4569/6023 [07:02<02:14, 10.81it/s, loss=0.152]Training time:  422s
Epoch 28: 100%|███████████████████████████████████████████████████████████████████████████████████████████████████████████████████████████████████████████████████████████████████████| 6023/6023 [47:38<00:00,  2.11it/s, loss=0.152]
                   mrr          mr   hit@1   hit@3  hit@10██████████████████████████████████████████████████████████████████████████████████████████████████████████████████████████████████████████| 727/727 [20:16<00:00,  1.52s/it]
tail ranking  0.928572  178.643558  89.66%  96.08%  97.01%
head ranking  0.769981  827.391880  70.79%  82.57%  86.41%
mean ranking  0.849276  503.017719  80.23%  89.33%  91.71%
Ellipsis
Validation time: 2436s
Epoch 28: 100%|███████████████████████████████████████████████████████████████████████████████████████████████████████████████████████████████████████████████████████████████████████| 6023/6023 [47:38<00:00,  2.11it/s, loss=0.152]
Total time: 2858s, loss: 0.1522
--------------------------------------------------
Epoch 28: 100%|███████████████████████████████████████████████████████████████████████████████████████████████████████████████████████████████████████████████████████████████████████| 6023/6023 [47:38<00:00,  2.11it/s, loss=0.152]Epoch:   29,
Epoch 29:   6%|██████████████▏                                                                                                                                                                                                        Epoch 29:   6%|██████████████▎                                                                                                                                                                                                        Epoch 29:   6%|██████████████▏                                                                                                                                                                                                        Epoch 29:   6%|██████████████▏                                                                                                                                                                                                        Epoch 29:   6%|██████████████▏                                                                                                                                                                                                        Epoch 29:   6%|██████████████▎                                                                                                                                                                                                        Epoch 29:   6%|██████████████▎                                                                                                                                                                                                        Epoch 29:   6%|██████████████▎                                                                                                                                                                                                        Epoch 29:   6%|██████████████▎                                                                                                                                                                                                        Epoch 29:   6%|██████████████▎                                                                                                                                                                                                        Epoch 29:   6%|██████████████▎                                                                                                                                                                                                        Epoch 29:   6%|██████████████▎                                                                                                                                                                                                        Epoch 29:   6%|██████████████▎                                                                                                                                                                                                        Epoch 29:   6%|█████████▊                                                                                                                                                              | 350/6023 [00:32<08:52, 10.65it/s, loss=0.152]Epoch 29:  76%|██████████████████████████████████████████████████████████████████████████████████████████████████████████████████████████████▋                                        | 4569/6023 [07:03<02:14, 10.78it/s, loss=0.143]Training time:  423s
Epoch 29: 100%|███████████████████████████████████████████████████████████████████████████████████████████████████████████████████████████████████████████████████████████████████████| 6023/6023 [47:49<00:00,  2.10it/s, loss=0.143]
                   mrr          mr   hit@1   hit@3  hit@10██████████████████████████████████████████████████████████████████████████████████████████████████████████████████████████████████████████| 727/727 [20:21<00:00,  1.56s/it]
tail ranking  0.932740  186.032169  90.33%  96.32%  97.04%
head ranking  0.793057  788.198004  74.20%  84.12%  86.70%
mean ranking  0.862899  487.115087  82.26%  90.22%  91.87%
Ellipsis
Validation time: 2445s
Epoch 29: 100%|███████████████████████████████████████████████████████████████████████████████████████████████████████████████████████████████████████████████████████████████████████| 6023/6023 [47:49<00:00,  2.10it/s, loss=0.143]
Total time: 2869s, loss: 0.1519
--------------------------------------------------
Epoch 29: 100%|███████████████████████████████████████████████████████████████████████████████████████████████████████████████████████████████████████████████████████████████████████| 6023/6023 [47:49<00:00,  2.10it/s, loss=0.143]Epoch:   30,
Epoch 30:  76%|██████████████████████████████████████████████████████████████████████████████████████████████████████████████████████████████▋                                        | 4569/6023 [07:01<02:14, 10.85it/s, loss=0.151]Training time:  421s
Epoch 30: 100%|███████████████████████████████████████████████████████████████████████████████████████████████████████████████████████████████████████████████████████████████████████| 6023/6023 [47:41<00:00,  2.10it/s, loss=0.151]
                   mrr          mr   hit@1   hit@3  hit@10██████████████████████████████████████████████████████████████████████████████████████████████████████████████████████████████████████████| 727/727 [20:16<00:00,  1.52s/it]
tail ranking  0.915850  188.002924  87.61%  95.73%  96.82%
head ranking  0.756665  896.120248  69.34%  81.03%  85.24%
mean ranking  0.836257  542.061586  78.48%  88.38%  91.03%
Ellipsis
Validation time: 2440s
Epoch 30: 100%|███████████████████████████████████████████████████████████████████████████████████████████████████████████████████████████████████████████████████████████████████████| 6023/6023 [47:41<00:00,  2.10it/s, loss=0.151]
Total time: 2861s, loss: 0.1526
--------------------------------------------------
Epoch 30: 100%|███████████████████████████████████████████████████████████████████████████████████████████████████████████████████████████████████████████████████████████████████████| 6023/6023 [47:41<00:00,  2.10it/s, loss=0.151]Epoch:   31,
Epoch 31:  76%|███████████████████████████████████████████████████████████████████████████████████████████████████████████████████████████████▍                                        | 4569/6023 [07:01<02:14, 10.84it/s, loss=0.14]Training time:  421s
Epoch 31: 100%|████████████████████████████████████████████████████████████████████████████████████████████████████████████████████████████████████████████████████████████████████████| 6023/6023 [47:35<00:00,  2.11it/s, loss=0.14]
                   mrr          mr   hit@1   hit@3  hit@10██████████████████████████████████████████████████████████████████████████████████████████████████████████████████████████████████████████| 727/727 [20:14<00:00,  1.52s/it]
tail ranking  0.938361  191.420265  91.61%  96.18%  96.77%
head ranking  0.793001  738.757268  73.54%  85.24%  87.27%
mean ranking  0.865681  465.088767  82.57%  90.71%  92.02%
Ellipsis
Validation time: 2434s
Epoch 31: 100%|████████████████████████████████████████████████████████████████████████████████████████████████████████████████████████████████████████████████████████████████████████| 6023/6023 [47:35<00:00,  2.11it/s, loss=0.14]
Total time: 2855s, loss: 0.1520
--------------------------------------------------
Epoch 31: 100%|████████████████████████████████████████████████████████████████████████████████████████████████████████████████████████████████████████████████████████████████████████| 6023/6023 [47:35<00:00,  2.11it/s, loss=0.14]Epoch:   32,
Epoch 32:  76%|██████████████████████████████████████████████████████████████████████████████████████████████████████████████████████████████▋                                        | 4569/6023 [07:01<02:14, 10.85it/s, loss=0.147]Training time:  421s
Epoch 32: 100%|███████████████████████████████████████████████████████████████████████████████████████████████████████████████████████████████████████████████████████████████████████| 6023/6023 [47:39<00:00,  2.11it/s, loss=0.147]
                   mrr          mr   hit@1   hit@3  hit@10██████████████████████████████████████████████████████████████████████████████████████████████████████████████████████████████████████████| 727/727 [20:18<00:00,  1.55s/it]
tail ranking  0.908685  236.014622  87.42%  94.32%  96.03%
head ranking  0.756392  826.637192  69.93%  80.22%  85.93%
mean ranking  0.832539  531.325907  78.68%  87.27%  90.98%
Ellipsis
Validation time: 2438s
Epoch 32: 100%|███████████████████████████████████████████████████████████████████████████████████████████████████████████████████████████████████████████████████████████████████████| 6023/6023 [47:39<00:00,  2.11it/s, loss=0.147]
Total time: 2859s, loss: 0.1525
--------------------------------------------------
Epoch 32: 100%|███████████████████████████████████████████████████████████████████████████████████████████████████████████████████████████████████████████████████████████████████████| 6023/6023 [47:39<00:00,  2.11it/s, loss=0.147]Epoch:   33,
Epoch 33:  76%|██████████████████████████████████████████████████████████████████████████████████████████████████████████████████████████████▋                                        | 4569/6023 [06:51<02:10, 11.10it/s, loss=0.159]Training time:  411s
Epoch 33: 100%|███████████████████████████████████████████████████████████████████████████████████████████████████████████████████████████████████████████████████████████████████████| 6023/6023 [47:21<00:00,  2.12it/s, loss=0.159]
                   mrr          mr   hit@1   hit@3  hit@10██████████████████████████████████████████████████████████████████████████████████████████████████████████████████████████████████████████| 727/727 [20:15<00:00,  1.52s/it]
tail ranking  0.925914  171.952692  89.39%  95.84%  97.02%
head ranking  0.763689  809.863410  69.81%  82.06%  86.72%
mean ranking  0.844802  490.908051  79.60%  88.95%  91.87%
Ellipsis
Validation time: 2429s
Epoch 33: 100%|███████████████████████████████████████████████████████████████████████████████████████████████████████████████████████████████████████████████████████████████████████| 6023/6023 [47:21<00:00,  2.12it/s, loss=0.159]
Total time: 2841s, loss: 0.1529
--------------------------------------------------
Epoch 33: 100%|███████████████████████████████████████████████████████████████████████████████████████████████████████████████████████████████████████████████████████████████████████| 6023/6023 [47:21<00:00,  2.12it/s, loss=0.159]Epoch:   34,
Epoch 34:  76%|██████████████████████████████████████████████████████████████████████████████████████████████████████████████████████████████▋                                        | 4569/6023 [07:03<02:14, 10.80it/s, loss=0.168]Training time:  423s
Epoch 34: 100%|███████████████████████████████████████████████████████████████████████████████████████████████████████████████████████████████████████████████████████████████████████| 6023/6023 [47:36<00:00,  2.11it/s, loss=0.168]
                   mrr          mr   hit@1   hit@3  hit@10██████████████████████████████████████████████████████████████████████████████████████████████████████████████████████████████████████████| 727/727 [20:11<00:00,  1.57s/it]
tail ranking  0.921389  203.089111  88.71%  95.53%  96.63%
head ranking  0.769601  892.305350  71.24%  82.54%  85.26%
mean ranking  0.845495  547.697230  79.98%  89.03%  90.94%
Ellipsis
Validation time: 2432s
Epoch 34: 100%|███████████████████████████████████████████████████████████████████████████████████████████████████████████████████████████████████████████████████████████████████████| 6023/6023 [47:36<00:00,  2.11it/s, loss=0.168]
Total time: 2856s, loss: 0.1533
--------------------------------------------------
Epoch 34: 100%|███████████████████████████████████████████████████████████████████████████████████████████████████████████████████████████████████████████████████████████████████████| 6023/6023 [47:36<00:00,  2.11it/s, loss=0.168]Epoch:   35,
Epoch 35:  76%|██████████████████████████████████████████████████████████████████████████████████████████████████████████████████████████████▋                                        | 4569/6023 [06:51<02:10, 11.10it/s, loss=0.151]Training time:  411s
Epoch 35: 100%|███████████████████████████████████████████████████████████████████████████████████████████████████████████████████████████████████████████████████████████████████████| 6023/6023 [47:29<00:00,  2.11it/s, loss=0.151]
                   mrr          mr   hit@1   hit@3  hit@10██████████████████████████████████████████████████████████████████████████████████████████████████████████████████████████████████████████| 727/727 [20:13<00:00,  1.50s/it]
tail ranking  0.935652  159.478066  91.07%  96.06%  97.32%
head ranking  0.781400  797.478410  72.73%  82.40%  86.74%
mean ranking  0.858526  478.478238  81.90%  89.23%  92.03%
Ellipsis
Validation time: 2438s
Epoch 35: 100%|███████████████████████████████████████████████████████████████████████████████████████████████████████████████████████████████████████████████████████████████████████| 6023/6023 [47:29<00:00,  2.11it/s, loss=0.151]
Total time: 2849s, loss: 0.1548
--------------------------------------------------
Epoch 35: 100%|███████████████████████████████████████████████████████████████████████████████████████████████████████████████████████████████████████████████████████████████████████| 6023/6023 [47:29<00:00,  2.11it/s, loss=0.151]Epoch:   36,
Epoch 36:  76%|██████████████████████████████████████████████████████████████████████████████████████████████████████████████████████████████▋                                        | 4569/6023 [07:02<02:14, 10.82it/s, loss=0.168]Training time:  422s
Epoch 36: 100%|███████████████████████████████████████████████████████████████████████████████████████████████████████████████████████████████████████████████████████████████████████| 6023/6023 [47:36<00:00,  2.11it/s, loss=0.168]
                   mrr          mr   hit@1   hit@3  hit@10██████████████████████████████████████████████████████████████████████████████████████████████████████████████████████████████████████████| 727/727 [20:12<00:00,  1.55s/it]
tail ranking  0.922156  191.600550  88.73%  95.72%  96.61%
head ranking  0.744728  915.896267  67.90%  80.75%  84.67%
mean ranking  0.833442  553.748409  78.32%  88.23%  90.64%
Ellipsis
Validation time: 2433s
Epoch 36: 100%|███████████████████████████████████████████████████████████████████████████████████████████████████████████████████████████████████████████████████████████████████████| 6023/6023 [47:36<00:00,  2.11it/s, loss=0.168]
Total time: 2856s, loss: 0.1556
--------------------------------------------------
Epoch 36: 100%|███████████████████████████████████████████████████████████████████████████████████████████████████████████████████████████████████████████████████████████████████████| 6023/6023 [47:36<00:00,  2.11it/s, loss=0.168]Epoch:   37,
Epoch 37:  76%|███████████████████████████████████████████████████████████████████████████████████████████████████████████████████████████████▍                                        | 4569/6023 [07:00<02:13, 10.86it/s, loss=0.17]Training time:  420s
Epoch 37: 100%|████████████████████████████████████████████████████████████████████████████████████████████████████████████████████████████████████████████████████████████████████████| 6023/6023 [47:37<00:00,  2.11it/s, loss=0.17]
                   mrr          mr   hit@1   hit@3  hit@10██████████████████████████████████████████████████████████████████████████████████████████████████████████████████████████████████████████| 727/727 [20:15<00:00,  1.50s/it]
tail ranking  0.926353  192.181490  89.47%  95.91%  96.96%
head ranking  0.778915  797.258386  71.10%  84.59%  86.74%
mean ranking  0.852634  494.719938  80.29%  90.25%  91.85%
Ellipsis
Validation time: 2437s
Epoch 37: 100%|████████████████████████████████████████████████████████████████████████████████████████████████████████████████████████████████████████████████████████████████████████| 6023/6023 [47:37<00:00,  2.11it/s, loss=0.17]
Total time: 2857s, loss: 0.1557
--------------------------------------------------
Epoch 37: 100%|████████████████████████████████████████████████████████████████████████████████████████████████████████████████████████████████████████████████████████████████████████| 6023/6023 [47:37<00:00,  2.11it/s, loss=0.17]Epoch:   38,
Epoch 38:  76%|██████████████████████████████████████████████████████████████████████████████████████████████████████████████████████████████▋                                        | 4569/6023 [07:02<02:14, 10.82it/s, loss=0.163]Training time:  422s
Epoch 38: 100%|███████████████████████████████████████████████████████████████████████████████████████████████████████████████████████████████████████████████████████████████████████| 6023/6023 [47:39<00:00,  2.11it/s, loss=0.163]
                   mrr          mr   hit@1   hit@3  hit@10██████████████████████████████████████████████████████████████████████████████████████████████████████████████████████████████████████████| 727/727 [20:17<00:00,  1.53s/it]
tail ranking  0.917240  243.458627  88.49%  94.87%  95.94%
head ranking  0.781279  852.654223  72.70%  83.02%  85.72%
mean ranking  0.849260  548.056425  80.60%  88.95%  90.83%
Ellipsis
Validation time: 2437s
Epoch 38: 100%|███████████████████████████████████████████████████████████████████████████████████████████████████████████████████████████████████████████████████████████████████████| 6023/6023 [47:39<00:00,  2.11it/s, loss=0.163]
Total time: 2859s, loss: 0.1546
--------------------------------------------------
Epoch 38: 100%|███████████████████████████████████████████████████████████████████████████████████████████████████████████████████████████████████████████████████████████████████████| 6023/6023 [47:39<00:00,  2.11it/s, loss=0.163]Epoch:   39,
Epoch 39:  76%|██████████████████████████████████████████████████████████████████████████████████████████████████████████████████████████████▋                                        | 4569/6023 [07:02<02:14, 10.82it/s, loss=0.163]Training time:  422s
Epoch 39: 100%|███████████████████████████████████████████████████████████████████████████████████████████████████████████████████████████████████████████████████████████████████████| 6023/6023 [47:47<00:00,  2.10it/s, loss=0.163]
                   mrr          mr   hit@1   hit@3  hit@10██████████████████████████████████████████████████████████████████████████████████████████████████████████████████████████████████████████| 727/727 [20:19<00:00,  1.54s/it]
tail ranking  0.915479  212.555995  87.94%  95.25%  96.37%
head ranking  0.761554  831.906933  70.82%  80.65%  85.86%
mean ranking  0.838517  522.231464  79.38%  87.95%  91.11%
Ellipsis
Validation time: 2444s
Epoch 39: 100%|███████████████████████████████████████████████████████████████████████████████████████████████████████████████████████████████████████████████████████████████████████| 6023/6023 [47:47<00:00,  2.10it/s, loss=0.163]
Total time: 2867s, loss: 0.1544
--------------------------------------------------
Epoch 39: 100%|███████████████████████████████████████████████████████████████████████████████████████████████████████████████████████████████████████████████████████████████████████| 6023/6023 [47:47<00:00,  2.10it/s, loss=0.163]Epoch:   40,
Epoch 40:  76%|██████████████████████████████████████████████████████████████████████████████████████████████████████████████████████████████▋                                        | 4569/6023 [07:03<02:14, 10.79it/s, loss=0.167]Training time:  423s
Epoch 40: 100%|███████████████████████████████████████████████████████████████████████████████████████████████████████████████████████████████████████████████████████████████████████| 6023/6023 [48:00<00:00,  2.09it/s, loss=0.167]
                   mrr          mr   hit@1   hit@3  hit@10██████████████████████████████████████████████████████████████████████████████████████████████████████████████████████████████████████████| 727/727 [20:24<00:00,  1.53s/it]
tail ranking  0.929802  224.461380  90.31%  95.82%  96.40%
head ranking  0.780021  791.439704  72.06%  83.47%  86.75%
mean ranking  0.854912  507.950542  81.19%  89.64%  91.58%
Ellipsis
Validation time: 2456s
Epoch 40: 100%|███████████████████████████████████████████████████████████████████████████████████████████████████████████████████████████████████████████████████████████████████████| 6023/6023 [48:00<00:00,  2.09it/s, loss=0.167]
Total time: 2880s, loss: 0.1575
--------------------------------------------------
Epoch 40: 100%|███████████████████████████████████████████████████████████████████████████████████████████████████████████████████████████████████████████████████████████████████████| 6023/6023 [48:00<00:00,  2.09it/s, loss=0.167]Epoch:   41,
Epoch 41:  76%|██████████████████████████████████████████████████████████████████████████████████████████████████████████████████████████████▋                                        | 4569/6023 [06:55<02:12, 11.00it/s, loss=0.165]Training time:  415s
Epoch 41: 100%|███████████████████████████████████████████████████████████████████████████████████████████████████████████████████████████████████████████████████████████████████████| 6023/6023 [47:46<00:00,  2.10it/s, loss=0.165]
                   mrr          mr   hit@1   hit@3  hit@10██████████████████████████████████████████████████████████████████████████████████████████████████████████████████████████████████████████| 727/727 [20:25<00:00,  1.55s/it]
tail ranking  0.939503  177.432823  91.54%  96.30%  97.04%
head ranking  0.816685  732.710304  77.26%  85.82%  87.92%
mean ranking  0.878094  455.071564  84.40%  91.06%  92.48%
Ellipsis
Validation time: 2450s
Epoch 41: 100%|███████████████████████████████████████████████████████████████████████████████████████████████████████████████████████████████████████████████████████████████████████| 6023/6023 [47:46<00:00,  2.10it/s, loss=0.165]
Total time: 2866s, loss: 0.1579
--------------------------------------------------
Epoch 41: 100%|███████████████████████████████████████████████████████████████████████████████████████████████████████████████████████████████████████████████████████████████████████| 6023/6023 [47:46<00:00,  2.10it/s, loss=0.165]Epoch:   42,
Epoch 42:  76%|██████████████████████████████████████████████████████████████████████████████████████████████████████████████████████████████▋                                        | 4569/6023 [07:03<02:14, 10.79it/s, loss=0.163]Training time:  423s
Epoch 42: 100%|███████████████████████████████████████████████████████████████████████████████████████████████████████████████████████████████████████████████████████████████████████| 6023/6023 [47:38<00:00,  2.11it/s, loss=0.163]
                   mrr          mr   hit@1   hit@3  hit@10██████████████████████████████████████████████████████████████████████████████████████████████████████████████████████████████████████████| 727/727 [20:11<00:00,  1.52s/it]
tail ranking  0.934995  174.727163  90.83%  96.18%  96.92%
head ranking  0.790132  794.350593  73.03%  84.96%  87.12%
mean ranking  0.862563  484.538878  81.93%  90.57%  92.02%
Ellipsis
Validation time: 2434s
Epoch 42: 100%|███████████████████████████████████████████████████████████████████████████████████████████████████████████████████████████████████████████████████████████████████████| 6023/6023 [47:38<00:00,  2.11it/s, loss=0.163]
Total time: 2858s, loss: 0.1593
--------------------------------------------------
Epoch 42: 100%|███████████████████████████████████████████████████████████████████████████████████████████████████████████████████████████████████████████████████████████████████████| 6023/6023 [47:38<00:00,  2.11it/s, loss=0.163]Epoch:   43,
Epoch 43:  76%|██████████████████████████████████████████████████████████████████████████████████████████████████████████████████████████████▋                                        | 4569/6023 [07:03<02:14, 10.79it/s, loss=0.165]Training time:  423s
Epoch 43: 100%|███████████████████████████████████████████████████████████████████████████████████████████████████████████████████████████████████████████████████████████████████████| 6023/6023 [47:40<00:00,  2.11it/s, loss=0.165]
                   mrr          mr   hit@1   hit@3  hit@10██████████████████████████████████████████████████████████████████████████████████████████████████████████████████████████████████████████| 727/727 [20:14<00:00,  1.58s/it]
tail ranking  0.938079  168.087046  91.48%  96.04%  97.13%
head ranking  0.768849  891.958369  70.91%  82.37%  85.17%
mean ranking  0.853464  530.022708  81.20%  89.21%  91.15%
Ellipsis
Validation time: 2436s
Epoch 43: 100%|███████████████████████████████████████████████████████████████████████████████████████████████████████████████████████████████████████████████████████████████████████| 6023/6023 [47:40<00:00,  2.11it/s, loss=0.165]
Total time: 2860s, loss: 0.1584
--------------------------------------------------
Epoch 43: 100%|███████████████████████████████████████████████████████████████████████████████████████████████████████████████████████████████████████████████████████████████████████| 6023/6023 [47:40<00:00,  2.11it/s, loss=0.165]Epoch:   44,
Epoch 44:  76%|██████████████████████████████████████████████████████████████████████████████████████████████████████████████████████████████▋                                        | 4569/6023 [07:00<02:13, 10.87it/s, loss=0.168]Training time:  420s
Epoch 44: 100%|███████████████████████████████████████████████████████████████████████████████████████████████████████████████████████████████████████████████████████████████████████| 6023/6023 [47:27<00:00,  2.11it/s, loss=0.168]
                   mrr          mr   hit@1   hit@3  hit@10██████████████████████████████████████████████████████████████████████████████████████████████████████████████████████████████████████████| 727/727 [20:10<00:00,  1.50s/it]
tail ranking  0.924963  190.444349  89.11%  95.91%  96.78%
head ranking  0.790434  761.156202  72.70%  85.41%  87.56%
mean ranking  0.857698  475.800275  80.90%  90.66%  92.17%
Ellipsis
Validation time: 2427s
Epoch 44: 100%|███████████████████████████████████████████████████████████████████████████████████████████████████████████████████████████████████████████████████████████████████████| 6023/6023 [47:27<00:00,  2.11it/s, loss=0.168]
Total time: 2847s, loss: 0.1596
--------------------------------------------------
Epoch 44: 100%|███████████████████████████████████████████████████████████████████████████████████████████████████████████████████████████████████████████████████████████████████████| 6023/6023 [47:27<00:00,  2.11it/s, loss=0.168]Epoch:   45,
Epoch 45:  76%|██████████████████████████████████████████████████████████████████████████████████████████████████████████████████████████████▋                                        | 4569/6023 [07:02<02:14, 10.82it/s, loss=0.161]Training time:  422s
Epoch 45: 100%|███████████████████████████████████████████████████████████████████████████████████████████████████████████████████████████████████████████████████████████████████████| 6023/6023 [47:40<00:00,  2.11it/s, loss=0.161]
                   mrr          mr   hit@1   hit@3  hit@10██████████████████████████████████████████████████████████████████████████████████████████████████████████████████████████████████████████| 727/727 [20:21<00:00,  1.59s/it]
tail ranking  0.913858  173.022708  86.82%  95.84%  97.21%
head ranking  0.760920  862.822295  69.72%  81.78%  85.64%
mean ranking  0.837389  517.922501  78.27%  88.81%  91.42%
Ellipsis
Validation time: 2438s
Epoch 45: 100%|███████████████████████████████████████████████████████████████████████████████████████████████████████████████████████████████████████████████████████████████████████| 6023/6023 [47:40<00:00,  2.11it/s, loss=0.161]
Total time: 2860s, loss: 0.1575
--------------------------------------------------
Epoch 45: 100%|███████████████████████████████████████████████████████████████████████████████████████████████████████████████████████████████████████████████████████████████████████| 6023/6023 [47:40<00:00,  2.11it/s, loss=0.161]Epoch:   46,
Epoch 46:  76%|██████████████████████████████████████████████████████████████████████████████████████████████████████████████████████████████▋                                        | 4569/6023 [07:03<02:14, 10.80it/s, loss=0.166]Training time:  423s
Epoch 46: 100%|███████████████████████████████████████████████████████████████████████████████████████████████████████████████████████████████████████████████████████████████████████| 6023/6023 [47:31<00:00,  2.11it/s, loss=0.166]
                   mrr          mr   hit@1   hit@3  hit@10██████████████████████████████████████████████████████████████████████████████████████████████████████████████████████████████████████████| 727/727 [20:13<00:00,  1.52s/it]
tail ranking  0.911195  224.074144  87.48%  94.79%  96.25%
head ranking  0.770492  774.603303  70.26%  83.47%  86.74%
mean ranking  0.840843  499.338724  78.87%  89.13%  91.49%
Ellipsis
Validation time: 2428s
Epoch 46: 100%|███████████████████████████████████████████████████████████████████████████████████████████████████████████████████████████████████████████████████████████████████████| 6023/6023 [47:31<00:00,  2.11it/s, loss=0.166]
Total time: 2851s, loss: 0.1582
--------------------------------------------------
Epoch 46: 100%|███████████████████████████████████████████████████████████████████████████████████████████████████████████████████████████████████████████████████████████████████████| 6023/6023 [47:31<00:00,  2.11it/s, loss=0.166]Epoch:   47,
Epoch 47:  76%|██████████████████████████████████████████████████████████████████████████████████████████████████████████████████████████████▋                                        | 4569/6023 [07:01<02:14, 10.84it/s, loss=0.151]Training time:  421s
Epoch 47: 100%|███████████████████████████████████████████████████████████████████████████████████████████████████████████████████████████████████████████████████████████████████████| 6023/6023 [47:31<00:00,  2.11it/s, loss=0.151]
                   mrr          mr   hit@1   hit@3  hit@10██████████████████████████████████████████████████████████████████████████████████████████████████████████████████████████████████████████| 727/727 [20:11<00:00,  1.53s/it]
tail ranking  0.925293  255.968863  89.73%  95.39%  95.99%
head ranking  0.768377  800.751075  70.88%  81.75%  86.32%
mean ranking  0.846835  528.359969  80.30%  88.57%  91.16%
Ellipsis
Validation time: 2430s
Epoch 47: 100%|███████████████████████████████████████████████████████████████████████████████████████████████████████████████████████████████████████████████████████████████████████| 6023/6023 [47:31<00:00,  2.11it/s, loss=0.151]
Total time: 2851s, loss: 0.1591
--------------------------------------------------
Epoch 47: 100%|███████████████████████████████████████████████████████████████████████████████████████████████████████████████████████████████████████████████████████████████████████| 6023/6023 [47:31<00:00,  2.11it/s, loss=0.151]Epoch:   48,
Epoch 48:  76%|██████████████████████████████████████████████████████████████████████████████████████████████████████████████████████████████▋                                        | 4569/6023 [07:03<02:14, 10.78it/s, loss=0.168]Training time:  423s
Epoch 48: 100%|███████████████████████████████████████████████████████████████████████████████████████████████████████████████████████████████████████████████████████████████████████| 6023/6023 [47:47<00:00,  2.10it/s, loss=0.168]
                   mrr          mr   hit@1   hit@3  hit@10██████████████████████████████████████████████████████████████████████████████████████████████████████████████████████████████████████████| 727/727 [20:21<00:00,  1.54s/it]
tail ranking  0.925549  224.744022  89.87%  95.22%  96.18%
head ranking  0.773074  800.811457  71.62%  82.11%  86.39%
mean ranking  0.849311  512.777740  80.74%  88.66%  91.29%
Ellipsis
Validation time: 2443s
Epoch 48: 100%|███████████████████████████████████████████████████████████████████████████████████████████████████████████████████████████████████████████████████████████████████████| 6023/6023 [47:47<00:00,  2.10it/s, loss=0.168]
Total time: 2867s, loss: 0.1602
--------------------------------------------------
Epoch 48: 100%|███████████████████████████████████████████████████████████████████████████████████████████████████████████████████████████████████████████████████████████████████████| 6023/6023 [47:47<00:00,  2.10it/s, loss=0.168]Epoch:   49,
Epoch 49:  76%|██████████████████████████████████████████████████████████████████████████████████████████████████████████████████████████████▋                                        | 4569/6023 [07:03<02:14, 10.79it/s, loss=0.162]Training time:  423s
Epoch 49: 100%|███████████████████████████████████████████████████████████████████████████████████████████████████████████████████████████████████████████████████████████████████████| 6023/6023 [47:38<00:00,  2.11it/s, loss=0.162]
                   mrr          mr   hit@1   hit@3  hit@10██████████████████████████████████████████████████████████████████████████████████████████████████████████████████████████████████████████| 727/727 [20:12<00:00,  1.53s/it]
tail ranking  0.933968  155.515224  90.52%  96.18%  97.26%
head ranking  0.758399  835.211079  70.02%  80.39%  85.81%
mean ranking  0.846184  495.363152  80.27%  88.28%  91.54%
Ellipsis
Validation time: 2435s
Epoch 49: 100%|███████████████████████████████████████████████████████████████████████████████████████████████████████████████████████████████████████████████████████████████████████| 6023/6023 [47:38<00:00,  2.11it/s, loss=0.162]
Total time: 2858s, loss: 0.1601
--------------------------------------------------
Epoch 49: 100%|███████████████████████████████████████████████████████████████████████████████████████████████████████████████████████████████████████████████████████████████████████| 6023/6023 [47:38<00:00,  2.11it/s, loss=0.162]
model_path: [./checkpoint/FB15k-237N-ko-2023-12-08 23:24:46.524169/FB15k-237N-ko-epoch=004-val_mrr=0.8944.ckpt]
LOCAL_RANK: 0 - CUDA_VISIBLE_DEVICES: [0,1,2,3,4,5,6,7]
Testing DataLoader 1: 100%|█████████████████████████████████████████████████████████████████████████████████████████████████████████████████████████████████████████████████████████████████████████| 846/846 [22:55<00:00,  1.33s/it]
                   mrr          mr   hit@1   hit@3  hit@10
tail ranking  0.938703  192.662230  91.75%  95.95%  96.51%
head ranking  0.836226  743.757616  80.60%  86.53%  87.46%
mean ranking  0.887464  468.209923  86.17%  91.24%  91.98%

==================================================
Epoch: test
Ellipsis
==================================================
Testing DataLoader 1: 100%|█████████████████████████████████████████████████████████████████████████████████████████████████████████████████████████████████████████████████████████████████████████| 846/846 [22:55<00:00,  1.63s/it]
──────────────────────────────────────────────────────────────────────────────────────────────────────────────────────────────────────────────────────────────────────────────────────────────────────────────────────────────────────
Runningstage.testing metric      DataLoader 0             DataLoader 1
──────────────────────────────────────────────────────────────────────────────────────────────────────────────────────────────────────────────────────────────────────────────────────────────────────────────────────────────────────
         val_mrr            0.8874644041061401       0.8874644041061401
──────────────────────────────────────────────────────────────────────────────────────────────────────────────────────────────────────────────────────────────────────────────────────────────────────────────────────────────────────
(KG-S2S) chrisjihee@dgx-a100:~/proj/KG-S2S$

