#export CUDA_VISIBLE_DEVICES=2
#export CUDA_VISIBLE_DEVICES=6
#python3 main.py -dataset FB15k-237N-ko -lr 0.001 -num_beams 40 -seq_dropout 0.2 -use_soft_prompt -use_rel_prompt_emb -src_descrip_max_length 200 -tgt_descrip_max_length 200 -pretrained_model KETI-AIR/ke-t5-base-ko
python3 main.py -dataset FB15k-237N-ko \
                -lr 0.001 \
                -precision bf16 \
                -epoch 15 \
                -batch_size 4 \
                -val_batch_size 2 \
                -num_beams 40 \
                -seq_dropout 0.2 \
                -use_soft_prompt \
                -use_rel_prompt_emb \
                -src_descrip_max_length 200 \
                -tgt_descrip_max_length 200 \
                -eval_tgt_max_length 75 \
                -pretrained_model KETI-AIR/ke-t5-base-ko


(KG-S2S) dlt@dl012:~/proj/KG-S2S$ export CUDA_VISIBLE_DEVICES=2
(KG-S2S) dlt@dl012:~/proj/KG-S2S$ setting-korean/train-FB15k-237N-ko-KeT5-base-1.sh
Namespace(dataset_path='./data/processed', dataset='FB15k-237N-ko', model='T5Finetuner', precision='bf16', accelerator='gpu', seed=41504, num_workers=12, save_dir='./checkpoint/FB15k-237N-ko=ke-t5-base-ko=1214.224151', pretrained_model='KETI-AIR/ke-t5-base-ko', batch_size=4, val_batch_size=2, num_beams=40, num_beam_groups=1, src_max_length=512, train_tgt_max_length=512, eval_tgt_max_length=75, epochs=15, lr=0.001, diversity_penalty=0.0, model_path='', optim='Adam', decoder='beam_search', log_text=False, use_prefix_search=False, src_descrip_max_length=200, tgt_descrip_max_length=200, use_soft_prompt=True, use_rel_prompt_emb=True, check_every_n_epochs=3, seq_dropout=0.2, temporal=False, n_ent=12068, n_rel=90, vocab_size=64128, model_dim=768)
Global seed set to 41504
Special tokens have been added in the vocabulary, make sure the associated word embeddings are fine-tuned or trained.

----------------------------------------------------------------------------------
 - pretrained_model.model_type: t5
 - tokenizer.additional_special_tokens: ['<extra_id_0>', '<extra_id_1>', '<extra_id_2>', '<extra_id_3>', '<extra_id_4>', '<extra_id_5>', '<extra_id_6>', '<extra_id_7>', '<extra_id_8>', '<extra_id_9>', '<extra_id_10>', '<extra_id_11>', '<extra_id_12>', '<extra_id_13>', '<extra_id_14>', '<extra_id_15>', '<extra_id_16>', '<extra_id_17>', '<extra_id_18>', '<extra_id_19>', '<extra_id_20>', '<extra_id_21>', '<extra_id_22>', '<extra_id_23>', '<extra_id_24>', '<extra_id_25>', '<extra_id_26>', '<extra_id_27>', '<extra_id_28>', '<extra_id_29>', '<extra_id_30>', '<extra_id_31>', '<extra_id_32>', '<extra_id_33>', '<extra_id_34>', '<extra_id_35>', '<extra_id_36>', '<extra_id_37>', '<extra_id_38>', '<extra_id_39>', '<extra_id_40>', '<extra_id_41>', '<extra_id_42>', '<extra_id_43>', '<extra_id_44>', '<extra_id_45>', '<extra_id_46>', '<extra_id_47>', '<extra_id_48>', '<extra_id_49>', '<extra_id_50>', '<extra_id_51>', '<extra_id_52>', '<extra_id_53>', '<extra_id_54>', '<extra_id_55>', '<extra_id_56>', '<extra_id_57>', '<extra_id_58>', '<extra_id_59>', '<extra_id_60>', '<extra_id_61>', '<extra_id_62>', '<extra_id_63>', '<extra_id_64>', '<extra_id_65>', '<extra_id_66>', '<extra_id_67>', '<extra_id_68>', '<extra_id_69>', '<extra_id_70>', '<extra_id_71>', '<extra_id_72>', '<extra_id_73>', '<extra_id_74>', '<extra_id_75>', '<extra_id_76>', '<extra_id_77>', '<extra_id_78>', '<extra_id_79>', '<extra_id_80>', '<extra_id_81>', '<extra_id_82>', '<extra_id_83>', '<extra_id_84>', '<extra_id_85>', '<extra_id_86>', '<extra_id_87>', '<extra_id_88>', '<extra_id_89>', '<extra_id_90>', '<extra_id_91>', '<extra_id_92>', '<extra_id_93>', '<extra_id_94>', '<extra_id_95>', '<extra_id_96>', '<extra_id_97>', '<extra_id_98>', '<extra_id_99>']
 - extra_id_0_tok_id: 64099
----------------------------------------------------------------------------------

tokenizing entities...
100%|██████████████████████████████████████████████████████████████████████████████████████████████████████████████████████████████████████████████████████████████████████████████████████████████████████████████████████████████████████████████████████████████████████████| 12068/12068 [00:20<00:00, 585.34it/s]
Special tokens have been added in the vocabulary, make sure the associated word embeddings are fine-tuned or trained.
datamodule construction done.

----------------------------------------------------------------------------------
 * pl.Trainer(accelerator=gpu, precision=bf16, max_epochs=15, every_n_epoch=3)
----------------------------------------------------------------------------------

Using bfloat16 Automatic Mixed Precision (AMP)
GPU available: True (cuda), used: True
TPU available: False, using: 0 TPU cores
IPU available: False, using: 0 IPUs
HPU available: False, using: 0 HPUs
model construction done.
LOCAL_RANK: 0 - CUDA_VISIBLE_DEVICES: [2]

  | Name          | Type                               | Params
---------------------------------------------------------------------
0 | core_t5_model | ModifiedT5ForConditionalGeneration | 247 M
1 | rel_embed1    | Embedding                          | 69.1 K
2 | rel_embed2    | Embedding                          | 69.1 K
3 | rel_embed3    | Embedding                          | 69.1 K
4 | rel_embed4    | Embedding                          | 69.1 K
---------------------------------------------------------------------
247 M     Trainable params
0         Non-trainable params
247 M     Total params
991.024   Total estimated model params size (MB)
Training: 0it [00:00, ?it/s]

======================================================================
Epoch:    0,
Epoch 0: 100%|████████████████████████████████████████████████████████████████████████████████████████████████████████████████████████████████████████████████████████████████████████████████████████████████████████████████████████████████████████████████████| 36551/36551 [1:01:42<00:00,  9.87it/s, loss=0.631]
Total time: 3702s, loss: 1.4504
Epoch 0: 100%|████████████████████████████████████████████████████████████████████████████████████████████████████████████████████████████████████████████████████████████████████████████████████████████████████████████████████████████████████████████████████| 36551/36551 [1:01:42<00:00,  9.87it/s, loss=0.631]

======================================================================
Epoch:    1,
Epoch 1: 100%|████████████████████████████████████████████████████████████████████████████████████████████████████████████████████████████████████████████████████████████████████████████████████████████████████████████████████████████████████████████████████| 36551/36551 [1:01:11<00:00,  9.95it/s, loss=0.288]
Total time: 3671s, loss: 0.4779
Epoch 1: 100%|████████████████████████████████████████████████████████████████████████████████████████████████████████████████████████████████████████████████████████████████████████████████████████████████████████████████████████████████████████████████████| 36551/36551 [1:01:11<00:00,  9.95it/s, loss=0.288]

======================================================================
Epoch:    2,
Epoch 2: 100%|████████████████████████████████████████████████████████████████████████████████████████████████████████████████████████████████████████████████████████████████████████████████████████████████████████████████████████████████████████████████████| 36551/36551 [1:01:09<00:00,  9.96it/s, loss=0.235]
Training time: 3669s
Epoch 2: : 42365it [3:29:16,  3.37it/s, loss=0.235]
Validation DataLoader 1: 100%|██████████████████████████████████████████████████████████████████████████████████████████████████████████████████████████████████████████████████████████████████████████████████████████████████████████████████████████████████████████████████| 2907/2907 [1:13:36<00:00,  1.52s/it]

           mrr   hit@1   hit@3  hit@10
tail  0.360571  28.33%  39.60%  51.30%
head  0.083280   5.33%   9.03%  14.81%
mean  0.221925  16.83%  24.32%  33.06%

Ellipsis
Validation time: 8887s
Epoch 2: : 42365it [3:29:16,  3.37it/s, loss=0.235]
Total time: 12567s, loss: 0.2872
Epoch 2: : 42365it [3:29:27,  3.37it/s, loss=0.235]

======================================================================
Epoch:    3,
Epoch 3: 100%|████████████████████████████████████████████████████████████████████████████████████████████████████████████████████████████████████████████████████████████████████████████████████████████████████████████████████████████████████████████████████| 36551/36551 [1:01:08<00:00,  9.96it/s, loss=0.234]
Total time: 3668s, loss: 0.2176
Epoch 3: 100%|████████████████████████████████████████████████████████████████████████████████████████████████████████████████████████████████████████████████████████████████████████████████████████████████████████████████████████████████████████████████████| 36551/36551 [1:01:08<00:00,  9.96it/s, loss=0.234]

======================================================================
Epoch:    4,
Epoch 4: 100%|████████████████████████████████████████████████████████████████████████████████████████████████████████████████████████████████████████████████████████████████████████████████████████████████████████████████████████████████████████████████████| 36551/36551 [1:00:15<00:00, 10.11it/s, loss=0.169]
Total time: 3615s, loss: 0.1848
Epoch 4: 100%|████████████████████████████████████████████████████████████████████████████████████████████████████████████████████████████████████████████████████████████████████████████████████████████████████████████████████████████████████████████████████| 36551/36551 [1:00:15<00:00, 10.11it/s, loss=0.169]

======================================================================
Epoch:    5,
Epoch 5:  86%|████████████████████████████████████████████████████████████████████████████████████████████████████████████████████████████████████████████████████████████████████████████████████████████████████████████████████▏                                 | 36551/42365 [59:56<09:32, 10.16it/s, loss=0.199]
Training time: 3597s
Epoch 5: 100%|████████████████████████████████████████████████████████████████████████████████████████████████████████████████████████████████████████████████████████████████████████████████████████████████████████████████████████████████████████████████████| 42365/42365 [3:26:53<00:00,  3.41it/s, loss=0.199]
Validation DataLoader 1: 100%|██████████████████████████████████████████████████████████████████████████████████████████████████████████████████████████████████████████████████████████████████████████████████████████████████████████████████████████████████████████████████| 2907/2907 [1:12:05<00:00,  1.49s/it]

           mrr   hit@1   hit@3  hit@10
tail  0.354676  26.99%  39.91%  51.97%
head  0.090740   6.06%   9.53%  15.88%
mean  0.222708  16.52%  24.72%  33.92%

Ellipsis
Validation time: 8815s
Epoch 5: 100%|████████████████████████████████████████████████████████████████████████████████████████████████████████████████████████████████████████████████████████████████████████████████████████████████████████████████████████████████████████████████████| 42365/42365 [3:26:53<00:00,  3.41it/s, loss=0.199]
Total time: 12424s, loss: 0.1671
Epoch 5: 100%|████████████████████████████████████████████████████████████████████████████████████████████████████████████████████████████████████████████████████████████████████████████████████████████████████████████████████████████████████████████████████| 42365/42365 [3:27:04<00:00,  3.41it/s, loss=0.199]

======================================================================
Epoch:    6,
Epoch 6: 100%|██████████████████████████████████████████████████████████████████████████████████████████████████████████████████████████████████████████████████████████████████████████████████████████████████████████████████████████████████████████████████████| 36551/36551 [59:20<00:00, 10.27it/s, loss=0.163]
Total time: 3560s, loss: 0.1581
Epoch 6: 100%|██████████████████████████████████████████████████████████████████████████████████████████████████████████████████████████████████████████████████████████████████████████████████████████████████████████████████████████████████████████████████████| 36551/36551 [59:20<00:00, 10.27it/s, loss=0.163]

======================================================================
Epoch:    7,
Epoch 7: 100%|████████████████████████████████████████████████████████████████████████████████████████████████████████████████████████████████████████████████████████████████████████████████████████████████████████████████████████████████████████████████████| 36551/36551 [1:00:44<00:00, 10.03it/s, loss=0.188]
Total time: 3644s, loss: 0.1657
Epoch 7: 100%|████████████████████████████████████████████████████████████████████████████████████████████████████████████████████████████████████████████████████████████████████████████████████████████████████████████████████████████████████████████████████| 36551/36551 [1:00:44<00:00, 10.03it/s, loss=0.188]

======================================================================
Epoch:    8,
Epoch 8:  86%|██████████████████████████████████████████████████████████████████████████████████████████████████████████████████████████████████████████████████████████████████████████████████████████████████████████████████▌                                 | 36551/42365 [1:00:47<09:40, 10.02it/s, loss=0.185]
Training time: 3647s
Epoch 8: 100%|████████████████████████████████████████████████████████████████████████████████████████████████████████████████████████████████████████████████████████████████████████████████████████████████████████████████████████████████████████████████████| 42365/42365 [3:33:06<00:00,  3.31it/s, loss=0.185]
Validation DataLoader 1: 100%|██████████████████████████████████████████████████████████████████████████████████████████████████████████████████████████████████████████████████████████████████████████████████████████████████████████████████████████████████████████████████| 2907/2907 [1:15:58<00:00,  1.57s/it]

           mrr  hit@1  hit@3  hit@10
tail  0.075102  4.59%  6.07%  13.76%
head  0.016989  1.29%  1.51%   2.48%
mean  0.046045  2.94%  3.79%   8.12%

Ellipsis
Validation time: 9138s
Epoch 8: 100%|████████████████████████████████████████████████████████████████████████████████████████████████████████████████████████████████████████████████████████████████████████████████████████████████████████████████████████████████████████████████████| 42365/42365 [3:33:06<00:00,  3.31it/s, loss=0.185]
Total time: 12798s, loss: 0.1903
Epoch 8: 100%|████████████████████████████████████████████████████████████████████████████████████████████████████████████████████████████████████████████████████████████████████████████████████████████████████████████████████████████████████████████████████| 42365/42365 [3:33:18<00:00,  3.31it/s, loss=0.185]

======================================================================
Epoch:    9,
Epoch 9: 100%|████████████████████████████████████████████████████████████████████████████████████████████████████████████████████████████████████████████████████████████████████████████████████████████████████████████████████████████████████████████████████| 36551/36551 [1:00:06<00:00, 10.13it/s, loss=0.179]
Total time: 3606s, loss: 0.1864
Epoch 9: 100%|████████████████████████████████████████████████████████████████████████████████████████████████████████████████████████████████████████████████████████████████████████████████████████████████████████████████████████████████████████████████████| 36551/36551 [1:00:06<00:00, 10.13it/s, loss=0.179]

======================================================================
Epoch:   10,
Epoch 10: 100%|███████████████████████████████████████████████████████████████████████████████████████████████████████████████████████████████████████████████████████████████████████████████████████████████████████████████████████████████████████████████████| 36551/36551 [1:00:11<00:00, 10.12it/s, loss=0.142]
Total time: 3611s, loss: 0.1829
Epoch 10: 100%|███████████████████████████████████████████████████████████████████████████████████████████████████████████████████████████████████████████████████████████████████████████████████████████████████████████████████████████████████████████████████| 36551/36551 [1:00:11<00:00, 10.12it/s, loss=0.142]

======================================================================
Epoch:   11,
Epoch 11:  86%|█████████████████████████████████████████████████████████████████████████████████████████████████████████████████████████████████████████████████████████████████████████████████████████████████████████████████▋                                 | 36551/42365 [1:00:00<09:32, 10.15it/s, loss=0.164]
Training time: 3601s
Epoch 11: 100%|███████████████████████████████████████████████████████████████████████████████████████████████████████████████████████████████████████████████████████████████████████████████████████████████████████████████████████████████████████████████████| 42365/42365 [3:30:45<00:00,  3.35it/s, loss=0.164]
Validation DataLoader 1: 100%|██████████████████████████████████████████████████████████████████████████████████████████████████████████████████████████████████████████████████████████████████████████████████████████████████████████████████████████████████████████████████| 2907/2907 [1:15:20<00:00,  1.55s/it]

           mrr  hit@1  hit@3  hit@10
tail  0.103718  6.02%  8.91%  21.28%
head  0.019805  1.32%  1.96%   3.03%
mean  0.061762  3.67%  5.44%  12.15%

Ellipsis
Validation time: 9044s
Epoch 11: 100%|███████████████████████████████████████████████████████████████████████████████████████████████████████████████████████████████████████████████████████████████████████████████████████████████████████████████████████████████████████████████████| 42365/42365 [3:30:45<00:00,  3.35it/s, loss=0.164]
Total time: 12657s, loss: 0.1787
Epoch 11: 100%|███████████████████████████████████████████████████████████████████████████████████████████████████████████████████████████████████████████████████████████████████████████████████████████████████████████████████████████████████████████████████| 42365/42365 [3:30:57<00:00,  3.35it/s, loss=0.164]

======================================================================
Epoch:   12,
Epoch 12: 100%|███████████████████████████████████████████████████████████████████████████████████████████████████████████████████████████████████████████████████████████████████████████████████████████████████████████████████████████████████████████████████| 36551/36551 [1:01:48<00:00,  9.85it/s, loss=0.188]
Total time: 3708s, loss: 0.1744
Epoch 12: 100%|███████████████████████████████████████████████████████████████████████████████████████████████████████████████████████████████████████████████████████████████████████████████████████████████████████████████████████████████████████████████████| 36551/36551 [1:01:48<00:00,  9.85it/s, loss=0.188]

======================================================================
Epoch:   13,
Epoch 13: 100%|███████████████████████████████████████████████████████████████████████████████████████████████████████████████████████████████████████████████████████████████████████████████████████████████████████████████████████████████████████████████████| 36551/36551 [1:07:31<00:00,  9.02it/s, loss=0.155]
Total time: 4051s, loss: 0.1730
Epoch 13: 100%|███████████████████████████████████████████████████████████████████████████████████████████████████████████████████████████████████████████████████████████████████████████████████████████████████████████████████████████████████████████████████| 36551/36551 [1:07:31<00:00,  9.02it/s, loss=0.155]

======================================================================
Epoch:   14,
Epoch 14:  86%|█████████████████████████████████████████████████████████████████████████████████████████████████████████████████████████████████████████████████████████████████████████████████████████████████████████████████▋                                 | 36551/42365 [1:05:45<10:27,  9.26it/s, loss=0.173]
Training time: 3945s
Epoch 14: 100%|███████████████████████████████████████████████████████████████████████████████████████████████████████████████████████████████████████████████████████████████████████████████████████████████████████████████████████████████████████████████████| 42365/42365 [3:34:46<00:00,  3.29it/s, loss=0.173]
Validation DataLoader 1: 100%|██████████████████████████████████████████████████████████████████████████████████████████████████████████████████████████████████████████████████████████████████████████████████████████████████████████████████████████████████████████████████| 2907/2907 [1:14:13<00:00,  1.53s/it]

           mrr  hit@1   hit@3  hit@10
tail  0.120752  6.97%  12.27%  23.89%
head  0.027231  1.77%   2.77%   4.32%
mean  0.073991  4.37%   7.52%  14.11%

Ellipsis
Validation time: 8941s
Epoch 14: 100%|███████████████████████████████████████████████████████████████████████████████████████████████████████████████████████████████████████████████████████████████████████████████████████████████████████████████████████████████████████████████████| 42365/42365 [3:34:46<00:00,  3.29it/s, loss=0.173]
Total time: 12900s, loss: 0.1678
Epoch 14: 100%|███████████████████████████████████████████████████████████████████████████████████████████████████████████████████████████████████████████████████████████████████████████████████████████████████████████████████████████████████████████████████| 42365/42365 [3:35:00<00:00,  3.28it/s, loss=0.173]`Trainer.fit` stopped: `max_epochs=15` reached.
Epoch 14: 100%|███████████████████████████████████████████████████████████████████████████████████████████████████████████████████████████████████████████████████████████████████████████████████████████████████████████████████████████████████████████████████| 42365/42365 [3:35:00<00:00,  3.28it/s, loss=0.173]
model_path: [./checkpoint/FB15k-237N-ko=ke-t5-base-ko=1214.224151/FB15k-237N-ko-epoch=005-val_mrr=0.2227.ckpt]
LOCAL_RANK: 0 - CUDA_VISIBLE_DEVICES: [2]
Testing DataLoader 1: 100%|█████████████████████████████████████████████████████████████████████████████████████████████████████████████████████████████████████████████████████████████████████████████████████████████████████████████████████████████████████████████████████| 3381/3381 [1:15:20<00:00,  1.34s/it]


           mrr   hit@1   hit@3  hit@10
tail  0.347550  26.52%  38.98%  50.55%
head  0.094136   6.36%   9.97%  15.99%
mean  0.220843  16.44%  24.48%  33.27%

======================================================================
Epoch: test
Ellipsis
======================================================================
Testing DataLoader 1: 100%|█████████████████████████████████████████████████████████████████████████████████████████████████████████████████████████████████████████████████████████████████████████████████████████████████████████████████████████████████████████████████████| 3381/3381 [1:15:20<00:00,  1.34s/it]
──────────────────────────────────────────────────────────────────────────────────────────────────────────────────────────────────────────────────────────────────────────────────────────────────────────────────────────────────────────────────────────────────────────────────────────────────────────────────────
Runningstage.testing metric      DataLoader 0             DataLoader 1
──────────────────────────────────────────────────────────────────────────────────────────────────────────────────────────────────────────────────────────────────────────────────────────────────────────────────────────────────────────────────────────────────────────────────────────────────────────────────────
         val_mrr            0.22084274888038635      0.22084274888038635
──────────────────────────────────────────────────────────────────────────────────────────────────────────────────────────────────────────────────────────────────────────────────────────────────────────────────────────────────────────────────────────────────────────────────────────────────────────────────────
(KG-S2S) dlt@dl012:~/proj/KG-S2S$

