#export CUDA_VISIBLE_DEVICES=0
#export CUDA_VISIBLE_DEVICES=4
#python3 main.py -dataset FB15k-237N-ko -lr 0.001 -num_beams 40 -seq_dropout 0.2 -use_soft_prompt -use_rel_prompt_emb -src_descrip_max_length 200 -tgt_descrip_max_length 200 -pretrained_model pretrained-pro/ETRI-KEByT5-Base-230426
python3 main.py -dataset FB15k-237N-ko \
                -lr 0.001 \
                -precision bf16 \
                -epoch 15 \
                -batch_size 4 \
                -val_batch_size 2 \
                -num_beams 40 \
                -seq_dropout 0.2 \
                -use_soft_prompt \
                -use_rel_prompt_emb \
                -src_descrip_max_length 200 \
                -tgt_descrip_max_length 200 \
                -eval_tgt_max_length 75 \
                -pretrained_model pretrained-pro/ETRI-KEByT5-Base-230426


(KG-S2S) chrisjihee@ptlm3:~/proj/KG-S2S$ export CUDA_VISIBLE_DEVICES=2
(KG-S2S) chrisjihee@ptlm3:~/proj/KG-S2S$ setting-korean/train-FB15k-237N-ko-KeByT5-base-1.sh
Namespace(dataset_path='./data/processed', dataset='FB15k-237N-ko', model='T5Finetuner', precision='bf16', accelerator='gpu', seed=41504, num_workers=12, save_dir='./checkpoint/FB15k-237N-ko=ETRI-KEByT5-Base-230426=1214.222510', pretrained_model='pretrained-pro/ETRI-KEByT5-Base-230426', batch_size=4, val_batch_size=2, num_beams=40, num_beam_groups=1, src_max_length=512, train_tgt_max_length=512, eval_tgt_max_length=75, epochs=15, lr=0.001, diversity_penalty=0.0, model_path='', optim='Adam', decoder='beam_search', log_text=False, use_prefix_search=False, src_descrip_max_length=200, tgt_descrip_max_length=200, use_soft_prompt=True, use_rel_prompt_emb=True, check_every_n_epochs=3, seq_dropout=0.2, temporal=False, n_ent=12068, n_rel=90, vocab_size=384, model_dim=1536)
Global seed set to 41504

----------------------------------------------------------------------------------
 - pretrained_model.model_type: t5
 - tokenizer.additional_special_tokens: ['<extra_id_0>', '<extra_id_1>', '<extra_id_2>', '<extra_id_3>', '<extra_id_4>', '<extra_id_5>', '<extra_id_6>', '<extra_id_7>', '<extra_id_8>', '<extra_id_9>', '<extra_id_10>', '<extra_id_11>', '<extra_id_12>', '<extra_id_13>', '<extra_id_14>', '<extra_id_15>', '<extra_id_16>', '<extra_id_17>', '<extra_id_18>', '<extra_id_19>', '<extra_id_20>', '<extra_id_21>', '<extra_id_22>', '<extra_id_23>', '<extra_id_24>', '<extra_id_25>', '<extra_id_26>', '<extra_id_27>', '<extra_id_28>', '<extra_id_29>', '<extra_id_30>', '<extra_id_31>', '<extra_id_32>', '<extra_id_33>', '<extra_id_34>', '<extra_id_35>', '<extra_id_36>', '<extra_id_37>', '<extra_id_38>', '<extra_id_39>', '<extra_id_40>', '<extra_id_41>', '<extra_id_42>', '<extra_id_43>', '<extra_id_44>', '<extra_id_45>', '<extra_id_46>', '<extra_id_47>', '<extra_id_48>', '<extra_id_49>', '<extra_id_50>', '<extra_id_51>', '<extra_id_52>', '<extra_id_53>', '<extra_id_54>', '<extra_id_55>', '<extra_id_56>', '<extra_id_57>', '<extra_id_58>', '<extra_id_59>', '<extra_id_60>', '<extra_id_61>', '<extra_id_62>', '<extra_id_63>', '<extra_id_64>', '<extra_id_65>', '<extra_id_66>', '<extra_id_67>', '<extra_id_68>', '<extra_id_69>', '<extra_id_70>', '<extra_id_71>', '<extra_id_72>', '<extra_id_73>', '<extra_id_74>', '<extra_id_75>', '<extra_id_76>', '<extra_id_77>', '<extra_id_78>', '<extra_id_79>', '<extra_id_80>', '<extra_id_81>', '<extra_id_82>', '<extra_id_83>', '<extra_id_84>', '<extra_id_85>', '<extra_id_86>', '<extra_id_87>', '<extra_id_88>', '<extra_id_89>', '<extra_id_90>', '<extra_id_91>', '<extra_id_92>', '<extra_id_93>', '<extra_id_94>', '<extra_id_95>', '<extra_id_96>', '<extra_id_97>', '<extra_id_98>', '<extra_id_99>', '<extra_id_100>', '<extra_id_101>', '<extra_id_102>', '<extra_id_103>', '<extra_id_104>', '<extra_id_105>', '<extra_id_106>', '<extra_id_107>', '<extra_id_108>', '<extra_id_109>', '<extra_id_110>', '<extra_id_111>', '<extra_id_112>', '<extra_id_113>', '<extra_id_114>', '<extra_id_115>', '<extra_id_116>', '<extra_id_117>', '<extra_id_118>', '<extra_id_119>', '<extra_id_120>', '<extra_id_121>', '<extra_id_122>', '<extra_id_123>', '<extra_id_124>']
 - extra_id_0_tok_id: 259
----------------------------------------------------------------------------------

tokenizing entities...
100%|███████████████████████████████████████████████████████████████████████████████████████████████████████████████████████████████████████████████████████████████████████████████████████████████████████████████████████████████████████████████████████████████████████████| 12068/12068 [02:32<00:00, 79.23it/s]
datamodule construction done.

----------------------------------------------------------------------------------
 * pl.Trainer(accelerator=gpu, precision=bf16, max_epochs=15, every_n_epoch=3)
----------------------------------------------------------------------------------

Using bfloat16 Automatic Mixed Precision (AMP)
GPU available: True (cuda), used: True
TPU available: False, using: 0 TPU cores
IPU available: False, using: 0 IPUs
HPU available: False, using: 0 HPUs
model construction done.
LOCAL_RANK: 0 - CUDA_VISIBLE_DEVICES: [2]

  | Name          | Type                               | Params
---------------------------------------------------------------------
0 | core_t5_model | ModifiedT5ForConditionalGeneration | 581 M
1 | rel_embed1    | Embedding                          | 138 K
2 | rel_embed2    | Embedding                          | 138 K
3 | rel_embed3    | Embedding                          | 138 K
4 | rel_embed4    | Embedding                          | 138 K
---------------------------------------------------------------------
582 M     Trainable params
0         Non-trainable params
582 M     Total params
2,328.825 Total estimated model params size (MB)
Training: 0it [00:00, ?it/s]

======================================================================
Epoch:    0,
Epoch 0: 100%|████████████████████████████████████████████████████████████████████████████████████████████████████████████████████████████████████████████████████████████████████████████████████████████████████████████████████████████████████████████████████| 36551/36551 [2:07:57<00:00,  4.76it/s, loss=0.194]
Total time: 7677s, loss: 0.2718
Epoch 0: 100%|████████████████████████████████████████████████████████████████████████████████████████████████████████████████████████████████████████████████████████████████████████████████████████████████████████████████████████████████████████████████████| 36551/36551 [2:07:57<00:00,  4.76it/s, loss=0.194]

======================================================================
Epoch:    1,
Epoch 1: 100%|████████████████████████████████████████████████████████████████████████████████████████████████████████████████████████████████████████████████████████████████████████████████████████████████████████████████████████████████████████████████████| 36551/36551 [2:07:57<00:00,  4.76it/s, loss=0.114]
Total time: 7677s, loss: 0.1355
Epoch 1: 100%|████████████████████████████████████████████████████████████████████████████████████████████████████████████████████████████████████████████████████████████████████████████████████████████████████████████████████████████████████████████████████| 36551/36551 [2:07:57<00:00,  4.76it/s, loss=0.114]

======================================================================
Epoch:    2,
Epoch 2: 100%|████████████████████████████████████████████████████████████████████████████████████████████████████████████████████████████████████████████████████████████████████████████████████████████████████████████████████████████████████████████████████| 36551/36551 [2:07:56<00:00,  4.76it/s, loss=0.073]
Training time: 7676s
Epoch 2: : 42365it [4:11:04,  2.81it/s, loss=0.073]
Validation DataLoader 1: 100%|██████████████████████████████████████████████████████████████████████████████████████████████████████████████████████████████████████████████████████████████████████████████████████████████████████████████████████████████████████████████████| 2907/2907 [1:01:29<00:00,  1.27s/it]

           mrr  hit@1   hit@3  hit@10
tail  0.116991  4.39%  15.76%  25.20%
head  0.015917  1.29%   1.31%   2.06%
mean  0.066454  2.84%   8.53%  13.63%

Ellipsis
Validation time: 7388s
Epoch 2: : 42365it [4:11:04,  2.81it/s, loss=0.073]
Total time: 15121s, loss: 0.0952
Epoch 2: : 42365it [4:12:01,  2.80it/s, loss=0.073]

======================================================================
Epoch:    3,
Epoch 3: 100%|███████████████████████████████████████████████████████████████████████████████████████████████████████████████████████████████████████████████████████████████████████████████████████████████████████████████████████████████████████████████████| 36551/36551 [2:07:58<00:00,  4.76it/s, loss=0.0623]
Total time: 7678s, loss: 0.0782
Epoch 3: 100%|███████████████████████████████████████████████████████████████████████████████████████████████████████████████████████████████████████████████████████████████████████████████████████████████████████████████████████████████████████████████████| 36551/36551 [2:07:58<00:00,  4.76it/s, loss=0.0623]

======================================================================
Epoch:    4,
Epoch 4: 100%|███████████████████████████████████████████████████████████████████████████████████████████████████████████████████████████████████████████████████████████████████████████████████████████████████████████████████████████████████████████████████| 36551/36551 [2:07:59<00:00,  4.76it/s, loss=0.0623]
Total time: 7679s, loss: 0.0688
Epoch 4: 100%|███████████████████████████████████████████████████████████████████████████████████████████████████████████████████████████████████████████████████████████████████████████████████████████████████████████████████████████████████████████████████| 36551/36551 [2:07:59<00:00,  4.76it/s, loss=0.0623]

======================================================================
Epoch:    5,
Epoch 5:  86%|█████████████████████████████████████████████████████████████████████████████████████████████████████████████████████████████████████████████████████████████████████████████████████████████████████████████████▋                                 | 36551/42365 [2:08:02<20:21,  4.76it/s, loss=0.0573]
Training time: 7682s
Epoch 5: 100%|███████████████████████████████████████████████████████████████████████████████████████████████████████████████████████████████████████████████████████████████████████████████████████████████████████████████████████████████████████████████████| 42365/42365 [4:11:11<00:00,  2.81it/s, loss=0.0573]
Validation DataLoader 1: 100%|██████████████████████████████████████████████████████████████████████████████████████████████████████████████████████████████████████████████████████████████████████████████████████████████████████████████████████████████████████████████████| 2907/2907 [1:01:34<00:00,  1.27s/it]

           mrr   hit@1   hit@3  hit@10
tail  0.181596  10.80%  21.74%  33.68%
head  0.016511   1.29%   1.46%   2.29%
mean  0.099053   6.05%  11.60%  17.99%

Ellipsis
Validation time: 7389s
Epoch 5: 100%|███████████████████████████████████████████████████████████████████████████████████████████████████████████████████████████████████████████████████████████████████████████████████████████████████████████████████████████████████████████████████| 42365/42365 [4:11:11<00:00,  2.81it/s, loss=0.0573]
Total time: 15128s, loss: 0.0632
Epoch 5: 100%|███████████████████████████████████████████████████████████████████████████████████████████████████████████████████████████████████████████████████████████████████████████████████████████████████████████████████████████████████████████████████| 42365/42365 [4:12:08<00:00,  2.80it/s, loss=0.0573]

======================================================================
Epoch:    6,
Epoch 6: 100%|███████████████████████████████████████████████████████████████████████████████████████████████████████████████████████████████████████████████████████████████████████████████████████████████████████████████████████████████████████████████████| 36551/36551 [2:07:43<00:00,  4.77it/s, loss=0.0547]
Total time: 7663s, loss: 0.0590
Epoch 6: 100%|███████████████████████████████████████████████████████████████████████████████████████████████████████████████████████████████████████████████████████████████████████████████████████████████████████████████████████████████████████████████████| 36551/36551 [2:07:43<00:00,  4.77it/s, loss=0.0547]

======================================================================
Epoch:    7,
Epoch 7: 100%|███████████████████████████████████████████████████████████████████████████████████████████████████████████████████████████████████████████████████████████████████████████████████████████████████████████████████████████████████████████████████| 36551/36551 [2:07:57<00:00,  4.76it/s, loss=0.0498]
Total time: 7677s, loss: 0.0561
Epoch 7: 100%|███████████████████████████████████████████████████████████████████████████████████████████████████████████████████████████████████████████████████████████████████████████████████████████████████████████████████████████████████████████████████| 36551/36551 [2:07:57<00:00,  4.76it/s, loss=0.0498]

======================================================================
Epoch:    8,
Epoch 8:  86%|█████████████████████████████████████████████████████████████████████████████████████████████████████████████████████████████████████████████████████████████████████████████████████████████████████████████████▋                                 | 36551/42365 [2:08:05<20:22,  4.76it/s, loss=0.0535]
Training time: 7686s
Epoch 8: 100%|███████████████████████████████████████████████████████████████████████████████████████████████████████████████████████████████████████████████████████████████████████████████████████████████████████████████████████████████████████████████████| 42365/42365 [4:11:13<00:00,  2.81it/s, loss=0.0535]
Validation DataLoader 1: 100%|██████████████████████████████████████████████████████████████████████████████████████████████████████████████████████████████████████████████████████████████████████████████████████████████████████████████████████████████████████████████████| 2907/2907 [1:01:39<00:00,  1.27s/it]

           mrr   hit@1   hit@3  hit@10
tail  0.161118  11.75%  17.01%  26.48%
head  0.016959   1.43%   1.65%   2.46%
mean  0.089038   6.59%   9.33%  14.47%

Ellipsis
Validation time: 7387s
Epoch 8: 100%|███████████████████████████████████████████████████████████████████████████████████████████████████████████████████████████████████████████████████████████████████████████████████████████████████████████████████████████████████████████████████| 42365/42365 [4:11:14<00:00,  2.81it/s, loss=0.0535]
Total time: 15133s, loss: 0.0541
Epoch 8: 100%|███████████████████████████████████████████████████████████████████████████████████████████████████████████████████████████████████████████████████████████████████████████████████████████████████████████████████████████████████████████████████| 42365/42365 [4:12:13<00:00,  2.80it/s, loss=0.0535]

======================================================================
Epoch:    9,
Epoch 9: 100%|████████████████████████████████████████████████████████████████████████████████████████████████████████████████████████████████████████████████████████████████████████████████████████████████████████████████████████████████████████████████████| 36551/36551 [2:07:28<00:00,  4.78it/s, loss=0.048]
Total time: 7648s, loss: 0.0526
Epoch 9: 100%|████████████████████████████████████████████████████████████████████████████████████████████████████████████████████████████████████████████████████████████████████████████████████████████████████████████████████████████████████████████████████| 36551/36551 [2:07:28<00:00,  4.78it/s, loss=0.048]

======================================================================
Epoch:   10,
Epoch 10: 100%|██████████████████████████████████████████████████████████████████████████████████████████████████████████████████████████████████████████████████████████████████████████████████████████████████████████████████████████████████████████████████| 36551/36551 [2:08:01<00:00,  4.76it/s, loss=0.0528]
Total time: 7681s, loss: 0.0505
Epoch 10: 100%|██████████████████████████████████████████████████████████████████████████████████████████████████████████████████████████████████████████████████████████████████████████████████████████████████████████████████████████████████████████████████| 36551/36551 [2:08:01<00:00,  4.76it/s, loss=0.0528]

======================================================================
Epoch:   11,
Epoch 11:  86%|████████████████████████████████████████████████████████████████████████████████████████████████████████████████████████████████████████████████████████████████████████████████████████████████████████████████▊                                 | 36551/42365 [2:07:53<20:20,  4.76it/s, loss=0.0394]
Training time: 7673s
Epoch 11: 100%|██████████████████████████████████████████████████████████████████████████████████████████████████████████████████████████████████████████████████████████████████████████████████████████████████████████████████████████████████████████████████| 42365/42365 [4:11:08<00:00,  2.81it/s, loss=0.0394]
Validation DataLoader 1: 100%|██████████████████████████████████████████████████████████████████████████████████████████████████████████████████████████████████████████████████████████████████████████████████████████████████████████████████████████████████████████████████| 2907/2907 [1:01:41<00:00,  1.27s/it]

           mrr   hit@1   hit@3  hit@10
tail  0.207471  15.36%  23.52%  31.70%
head  0.017313   1.39%   1.72%   2.24%
mean  0.112392   8.38%  12.62%  16.97%

Ellipsis
Validation time: 7394s
Epoch 11: 100%|██████████████████████████████████████████████████████████████████████████████████████████████████████████████████████████████████████████████████████████████████████████████████████████████████████████████████████████████████████████████████| 42365/42365 [4:11:08<00:00,  2.81it/s, loss=0.0394]
Total time: 15125s, loss: 0.0494
Epoch 11: 100%|██████████████████████████████████████████████████████████████████████████████████████████████████████████████████████████████████████████████████████████████████████████████████████████████████████████████████████████████████████████████████| 42365/42365 [4:12:05<00:00,  2.80it/s, loss=0.0394]

======================================================================
Epoch:   12,
Epoch 12: 100%|██████████████████████████████████████████████████████████████████████████████████████████████████████████████████████████████████████████████████████████████████████████████████████████████████████████████████████████████████████████████████| 36551/36551 [2:07:26<00:00,  4.78it/s, loss=0.0499]
Total time: 7646s, loss: 0.0482
Epoch 12: 100%|██████████████████████████████████████████████████████████████████████████████████████████████████████████████████████████████████████████████████████████████████████████████████████████████████████████████████████████████████████████████████| 36551/36551 [2:07:26<00:00,  4.78it/s, loss=0.0499]

======================================================================
Epoch:   13,
Epoch 13: 100%|██████████████████████████████████████████████████████████████████████████████████████████████████████████████████████████████████████████████████████████████████████████████████████████████████████████████████████████████████████████████████| 36551/36551 [2:08:05<00:00,  4.76it/s, loss=0.0459]
Total time: 7685s, loss: 0.0473
Epoch 13: 100%|██████████████████████████████████████████████████████████████████████████████████████████████████████████████████████████████████████████████████████████████████████████████████████████████████████████████████████████████████████████████████| 36551/36551 [2:08:05<00:00,  4.76it/s, loss=0.0459]

======================================================================
Epoch:   14,
Epoch 14:  86%|████████████████████████████████████████████████████████████████████████████████████████████████████████████████████████████████████████████████████████████████████████████████████████████████████████████████▊                                 | 36551/42365 [2:08:15<20:24,  4.75it/s, loss=0.0476]
Training time: 7695s
Epoch 14: 100%|██████████████████████████████████████████████████████████████████████████████████████████████████████████████████████████████████████████████████████████████████████████████████████████████████████████████████████████████████████████████████| 42365/42365 [4:11:36<00:00,  2.81it/s, loss=0.0476]
Validation DataLoader 1: 100%|██████████████████████████████████████████████████████████████████████████████████████████████████████████████████████████████████████████████████████████████████████████████████████████████████████████████████████████████████████████████████| 2907/2907 [1:01:43<00:00,  1.27s/it]

           mrr   hit@1   hit@3  hit@10
tail  0.163761  11.47%  18.08%  25.89%
head  0.032291   1.88%   3.72%   6.12%
mean  0.098026   6.67%  10.90%  16.01%

Ellipsis
Validation time: 7400s
Epoch 14: 100%|██████████████████████████████████████████████████████████████████████████████████████████████████████████████████████████████████████████████████████████████████████████████████████████████████████████████████████████████████████████████████| 42365/42365 [4:11:36<00:00,  2.81it/s, loss=0.0476]
Total time: 15153s, loss: 0.0464
Epoch 14: 100%|██████████████████████████████████████████████████████████████████████████████████████████████████████████████████████████████████████████████████████████████████████████████████████████████████████████████████████████████████████████████████| 42365/42365 [4:12:33<00:00,  2.80it/s, loss=0.0476]`Trainer.fit` stopped: `max_epochs=15` reached.
Epoch 14: 100%|██████████████████████████████████████████████████████████████████████████████████████████████████████████████████████████████████████████████████████████████████████████████████████████████████████████████████████████████████████████████████| 42365/42365 [4:12:33<00:00,  2.80it/s, loss=0.0476]
model_path: [./checkpoint/FB15k-237N-ko=ETRI-KEByT5-Base-230426=1214.222510/FB15k-237N-ko-epoch=011-val_mrr=0.1124.ckpt]
LOCAL_RANK: 0 - CUDA_VISIBLE_DEVICES: [2]
Testing DataLoader 1: 100%|█████████████████████████████████████████████████████████████████████████████████████████████████████████████████████████████████████████████████████████████████████████████████████████████████████████████████████████████████████████████████████| 3381/3381 [1:02:40<00:00,  1.11s/it]


           mrr   hit@1   hit@3  hit@10
tail  0.206444  15.50%  23.28%  31.16%
head  0.019648   1.58%   1.97%   2.59%
mean  0.113046   8.54%  12.62%  16.87%

======================================================================
Epoch: test
Ellipsis
======================================================================
Testing DataLoader 1: 100%|█████████████████████████████████████████████████████████████████████████████████████████████████████████████████████████████████████████████████████████████████████████████████████████████████████████████████████████████████████████████████████| 3381/3381 [1:02:40<00:00,  1.11s/it]
──────────────────────────────────────────────────────────────────────────────────────────────────────────────────────────────────────────────────────────────────────────────────────────────────────────────────────────────────────────────────────────────────────────────────────────────────────────────────────
Runningstage.testing metric      DataLoader 0             DataLoader 1
──────────────────────────────────────────────────────────────────────────────────────────────────────────────────────────────────────────────────────────────────────────────────────────────────────────────────────────────────────────────────────────────────────────────────────────────────────────────────────
         val_mrr            0.11304568499326706      0.11304568499326706
──────────────────────────────────────────────────────────────────────────────────────────────────────────────────────────────────────────────────────────────────────────────────────────────────────────────────────────────────────────────────────────────────────────────────────────────────────────────────────
(KG-S2S) chrisjihee@ptlm3:~/proj/KG-S2S$

