#export CUDA_VISIBLE_DEVICES=3
#export CUDA_VISIBLE_DEVICES=7
#python3 main.py -dataset FB15k-237N-ko -lr 0.0005 -num_beams 40 -seq_dropout 0.2 -use_soft_prompt -use_rel_prompt_emb -src_descrip_max_length 200 -tgt_descrip_max_length 200 -pretrained_model KETI-AIR/ke-t5-base-ko
python3 main.py -dataset FB15k-237N-ko \
                -lr 0.0005 \
                -precision 32 \
                -epoch 15 \
                -batch_size 4 \
                -val_batch_size 2 \
                -num_beams 40 \
                -seq_dropout 0.2 \
                -use_soft_prompt \
                -use_rel_prompt_emb \
                -src_descrip_max_length 200 \
                -tgt_descrip_max_length 200 \
                -eval_tgt_max_length 75 \
                -pretrained_model KETI-AIR/ke-t5-base-ko


(KG-S2S) chris@chris137:/dat/proj/KG-S2S$ export CUDA_VISIBLE_DEVICES=3
(KG-S2S) chris@chris137:/dat/proj/KG-S2S$ setting-korean/train-FB15k-237N-ko-KeT5-base-4.sh
Namespace(dataset_path='./data/processed', dataset='FB15k-237N-ko', model='T5Finetuner', precision='32', accelerator='gpu', seed=41504, num_workers=12, save_dir='./checkpoint/FB15k-237N-ko=ke-t5-base-ko=1214.222432', pretrained_model='KETI-AIR/ke-t5-base-ko', batch_size=4, val_batch_size=2, num_beams=40, num_beam_groups=1, src_max_length=512, train_tgt_max_length=512, eval_tgt_max_length=75, epochs=15, lr=0.0005, diversity_penalty=0.0, model_path='', optim='Adam', decoder='beam_search', log_text=False, use_prefix_search=False, src_descrip_max_length=200, tgt_descrip_max_length=200, use_soft_prompt=True, use_rel_prompt_emb=True, check_every_n_epochs=3, seq_dropout=0.2, temporal=False, n_ent=12068, n_rel=90, vocab_size=64128, model_dim=768)
Global seed set to 41504
Special tokens have been added in the vocabulary, make sure the associated word embeddings are fine-tuned or trained.

----------------------------------------------------------------------------------
 - pretrained_model.model_type: t5
 - tokenizer.additional_special_tokens: ['<extra_id_0>', '<extra_id_1>', '<extra_id_2>', '<extra_id_3>', '<extra_id_4>', '<extra_id_5>', '<extra_id_6>', '<extra_id_7>', '<extra_id_8>', '<extra_id_9>', '<extra_id_10>', '<extra_id_11>', '<extra_id_12>', '<extra_id_13>', '<extra_id_14>', '<extra_id_15>', '<extra_id_16>', '<extra_id_17>', '<extra_id_18>', '<extra_id_19>', '<extra_id_20>', '<extra_id_21>', '<extra_id_22>', '<extra_id_23>', '<extra_id_24>', '<extra_id_25>', '<extra_id_26>', '<extra_id_27>', '<extra_id_28>', '<extra_id_29>', '<extra_id_30>', '<extra_id_31>', '<extra_id_32>', '<extra_id_33>', '<extra_id_34>', '<extra_id_35>', '<extra_id_36>', '<extra_id_37>', '<extra_id_38>', '<extra_id_39>', '<extra_id_40>', '<extra_id_41>', '<extra_id_42>', '<extra_id_43>', '<extra_id_44>', '<extra_id_45>', '<extra_id_46>', '<extra_id_47>', '<extra_id_48>', '<extra_id_49>', '<extra_id_50>', '<extra_id_51>', '<extra_id_52>', '<extra_id_53>', '<extra_id_54>', '<extra_id_55>', '<extra_id_56>', '<extra_id_57>', '<extra_id_58>', '<extra_id_59>', '<extra_id_60>', '<extra_id_61>', '<extra_id_62>', '<extra_id_63>', '<extra_id_64>', '<extra_id_65>', '<extra_id_66>', '<extra_id_67>', '<extra_id_68>', '<extra_id_69>', '<extra_id_70>', '<extra_id_71>', '<extra_id_72>', '<extra_id_73>', '<extra_id_74>', '<extra_id_75>', '<extra_id_76>', '<extra_id_77>', '<extra_id_78>', '<extra_id_79>', '<extra_id_80>', '<extra_id_81>', '<extra_id_82>', '<extra_id_83>', '<extra_id_84>', '<extra_id_85>', '<extra_id_86>', '<extra_id_87>', '<extra_id_88>', '<extra_id_89>', '<extra_id_90>', '<extra_id_91>', '<extra_id_92>', '<extra_id_93>', '<extra_id_94>', '<extra_id_95>', '<extra_id_96>', '<extra_id_97>', '<extra_id_98>', '<extra_id_99>']
 - extra_id_0_tok_id: 64099
----------------------------------------------------------------------------------

tokenizing entities...
100%|██████████████████████████████████████████████████████████████████████████████████████████████████████████████████████████████████████████████████████████████████████████████████████████████████████████████████████████████████████████████████████████████████████████| 12068/12068 [00:28<00:00, 418.97it/s]
Special tokens have been added in the vocabulary, make sure the associated word embeddings are fine-tuned or trained.
datamodule construction done.

----------------------------------------------------------------------------------
 * pl.Trainer(accelerator=gpu, precision=32, max_epochs=15, every_n_epoch=3)
----------------------------------------------------------------------------------

GPU available: True (cuda), used: True
TPU available: False, using: 0 TPU cores
IPU available: False, using: 0 IPUs
HPU available: False, using: 0 HPUs
model construction done.
LOCAL_RANK: 0 - CUDA_VISIBLE_DEVICES: [3]

  | Name          | Type                               | Params
---------------------------------------------------------------------
0 | core_t5_model | ModifiedT5ForConditionalGeneration | 247 M
1 | rel_embed1    | Embedding                          | 69.1 K
2 | rel_embed2    | Embedding                          | 69.1 K
3 | rel_embed3    | Embedding                          | 69.1 K
4 | rel_embed4    | Embedding                          | 69.1 K
---------------------------------------------------------------------
247 M     Trainable params
0         Non-trainable params
247 M     Total params
991.024   Total estimated model params size (MB)
Training: 0it [00:00, ?it/s]

======================================================================
Epoch:    0,
Epoch 0: 100%|████████████████████████████████████████████████████████████████████████████████████████████████████████████████████████████████████████████████████████████████████████████████████████████████████████████████████████████████████████████████████| 36551/36551 [1:22:27<00:00,  7.39it/s, loss=0.605]
Total time: 4947s, loss: 1.2253
Epoch 0: 100%|████████████████████████████████████████████████████████████████████████████████████████████████████████████████████████████████████████████████████████████████████████████████████████████████████████████████████████████████████████████████████| 36551/36551 [1:22:27<00:00,  7.39it/s, loss=0.605]

======================================================================
Epoch:    1,
Epoch 1: 100%|████████████████████████████████████████████████████████████████████████████████████████████████████████████████████████████████████████████████████████████████████████████████████████████████████████████████████████████████████████████████████| 36551/36551 [1:22:33<00:00,  7.38it/s, loss=0.284]
Total time: 4953s, loss: 0.4705
Epoch 1: 100%|████████████████████████████████████████████████████████████████████████████████████████████████████████████████████████████████████████████████████████████████████████████████████████████████████████████████████████████████████████████████████| 36551/36551 [1:22:33<00:00,  7.38it/s, loss=0.284]

======================================================================
Epoch:    2,
Epoch 2: 100%|████████████████████████████████████████████████████████████████████████████████████████████████████████████████████████████████████████████████████████████████████████████████████████████████████████████████████████████████████████████████████| 36551/36551 [1:25:00<00:00,  7.17it/s, loss=0.232]
Training time: 5100s
Epoch 2: : 42365it [4:03:30,  2.90it/s, loss=0.232]
Validation DataLoader 1: 100%|██████████████████████████████████████████████████████████████████████████████████████████████████████████████████████████████████████████████████████████████████████████████████████████████████████████████████████████████████████████████████| 2907/2907 [1:19:21<00:00,  1.64s/it]

           mrr   hit@1   hit@3  hit@10
tail  0.382950  30.24%  42.89%  53.71%
head  0.102900   7.26%  11.13%  16.65%
mean  0.242925  18.75%  27.01%  35.18%

Ellipsis
Validation time: 9510s
Epoch 2: : 42365it [4:03:30,  2.90it/s, loss=0.232]
Total time: 14628s, loss: 0.3013
Epoch 2: : 42365it [4:03:48,  2.90it/s, loss=0.232]

======================================================================
Epoch:    3,
Epoch 3: 100%|████████████████████████████████████████████████████████████████████████████████████████████████████████████████████████████████████████████████████████████████████████████████████████████████████████████████████████████████████████████████████| 36551/36551 [1:23:08<00:00,  7.33it/s, loss=0.253]
Total time: 4988s, loss: 0.2218
Epoch 3: 100%|████████████████████████████████████████████████████████████████████████████████████████████████████████████████████████████████████████████████████████████████████████████████████████████████████████████████████████████████████████████████████| 36551/36551 [1:23:08<00:00,  7.33it/s, loss=0.253]

======================================================================
Epoch:    4,
Epoch 4: 100%|████████████████████████████████████████████████████████████████████████████████████████████████████████████████████████████████████████████████████████████████████████████████████████████████████████████████████████████████████████████████████| 36551/36551 [1:22:27<00:00,  7.39it/s, loss=0.164]
Total time: 4947s, loss: 0.1798
Epoch 4: 100%|████████████████████████████████████████████████████████████████████████████████████████████████████████████████████████████████████████████████████████████████████████████████████████████████████████████████████████████████████████████████████| 36551/36551 [1:22:27<00:00,  7.39it/s, loss=0.164]

======================================================================
Epoch:    5,
Epoch 5:  86%|██████████████████████████████████████████████████████████████████████████████████████████████████████████████████████████████████████████████████████████████████████████████████████████████████████████████████▌                                 | 36551/42365 [1:22:59<13:12,  7.34it/s, loss=0.189]
Training time: 4979s
Epoch 5: 100%|████████████████████████████████████████████████████████████████████████████████████████████████████████████████████████████████████████████████████████████████████████████████████████████████████████████████████████████████████████████████████| 42365/42365 [3:56:02<00:00,  2.99it/s, loss=0.189]
Validation DataLoader 1: 100%|██████████████████████████████████████████████████████████████████████████████████████████████████████████████████████████████████████████████████████████████████████████████████████████████████████████████████████████████████████████████████| 2907/2907 [1:15:37<00:00,  1.56s/it]

           mrr   hit@1   hit@3  hit@10
tail  0.406093  32.50%  44.73%  56.24%
head  0.117440   8.41%  12.37%  18.61%
mean  0.261766  20.45%  28.55%  37.42%

Ellipsis
Validation time: 9183s
Epoch 5: 100%|████████████████████████████████████████████████████████████████████████████████████████████████████████████████████████████████████████████████████████████████████████████████████████████████████████████████████████████████████████████████████| 42365/42365 [3:56:02<00:00,  2.99it/s, loss=0.189]
Total time: 14185s, loss: 0.1589
Epoch 5: 100%|████████████████████████████████████████████████████████████████████████████████████████████████████████████████████████████████████████████████████████████████████████████████████████████████████████████████████████████████████████████████████| 42365/42365 [3:56:25<00:00,  2.99it/s, loss=0.189]

======================================================================
Epoch:    6,
Epoch 6: 100%|████████████████████████████████████████████████████████████████████████████████████████████████████████████████████████████████████████████████████████████████████████████████████████████████████████████████████████████████████████████████████| 36551/36551 [1:24:34<00:00,  7.20it/s, loss=0.149]
Total time: 5074s, loss: 0.1445
Epoch 6: 100%|████████████████████████████████████████████████████████████████████████████████████████████████████████████████████████████████████████████████████████████████████████████████████████████████████████████████████████████████████████████████████| 36551/36551 [1:24:34<00:00,  7.20it/s, loss=0.149]

======================================================================
Epoch:    7,
Epoch 7: 100%|████████████████████████████████████████████████████████████████████████████████████████████████████████████████████████████████████████████████████████████████████████████████████████████████████████████████████████████████████████████████████| 36551/36551 [1:23:56<00:00,  7.26it/s, loss=0.158]
Total time: 5036s, loss: 0.1352
Epoch 7: 100%|████████████████████████████████████████████████████████████████████████████████████████████████████████████████████████████████████████████████████████████████████████████████████████████████████████████████████████████████████████████████████| 36551/36551 [1:23:56<00:00,  7.26it/s, loss=0.158]

======================================================================
Epoch:    8,
Epoch 8:  86%|██████████████████████████████████████████████████████████████████████████████████████████████████████████████████████████████████████████████████████████████████████████████████████████████████████████████████▌                                 | 36551/42365 [1:24:16<13:24,  7.23it/s, loss=0.129]
Training time: 5056s
Epoch 8: 100%|████████████████████████████████████████████████████████████████████████████████████████████████████████████████████████████████████████████████████████████████████████████████████████████████████████████████████████████████████████████████████| 42365/42365 [3:58:43<00:00,  2.96it/s, loss=0.129]
Validation DataLoader 1: 100%|██████████████████████████████████████████████████████████████████████████████████████████████████████████████████████████████████████████████████████████████████████████████████████████████████████████████████████████████████████████████████| 2907/2907 [1:16:29<00:00,  1.58s/it]

           mrr   hit@1   hit@3  hit@10
tail  0.411527  32.46%  46.03%  57.65%
head  0.126999   9.05%  13.47%  20.63%
mean  0.269263  20.76%  29.75%  39.14%

Ellipsis
Validation time: 9266s
Epoch 8: 100%|████████████████████████████████████████████████████████████████████████████████████████████████████████████████████████████████████████████████████████████████████████████████████████████████████████████████████████████████████████████████████| 42365/42365 [3:58:43<00:00,  2.96it/s, loss=0.129]
Total time: 14346s, loss: 0.1275
Epoch 8: 100%|████████████████████████████████████████████████████████████████████████████████████████████████████████████████████████████████████████████████████████████████████████████████████████████████████████████████████████████████████████████████████| 42365/42365 [3:59:06<00:00,  2.95it/s, loss=0.129]

======================================================================
Epoch:    9,
Epoch 9: 100%|████████████████████████████████████████████████████████████████████████████████████████████████████████████████████████████████████████████████████████████████████████████████████████████████████████████████████████████████████████████████████| 36551/36551 [1:22:46<00:00,  7.36it/s, loss=0.125]
Total time: 4966s, loss: 0.1272
Epoch 9: 100%|████████████████████████████████████████████████████████████████████████████████████████████████████████████████████████████████████████████████████████████████████████████████████████████████████████████████████████████████████████████████████| 36551/36551 [1:22:46<00:00,  7.36it/s, loss=0.125]

======================================================================
Epoch:   10,
Epoch 10: 100%|██████████████████████████████████████████████████████████████████████████████████████████████████████████████████████████████████████████████████████████████████████████████████████████████████████████████████████████████████████████████████| 36551/36551 [1:23:48<00:00,  7.27it/s, loss=0.0819]
Total time: 5028s, loss: 0.1218
Epoch 10: 100%|██████████████████████████████████████████████████████████████████████████████████████████████████████████████████████████████████████████████████████████████████████████████████████████████████████████████████████████████████████████████████| 36551/36551 [1:23:48<00:00,  7.27it/s, loss=0.0819]

======================================================================
Epoch:   11,
Epoch 11:  86%|█████████████████████████████████████████████████████████████████████████████████████████████████████████████████████████████████████████████████████████████████████████████████████████████████████████████████▋                                 | 36551/42365 [1:24:37<13:27,  7.20it/s, loss=0.108]
Training time: 5078s
Epoch 11: 100%|███████████████████████████████████████████████████████████████████████████████████████████████████████████████████████████████████████████████████████████████████████████████████████████████████████████████████████████████████████████████████| 42365/42365 [3:59:07<00:00,  2.95it/s, loss=0.108]
Validation DataLoader 1: 100%|██████████████████████████████████████████████████████████████████████████████████████████████████████████████████████████████████████████████████████████████████████████████████████████████████████████████████████████████████████████████████| 2907/2907 [1:15:56<00:00,  1.57s/it]

           mrr   hit@1   hit@3  hit@10
tail  0.429854  34.49%  47.82%  58.70%
head  0.133128   9.34%  14.59%  21.13%
mean  0.281491  21.92%  31.21%  39.91%

Ellipsis
Validation time: 9269s
Epoch 11: 100%|███████████████████████████████████████████████████████████████████████████████████████████████████████████████████████████████████████████████████████████████████████████████████████████████████████████████████████████████████████████████████| 42365/42365 [3:59:07<00:00,  2.95it/s, loss=0.108]
Total time: 14365s, loss: 0.1156
Epoch 11: 100%|███████████████████████████████████████████████████████████████████████████████████████████████████████████████████████████████████████████████████████████████████████████████████████████████████████████████████████████████████████████████████| 42365/42365 [3:59:25<00:00,  2.95it/s, loss=0.108]

======================================================================
Epoch:   12,
Epoch 12: 100%|███████████████████████████████████████████████████████████████████████████████████████████████████████████████████████████████████████████████████████████████████████████████████████████████████████████████████████████████████████████████████| 36551/36551 [1:23:55<00:00,  7.26it/s, loss=0.125]
Total time: 5035s, loss: 0.1119
Epoch 12: 100%|███████████████████████████████████████████████████████████████████████████████████████████████████████████████████████████████████████████████████████████████████████████████████████████████████████████████████████████████████████████████████| 36551/36551 [1:23:55<00:00,  7.26it/s, loss=0.125]

======================================================================
Epoch:   13,
Epoch 13: 100%|███████████████████████████████████████████████████████████████████████████████████████████████████████████████████████████████████████████████████████████████████████████████████████████████████████████████████████████████████████████████████| 36551/36551 [1:22:57<00:00,  7.34it/s, loss=0.105]
Total time: 4977s, loss: 0.1090
Epoch 13: 100%|███████████████████████████████████████████████████████████████████████████████████████████████████████████████████████████████████████████████████████████████████████████████████████████████████████████████████████████████████████████████████| 36551/36551 [1:22:57<00:00,  7.34it/s, loss=0.105]

======================================================================
Epoch:   14,
Epoch 14:  86%|█████████████████████████████████████████████████████████████████████████████████████████████████████████████████████████████████████████████████████████████████████████████████████████████████████████████████▋                                 | 36551/42365 [1:23:49<13:19,  7.27it/s, loss=0.106]
Training time: 5029s
Epoch 14: 100%|███████████████████████████████████████████████████████████████████████████████████████████████████████████████████████████████████████████████████████████████████████████████████████████████████████████████████████████████████████████████████| 42365/42365 [3:57:37<00:00,  2.97it/s, loss=0.106]
Validation DataLoader 1: 100%|██████████████████████████████████████████████████████████████████████████████████████████████████████████████████████████████████████████████████████████████████████████████████████████████████████████████████████████████████████████████████| 2907/2907 [1:15:17<00:00,  1.55s/it]

           mrr   hit@1   hit@3  hit@10
tail  0.440758  36.06%  48.39%  59.59%
head  0.137422   9.96%  14.48%  21.64%
mean  0.289090  23.01%  31.44%  40.62%

Ellipsis
Validation time: 9227s
Epoch 14: 100%|███████████████████████████████████████████████████████████████████████████████████████████████████████████████████████████████████████████████████████████████████████████████████████████████████████████████████████████████████████████████████| 42365/42365 [3:57:37<00:00,  2.97it/s, loss=0.106]
Total time: 14277s, loss: 0.1066
Epoch 14: 100%|███████████████████████████████████████████████████████████████████████████████████████████████████████████████████████████████████████████████████████████████████████████████████████████████████████████████████████████████████████████████████| 42365/42365 [3:57:57<00:00,  2.97it/s, loss=0.106]`Trainer.fit` stopped: `max_epochs=15` reached.
Epoch 14: 100%|███████████████████████████████████████████████████████████████████████████████████████████████████████████████████████████████████████████████████████████████████████████████████████████████████████████████████████████████████████████████████| 42365/42365 [3:57:57<00:00,  2.97it/s, loss=0.106]
model_path: [./checkpoint/FB15k-237N-ko=ke-t5-base-ko=1214.222432/FB15k-237N-ko-epoch=014-val_mrr=0.2891.ckpt]
LOCAL_RANK: 0 - CUDA_VISIBLE_DEVICES: [3]
Testing DataLoader 1: 100%|█████████████████████████████████████████████████████████████████████████████████████████████████████████████████████████████████████████████████████████████████████████████████████████████████████████████████████████████████████████████████████| 3381/3381 [1:18:05<00:00,  1.39s/it]


           mrr   hit@1   hit@3  hit@10
tail  0.436798  36.04%  47.68%  58.95%
head  0.142227  10.26%  15.19%  21.90%
mean  0.289512  23.15%  31.43%  40.42%

======================================================================
Epoch: test
Ellipsis
======================================================================
Testing DataLoader 1: 100%|█████████████████████████████████████████████████████████████████████████████████████████████████████████████████████████████████████████████████████████████████████████████████████████████████████████████████████████████████████████████████████| 3381/3381 [1:18:05<00:00,  1.39s/it]
──────────────────────────────────────────────────────────────────────────────────────────────────────────────────────────────────────────────────────────────────────────────────────────────────────────────────────────────────────────────────────────────────────────────────────────────────────────────────────
Runningstage.testing metric      DataLoader 0             DataLoader 1
──────────────────────────────────────────────────────────────────────────────────────────────────────────────────────────────────────────────────────────────────────────────────────────────────────────────────────────────────────────────────────────────────────────────────────────────────────────────────────
         val_mrr            0.2895124852657318       0.2895124852657318
──────────────────────────────────────────────────────────────────────────────────────────────────────────────────────────────────────────────────────────────────────────────────────────────────────────────────────────────────────────────────────────────────────────────────────────────────────────────────────
(KG-S2S) chris@chris137:/dat/proj/KG-S2S$

