#export CUDA_VISIBLE_DEVICES=2
#export CUDA_VISIBLE_DEVICES=6
#python3 main.py -dataset FB15k-237N-ko -lr 0.001 -num_beams 40 -seq_dropout 0.2 -use_soft_prompt -use_rel_prompt_emb -src_descrip_max_length 200 -tgt_descrip_max_length 200 -pretrained_model KETI-AIR/ke-t5-base-ko
python3 main.py -dataset FB15k-237N-ko \
                -lr 0.001 \
                -precision bf16 \
                -epoch 15 \
                -batch_size 4 \
                -val_batch_size 2 \
                -num_beams 40 \
                -seq_dropout 0.2 \
                -use_soft_prompt \
                -use_rel_prompt_emb \
                -src_descrip_max_length 200 \
                -tgt_descrip_max_length 200 \
                -eval_tgt_max_length 75 \
                -pretrained_model KETI-AIR/ke-t5-large-ko



(KG-S2S) dlt@dl012:~/proj/KG-S2S$ export CUDA_VISIBLE_DEVICES=6
(KG-S2S) dlt@dl012:~/proj/KG-S2S$ setting-korean/train-FB15k-237N-ko-KeT5-large-1.sh
Namespace(dataset_path='./data/processed', dataset='FB15k-237N-ko', model='T5Finetuner', precision='bf16', accelerator='gpu', seed=41504, num_workers=12, save_dir='./checkpoint/FB15k-237N-ko=ke-t5-large-ko=1214.224306', pretrained_model='KETI-AIR/ke-t5-large-ko', batch_size=4, val_batch_size=2, num_beams=40, num_beam_groups=1, src_max_length=512, train_tgt_max_length=512, eval_tgt_max_length=75, epochs=15, lr=0.001, diversity_penalty=0.0, model_path='', optim='Adam', decoder='beam_search', log_text=False, use_prefix_search=False, src_descrip_max_length=200, tgt_descrip_max_length=200, use_soft_prompt=True, use_rel_prompt_emb=True, check_every_n_epochs=3, seq_dropout=0.2, temporal=False, n_ent=12068, n_rel=90, vocab_size=64128, model_dim=1024)
Global seed set to 41504
Special tokens have been added in the vocabulary, make sure the associated word embeddings are fine-tuned or trained.

----------------------------------------------------------------------------------
 - pretrained_model.model_type: t5
 - tokenizer.additional_special_tokens: ['<extra_id_0>', '<extra_id_1>', '<extra_id_2>', '<extra_id_3>', '<extra_id_4>', '<extra_id_5>', '<extra_id_6>', '<extra_id_7>', '<extra_id_8>', '<extra_id_9>', '<extra_id_10>', '<extra_id_11>', '<extra_id_12>', '<extra_id_13>', '<extra_id_14>', '<extra_id_15>', '<extra_id_16>', '<extra_id_17>', '<extra_id_18>', '<extra_id_19>', '<extra_id_20>', '<extra_id_21>', '<extra_id_22>', '<extra_id_23>', '<extra_id_24>', '<extra_id_25>', '<extra_id_26>', '<extra_id_27>', '<extra_id_28>', '<extra_id_29>', '<extra_id_30>', '<extra_id_31>', '<extra_id_32>', '<extra_id_33>', '<extra_id_34>', '<extra_id_35>', '<extra_id_36>', '<extra_id_37>', '<extra_id_38>', '<extra_id_39>', '<extra_id_40>', '<extra_id_41>', '<extra_id_42>', '<extra_id_43>', '<extra_id_44>', '<extra_id_45>', '<extra_id_46>', '<extra_id_47>', '<extra_id_48>', '<extra_id_49>', '<extra_id_50>', '<extra_id_51>', '<extra_id_52>', '<extra_id_53>', '<extra_id_54>', '<extra_id_55>', '<extra_id_56>', '<extra_id_57>', '<extra_id_58>', '<extra_id_59>', '<extra_id_60>', '<extra_id_61>', '<extra_id_62>', '<extra_id_63>', '<extra_id_64>', '<extra_id_65>', '<extra_id_66>', '<extra_id_67>', '<extra_id_68>', '<extra_id_69>', '<extra_id_70>', '<extra_id_71>', '<extra_id_72>', '<extra_id_73>', '<extra_id_74>', '<extra_id_75>', '<extra_id_76>', '<extra_id_77>', '<extra_id_78>', '<extra_id_79>', '<extra_id_80>', '<extra_id_81>', '<extra_id_82>', '<extra_id_83>', '<extra_id_84>', '<extra_id_85>', '<extra_id_86>', '<extra_id_87>', '<extra_id_88>', '<extra_id_89>', '<extra_id_90>', '<extra_id_91>', '<extra_id_92>', '<extra_id_93>', '<extra_id_94>', '<extra_id_95>', '<extra_id_96>', '<extra_id_97>', '<extra_id_98>', '<extra_id_99>']
 - extra_id_0_tok_id: 64099
----------------------------------------------------------------------------------

tokenizing entities...
100%|██████████████████████████████████████████████████████████████████████████████████████████████████████████████████████████████████████████████████████████████████████████████████████████████████████████████████████████████████████████████████████████████████████████| 12068/12068 [00:20<00:00, 581.40it/s]
Special tokens have been added in the vocabulary, make sure the associated word embeddings are fine-tuned or trained.
datamodule construction done.

----------------------------------------------------------------------------------
 * pl.Trainer(accelerator=gpu, precision=bf16, max_epochs=15, every_n_epoch=3)
----------------------------------------------------------------------------------

Using bfloat16 Automatic Mixed Precision (AMP)
GPU available: True (cuda), used: True
TPU available: False, using: 0 TPU cores
IPU available: False, using: 0 IPUs
HPU available: False, using: 0 HPUs
model construction done.
LOCAL_RANK: 0 - CUDA_VISIBLE_DEVICES: [6]

  | Name          | Type                               | Params
---------------------------------------------------------------------
0 | core_t5_model | ModifiedT5ForConditionalGeneration | 783 M
1 | rel_embed1    | Embedding                          | 92.2 K
2 | rel_embed2    | Embedding                          | 92.2 K
3 | rel_embed3    | Embedding                          | 92.2 K
4 | rel_embed4    | Embedding                          | 92.2 K
---------------------------------------------------------------------
783 M     Trainable params
0         Non-trainable params
783 M     Total params
3,133.551 Total estimated model params size (MB)
Training: 0it [00:00, ?it/s]

======================================================================
Epoch:    0,
Epoch 0: 100%|████████████████████████████████████████████████████████████████████████████████████████████████████████████████████████████████████████████████████████████████████████████████████████████████████████████████████████████████████████████████████| 36551/36551 [2:02:41<00:00,  4.97it/s, loss=0.604]
Total time: 7361s, loss: 1.5305
Epoch 0: 100%|████████████████████████████████████████████████████████████████████████████████████████████████████████████████████████████████████████████████████████████████████████████████████████████████████████████████████████████████████████████████████| 36551/36551 [2:02:41<00:00,  4.97it/s, loss=0.604]

======================================================================
Epoch:    1,
Epoch 1: 100%|████████████████████████████████████████████████████████████████████████████████████████████████████████████████████████████████████████████████████████████████████████████████████████████████████████████████████████████████████████████████████| 36551/36551 [2:00:43<00:00,  5.05it/s, loss=0.549]
Total time: 7243s, loss: 0.6288
Epoch 1: 100%|████████████████████████████████████████████████████████████████████████████████████████████████████████████████████████████████████████████████████████████████████████████████████████████████████████████████████████████████████████████████████| 36551/36551 [2:00:43<00:00,  5.05it/s, loss=0.549]

======================================================================
Epoch:    2,
Epoch 2: 100%|█████████████████████████████████████████████████████████████████████████████████████████████████████████████████████████████████████████████████████████████████████████████████████████████████████████████████████████████████████████████████████| 36551/36551 [1:59:07<00:00,  5.11it/s, loss=3.04]
Training time: 7147s
Epoch 2: : 42365it [6:15:31,  1.88it/s, loss=3.04]
Validation DataLoader 1: 100%|██████████████████████████████████████████████████████████████████████████████████████████████████████████████████████████████████████████████████████████████████████████████████████████████████████████████████████████████████████████████████| 2907/2907 [2:07:43<00:00,  2.64s/it]

           mrr  hit@1  hit@3 hit@10
tail  0.044307  4.39%  4.39%  4.39%
head  0.013352  1.29%  1.29%  1.29%
mean  0.028830  2.84%  2.84%  2.84%

Ellipsis
Validation time: 15383s
Epoch 2: : 42365it [6:15:31,  1.88it/s, loss=3.04]
Total time: 22550s, loss: 2.1438
Epoch 2: : 42365it [6:15:50,  1.88it/s, loss=3.04]

======================================================================
Epoch:    3,
Epoch 3: 100%|█████████████████████████████████████████████████████████████████████████████████████████████████████████████████████████████████████████████████████████████████████████████████████████████████████████████████████████████████████████████████████| 36551/36551 [1:59:34<00:00,  5.09it/s, loss=4.59]
Total time: 7174s, loss: 3.8981
Epoch 3: 100%|█████████████████████████████████████████████████████████████████████████████████████████████████████████████████████████████████████████████████████████████████████████████████████████████████████████████████████████████████████████████████████| 36551/36551 [1:59:34<00:00,  5.09it/s, loss=4.59]

======================================================================
Epoch:    4,
Epoch 4: 100%|█████████████████████████████████████████████████████████████████████████████████████████████████████████████████████████████████████████████████████████████████████████████████████████████████████████████████████████████████████████████████████| 36551/36551 [2:01:35<00:00,  5.01it/s, loss=3.21]
Total time: 7295s, loss: 4.3109
Epoch 4: 100%|█████████████████████████████████████████████████████████████████████████████████████████████████████████████████████████████████████████████████████████████████████████████████████████████████████████████████████████████████████████████████████| 36551/36551 [2:01:35<00:00,  5.01it/s, loss=3.21]

======================================================================
Epoch:    5,
Epoch 5:  86%|███████████████████████████████████████████████████████████████████████████████████████████████████████████████████████████████████████████████████████████████████████████████████████████████████████████████████▍                                 | 36551/42365 [2:09:16<20:33,  4.71it/s, loss=3.37]
Training time: 7756s
Epoch 5: 100%|█████████████████████████████████████████████████████████████████████████████████████████████████████████████████████████████████████████████████████████████████████████████████████████████████████████████████████████████████████████████████████| 42365/42365 [6:34:56<00:00,  1.79it/s, loss=3.37]
Validation DataLoader 1: 100%|██████████████████████████████████████████████████████████████████████████████████████████████████████████████████████████████████████████████████████████████████████████████████████████████████████████████████████████████████████████████████| 2907/2907 [2:13:03<00:00,  2.75s/it]

           mrr  hit@1  hit@3 hit@10
tail  0.000454  0.00%  0.00%  0.00%
head  0.000459  0.00%  0.00%  0.00%
mean  0.000456  0.00%  0.00%  0.00%

Ellipsis
Validation time: 15939s
Epoch 5: 100%|█████████████████████████████████████████████████████████████████████████████████████████████████████████████████████████████████████████████████████████████████████████████████████████████████████████████████████████████████████████████████████| 42365/42365 [6:34:56<00:00,  1.79it/s, loss=3.37]
Total time: 23718s, loss: 3.3963
Epoch 5: 100%|█████████████████████████████████████████████████████████████████████████████████████████████████████████████████████████████████████████████████████████████████████████████████████████████████████████████████████████████████████████████████████| 42365/42365 [6:35:18<00:00,  1.79it/s, loss=3.37]

======================================================================
Epoch:    6,
Epoch 6: 100%|█████████████████████████████████████████████████████████████████████████████████████████████████████████████████████████████████████████████████████████████████████████████████████████████████████████████████████████████████████████████████████| 36551/36551 [2:03:37<00:00,  4.93it/s, loss=3.54]
Total time: 7417s, loss: 3.3185
Epoch 6: 100%|█████████████████████████████████████████████████████████████████████████████████████████████████████████████████████████████████████████████████████████████████████████████████████████████████████████████████████████████████████████████████████| 36551/36551 [2:03:37<00:00,  4.93it/s, loss=3.54]

======================================================================
Epoch:    7,
Epoch 7: 100%|█████████████████████████████████████████████████████████████████████████████████████████████████████████████████████████████████████████████████████████████████████████████████████████████████████████████████████████████████████████████████████| 36551/36551 [2:07:36<00:00,  4.77it/s, loss=4.18]
Total time: 7656s, loss: 4.0583
Epoch 7: 100%|█████████████████████████████████████████████████████████████████████████████████████████████████████████████████████████████████████████████████████████████████████████████████████████████████████████████████████████████████████████████████████| 36551/36551 [2:07:36<00:00,  4.77it/s, loss=4.18]

======================================================================
Epoch:    8,
Epoch 8:  86%|███████████████████████████████████████████████████████████████████████████████████████████████████████████████████████████████████████████████████████████████████████████████████████████████████████████████████▍                                 | 36551/42365 [2:05:36<19:58,  4.85it/s, loss=3.86]
Training time: 7536s
Epoch 8: 100%|█████████████████████████████████████████████████████████████████████████████████████████████████████████████████████████████████████████████████████████████████████████████████████████████████████████████████████████████████████████████████████| 42365/42365 [6:35:05<00:00,  1.79it/s, loss=3.86]
Validation DataLoader 1: 100%|██████████████████████████████████████████████████████████████████████████████████████████████████████████████████████████████████████████████████████████████████████████████████████████████████████████████████████████████████████████████████| 2907/2907 [2:14:57<00:00,  2.79s/it]

           mrr  hit@1  hit@3 hit@10
tail  0.000492  0.00%  0.00%  0.00%
head  0.000490  0.00%  0.00%  0.00%
mean  0.000491  0.00%  0.00%  0.00%

Ellipsis
Validation time: 16169s
Epoch 8: 100%|█████████████████████████████████████████████████████████████████████████████████████████████████████████████████████████████████████████████████████████████████████████████████████████████████████████████████████████████████████████████████████| 42365/42365 [6:35:05<00:00,  1.79it/s, loss=3.86]
Total time: 23725s, loss: 4.3240
Epoch 8: 100%|█████████████████████████████████████████████████████████████████████████████████████████████████████████████████████████████████████████████████████████████████████████████████████████████████████████████████████████████████████████████████████| 42365/42365 [6:35:25<00:00,  1.79it/s, loss=3.86]

======================================================================
Epoch:    9,
Epoch 9: 100%|█████████████████████████████████████████████████████████████████████████████████████████████████████████████████████████████████████████████████████████████████████████████████████████████████████████████████████████████████████████████████████| 36551/36551 [2:03:29<00:00,  4.93it/s, loss=4.07]
Total time: 7409s, loss: 3.8199
Epoch 9: 100%|█████████████████████████████████████████████████████████████████████████████████████████████████████████████████████████████████████████████████████████████████████████████████████████████████████████████████████████████████████████████████████| 36551/36551 [2:03:29<00:00,  4.93it/s, loss=4.07]

======================================================================
Epoch:   10,
Epoch 10: 100%|████████████████████████████████████████████████████████████████████████████████████████████████████████████████████████████████████████████████████████████████████████████████████████████████████████████████████████████████████████████████████| 36551/36551 [1:59:05<00:00,  5.12it/s, loss=3.98]
Total time: 7145s, loss: 3.7324
Epoch 10: 100%|████████████████████████████████████████████████████████████████████████████████████████████████████████████████████████████████████████████████████████████████████████████████████████████████████████████████████████████████████████████████████| 36551/36551 [1:59:05<00:00,  5.12it/s, loss=3.98]

======================================================================
Epoch:   11,
Epoch 11:  86%|██████████████████████████████████████████████████████████████████████████████████████████████████████████████████████████████████████████████████████████████████████████████████████████████████████████████████▌                                 | 36551/42365 [1:58:21<18:49,  5.15it/s, loss=4.41]
Training time: 7102s
Epoch 11: 100%|████████████████████████████████████████████████████████████████████████████████████████████████████████████████████████████████████████████████████████████████████████████████████████████████████████████████████████████████████████████████████| 42365/42365 [6:14:13<00:00,  1.89it/s, loss=4.41]
Validation DataLoader 1: 100%|██████████████████████████████████████████████████████████████████████████████████████████████████████████████████████████████████████████████████████████████████████████████████████████████████████████████████████████████████████████████████| 2907/2907 [2:08:48<00:00,  2.66s/it]

           mrr  hit@1  hit@3 hit@10
tail  0.000476  0.00%  0.00%  0.00%
head  0.000461  0.00%  0.00%  0.00%
mean  0.000469  0.00%  0.00%  0.00%

Ellipsis
Validation time: 15350s
Epoch 11: 100%|████████████████████████████████████████████████████████████████████████████████████████████████████████████████████████████████████████████████████████████████████████████████████████████████████████████████████████████████████████████████████| 42365/42365 [6:14:13<00:00,  1.89it/s, loss=4.41]
Total time: 22472s, loss: 4.1663
Epoch 11: 100%|████████████████████████████████████████████████████████████████████████████████████████████████████████████████████████████████████████████████████████████████████████████████████████████████████████████████████████████████████████████████████| 42365/42365 [6:14:32<00:00,  1.89it/s, loss=4.41]

======================================================================
Epoch:   12,
Epoch 12: 100%|█████████████████████████████████████████████████████████████████████████████████████████████████████████████████████████████████████████████████████████████████████████████████████████████████████████████████████████████████████████████████████| 36551/36551 [1:57:08<00:00,  5.20it/s, loss=4.1]
Total time: 7028s, loss: 4.2060
Epoch 12: 100%|█████████████████████████████████████████████████████████████████████████████████████████████████████████████████████████████████████████████████████████████████████████████████████████████████████████████████████████████████████████████████████| 36551/36551 [1:57:08<00:00,  5.20it/s, loss=4.1]

======================================================================
Epoch:   13,
Epoch 13: 100%|████████████████████████████████████████████████████████████████████████████████████████████████████████████████████████████████████████████████████████████████████████████████████████████████████████████████████████████████████████████████████| 36551/36551 [1:58:15<00:00,  5.15it/s, loss=4.48]
Total time: 7095s, loss: 4.2457
Epoch 13: 100%|████████████████████████████████████████████████████████████████████████████████████████████████████████████████████████████████████████████████████████████████████████████████████████████████████████████████████████████████████████████████████| 36551/36551 [1:58:15<00:00,  5.15it/s, loss=4.48]

======================================================================
Epoch:   14,
Epoch 14:  86%|██████████████████████████████████████████████████████████████████████████████████████████████████████████████████████████████████████████████████████████████████████████████████████████████████████████████████▌                                 | 36551/42365 [1:58:16<18:48,  5.15it/s, loss=4.54]
Training time: 7096s
Epoch 14: 100%|████████████████████████████████████████████████████████████████████████████████████████████████████████████████████████████████████████████████████████████████████████████████████████████████████████████████████████████████████████████████████| 42365/42365 [6:17:54<00:00,  1.87it/s, loss=4.54]
Validation DataLoader 1: 100%|██████████████████████████████████████████████████████████████████████████████████████████████████████████████████████████████████████████████████████████████████████████████████████████████████████████████████████████████████████████████████| 2907/2907 [2:09:34<00:00,  2.67s/it]

           mrr  hit@1  hit@3 hit@10
tail  0.000484  0.00%  0.00%  0.00%
head  0.000492  0.00%  0.00%  0.00%
mean  0.000488  0.00%  0.00%  0.00%

Ellipsis
Validation time: 15577s
Epoch 14: 100%|████████████████████████████████████████████████████████████████████████████████████████████████████████████████████████████████████████████████████████████████████████████████████████████████████████████████████████████████████████████████████| 42365/42365 [6:17:54<00:00,  1.87it/s, loss=4.54]
Total time: 22694s, loss: 4.3602
Epoch 14: 100%|████████████████████████████████████████████████████████████████████████████████████████████████████████████████████████████████████████████████████████████████████████████████████████████████████████████████████████████████████████████████████| 42365/42365 [6:18:14<00:00,  1.87it/s, loss=4.54]`Trainer.fit` stopped: `max_epochs=15` reached.
Epoch 14: 100%|████████████████████████████████████████████████████████████████████████████████████████████████████████████████████████████████████████████████████████████████████████████████████████████████████████████████████████████████████████████████████| 42365/42365 [6:18:14<00:00,  1.87it/s, loss=4.54]
model_path: [./checkpoint/FB15k-237N-ko=ke-t5-large-ko=1214.224306/FB15k-237N-ko-epoch=002-val_mrr=0.0288.ckpt]
LOCAL_RANK: 0 - CUDA_VISIBLE_DEVICES: [6]
Testing DataLoader 1: 100%|█████████████████████████████████████████████████████████████████████████████████████████████████████████████████████████████████████████████████████████████████████████████████████████████████████████████████████████████████████████████████████| 3381/3381 [2:14:31<00:00,  2.39s/it]


           mrr  hit@1  hit@3 hit@10
tail  0.048361  4.79%  4.79%  4.79%
head  0.015287  1.48%  1.48%  1.48%
mean  0.031824  3.14%  3.14%  3.14%

======================================================================
Epoch: test
Ellipsis
======================================================================
Testing DataLoader 1: 100%|█████████████████████████████████████████████████████████████████████████████████████████████████████████████████████████████████████████████████████████████████████████████████████████████████████████████████████████████████████████████████████| 3381/3381 [2:14:31<00:00,  2.39s/it]
──────────────────────────────────────────────────────────────────────────────────────────────────────────────────────────────────────────────────────────────────────────────────────────────────────────────────────────────────────────────────────────────────────────────────────────────────────────────────────
Runningstage.testing metric      DataLoader 0             DataLoader 1
──────────────────────────────────────────────────────────────────────────────────────────────────────────────────────────────────────────────────────────────────────────────────────────────────────────────────────────────────────────────────────────────────────────────────────────────────────────────────────
         val_mrr            0.03182408586144447      0.03182408586144447
──────────────────────────────────────────────────────────────────────────────────────────────────────────────────────────────────────────────────────────────────────────────────────────────────────────────────────────────────────────────────────────────────────────────────────────────────────────────────────
(KG-S2S) dlt@dl012:~/proj/KG-S2S$

