#export CUDA_VISIBLE_DEVICES=0
#export CUDA_VISIBLE_DEVICES=4
#python3 main.py -dataset FB15k-237N-ko -lr 0.001 -num_beams 40 -seq_dropout 0.2 -use_soft_prompt -use_rel_prompt_emb -src_descrip_max_length 200 -tgt_descrip_max_length 200 -pretrained_model google/mt5-base
python3 main.py -dataset FB15k-237N-ko \
                -lr 0.001 \
                -precision bf16 \
                -epoch 15 \
                -batch_size 4 \
                -val_batch_size 2 \
                -num_beams 40 \
                -seq_dropout 0.2 \
                -use_soft_prompt \
                -use_rel_prompt_emb \
                -src_descrip_max_length 200 \
                -tgt_descrip_max_length 200 \
                -eval_tgt_max_length 75 \
                -pretrained_model google/mt5-base


(KG-S2S) dlt@dl012:~/proj/KG-S2S$ export CUDA_VISIBLE_DEVICES=0
(KG-S2S) dlt@dl012:~/proj/KG-S2S$ setting-korean/train-FB15k-237N-ko-MT5-base-1.sh
Namespace(dataset_path='./data/processed', dataset='FB15k-237N-ko', model='T5Finetuner', precision='bf16', accelerator='gpu', seed=41504, num_workers=12, save_dir='./checkpoint/FB15k-237N-ko=mt5-base=1214.224127', pretrained_model='google/mt5-base', batch_size=4, val_batch_size=2, num_beams=40, num_beam_groups=1, src_max_length=512, train_tgt_max_length=512, eval_tgt_max_length=75, epochs=15, lr=0.001, diversity_penalty=0.0, model_path='', optim='Adam', decoder='beam_search', log_text=False, use_prefix_search=False, src_descrip_max_length=200, tgt_descrip_max_length=200, use_soft_prompt=True, use_rel_prompt_emb=True, check_every_n_epochs=3, seq_dropout=0.2, temporal=False, n_ent=12068, n_rel=90, vocab_size=250112, model_dim=768)
Global seed set to 41504
Special tokens have been added in the vocabulary, make sure the associated word embeddings are fine-tuned or trained.
Special tokens have been added in the vocabulary, make sure the associated word embeddings are fine-tuned or trained.

----------------------------------------------------------------------------------
 - pretrained_model.model_type: mt5
 - tokenizer.additional_special_tokens: ['<extra_id_0>', '<extra_id_1>']
 - extra_id_0_tok_id: 250100
----------------------------------------------------------------------------------

tokenizing entities...
100%|██████████████████████████████████████████████████████████████████████████████████████████████████████████████████████████████████████████████████████████████████████████████████████████████████████████████████████████████████████████████████████████████████████████| 12068/12068 [00:20<00:00, 601.42it/s]
Special tokens have been added in the vocabulary, make sure the associated word embeddings are fine-tuned or trained.
Special tokens have been added in the vocabulary, make sure the associated word embeddings are fine-tuned or trained.
datamodule construction done.

----------------------------------------------------------------------------------
 * pl.Trainer(accelerator=gpu, precision=bf16, max_epochs=15, every_n_epoch=3)
----------------------------------------------------------------------------------

Using bfloat16 Automatic Mixed Precision (AMP)
GPU available: True (cuda), used: True
TPU available: False, using: 0 TPU cores
IPU available: False, using: 0 IPUs
HPU available: False, using: 0 HPUs
model construction done.
LOCAL_RANK: 0 - CUDA_VISIBLE_DEVICES: [0]

  | Name          | Type                                | Params
----------------------------------------------------------------------
0 | core_t5_model | ModifiedMT5ForConditionalGeneration | 582 M
1 | rel_embed1    | Embedding                           | 69.1 K
2 | rel_embed2    | Embedding                           | 69.1 K
3 | rel_embed3    | Embedding                           | 69.1 K
4 | rel_embed4    | Embedding                           | 69.1 K
----------------------------------------------------------------------
582 M     Trainable params
0         Non-trainable params
582 M     Total params
2,330.711 Total estimated model params size (MB)
Training: 0it [00:00, ?it/s]

======================================================================
Epoch:    0,
Epoch 0: 100%|████████████████████████████████████████████████████████████████████████████████████████████████████████████████████████████████████████████████████████████████████████████████████████████████████████████████████████████████████████████████████| 36551/36551 [1:14:02<00:00,  8.23it/s, loss=0.325]
Total time: 4442s, loss: 0.7877
Epoch 0: 100%|████████████████████████████████████████████████████████████████████████████████████████████████████████████████████████████████████████████████████████████████████████████████████████████████████████████████████████████████████████████████████| 36551/36551 [1:14:02<00:00,  8.23it/s, loss=0.325]

======================================================================
Epoch:    1,
Epoch 1: 100%|████████████████████████████████████████████████████████████████████████████████████████████████████████████████████████████████████████████████████████████████████████████████████████████████████████████████████████████████████████████████████| 36551/36551 [1:12:54<00:00,  8.36it/s, loss=0.277]
Total time: 4374s, loss: 0.3029
Epoch 1: 100%|████████████████████████████████████████████████████████████████████████████████████████████████████████████████████████████████████████████████████████████████████████████████████████████████████████████████████████████████████████████████████| 36551/36551 [1:12:54<00:00,  8.36it/s, loss=0.277]

======================================================================
Epoch:    2,
Epoch 2: 100%|████████████████████████████████████████████████████████████████████████████████████████████████████████████████████████████████████████████████████████████████████████████████████████████████████████████████████████████████████████████████████| 36551/36551 [1:12:02<00:00,  8.46it/s, loss=0.179]
Training time: 4322s
Epoch 2: : 42365it [3:50:55,  3.06it/s, loss=0.179]
Validation DataLoader 1: 100%|██████████████████████████████████████████████████████████████████████████████████████████████████████████████████████████████████████████████████████████████████████████████████████████████████████████████████████████████████████████████████| 2907/2907 [1:19:40<00:00,  1.64s/it]

           mrr  hit@1  hit@3  hit@10
tail  0.067525  4.59%  5.97%  13.18%
head  0.015991  1.29%  1.58%   1.89%
mean  0.041758  2.94%  3.78%   7.53%

Ellipsis
Validation time: 9532s
Epoch 2: : 42365it [3:50:55,  3.06it/s, loss=0.179]
Total time: 13874s, loss: 0.2187
Epoch 2: : 42365it [3:51:14,  3.05it/s, loss=0.179]

======================================================================
Epoch:    3,
Epoch 3: 100%|████████████████████████████████████████████████████████████████████████████████████████████████████████████████████████████████████████████████████████████████████████████████████████████████████████████████████████████████████████████████████| 36551/36551 [1:12:11<00:00,  8.44it/s, loss=0.226]
Total time: 4331s, loss: 0.1890
Epoch 3: 100%|████████████████████████████████████████████████████████████████████████████████████████████████████████████████████████████████████████████████████████████████████████████████████████████████████████████████████████████████████████████████████| 36551/36551 [1:12:11<00:00,  8.44it/s, loss=0.226]

======================================================================
Epoch:    4,
Epoch 4: 100%|████████████████████████████████████████████████████████████████████████████████████████████████████████████████████████████████████████████████████████████████████████████████████████████████████████████████████████████████████████████████████| 36551/36551 [1:11:33<00:00,  8.51it/s, loss=0.193]
Total time: 4293s, loss: 0.1746
Epoch 4: 100%|████████████████████████████████████████████████████████████████████████████████████████████████████████████████████████████████████████████████████████████████████████████████████████████████████████████████████████████████████████████████████| 36551/36551 [1:11:33<00:00,  8.51it/s, loss=0.193]

======================================================================
Epoch:    5,
Epoch 5:  86%|███████████████████████████████████████████████████████████████████████████████████████████████████████████████████████████████████████████████████████████████████████████████████████████████████████████████████▍                                 | 36551/42365 [1:11:19<11:20,  8.54it/s, loss=0.19]
Training time: 4280s
Epoch 5: 100%|█████████████████████████████████████████████████████████████████████████████████████████████████████████████████████████████████████████████████████████████████████████████████████████████████████████████████████████████████████████████████████| 42365/42365 [3:49:36<00:00,  3.08it/s, loss=0.19]
Validation DataLoader 1: 100%|██████████████████████████████████████████████████████████████████████████████████████████████████████████████████████████████████████████████████████████████████████████████████████████████████████████████████████████████████████████████████| 2907/2907 [1:19:20<00:00,  1.64s/it]

           mrr  hit@1  hit@3  hit@10
tail  0.061890  4.64%  4.73%  10.67%
head  0.015483  1.29%  1.69%   2.08%
mean  0.038687  2.97%  3.21%   6.37%

Ellipsis
Validation time: 9496s
Epoch 5: 100%|█████████████████████████████████████████████████████████████████████████████████████████████████████████████████████████████████████████████████████████████████████████████████████████████████████████████████████████████████████████████████████| 42365/42365 [3:49:36<00:00,  3.08it/s, loss=0.19]
Total time: 13795s, loss: 0.1661
Epoch 5: 100%|█████████████████████████████████████████████████████████████████████████████████████████████████████████████████████████████████████████████████████████████████████████████████████████████████████████████████████████████████████████████████████| 42365/42365 [3:49:55<00:00,  3.07it/s, loss=0.19]

======================================================================
Epoch:    6,
Epoch 6: 100%|████████████████████████████████████████████████████████████████████████████████████████████████████████████████████████████████████████████████████████████████████████████████████████████████████████████████████████████████████████████████████| 36551/36551 [1:12:53<00:00,  8.36it/s, loss=0.164]
Total time: 4373s, loss: 0.1586
Epoch 6: 100%|████████████████████████████████████████████████████████████████████████████████████████████████████████████████████████████████████████████████████████████████████████████████████████████████████████████████████████████████████████████████████| 36551/36551 [1:12:53<00:00,  8.36it/s, loss=0.164]

======================================================================
Epoch:    7,
Epoch 7: 100%|████████████████████████████████████████████████████████████████████████████████████████████████████████████████████████████████████████████████████████████████████████████████████████████████████████████████████████████████████████████████████| 36551/36551 [1:11:57<00:00,  8.47it/s, loss=0.154]
Total time: 4317s, loss: 0.1542
Epoch 7: 100%|████████████████████████████████████████████████████████████████████████████████████████████████████████████████████████████████████████████████████████████████████████████████████████████████████████████████████████████████████████████████████| 36551/36551 [1:11:57<00:00,  8.47it/s, loss=0.154]

======================================================================
Epoch:    8,
Epoch 8:  86%|██████████████████████████████████████████████████████████████████████████████████████████████████████████████████████████████████████████████████████████████████████████████████████████████████████████████████▌                                 | 36551/42365 [1:11:55<11:26,  8.47it/s, loss=0.151]
Training time: 4315s
Epoch 8: 100%|████████████████████████████████████████████████████████████████████████████████████████████████████████████████████████████████████████████████████████████████████████████████████████████████████████████████████████████████████████████████████| 42365/42365 [3:50:29<00:00,  3.06it/s, loss=0.151]
Validation DataLoader 1: 100%|██████████████████████████████████████████████████████████████████████████████████████████████████████████████████████████████████████████████████████████████████████████████████████████████████████████████████████████████████████████████████| 2907/2907 [1:19:22<00:00,  1.64s/it]

           mrr  hit@1  hit@3  hit@10
tail  0.068195  4.68%  5.50%  11.78%
head  0.015920  1.29%  1.58%   1.77%
mean  0.042058  2.98%  3.54%   6.78%

Ellipsis
Validation time: 9513s
Epoch 8: 100%|████████████████████████████████████████████████████████████████████████████████████████████████████████████████████████████████████████████████████████████████████████████████████████████████████████████████████████████████████████████████████| 42365/42365 [3:50:29<00:00,  3.06it/s, loss=0.151]
Total time: 13849s, loss: 0.1519
Epoch 8: 100%|████████████████████████████████████████████████████████████████████████████████████████████████████████████████████████████████████████████████████████████████████████████████████████████████████████████████████████████████████████████████████| 42365/42365 [3:50:49<00:00,  3.06it/s, loss=0.151]

======================================================================
Epoch:    9,
Epoch 9: 100%|█████████████████████████████████████████████████████████████████████████████████████████████████████████████████████████████████████████████████████████████████████████████████████████████████████████████████████████████████████████████████████| 36551/36551 [1:12:05<00:00,  8.45it/s, loss=0.13]
Total time: 4325s, loss: 0.1504
Epoch 9: 100%|█████████████████████████████████████████████████████████████████████████████████████████████████████████████████████████████████████████████████████████████████████████████████████████████████████████████████████████████████████████████████████| 36551/36551 [1:12:05<00:00,  8.45it/s, loss=0.13]

======================================================================
Epoch:   10,
Epoch 10: 100%|███████████████████████████████████████████████████████████████████████████████████████████████████████████████████████████████████████████████████████████████████████████████████████████████████████████████████████████████████████████████████| 36551/36551 [1:11:30<00:00,  8.52it/s, loss=0.132]
Total time: 4290s, loss: 0.1487
Epoch 10: 100%|███████████████████████████████████████████████████████████████████████████████████████████████████████████████████████████████████████████████████████████████████████████████████████████████████████████████████████████████████████████████████| 36551/36551 [1:11:30<00:00,  8.52it/s, loss=0.132]

======================================================================
Epoch:   11,
Epoch 11:  86%|█████████████████████████████████████████████████████████████████████████████████████████████████████████████████████████████████████████████████████████████████████████████████████████████████████████████████▋                                 | 36551/42365 [1:12:42<11:33,  8.38it/s, loss=0.127]
Training time: 4362s
Epoch 11: 100%|███████████████████████████████████████████████████████████████████████████████████████████████████████████████████████████████████████████████████████████████████████████████████████████████████████████████████████████████████████████████████| 42365/42365 [3:53:37<00:00,  3.02it/s, loss=0.127]
Validation DataLoader 1: 100%|██████████████████████████████████████████████████████████████████████████████████████████████████████████████████████████████████████████████████████████████████████████████████████████████████████████████████████████████████████████████████| 2907/2907 [1:20:56<00:00,  1.67s/it]

           mrr  hit@1  hit@3  hit@10
tail  0.083054  4.39%  9.53%  15.48%
head  0.015785  1.29%  1.31%   2.12%
mean  0.049420  2.84%  5.42%   8.80%

Ellipsis
Validation time: 9654s
Epoch 11: 100%|███████████████████████████████████████████████████████████████████████████████████████████████████████████████████████████████████████████████████████████████████████████████████████████████████████████████████████████████████████████████████| 42365/42365 [3:53:37<00:00,  3.02it/s, loss=0.127]
Total time: 14035s, loss: 0.1478
Epoch 11: 100%|███████████████████████████████████████████████████████████████████████████████████████████████████████████████████████████████████████████████████████████████████████████████████████████████████████████████████████████████████████████████████| 42365/42365 [3:53:55<00:00,  3.02it/s, loss=0.127]

======================================================================
Epoch:   12,
Epoch 12: 100%|███████████████████████████████████████████████████████████████████████████████████████████████████████████████████████████████████████████████████████████████████████████████████████████████████████████████████████████████████████████████████| 36551/36551 [1:12:10<00:00,  8.44it/s, loss=0.145]
Total time: 4330s, loss: 0.1437
Epoch 12: 100%|███████████████████████████████████████████████████████████████████████████████████████████████████████████████████████████████████████████████████████████████████████████████████████████████████████████████████████████████████████████████████| 36551/36551 [1:12:10<00:00,  8.44it/s, loss=0.145]

======================================================================
Epoch:   13,
Epoch 13: 100%|████████████████████████████████████████████████████████████████████████████████████████████████████████████████████████████████████████████████████████████████████████████████████████████████████████████████████████████████████████████████████| 36551/36551 [1:12:01<00:00,  8.46it/s, loss=0.14]
Total time: 4321s, loss: 0.1407
Epoch 13: 100%|████████████████████████████████████████████████████████████████████████████████████████████████████████████████████████████████████████████████████████████████████████████████████████████████████████████████████████████████████████████████████| 36551/36551 [1:12:01<00:00,  8.46it/s, loss=0.14]

======================================================================
Epoch:   14,
Epoch 14:  86%|█████████████████████████████████████████████████████████████████████████████████████████████████████████████████████████████████████████████████████████████████████████████████████████████████████████████████▋                                 | 36551/42365 [1:11:50<11:25,  8.48it/s, loss=0.154]
Training time: 4311s
Epoch 14: 100%|███████████████████████████████████████████████████████████████████████████████████████████████████████████████████████████████████████████████████████████████████████████████████████████████████████████████████████████████████████████████████| 42365/42365 [3:49:53<00:00,  3.07it/s, loss=0.154]
Validation DataLoader 1: 100%|██████████████████████████████████████████████████████████████████████████████████████████████████████████████████████████████████████████████████████████████████████████████████████████████████████████████████████████████████████████████████| 2907/2907 [1:19:12<00:00,  1.63s/it]

           mrr  hit@1  hit@3 hit@10
tail  0.065868  4.39%  5.56%  9.38%
head  0.014387  1.29%  1.31%  1.67%
mean  0.040128  2.84%  3.43%  5.52%

Ellipsis
Validation time: 9482s
Epoch 14: 100%|███████████████████████████████████████████████████████████████████████████████████████████████████████████████████████████████████████████████████████████████████████████████████████████████████████████████████████████████████████████████████| 42365/42365 [3:49:53<00:00,  3.07it/s, loss=0.154]
Total time: 13812s, loss: 0.1401
Epoch 14: 100%|███████████████████████████████████████████████████████████████████████████████████████████████████████████████████████████████████████████████████████████████████████████████████████████████████████████████████████████████████████████████████| 42365/42365 [3:50:12<00:00,  3.07it/s, loss=0.154]`Trainer.fit` stopped: `max_epochs=15` reached.
Epoch 14: 100%|███████████████████████████████████████████████████████████████████████████████████████████████████████████████████████████████████████████████████████████████████████████████████████████████████████████████████████████████████████████████████| 42365/42365 [3:50:12<00:00,  3.07it/s, loss=0.154]
model_path: [./checkpoint/FB15k-237N-ko=mt5-base=1214.224127/FB15k-237N-ko-epoch=011-val_mrr=0.0494.ckpt]
LOCAL_RANK: 0 - CUDA_VISIBLE_DEVICES: [0]
Testing DataLoader 1: 100%|█████████████████████████████████████████████████████████████████████████████████████████████████████████████████████████████████████████████████████████████████████████████████████████████████████████████████████████████████████████████████████| 3381/3381 [1:24:16<00:00,  1.50s/it]


           mrr  hit@1  hit@3  hit@10
tail  0.085251  4.79%  9.54%  15.62%
head  0.017705  1.48%  1.49%   2.26%
mean  0.051478  3.14%  5.52%   8.94%

======================================================================
Epoch: test
Ellipsis
======================================================================
Testing DataLoader 1: 100%|█████████████████████████████████████████████████████████████████████████████████████████████████████████████████████████████████████████████████████████████████████████████████████████████████████████████████████████████████████████████████████| 3381/3381 [1:24:16<00:00,  1.50s/it]
──────────────────────────────────────────────────────────────────────────────────────────────────────────────────────────────────────────────────────────────────────────────────────────────────────────────────────────────────────────────────────────────────────────────────────────────────────────────────────
Runningstage.testing metric      DataLoader 0             DataLoader 1
──────────────────────────────────────────────────────────────────────────────────────────────────────────────────────────────────────────────────────────────────────────────────────────────────────────────────────────────────────────────────────────────────────────────────────────────────────────────────────
         val_mrr           0.051478203386068344     0.051478203386068344
──────────────────────────────────────────────────────────────────────────────────────────────────────────────────────────────────────────────────────────────────────────────────────────────────────────────────────────────────────────────────────────────────────────────────────────────────────────────────────
(KG-S2S) dlt@dl012:~/proj/KG-S2S$

