/Users/chris/miniforge3/envs/KG-S2S/bin/python /Users/chris/proj/KG-S2S/script/convert_fb15k237_to_ko.py
[12.12 09:11:41] ┇ INFO     ┇     __main__ ┇ Existing dir: data/raw/FB15k-237
[12.12 09:11:41] ┇ INFO     ┇     __main__ ┇ Changing dir: data/raw/FB15k-237-ko
[12.12 09:11:41] ┇ INFO     ┇     __main__ ┇ Mapping file: data/raw/Wiki-ko/wikidata-20230920-freebase.jsonl
[12.12 09:11:41] ┇ INFO     ┇     __main__ ┇ Defining file: data/raw/Wiki-ko/wikipedia-20230920-definition.jsonl
[12.12 09:11:46] ┇ INFO     ┇     __main__ ┇ *    loading:  28%|█████████████▉                                    | 99674/357254 [00:04<00:11, 22892.95line/s]
[12.12 09:11:50] ┇ INFO     ┇     __main__ ┇ *    loading:  56%|███████████████████████████▉                      | 199892/357254 [00:08<00:06, 24715.36line/s]
[12.12 09:11:54] ┇ INFO     ┇     __main__ ┇ *    loading:  83%|█████████████████████████████████████████▋        | 298119/357254 [00:12<00:02, 24982.33line/s]
[12.12 09:11:56] ┇ INFO     ┇     __main__ ┇ *    loading: 100%|██████████████████████████████████████████████████| 357254/357254 [00:14<00:00, 24448.80line/s]
[12.12 09:11:56] ┇ INFO     ┇     __main__ ┇ #mapping_to_freebase: 356972
[12.12 09:11:59] ┇ INFO     ┇     __main__ ┇ *    loading:   7%|███▌                                              | 99288/1372573 [00:02<00:33, 37871.94line/s]
[12.12 09:12:02] ┇ INFO     ┇     __main__ ┇ *    loading:  14%|███████▏                                          | 197810/1372573 [00:05<00:32, 36434.86line/s]
[12.12 09:12:05] ┇ INFO     ┇     __main__ ┇ *    loading:  22%|██████████▊                                       | 296343/1372573 [00:07<00:28, 37901.61line/s]
[12.12 09:12:07] ┇ INFO     ┇     __main__ ┇ *    loading:  29%|██████████████▌                                   | 398416/1372573 [00:10<00:26, 37407.44line/s]
[12.12 09:12:10] ┇ INFO     ┇     __main__ ┇ *    loading:  36%|██████████████████                                | 497010/1372573 [00:13<00:23, 37764.56line/s]
[12.12 09:12:13] ┇ INFO     ┇     __main__ ┇ *    loading:  44%|█████████████████████▊                            | 599346/1372573 [00:15<00:20, 37460.51line/s]
[12.12 09:12:15] ┇ INFO     ┇     __main__ ┇ *    loading:  51%|█████████████████████████▍                        | 697027/1372573 [00:18<00:18, 36858.24line/s]
[12.12 09:12:18] ┇ INFO     ┇     __main__ ┇ *    loading:  58%|█████████████████████████████                     | 797558/1372573 [00:21<00:15, 37464.10line/s]
[12.12 09:12:21] ┇ INFO     ┇     __main__ ┇ *    loading:  66%|████████████████████████████████▊                 | 899586/1372573 [00:23<00:12, 37945.55line/s]
[12.12 09:12:23] ┇ INFO     ┇     __main__ ┇ *    loading:  73%|████████████████████████████████████▎             | 998009/1372573 [00:26<00:09, 37802.08line/s]
[12.12 09:12:26] ┇ INFO     ┇     __main__ ┇ *    loading:  80%|████████████████████████████████████████          | 1099728/1372573 [00:29<00:07, 37350.26line/s]
[12.12 09:12:29] ┇ INFO     ┇     __main__ ┇ *    loading:  87%|███████████████████████████████████████████▋      | 1197738/1372573 [00:31<00:04, 37610.22line/s]
[12.12 09:12:31] ┇ INFO     ┇     __main__ ┇ *    loading:  95%|███████████████████████████████████████████████▎  | 1299438/1372573 [00:34<00:01, 37543.58line/s]
[12.12 09:12:33] ┇ INFO     ┇     __main__ ┇ *    loading: 100%|██████████████████████████████████████████████████| 1372573/1372573 [00:36<00:00, 37571.33line/s]
[12.12 09:12:33] ┇ INFO     ┇     __main__ ┇ #mapping_to_definition: 611304
[12.12 09:12:33] ┇ INFO     ┇     __main__ ┇ #entities: 14541 -> 12068
[12.12 09:12:33] ┇ INFO     ┇     __main__ ┇ #entity2text: 14951 -> 12372
[12.12 09:12:33] ┇ INFO     ┇     __main__ ┇ #entity2textlong: 14904 -> 12351
[12.12 09:12:33] ┇ INFO     ┇     __main__ ┇ Saved to [data/raw/FB15k-237-ko/entities.txt]
[12.12 09:12:33] ┇ INFO     ┇     __main__ ┇ Saved to [data/raw/FB15k-237-ko/entity2text.txt]
[12.12 09:12:33] ┇ INFO     ┇     __main__ ┇ Saved to [data/raw/FB15k-237-ko/entity2textlong.txt]
[12.12 09:12:39] ┇ INFO     ┇     __main__ ┇ *    loading:  18%|█████████▏                                        | 49718/272115 [00:05<00:26, 8545.61line/s]
[12.12 09:12:45] ┇ INFO     ┇     __main__ ┇ *    loading:  36%|██████████████████▏                               | 99195/272115 [00:11<00:20, 8558.37line/s]
[12.12 09:12:51] ┇ INFO     ┇     __main__ ┇ *    loading:  55%|███████████████████████████▍                      | 149386/272115 [00:17<00:14, 8372.46line/s]
[12.12 09:12:57] ┇ INFO     ┇     __main__ ┇ *    loading:  73%|████████████████████████████████████▌             | 199282/272115 [00:23<00:08, 8534.21line/s]
[12.12 09:13:03] ┇ INFO     ┇     __main__ ┇ *    loading:  92%|█████████████████████████████████████████████▉    | 249723/272115 [00:29<00:02, 8250.01line/s]
[12.12 09:13:06] ┇ INFO     ┇     __main__ ┇ *    loading: 100%|██████████████████████████████████████████████████| 272115/272115 [00:32<00:00, 8424.30line/s]
[12.12 09:13:06] ┇ INFO     ┇     __main__ ┇ #triples (train): 272115 -> 198481
[12.12 09:13:06] ┇ INFO     ┇     __main__ ┇ Saved to [data/raw/FB15k-237-ko/train.tsv]
[12.12 09:13:08] ┇ INFO     ┇     __main__ ┇ *    loading: 100%|██████████████████████████████████████████████████| 17535/17535 [00:02<00:00, 8553.82line/s]
[12.12 09:13:08] ┇ INFO     ┇     __main__ ┇ #triples (dev): 17535 -> 12761
[12.12 09:13:08] ┇ INFO     ┇     __main__ ┇ Saved to [data/raw/FB15k-237-ko/dev.tsv]
[12.12 09:13:10] ┇ INFO     ┇     __main__ ┇ *    loading: 100%|██████████████████████████████████████████████████| 20466/20466 [00:02<00:00, 8587.98line/s]
[12.12 09:13:10] ┇ INFO     ┇     __main__ ┇ #triples (test): 20466 -> 14806
[12.12 09:13:10] ┇ INFO     ┇     __main__ ┇ Saved to [data/raw/FB15k-237-ko/test.tsv]
[12.12 09:13:10] ┇ INFO     ┇     __main__ ┇ #relation2text: 237 -> 230
[12.12 09:13:10] ┇ INFO     ┇     __main__ ┇ Saved to [data/raw/FB15k-237-ko/relation2text.txt]

Process finished with exit code 0
