(KG-S2S) dlt@dl012:~/proj/KG-S2S$ export CUDA_VISIBLE_DEVICES=5
(KG-S2S) dlt@dl012:~/proj/KG-S2S$ setting-korean/train-FB15k-237N-ko-MT5-2.sh
Namespace(dataset_path='./data/processed', dataset='FB15k-237N-ko', model='T5Finetuner', strategy='auto', precision='bf16', accelerator='gpu', seed=41504, num_workers=4, save_dir='./checkpoint/FB15k-237N-ko-2023-12-12 01:28:41.876308', pretrained_model='google/mt5-base', batch_size=16, val_batch_size=16, num_beams=40, num_beam_groups=1, src_max_length=512, train_tgt_max_length=512, eval_tgt_max_length=90, epochs=3, lr=0.0005, diversity_penalty=0.0, model_path='', optim='Adam', decoder='beam_search', log_text=False, use_prefix_search=False, src_descrip_max_length=240, tgt_descrip_max_length=240, use_soft_prompt=True, use_rel_prompt_emb=True, skip_n_val_epoch=0, seq_dropout=0.2, temporal=False, n_ent=12068, n_rel=90, vocab_size=250112, model_dim=768)
Global seed set to 41504
Special tokens have been added in the vocabulary, make sure the associated word embeddings are fine-tuned or trained.
Special tokens have been added in the vocabulary, make sure the associated word embeddings are fine-tuned or trained.
tokenizing entities...
100%|██████████████████████████████████████████████████████████████████████████████████████████████████████████████████████████████████████████████████████████████████████████████████████████| 12068/12068 [00:33<00:00, 363.82it/s]
Special tokens have been added in the vocabulary, make sure the associated word embeddings are fine-tuned or trained.
Special tokens have been added in the vocabulary, make sure the associated word embeddings are fine-tuned or trained.
datamodule construction done.

----------------------------------------------------------------------------------
 * pl.Trainer(accelerator=gpu, precision=bf16, strategy=auto)
----------------------------------------------------------------------------------

Using bfloat16 Automatic Mixed Precision (AMP)
GPU available: True (cuda), used: True
TPU available: False, using: 0 TPU cores
IPU available: False, using: 0 IPUs
HPU available: False, using: 0 HPUs
model construction done.
LOCAL_RANK: 0 - CUDA_VISIBLE_DEVICES: [5]

  | Name          | Type                                | Params
----------------------------------------------------------------------
0 | core_t5_model | ModifiedMT5ForConditionalGeneration | 582 M
1 | rel_embed1    | Embedding                           | 69.1 K
2 | rel_embed2    | Embedding                           | 69.1 K
3 | rel_embed3    | Embedding                           | 69.1 K
4 | rel_embed4    | Embedding                           | 69.1 K
----------------------------------------------------------------------
582 M     Trainable params
0         Non-trainable params
582 M     Total params
2,330.711 Total estimated model params size (MB)
Training: 0it [00:00, ?it/s]Epoch:    0,
Epoch 0:  93%|████████████████████████████████████████████████████████████████████████████████████████████████████████████████████████████████████████████████████████████▌            | 9138/9866 [28:58<02:18,  5.25it/s, loss=0.45]Training time: 1738s
Epoch 0: 100%|███████████████████████████████████████████████████████████████████████████████████████████████████████████████████████████████████████████████████████████████████████| 9866/9866 [2:34:02<00:00,  1.07it/s, loss=0.45]
                   mrr           mr   hit@1   hit@3  hit@10███████████████████████████████████████████████████████████████████████████████████████████████████████████████████████████████████████| 364/364 [1:02:56<00:00, 10.38s/it]
tail ranking  0.311015  2885.955273  24.05%  34.82%  46.72%
head ranking  0.064207  5110.540685   4.34%   6.90%  11.16%
mean ranking  0.187611  3998.247979  14.19%  20.86%  28.94%
Ellipsis
Validation time: 7503s
Epoch 0: 100%|███████████████████████████████████████████████████████████████████████████████████████████████████████████████████████████████████████████████████████████████████████| 9866/9866 [2:34:02<00:00,  1.07it/s, loss=0.45]
Total time: 9242s, loss: 0.8578
--------------------------------------------------
Epoch 0: 100%|███████████████████████████████████████████████████████████████████████████████████████████████████████████████████████████████████████████████████████████████████████| 9866/9866 [2:34:02<00:00,  1.07it/s, loss=0.45]Epoch:    1,
Epoch 1:  93%|███████████████████████████████████████████████████████████████████████████████████████████████████████████████████████████████████████████████████████████▌            | 9138/9866 [28:27<02:15,  5.35it/s, loss=0.287]Training time: 1707s
Epoch 1: 100%|██████████████████████████████████████████████████████████████████████████████████████████████████████████████████████████████████████████████████████████████████████| 9866/9866 [2:34:26<00:00,  1.06it/s, loss=0.287]
                   mrr           mr  hit@1  hit@3  hit@10█████████████████████████████████████████████████████████████████████████████████████████████████████████████████████████████████████████| 364/364 [1:03:30<00:00, 10.47s/it]
tail ranking  0.071093  4507.199209  4.68%  5.59%  13.16%
head ranking  0.016294  5923.767762  1.29%  1.65%   2.06%
mean ranking  0.043694  5215.483485  2.98%  3.62%   7.61%
Ellipsis
Validation time: 7559s
Epoch 1: 100%|██████████████████████████████████████████████████████████████████████████████████████████████████████████████████████████████████████████████████████████████████████| 9866/9866 [2:34:26<00:00,  1.06it/s, loss=0.287]
Total time: 9266s, loss: 0.3808
--------------------------------------------------
Epoch 1: 100%|██████████████████████████████████████████████████████████████████████████████████████████████████████████████████████████████████████████████████████████████████████| 9866/9866 [2:34:26<00:00,  1.06it/s, loss=0.287]Epoch:    2,
Epoch 2:  93%|███████████████████████████████████████████████████████████████████████████████████████████████████████████████████████████████████████████████████████████▌            | 9138/9866 [28:56<02:18,  5.26it/s, loss=0.196]Training time: 1736s
Epoch 2: 100%|██████████████████████████████████████████████████████████████████████████████████████████████████████████████████████████████████████████████████████████████████████| 9866/9866 [2:35:09<00:00,  1.06it/s, loss=0.196]
                   mrr           mr   hit@1   hit@3  hit@10███████████████████████████████████████████████████████████████████████████████████████████████████████████████████████████████████████| 364/364 [1:03:44<00:00, 10.51s/it]
tail ranking  0.195393  3269.328058  11.66%  23.33%  32.77%
head ranking  0.037553  5288.589713   2.36%   4.04%   5.95%
mean ranking  0.116473  4278.958885   7.01%  13.68%  19.36%
Ellipsis
Validation time: 7572s
Epoch 2: 100%|██████████████████████████████████████████████████████████████████████████████████████████████████████████████████████████████████████████████████████████████████████| 9866/9866 [2:35:09<00:00,  1.06it/s, loss=0.196]
Total time: 9309s, loss: 0.2307
--------------------------------------------------
Epoch 2: 100%|██████████████████████████████████████████████████████████████████████████████████████████████████████████████████████████████████████████████████████████████████████| 9866/9866 [2:35:09<00:00,  1.06it/s, loss=0.196]`Trainer.fit` stopped: `max_epochs=3` reached.
Epoch 2: 100%|██████████████████████████████████████████████████████████████████████████████████████████████████████████████████████████████████████████████████████████████████████| 9866/9866 [2:35:09<00:00,  1.06it/s, loss=0.196]
model_path: [./checkpoint/FB15k-237N-ko-2023-12-12 01:28:41.876308/FB15k-237N-ko-epoch=000-val_mrr=0.1876.ckpt]
LOCAL_RANK: 0 - CUDA_VISIBLE_DEVICES: [5]
Testing DataLoader 1: 100%|███████████████████████████████████████████████████████████████████████████████████████████████████████████████████████████████████████████████████████████████████████████████████████████████████████████████████████████████████████████████████████| 423/423 [1:06:23<00:00,  9.42s/it]
                   mrr           mr   hit@1   hit@3  hit@10
tail ranking  0.311887  2943.355220  24.56%  34.32%  46.10%
head ranking  0.063253  5141.452233   4.14%   6.85%  11.21%
mean ranking  0.187570  4042.403727  14.35%  20.59%  28.65%

==================================================
Epoch: test
Ellipsis
==================================================
Testing DataLoader 1: 100%|███████████████████████████████████████████████████████████████████████████████████████████████████████████████████████████████████████████████████████████████████████████████████████████████████████████████████████████████████████████████████████| 423/423 [1:06:23<00:00,  9.42s/it]
──────────────────────────────────────────────────────────────────────────────────────────────────────────────────────────────────────────────────────────────────────────────────────────────────────────────────────────────────────────────────────────────────────────────────────────────────────────────────────
Runningstage.testing metric      DataLoader 0             DataLoader 1
──────────────────────────────────────────────────────────────────────────────────────────────────────────────────────────────────────────────────────────────────────────────────────────────────────────────────────────────────────────────────────────────────────────────────────────────────────────────────────
         val_mrr            0.18756993114948273      0.18756993114948273
──────────────────────────────────────────────────────────────────────────────────────────────────────────────────────────────────────────────────────────────────────────────────────────────────────────────────────────────────────────────────────────────────────────────────────────────────────────────────────
(KG-S2S) dlt@dl012:~/proj/KG-S2S$

