(KG-S2S) dlt@dl012:~/proj/KG-S2S$ export CUDA_VISIBLE_DEVICES=5
(KG-S2S) dlt@dl012:~/proj/KG-S2S$ setting-korean/train-FB15k-237N-ko-MT5-2.sh
Namespace(dataset_path='./data/processed', dataset='FB15k-237N-ko', model='T5Finetuner', precision='32', accelerator='gpu', seed=6382, num_workers=4, save_dir='./checkpoint/FB15k-237N-ko-2023-12-13 18:53:17.564902', pretrained_model='google/mt5-base', batch_size=8, val_batch_size=8, num_beams=40, num_beam_groups=1, src_max_length=512, train_tgt_max_length=512, eval_tgt_max_length=90, epochs=5, lr=0.0005, diversity_penalty=0.0, model_path='', optim='Adam', decoder='beam_search', log_text=False, use_prefix_search=False, src_descrip_max_length=240, tgt_descrip_max_length=240, use_soft_prompt=True, use_rel_prompt_emb=True, skip_n_val_epoch=0, seq_dropout=0.2, temporal=False, n_ent=12068, n_rel=90, vocab_size=250112, model_dim=768)
Global seed set to 6382
/data/dlt/proj/KG-S2S/transformers-4.24.0/src/transformers/convert_slow_tokenizer.py:446: UserWarning: The sentencepiece tokenizer that you are converting to a fast tokenizer uses the byte fallback option which is not implemented in the fast tokenizers. In practice this means that the fast version of the tokenizer can produce unknown tokens whereas the sentencepiece version would have converted these unknown tokens into a sequence of byte tokens matching the original piece of text.
  warnings.warn(

----------------------------------------------------------------------------------
 - pretrained_model.model_type: mt5
 - tokenizer.additional_special_tokens: []
Special tokens have been added in the vocabulary, make sure the associated word embeddings are fine-tuned or trained.
 - extra_id_0_tok_id: 250100
----------------------------------------------------------------------------------

tokenizing entities...
100%|██████████████████████████████████████████████████████████████████████████████████████████████████████████████████████████████████████████████████████████████████████████████████████████████████████████████████████████████████████████████████████████████████████████| 12068/12068 [00:22<00:00, 532.65it/s]
Special tokens have been added in the vocabulary, make sure the associated word embeddings are fine-tuned or trained.
datamodule construction done.

----------------------------------------------------------------------------------
 * pl.Trainer(accelerator=gpu, precision=32)
----------------------------------------------------------------------------------

GPU available: True (cuda), used: True
TPU available: False, using: 0 TPU cores
IPU available: False, using: 0 IPUs
HPU available: False, using: 0 HPUs
model construction done.
LOCAL_RANK: 0 - CUDA_VISIBLE_DEVICES: [5]

  | Name          | Type                                | Params
----------------------------------------------------------------------
0 | core_t5_model | ModifiedMT5ForConditionalGeneration | 582 M
1 | rel_embed1    | Embedding                           | 69.1 K
2 | rel_embed2    | Embedding                           | 69.1 K
3 | rel_embed3    | Embedding                           | 69.1 K
4 | rel_embed4    | Embedding                           | 69.1 K
----------------------------------------------------------------------
582 M     Trainable params
0         Non-trainable params
582 M     Total params
2,330.711 Total estimated model params size (MB)
Training: 0it [00:00, ?it/s]Epoch:    0,
Epoch 0:  93%|███████████████████████████████████████████████████████████████████████████████████████████████████████████████████████████████████████████████████████████████████████████████████████████████████████████████████████████████████▊                  | 18276/19730 [39:51<03:10,  7.64it/s, loss=0.409]Training time: 2391s
Epoch 0: 100%|████████████████████████████████████████████████████████████████████████████████████████████████████████████████████████████████████████████████████████████████████████████████████████████████████████████████████████████████████████████████████| 19730/19730 [2:25:22<00:00,  2.26it/s, loss=0.409]
                   mrr           mr   hit@1   hit@3  hit@10█████████████████████████████████████████████████████████████████████████████████████████████████████████████████████████████████████████████████████████████████████████████████████████████████████████████████████████| 727/727 [52:53<00:00,  4.37s/it]
tail ranking  0.368684  2636.579563  29.19%  41.46%  52.69%
head ranking  0.095936  4921.120936   7.12%  10.24%  14.93%
mean ranking  0.232310  3778.850249  18.16%  25.85%  33.81%
Ellipsis
Validation time: 6331s
Epoch 0: 100%|████████████████████████████████████████████████████████████████████████████████████████████████████████████████████████████████████████████████████████████████████████████████████████████████████████████████████████████████████████████████████| 19730/19730 [2:25:22<00:00,  2.26it/s, loss=0.409]
Total time: 8722s, loss: 0.8051
--------------------------------------------------
Epoch 0: 100%|████████████████████████████████████████████████████████████████████████████████████████████████████████████████████████████████████████████████████████████████████████████████████████████████████████████████████████████████████████████████████| 19730/19730 [2:25:22<00:00,  2.26it/s, loss=0.409]Epoch:    1,
Epoch 1:  93%|███████████████████████████████████████████████████████████████████████████████████████████████████████████████████████████████████████████████████████████████████████████████████████████████████████████████████████████████████▊                  | 18276/19730 [39:36<03:09,  7.69it/s, loss=0.247]Training time: 2376s
Epoch 1: 100%|████████████████████████████████████████████████████████████████████████████████████████████████████████████████████████████████████████████████████████████████████████████████████████████████████████████████████████████████████████████████████| 19730/19730 [2:25:34<00:00,  2.26it/s, loss=0.247]
                   mrr           mr  hit@1   hit@3  hit@10██████████████████████████████████████████████████████████████████████████████████████████████████████████████████████████████████████████████████████████████████████████████████████████████████████████████████████████| 727/727 [53:17<00:00,  4.40s/it]
tail ranking  0.111201  4408.161018  8.53%  11.01%  14.16%
head ranking  0.017856  5799.130397  1.29%   2.05%   2.37%
mean ranking  0.064528  5103.645708  4.91%   6.53%   8.27%
Ellipsis
Validation time: 6358s
Epoch 1: 100%|████████████████████████████████████████████████████████████████████████████████████████████████████████████████████████████████████████████████████████████████████████████████████████████████████████████████████████████████████████████████████| 19730/19730 [2:25:34<00:00,  2.26it/s, loss=0.247]
Total time: 8734s, loss: 0.3082
--------------------------------------------------
Epoch 1: 100%|████████████████████████████████████████████████████████████████████████████████████████████████████████████████████████████████████████████████████████████████████████████████████████████████████████████████████████████████████████████████████| 19730/19730 [2:25:34<00:00,  2.26it/s, loss=0.247]Epoch:    2,
Epoch 2:  93%|███████████████████████████████████████████████████████████████████████████████████████████████████████████████████████████████████████████████████████████████████████████████████████████████████████████████████████████████████▊                  | 18276/19730 [39:34<03:08,  7.70it/s, loss=0.152]Training time: 2374s
Epoch 2: 100%|████████████████████████████████████████████████████████████████████████████████████████████████████████████████████████████████████████████████████████████████████████████████████████████████████████████████████████████████████████████████████| 19730/19730 [2:25:37<00:00,  2.26it/s, loss=0.152]
                   mrr           mr   hit@1   hit@3  hit@10█████████████████████████████████████████████████████████████████████████████████████████████████████████████████████████████████████████████████████████████████████████████████████████████████████████████████████████| 727/727 [53:44<00:00,  4.43s/it]
tail ranking  0.403251  2198.733184  33.03%  43.83%  54.74%
head ranking  0.106816  4611.960950   7.48%  11.87%  16.50%
mean ranking  0.255033  3405.347067  20.26%  27.85%  35.62%
Ellipsis
Validation time: 6363s
Epoch 2: 100%|████████████████████████████████████████████████████████████████████████████████████████████████████████████████████████████████████████████████████████████████████████████████████████████████████████████████████████████████████████████████████| 19730/19730 [2:25:37<00:00,  2.26it/s, loss=0.152]
Total time: 8737s, loss: 0.1809
--------------------------------------------------
Epoch 2: 100%|████████████████████████████████████████████████████████████████████████████████████████████████████████████████████████████████████████████████████████████████████████████████████████████████████████████████████████████████████████████████████| 19730/19730 [2:25:37<00:00,  2.26it/s, loss=0.152]Epoch:    3,
Epoch 3:  93%|███████████████████████████████████████████████████████████████████████████████████████████████████████████████████████████████████████████████████████████████████████████████████████████████████████████████████████████████████▊                  | 18276/19730 [39:38<03:09,  7.68it/s, loss=0.121]Training time: 2379s
Epoch 3: 100%|████████████████████████████████████████████████████████████████████████████████████████████████████████████████████████████████████████████████████████████████████████████████████████████████████████████████████████████████████████████████████| 19730/19730 [2:25:09<00:00,  2.27it/s, loss=0.121]
                   mrr           mr   hit@1   hit@3  hit@10█████████████████████████████████████████████████████████████████████████████████████████████████████████████████████████████████████████████████████████████████████████████████████████████████████████████████████████| 727/727 [53:02<00:00,  4.38s/it]
tail ranking  0.411110  2039.307758  33.73%  44.66%  55.50%
head ranking  0.124009  4442.910029   9.48%  12.92%  18.63%
mean ranking  0.267559  3241.108894  21.61%  28.79%  37.06%
Ellipsis
Validation time: 6330s
Epoch 3: 100%|████████████████████████████████████████████████████████████████████████████████████████████████████████████████████████████████████████████████████████████████████████████████████████████████████████████████████████████████████████████████████| 19730/19730 [2:25:09<00:00,  2.27it/s, loss=0.121]
Total time: 8709s, loss: 0.1267
--------------------------------------------------
Epoch 3: 100%|████████████████████████████████████████████████████████████████████████████████████████████████████████████████████████████████████████████████████████████████████████████████████████████████████████████████████████████████████████████████████| 19730/19730 [2:25:09<00:00,  2.27it/s, loss=0.121]Epoch:    4,
Epoch 4:  93%|███████████████████████████████████████████████████████████████████████████████████████████████████████████████████████████████████████████████████████████████████████████████████████████████████████████████████████████████████▊                  | 18276/19730 [39:33<03:08,  7.70it/s, loss=0.103]Training time: 2373s
Epoch 4: 100%|████████████████████████████████████████████████████████████████████████████████████████████████████████████████████████████████████████████████████████████████████████████████████████████████████████████████████████████████████████████████████| 19730/19730 [2:27:38<00:00,  2.23it/s, loss=0.103]
                   mrr           mr   hit@1   hit@3  hit@10█████████████████████████████████████████████████████████████████████████████████████████████████████████████████████████████████████████████████████████████████████████████████████████████████████████████████████████| 727/727 [54:11<00:00,  4.47s/it]
tail ranking  0.415996  2058.210907  33.86%  45.38%  56.37%
head ranking  0.124639  4399.492861   9.15%  13.37%  18.92%
mean ranking  0.270317  3228.851884  21.50%  29.37%  37.65%
Ellipsis
Validation time: 6484s
Epoch 4: 100%|████████████████████████████████████████████████████████████████████████████████████████████████████████████████████████████████████████████████████████████████████████████████████████████████████████████████████████████████████████████████████| 19730/19730 [2:27:38<00:00,  2.23it/s, loss=0.103]
Total time: 8858s, loss: 0.1048
--------------------------------------------------
Epoch 4: 100%|████████████████████████████████████████████████████████████████████████████████████████████████████████████████████████████████████████████████████████████████████████████████████████████████████████████████████████████████████████████████████| 19730/19730 [2:27:38<00:00,  2.23it/s, loss=0.103]`Trainer.fit` stopped: `max_epochs=5` reached.
Epoch 4: 100%|████████████████████████████████████████████████████████████████████████████████████████████████████████████████████████████████████████████████████████████████████████████████████████████████████████████████████████████████████████████████████| 19730/19730 [2:28:00<00:00,  2.22it/s, loss=0.103]
model_path: [./checkpoint/FB15k-237N-ko-2023-12-13 18:53:17.564902/FB15k-237N-ko-epoch=004-val_mrr=0.2703.ckpt]
LOCAL_RANK: 0 - CUDA_VISIBLE_DEVICES: [5]
Testing DataLoader 1: 100%|█████████████████████████████████████████████████████████████████████████████████████████████████████████████████████████████████████████████████████████████████████████████████████████████████████████████████████████████████████████████████████████| 846/846 [56:55<00:00,  4.04s/it]
                   mrr           mr   hit@1   hit@3  hit@10
tail ranking  0.412088  2088.524253  34.09%  44.45%  55.71%
head ranking  0.127830  4428.694765   9.42%  13.81%  19.37%
mean ranking  0.269959  3258.609509  21.75%  29.13%  37.54%

==================================================
Epoch: test
Ellipsis
==================================================
Testing DataLoader 1: 100%|█████████████████████████████████████████████████████████████████████████████████████████████████████████████████████████████████████████████████████████████████████████████████████████████████████████████████████████████████████████████████████████| 846/846 [56:55<00:00,  4.04s/it]
──────────────────────────────────────────────────────────────────────────────────────────────────────────────────────────────────────────────────────────────────────────────────────────────────────────────────────────────────────────────────────────────────────────────────────────────────────────────────────
Runningstage.testing metric      DataLoader 0             DataLoader 1
──────────────────────────────────────────────────────────────────────────────────────────────────────────────────────────────────────────────────────────────────────────────────────────────────────────────────────────────────────────────────────────────────────────────────────────────────────────────────────
         val_mrr            0.2699587047100067       0.2699587047100067
──────────────────────────────────────────────────────────────────────────────────────────────────────────────────────────────────────────────────────────────────────────────────────────────────────────────────────────────────────────────────────────────────────────────────────────────────────────────────────
(KG-S2S) dlt@dl012:~/proj/KG-S2S$

