(KG-S2S) dlt@dl012:~/proj/KG-S2S$ export CUDA_VISIBLE_DEVICES=6
(KG-S2S) dlt@dl012:~/proj/KG-S2S$ setting-korean/train-FB15k-237N-ko-KeByT5-1.sh
Namespace(dataset_path='./data/processed', dataset='FB15k-237N-ko', model='T5Finetuner', precision='32', accelerator='gpu', seed=6382, num_workers=4, save_dir='./checkpoint/FB15k-237N-ko-2023-12-13 18:53:23.191375', pretrained_model='pretrained-pro/ETRI-KEByT5-Base-230426', batch_size=8, val_batch_size=8, num_beams=40, num_beam_groups=1, src_max_length=512, train_tgt_max_length=512, eval_tgt_max_length=90, epochs=5, lr=0.001, diversity_penalty=0.0, model_path='', optim='Adam', decoder='beam_search', log_text=False, use_prefix_search=False, src_descrip_max_length=240, tgt_descrip_max_length=240, use_soft_prompt=True, use_rel_prompt_emb=True, skip_n_val_epoch=0, seq_dropout=0.2, temporal=False, n_ent=12068, n_rel=90, vocab_size=384, model_dim=1536)
Global seed set to 6382

----------------------------------------------------------------------------------
 - pretrained_model.model_type: t5
 - tokenizer.additional_special_tokens: ['<extra_id_0>', '<extra_id_1>', '<extra_id_2>', '<extra_id_3>', '<extra_id_4>', '<extra_id_5>', '<extra_id_6>', '<extra_id_7>', '<extra_id_8>', '<extra_id_9>', '<extra_id_10>', '<extra_id_11>', '<extra_id_12>', '<extra_id_13>', '<extra_id_14>', '<extra_id_15>', '<extra_id_16>', '<extra_id_17>', '<extra_id_18>', '<extra_id_19>', '<extra_id_20>', '<extra_id_21>', '<extra_id_22>', '<extra_id_23>', '<extra_id_24>', '<extra_id_25>', '<extra_id_26>', '<extra_id_27>', '<extra_id_28>', '<extra_id_29>', '<extra_id_30>', '<extra_id_31>', '<extra_id_32>', '<extra_id_33>', '<extra_id_34>', '<extra_id_35>', '<extra_id_36>', '<extra_id_37>', '<extra_id_38>', '<extra_id_39>', '<extra_id_40>', '<extra_id_41>', '<extra_id_42>', '<extra_id_43>', '<extra_id_44>', '<extra_id_45>', '<extra_id_46>', '<extra_id_47>', '<extra_id_48>', '<extra_id_49>', '<extra_id_50>', '<extra_id_51>', '<extra_id_52>', '<extra_id_53>', '<extra_id_54>', '<extra_id_55>', '<extra_id_56>', '<extra_id_57>', '<extra_id_58>', '<extra_id_59>', '<extra_id_60>', '<extra_id_61>', '<extra_id_62>', '<extra_id_63>', '<extra_id_64>', '<extra_id_65>', '<extra_id_66>', '<extra_id_67>', '<extra_id_68>', '<extra_id_69>', '<extra_id_70>', '<extra_id_71>', '<extra_id_72>', '<extra_id_73>', '<extra_id_74>', '<extra_id_75>', '<extra_id_76>', '<extra_id_77>', '<extra_id_78>', '<extra_id_79>', '<extra_id_80>', '<extra_id_81>', '<extra_id_82>', '<extra_id_83>', '<extra_id_84>', '<extra_id_85>', '<extra_id_86>', '<extra_id_87>', '<extra_id_88>', '<extra_id_89>', '<extra_id_90>', '<extra_id_91>', '<extra_id_92>', '<extra_id_93>', '<extra_id_94>', '<extra_id_95>', '<extra_id_96>', '<extra_id_97>', '<extra_id_98>', '<extra_id_99>', '<extra_id_100>', '<extra_id_101>', '<extra_id_102>', '<extra_id_103>', '<extra_id_104>', '<extra_id_105>', '<extra_id_106>', '<extra_id_107>', '<extra_id_108>', '<extra_id_109>', '<extra_id_110>', '<extra_id_111>', '<extra_id_112>', '<extra_id_113>', '<extra_id_114>', '<extra_id_115>', '<extra_id_116>', '<extra_id_117>', '<extra_id_118>', '<extra_id_119>', '<extra_id_120>', '<extra_id_121>', '<extra_id_122>', '<extra_id_123>', '<extra_id_124>']
 - extra_id_0_tok_id: 259
----------------------------------------------------------------------------------

tokenizing entities...
100%|███████████████████████████████████████████████████████████████████████████████████████████████████████████████████████████████████████████████████████████████████████████████████████████████████████████████████████████████████████████████████████████████████████████| 12068/12068 [02:37<00:00, 76.65it/s]
datamodule construction done.

----------------------------------------------------------------------------------
 * pl.Trainer(accelerator=gpu, precision=32)
----------------------------------------------------------------------------------

GPU available: True (cuda), used: True
TPU available: False, using: 0 TPU cores
IPU available: False, using: 0 IPUs
HPU available: False, using: 0 HPUs
model construction done.
LOCAL_RANK: 0 - CUDA_VISIBLE_DEVICES: [6]

  | Name          | Type                               | Params
---------------------------------------------------------------------
0 | core_t5_model | ModifiedT5ForConditionalGeneration | 581 M
1 | rel_embed1    | Embedding                          | 138 K
2 | rel_embed2    | Embedding                          | 138 K
3 | rel_embed3    | Embedding                          | 138 K
4 | rel_embed4    | Embedding                          | 138 K
---------------------------------------------------------------------
582 M     Trainable params
0         Non-trainable params
582 M     Total params
2,328.825 Total estimated model params size (MB)
Training: 0it [00:00, ?it/s]Epoch:    0,
Epoch 0:  93%|██████████████████████████████████████████████████████████████████████████████████████████████████████████████████████████████████████████████████████████████████████████████████████████████████████████████████████████████████                  | 18276/19730 [1:12:36<05:46,  4.19it/s, loss=0.141]Training time: 4356s
Epoch 0: 100%|████████████████████████████████████████████████████████████████████████████████████████████████████████████████████████████████████████████████████████████████████████████████████████████████████████████████████████████████████████████████████| 19730/19730 [2:44:09<00:00,  2.00it/s, loss=0.141]
                   mrr           mr   hit@1   hit@3  hit@10█████████████████████████████████████████████████████████████████████████████████████████████████████████████████████████████████████████████████████████████████████████████████████████████████████████████████████████| 727/727 [46:09<00:00,  3.81s/it]
tail ranking  0.237888  3195.596594  16.88%  26.92%  39.55%
head ranking  0.035626  5382.766902   2.25%   3.23%   6.54%
mean ranking  0.136757  4289.181748   9.56%  15.08%  23.04%
Ellipsis
Validation time: 5492s
Epoch 0: 100%|████████████████████████████████████████████████████████████████████████████████████████████████████████████████████████████████████████████████████████████████████████████████████████████████████████████████████████████████████████████████████| 19730/19730 [2:44:09<00:00,  2.00it/s, loss=0.141]
Total time: 9849s, loss: 0.2264
--------------------------------------------------
Epoch 0: 100%|████████████████████████████████████████████████████████████████████████████████████████████████████████████████████████████████████████████████████████████████████████████████████████████████████████████████████████████████████████████████████| 19730/19730 [2:44:09<00:00,  2.00it/s, loss=0.141]Epoch:    1,
Epoch 1:  93%|█████████████████████████████████████████████████████████████████████████████████████████████████████████████████████████████████████████████████████████████████████████████████████████████████████████████████████████████████                  | 18276/19730 [1:11:50<05:42,  4.24it/s, loss=0.0984]Training time: 4310s
Epoch 1: 100%|███████████████████████████████████████████████████████████████████████████████████████████████████████████████████████████████████████████████████████████████████████████████████████████████████████████████████████████████████████████████████| 19730/19730 [2:43:27<00:00,  2.01it/s, loss=0.0984]
                   mrr           mr   hit@1   hit@3  hit@10█████████████████████████████████████████████████████████████████████████████████████████████████████████████████████████████████████████████████████████████████████████████████████████████████████████████████████████| 727/727 [46:16<00:00,  3.82s/it]
tail ranking  0.238039  3323.611044  17.77%  26.05%  37.61%
head ranking  0.036030  5504.564597   2.36%   3.60%   6.38%
mean ranking  0.137035  4414.087820  10.06%  14.82%  21.99%
Ellipsis
Validation time: 5496s
Epoch 1: 100%|███████████████████████████████████████████████████████████████████████████████████████████████████████████████████████████████████████████████████████████████████████████████████████████████████████████████████████████████████████████████████| 19730/19730 [2:43:27<00:00,  2.01it/s, loss=0.0984]
Total time: 9807s, loss: 0.1128
--------------------------------------------------
Epoch 1: 100%|███████████████████████████████████████████████████████████████████████████████████████████████████████████████████████████████████████████████████████████████████████████████████████████████████████████████████████████████████████████████████| 19730/19730 [2:43:27<00:00,  2.01it/s, loss=0.0984]Epoch:    2,
Epoch 2:  93%|█████████████████████████████████████████████████████████████████████████████████████████████████████████████████████████████████████████████████████████████████████████████████████████████████████████████████████████████████                  | 18276/19730 [1:11:52<05:43,  4.24it/s, loss=0.0809]Training time: 4312s
Epoch 2: 100%|███████████████████████████████████████████████████████████████████████████████████████████████████████████████████████████████████████████████████████████████████████████████████████████████████████████████████████████████████████████████████| 19730/19730 [2:43:27<00:00,  2.01it/s, loss=0.0809]
                   mrr           mr   hit@1   hit@3  hit@10█████████████████████████████████████████████████████████████████████████████████████████████████████████████████████████████████████████████████████████████████████████████████████████████████████████████████████████| 727/727 [46:00<00:00,  3.80s/it]
tail ranking  0.249441  3162.811973  17.46%  28.87%  39.98%
head ranking  0.037391  5299.465336   2.10%   4.08%   7.14%
mean ranking  0.143416  4231.138655   9.78%  16.47%  23.56%
Ellipsis
Validation time: 5495s
Epoch 2: 100%|███████████████████████████████████████████████████████████████████████████████████████████████████████████████████████████████████████████████████████████████████████████████████████████████████████████████████████████████████████████████████| 19730/19730 [2:43:27<00:00,  2.01it/s, loss=0.0809]
Total time: 9807s, loss: 0.0774
--------------------------------------------------
Epoch 2: 100%|███████████████████████████████████████████████████████████████████████████████████████████████████████████████████████████████████████████████████████████████████████████████████████████████████████████████████████████████████████████████████| 19730/19730 [2:43:27<00:00,  2.01it/s, loss=0.0809]Epoch:    3,
Epoch 3:  93%|█████████████████████████████████████████████████████████████████████████████████████████████████████████████████████████████████████████████████████████████████████████████████████████████████████████████████████████████████                  | 18276/19730 [1:11:52<05:43,  4.24it/s, loss=0.0535]Training time: 4312s
Epoch 3: 100%|███████████████████████████████████████████████████████████████████████████████████████████████████████████████████████████████████████████████████████████████████████████████████████████████████████████████████████████████████████████████████| 19730/19730 [2:43:13<00:00,  2.01it/s, loss=0.0535]
                   mrr           mr   hit@1   hit@3  hit@10█████████████████████████████████████████████████████████████████████████████████████████████████████████████████████████████████████████████████████████████████████████████████████████████████████████████████████████| 727/727 [45:55<00:00,  3.79s/it]
tail ranking  0.278578  3006.628419  21.21%  31.02%  41.80%
head ranking  0.050186  5225.330294   2.96%   5.40%   9.24%
mean ranking  0.164382  4115.979357  12.08%  18.21%  25.52%
Ellipsis
Validation time: 5481s
Epoch 3: 100%|███████████████████████████████████████████████████████████████████████████████████████████████████████████████████████████████████████████████████████████████████████████████████████████████████████████████████████████████████████████████████| 19730/19730 [2:43:13<00:00,  2.01it/s, loss=0.0535]
Total time: 9793s, loss: 0.0616
--------------------------------------------------
Epoch 3: 100%|███████████████████████████████████████████████████████████████████████████████████████████████████████████████████████████████████████████████████████████████████████████████████████████████████████████████████████████████████████████████████| 19730/19730 [2:43:13<00:00,  2.01it/s, loss=0.0535]Epoch:    4,
Epoch 4:  93%|██████████████████████████████████████████████████████████████████████████████████████████████████████████████████████████████████████████████████████████████████████████████████████████████████████████████████████████████████                  | 18276/19730 [1:11:51<05:42,  4.24it/s, loss=0.051]Training time: 4311s
Epoch 4: 100%|████████████████████████████████████████████████████████████████████████████████████████████████████████████████████████████████████████████████████████████████████████████████████████████████████████████████████████████████████████████████████| 19730/19730 [2:42:53<00:00,  2.02it/s, loss=0.051]
                   mrr           mr   hit@1   hit@3  hit@10█████████████████████████████████████████████████████████████████████████████████████████████████████████████████████████████████████████████████████████████████████████████████████████████████████████████████████████| 727/727 [45:48<00:00,  3.78s/it]
tail ranking  0.279865  2987.176845  20.51%  31.76%  43.01%
head ranking  0.055253  5060.696198   3.37%   6.00%  10.18%
mean ranking  0.167559  4023.936522  11.94%  18.88%  26.60%
Ellipsis
Validation time: 5461s
Epoch 4: 100%|████████████████████████████████████████████████████████████████████████████████████████████████████████████████████████████████████████████████████████████████████████████████████████████████████████████████████████████████████████████████████| 19730/19730 [2:42:53<00:00,  2.02it/s, loss=0.051]
Total time: 9773s, loss: 0.0530
--------------------------------------------------
Epoch 4: 100%|████████████████████████████████████████████████████████████████████████████████████████████████████████████████████████████████████████████████████████████████████████████████████████████████████████████████████████████████████████████████████| 19730/19730 [2:42:53<00:00,  2.02it/s, loss=0.051]`Trainer.fit` stopped: `max_epochs=5` reached.
Epoch 4: 100%|████████████████████████████████████████████████████████████████████████████████████████████████████████████████████████████████████████████████████████████████████████████████████████████████████████████████████████████████████████████████████| 19730/19730 [2:43:57<00:00,  2.01it/s, loss=0.051]
model_path: [./checkpoint/FB15k-237N-ko-2023-12-13 18:53:23.191375/FB15k-237N-ko-epoch=004-val_mrr=0.1676.ckpt]
LOCAL_RANK: 0 - CUDA_VISIBLE_DEVICES: [6]
Testing DataLoader 1: 100%|█████████████████████████████████████████████████████████████████████████████████████████████████████████████████████████████████████████████████████████████████████████████████████████████████████████████████████████████████████████████████████████| 846/846 [49:12<00:00,  3.49s/it]
                   mrr           mr   hit@1   hit@3  hit@10
tail ranking  0.280369  2992.707927  20.97%  31.65%  42.50%
head ranking  0.056319  5086.216208   3.62%   6.00%  10.23%
mean ranking  0.168344  4039.462067  12.30%  18.83%  26.37%

==================================================
Epoch: test
Ellipsis
==================================================
Testing DataLoader 1: 100%|█████████████████████████████████████████████████████████████████████████████████████████████████████████████████████████████████████████████████████████████████████████████████████████████████████████████████████████████████████████████████████████| 846/846 [49:12<00:00,  3.49s/it]
──────────────────────────────────────────────────────────────────────────────────────────────────────────────────────────────────────────────────────────────────────────────────────────────────────────────────────────────────────────────────────────────────────────────────────────────────────────────────────
Runningstage.testing metric      DataLoader 0             DataLoader 1
──────────────────────────────────────────────────────────────────────────────────────────────────────────────────────────────────────────────────────────────────────────────────────────────────────────────────────────────────────────────────────────────────────────────────────────────────────────────────────
         val_mrr            0.16834373772144318      0.16834373772144318
──────────────────────────────────────────────────────────────────────────────────────────────────────────────────────────────────────────────────────────────────────────────────────────────────────────────────────────────────────────────────────────────────────────────────────────────────────────────────────
(KG-S2S) dlt@dl012:~/proj/KG-S2S$

