#export CUDA_VISIBLE_DEVICES=3
#export CUDA_VISIBLE_DEVICES=7
#python3 main.py -dataset FB15k-237N-ko -lr 0.0005 -num_beams 40 -seq_dropout 0.2 -use_soft_prompt -use_rel_prompt_emb -src_descrip_max_length 200 -tgt_descrip_max_length 200 -pretrained_model KETI-AIR/ke-t5-base-ko
python3 main.py -dataset FB15k-237N-ko \
                -lr 0.0005 \
                -precision bf16 \
                -epoch 15 \
                -batch_size 4 \
                -val_batch_size 2 \
                -num_beams 40 \
                -seq_dropout 0.2 \
                -use_soft_prompt \
                -use_rel_prompt_emb \
                -src_descrip_max_length 200 \
                -tgt_descrip_max_length 200 \
                -eval_tgt_max_length 75 \
                -pretrained_model KETI-AIR/ke-t5-large-ko



(KG-S2S) dlt@dl012:~/proj/KG-S2S$ export CUDA_VISIBLE_DEVICES=7
(KG-S2S) dlt@dl012:~/proj/KG-S2S$ setting-korean/train-FB15k-237N-ko-KeT5-large-2.sh
Namespace(dataset_path='./data/processed', dataset='FB15k-237N-ko', model='T5Finetuner', precision='bf16', accelerator='gpu', seed=41504, num_workers=12, save_dir='./checkpoint/FB15k-237N-ko=ke-t5-large-ko=1214.224309', pretrained_model='KETI-AIR/ke-t5-large-ko', batch_size=4, val_batch_size=2, num_beams=40, num_beam_groups=1, src_max_length=512, train_tgt_max_length=512, eval_tgt_max_length=75, epochs=15, lr=0.0005, diversity_penalty=0.0, model_path='', optim='Adam', decoder='beam_search', log_text=False, use_prefix_search=False, src_descrip_max_length=200, tgt_descrip_max_length=200, use_soft_prompt=True, use_rel_prompt_emb=True, check_every_n_epochs=3, seq_dropout=0.2, temporal=False, n_ent=12068, n_rel=90, vocab_size=64128, model_dim=1024)
Global seed set to 41504
Special tokens have been added in the vocabulary, make sure the associated word embeddings are fine-tuned or trained.

----------------------------------------------------------------------------------
 - pretrained_model.model_type: t5
 - tokenizer.additional_special_tokens: ['<extra_id_0>', '<extra_id_1>', '<extra_id_2>', '<extra_id_3>', '<extra_id_4>', '<extra_id_5>', '<extra_id_6>', '<extra_id_7>', '<extra_id_8>', '<extra_id_9>', '<extra_id_10>', '<extra_id_11>', '<extra_id_12>', '<extra_id_13>', '<extra_id_14>', '<extra_id_15>', '<extra_id_16>', '<extra_id_17>', '<extra_id_18>', '<extra_id_19>', '<extra_id_20>', '<extra_id_21>', '<extra_id_22>', '<extra_id_23>', '<extra_id_24>', '<extra_id_25>', '<extra_id_26>', '<extra_id_27>', '<extra_id_28>', '<extra_id_29>', '<extra_id_30>', '<extra_id_31>', '<extra_id_32>', '<extra_id_33>', '<extra_id_34>', '<extra_id_35>', '<extra_id_36>', '<extra_id_37>', '<extra_id_38>', '<extra_id_39>', '<extra_id_40>', '<extra_id_41>', '<extra_id_42>', '<extra_id_43>', '<extra_id_44>', '<extra_id_45>', '<extra_id_46>', '<extra_id_47>', '<extra_id_48>', '<extra_id_49>', '<extra_id_50>', '<extra_id_51>', '<extra_id_52>', '<extra_id_53>', '<extra_id_54>', '<extra_id_55>', '<extra_id_56>', '<extra_id_57>', '<extra_id_58>', '<extra_id_59>', '<extra_id_60>', '<extra_id_61>', '<extra_id_62>', '<extra_id_63>', '<extra_id_64>', '<extra_id_65>', '<extra_id_66>', '<extra_id_67>', '<extra_id_68>', '<extra_id_69>', '<extra_id_70>', '<extra_id_71>', '<extra_id_72>', '<extra_id_73>', '<extra_id_74>', '<extra_id_75>', '<extra_id_76>', '<extra_id_77>', '<extra_id_78>', '<extra_id_79>', '<extra_id_80>', '<extra_id_81>', '<extra_id_82>', '<extra_id_83>', '<extra_id_84>', '<extra_id_85>', '<extra_id_86>', '<extra_id_87>', '<extra_id_88>', '<extra_id_89>', '<extra_id_90>', '<extra_id_91>', '<extra_id_92>', '<extra_id_93>', '<extra_id_94>', '<extra_id_95>', '<extra_id_96>', '<extra_id_97>', '<extra_id_98>', '<extra_id_99>']
 - extra_id_0_tok_id: 64099
----------------------------------------------------------------------------------

tokenizing entities...
100%|██████████████████████████████████████████████████████████████████████████████████████████████████████████████████████████████████████████████████████████████████████████████████████████████████████████████████████████████████████████████████████████████████████████| 12068/12068 [00:20<00:00, 587.08it/s]
Special tokens have been added in the vocabulary, make sure the associated word embeddings are fine-tuned or trained.
datamodule construction done.

----------------------------------------------------------------------------------
 * pl.Trainer(accelerator=gpu, precision=bf16, max_epochs=15, every_n_epoch=3)
----------------------------------------------------------------------------------

Using bfloat16 Automatic Mixed Precision (AMP)
GPU available: True (cuda), used: True
TPU available: False, using: 0 TPU cores
IPU available: False, using: 0 IPUs
HPU available: False, using: 0 HPUs
model construction done.
LOCAL_RANK: 0 - CUDA_VISIBLE_DEVICES: [7]

  | Name          | Type                               | Params
---------------------------------------------------------------------
0 | core_t5_model | ModifiedT5ForConditionalGeneration | 783 M
1 | rel_embed1    | Embedding                          | 92.2 K
2 | rel_embed2    | Embedding                          | 92.2 K
3 | rel_embed3    | Embedding                          | 92.2 K
4 | rel_embed4    | Embedding                          | 92.2 K
---------------------------------------------------------------------
783 M     Trainable params
0         Non-trainable params
783 M     Total params
3,133.551 Total estimated model params size (MB)
Training: 0it [00:00, ?it/s]

======================================================================
Epoch:    0,
Epoch 0: 100%|████████████████████████████████████████████████████████████████████████████████████████████████████████████████████████████████████████████████████████████████████████████████████████████████████████████████████████████████████████████████████| 36551/36551 [2:01:35<00:00,  5.01it/s, loss=0.233]
Total time: 7295s, loss: 0.7672
Epoch 0: 100%|████████████████████████████████████████████████████████████████████████████████████████████████████████████████████████████████████████████████████████████████████████████████████████████████████████████████████████████████████████████████████| 36551/36551 [2:01:35<00:00,  5.01it/s, loss=0.233]

======================================================================
Epoch:    1,
Epoch 1: 100%|████████████████████████████████████████████████████████████████████████████████████████████████████████████████████████████████████████████████████████████████████████████████████████████████████████████████████████████████████████████████████| 36551/36551 [2:00:59<00:00,  5.03it/s, loss=0.154]
Total time: 7259s, loss: 0.1915
Epoch 1: 100%|████████████████████████████████████████████████████████████████████████████████████████████████████████████████████████████████████████████████████████████████████████████████████████████████████████████████████████████████████████████████████| 36551/36551 [2:00:59<00:00,  5.03it/s, loss=0.154]

======================================================================
Epoch:    2,
Epoch 2: 100%|████████████████████████████████████████████████████████████████████████████████████████████████████████████████████████████████████████████████████████████████████████████████████████████████████████████████████████████████████████████████████| 36551/36551 [2:00:08<00:00,  5.07it/s, loss=0.133]
Training time: 7208s
Epoch 2: : 42365it [6:18:29,  1.87it/s, loss=0.133]
Validation DataLoader 1: 100%|██████████████████████████████████████████████████████████████████████████████████████████████████████████████████████████████████████████████████████████████████████████████████████████████████████████████████████████████████████████████████| 2907/2907 [2:07:45<00:00,  2.64s/it]

           mrr   hit@1   hit@3  hit@10
tail  0.406830  32.62%  44.74%  57.20%
head  0.126114   9.32%  13.28%  19.82%
mean  0.266472  20.97%  29.01%  38.51%

Ellipsis
Validation time: 15500s
Epoch 2: : 42365it [6:18:29,  1.87it/s, loss=0.133]
Total time: 22728s, loss: 0.1412
Epoch 2: : 42365it [6:18:48,  1.86it/s, loss=0.133]

======================================================================
Epoch:    3,
Epoch 3: 100%|████████████████████████████████████████████████████████████████████████████████████████████████████████████████████████████████████████████████████████████████████████████████████████████████████████████████████████████████████████████████████| 36551/36551 [1:59:07<00:00,  5.11it/s, loss=0.104]
Total time: 7147s, loss: 0.1222
Epoch 3: 100%|████████████████████████████████████████████████████████████████████████████████████████████████████████████████████████████████████████████████████████████████████████████████████████████████████████████████████████████████████████████████████| 36551/36551 [1:59:07<00:00,  5.11it/s, loss=0.104]

======================================================================
Epoch:    4,
Epoch 4: 100%|████████████████████████████████████████████████████████████████████████████████████████████████████████████████████████████████████████████████████████████████████████████████████████████████████████████████████████████████████████████████████| 36551/36551 [2:01:19<00:00,  5.02it/s, loss=0.102]
Total time: 7279s, loss: 0.1126
Epoch 4: 100%|████████████████████████████████████████████████████████████████████████████████████████████████████████████████████████████████████████████████████████████████████████████████████████████████████████████████████████████████████████████████████| 36551/36551 [2:01:19<00:00,  5.02it/s, loss=0.102]

======================================================================
Epoch:    5,
Epoch 5:  86%|█████████████████████████████████████████████████████████████████████████████████████████████████████████████████████████████████████████████████████████████████████████████████████████████████████████████████▋                                 | 36551/42365 [2:01:58<19:24,  4.99it/s, loss=0.0807]
Training time: 7318s
Epoch 5: 100%|███████████████████████████████████████████████████████████████████████████████████████████████████████████████████████████████████████████████████████████████████████████████████████████████████████████████████████████████████████████████████| 42365/42365 [6:18:04<00:00,  1.87it/s, loss=0.0807]
Validation DataLoader 1: 100%|██████████████████████████████████████████████████████████████████████████████████████████████████████████████████████████████████████████████████████████████████████████████████████████████████████████████████████████████████████████████████| 2907/2907 [2:07:36<00:00,  2.63s/it]

           mrr   hit@1   hit@3  hit@10
tail  0.433267  35.18%  47.84%  58.83%
head  0.132590   9.34%  14.66%  21.47%
mean  0.282929  22.26%  31.25%  40.15%

Ellipsis
Validation time: 15365s
Epoch 5: 100%|███████████████████████████████████████████████████████████████████████████████████████████████████████████████████████████████████████████████████████████████████████████████████████████████████████████████████████████████████████████████████| 42365/42365 [6:18:04<00:00,  1.87it/s, loss=0.0807]
Total time: 22704s, loss: 0.1053
Epoch 5: 100%|███████████████████████████████████████████████████████████████████████████████████████████████████████████████████████████████████████████████████████████████████████████████████████████████████████████████████████████████████████████████████| 42365/42365 [6:18:24<00:00,  1.87it/s, loss=0.0807]

======================================================================
Epoch:    6,
Epoch 6: 100%|████████████████████████████████████████████████████████████████████████████████████████████████████████████████████████████████████████████████████████████████████████████████████████████████████████████████████████████████████████████████████| 36551/36551 [2:01:04<00:00,  5.03it/s, loss=0.103]
Total time: 7264s, loss: 0.1003
Epoch 6: 100%|████████████████████████████████████████████████████████████████████████████████████████████████████████████████████████████████████████████████████████████████████████████████████████████████████████████████████████████████████████████████████| 36551/36551 [2:01:04<00:00,  5.03it/s, loss=0.103]

======================================================================
Epoch:    7,
Epoch 7: 100%|████████████████████████████████████████████████████████████████████████████████████████████████████████████████████████████████████████████████████████████████████████████████████████████████████████████████████████████████████████████████████| 36551/36551 [2:03:58<00:00,  4.91it/s, loss=0.104]
Total time: 7438s, loss: 0.0966
Epoch 7: 100%|████████████████████████████████████████████████████████████████████████████████████████████████████████████████████████████████████████████████████████████████████████████████████████████████████████████████████████████████████████████████████| 36551/36551 [2:03:58<00:00,  4.91it/s, loss=0.104]

======================================================================
Epoch:    8,
Epoch 8:  86%|█████████████████████████████████████████████████████████████████████████████████████████████████████████████████████████████████████████████████████████████████████████████████████████████████████████████████▋                                 | 36551/42365 [2:03:32<19:39,  4.93it/s, loss=0.0948]
Training time: 7412s
Epoch 8: 100%|███████████████████████████████████████████████████████████████████████████████████████████████████████████████████████████████████████████████████████████████████████████████████████████████████████████████████████████████████████████████████| 42365/42365 [6:18:28<00:00,  1.87it/s, loss=0.0948]
Validation DataLoader 1: 100%|██████████████████████████████████████████████████████████████████████████████████████████████████████████████████████████████████████████████████████████████████████████████████████████████████████████████████████████████████████████████████| 2907/2907 [2:06:52<00:00,  2.62s/it]

           mrr   hit@1   hit@3  hit@10
tail  0.421109  33.55%  46.43%  59.87%
head  0.140883   9.98%  15.34%  23.14%
mean  0.280996  21.76%  30.89%  41.50%

Ellipsis
Validation time: 15296s
Epoch 8: 100%|███████████████████████████████████████████████████████████████████████████████████████████████████████████████████████████████████████████████████████████████████████████████████████████████████████████████████████████████████████████████████| 42365/42365 [6:18:28<00:00,  1.87it/s, loss=0.0948]
Total time: 22728s, loss: 0.0932
Epoch 8: 100%|███████████████████████████████████████████████████████████████████████████████████████████████████████████████████████████████████████████████████████████████████████████████████████████████████████████████████████████████████████████████████| 42365/42365 [6:18:48<00:00,  1.86it/s, loss=0.0948]

======================================================================
Epoch:    9,
Epoch 9: 100%|████████████████████████████████████████████████████████████████████████████████████████████████████████████████████████████████████████████████████████████████████████████████████████████████████████████████████████████████████████████████████| 36551/36551 [1:59:27<00:00,  5.10it/s, loss=0.085]
Total time: 7167s, loss: 0.0912
Epoch 9: 100%|████████████████████████████████████████████████████████████████████████████████████████████████████████████████████████████████████████████████████████████████████████████████████████████████████████████████████████████████████████████████████| 36551/36551 [1:59:27<00:00,  5.10it/s, loss=0.085]

======================================================================
Epoch:   10,
Epoch 10: 100%|██████████████████████████████████████████████████████████████████████████████████████████████████████████████████████████████████████████████████████████████████████████████████████████████████████████████████████████████████████████████████| 36551/36551 [2:02:57<00:00,  4.95it/s, loss=0.0964]
Total time: 7377s, loss: 0.0887
Epoch 10: 100%|██████████████████████████████████████████████████████████████████████████████████████████████████████████████████████████████████████████████████████████████████████████████████████████████████████████████████████████████████████████████████| 36551/36551 [2:02:57<00:00,  4.95it/s, loss=0.0964]

======================================================================
Epoch:   11,
Epoch 11:  86%|████████████████████████████████████████████████████████████████████████████████████████████████████████████████████████████████████████████████████████████████████████████████████████████████████████████████▊                                 | 36551/42365 [1:57:11<18:38,  5.20it/s, loss=0.0893]
Training time: 7032s
Epoch 11: 100%|██████████████████████████████████████████████████████████████████████████████████████████████████████████████████████████████████████████████████████████████████████████████████████████████████████████████████████████████████████████████████| 42365/42365 [6:09:31<00:00,  1.91it/s, loss=0.0893]
Validation DataLoader 1: 100%|██████████████████████████████████████████████████████████████████████████████████████████████████████████████████████████████████████████████████████████████████████████████████████████████████████████████████████████████████████████████████| 2907/2907 [2:06:14<00:00,  2.61s/it]

           mrr   hit@1   hit@3  hit@10
tail  0.433748  35.02%  48.10%  59.61%
head  0.142080  10.12%  15.28%  22.86%
mean  0.287914  22.57%  31.69%  41.24%

Ellipsis
Validation time: 15139s
Epoch 11: 100%|██████████████████████████████████████████████████████████████████████████████████████████████████████████████████████████████████████████████████████████████████████████████████████████████████████████████████████████████████████████████████| 42365/42365 [6:09:31<00:00,  1.91it/s, loss=0.0893]
Total time: 22192s, loss: 0.0869
Epoch 11: 100%|██████████████████████████████████████████████████████████████████████████████████████████████████████████████████████████████████████████████████████████████████████████████████████████████████████████████████████████████████████████████████| 42365/42365 [6:09:52<00:00,  1.91it/s, loss=0.0893]

======================================================================
Epoch:   12,
Epoch 12: 100%|██████████████████████████████████████████████████████████████████████████████████████████████████████████████████████████████████████████████████████████████████████████████████████████████████████████████████████████████████████████████████| 36551/36551 [1:56:50<00:00,  5.21it/s, loss=0.0872]
Total time: 7010s, loss: 0.0849
Epoch 12: 100%|██████████████████████████████████████████████████████████████████████████████████████████████████████████████████████████████████████████████████████████████████████████████████████████████████████████████████████████████████████████████████| 36551/36551 [1:56:50<00:00,  5.21it/s, loss=0.0872]

======================================================================
Epoch:   13,
Epoch 13: 100%|██████████████████████████████████████████████████████████████████████████████████████████████████████████████████████████████████████████████████████████████████████████████████████████████████████████████████████████████████████████████████| 36551/36551 [1:57:00<00:00,  5.21it/s, loss=0.0953]
Total time: 7020s, loss: 0.0830
Epoch 13: 100%|██████████████████████████████████████████████████████████████████████████████████████████████████████████████████████████████████████████████████████████████████████████████████████████████████████████████████████████████████████████████████| 36551/36551 [1:57:00<00:00,  5.21it/s, loss=0.0953]

======================================================================
Epoch:   14,
Epoch 14:  86%|████████████████████████████████████████████████████████████████████████████████████████████████████████████████████████████████████████████████████████████████████████████████████████████████████████████████▊                                 | 36551/42365 [1:57:13<18:38,  5.20it/s, loss=0.0626]
Training time: 7033s
Epoch 14: 100%|██████████████████████████████████████████████████████████████████████████████████████████████████████████████████████████████████████████████████████████████████████████████████████████████████████████████████████████████████████████████████| 42365/42365 [6:10:21<00:00,  1.91it/s, loss=0.0626]
Validation DataLoader 1: 100%|██████████████████████████████████████████████████████████████████████████████████████████████████████████████████████████████████████████████████████████████████████████████████████████████████████████████████████████████████████████████████| 2907/2907 [2:05:07<00:00,  2.58s/it]

           mrr   hit@1   hit@3  hit@10
tail  0.436017  35.27%  47.76%  60.47%
head  0.139031  10.03%  14.85%  22.14%
mean  0.287524  22.65%  31.30%  41.30%

Ellipsis
Validation time: 15188s
Epoch 14: 100%|██████████████████████████████████████████████████████████████████████████████████████████████████████████████████████████████████████████████████████████████████████████████████████████████████████████████████████████████████████████████████| 42365/42365 [6:10:21<00:00,  1.91it/s, loss=0.0626]
Total time: 22241s, loss: 0.0819
Epoch 14: 100%|██████████████████████████████████████████████████████████████████████████████████████████████████████████████████████████████████████████████████████████████████████████████████████████████████████████████████████████████████████████████████| 42365/42365 [6:10:41<00:00,  1.90it/s, loss=0.0626]`Trainer.fit` stopped: `max_epochs=15` reached.
Epoch 14: 100%|██████████████████████████████████████████████████████████████████████████████████████████████████████████████████████████████████████████████████████████████████████████████████████████████████████████████████████████████████████████████████| 42365/42365 [6:10:41<00:00,  1.90it/s, loss=0.0626]
model_path: [./checkpoint/FB15k-237N-ko=ke-t5-large-ko=1214.224309/FB15k-237N-ko-epoch=011-val_mrr=0.2879.ckpt]
LOCAL_RANK: 0 - CUDA_VISIBLE_DEVICES: [7]
Testing DataLoader 1: 100%|█████████████████████████████████████████████████████████████████████████████████████████████████████████████████████████████████████████████████████████████████████████████████████████████████████████████████████████████████████████████████████| 3381/3381 [2:13:58<00:00,  2.38s/it]


           mrr   hit@1   hit@3  hit@10
tail  0.428991  34.22%  47.72%  60.14%
head  0.143019  10.28%  15.13%  23.29%
mean  0.286005  22.25%  31.43%  41.72%

======================================================================
Epoch: test
Ellipsis
======================================================================
Testing DataLoader 1: 100%|█████████████████████████████████████████████████████████████████████████████████████████████████████████████████████████████████████████████████████████████████████████████████████████████████████████████████████████████████████████████████████| 3381/3381 [2:13:58<00:00,  2.38s/it]
──────────────────────────────────────────────────────────────────────────────────────────────────────────────────────────────────────────────────────────────────────────────────────────────────────────────────────────────────────────────────────────────────────────────────────────────────────────────────────
Runningstage.testing metric      DataLoader 0             DataLoader 1
──────────────────────────────────────────────────────────────────────────────────────────────────────────────────────────────────────────────────────────────────────────────────────────────────────────────────────────────────────────────────────────────────────────────────────────────────────────────────────
         val_mrr            0.2860052287578583       0.2860052287578583
──────────────────────────────────────────────────────────────────────────────────────────────────────────────────────────────────────────────────────────────────────────────────────────────────────────────────────────────────────────────────────────────────────────────────────────────────────────────────────
(KG-S2S) dlt@dl012:~/proj/KG-S2S$

