#export CUDA_VISIBLE_DEVICES=0
#export CUDA_VISIBLE_DEVICES=4
#python3 main.py -dataset FB15k-237N-ko -lr 0.001 -num_beams 40 -seq_dropout 0.2 -use_soft_prompt -use_rel_prompt_emb -src_descrip_max_length 200 -tgt_descrip_max_length 200 -pretrained_model pretrained-pro/ETRI-KEByT5-Base-230426
python3 main.py -dataset FB15k-237N-ko \
                -lr 0.001 \
                -precision 32 \
                -epoch 15 \
                -batch_size 4 \
                -val_batch_size 2 \
                -num_beams 40 \
                -seq_dropout 0.2 \
                -use_soft_prompt \
                -use_rel_prompt_emb \
                -src_descrip_max_length 200 \
                -tgt_descrip_max_length 200 \
                -eval_tgt_max_length 75 \
                -pretrained_model pretrained-pro/ETRI-KEByT5-Base-230426



(KG-S2S) chrisjihee@ptlm3:~/proj/KG-S2S$ export CUDA_VISIBLE_DEVICES=0
(KG-S2S) chrisjihee@ptlm3:~/proj/KG-S2S$ setting-korean/train-FB15k-237N-ko-KeByT5-base-3.sh
Namespace(dataset_path='./data/processed', dataset='FB15k-237N-ko', model='T5Finetuner', precision='32', accelerator='gpu', seed=41504, num_workers=12, save_dir='./checkpoint/FB15k-237N-ko=ETRI-KEByT5-Base-230426=1214.222451', pretrained_model='pretrained-pro/ETRI-KEByT5-Base-230426', batch_size=4, val_batch_size=2, num_beams=40, num_beam_groups=1, src_max_length=512, train_tgt_max_length=512, eval_tgt_max_length=75, epochs=15, lr=0.001, diversity_penalty=0.0, model_path='', optim='Adam', decoder='beam_search', log_text=False, use_prefix_search=False, src_descrip_max_length=200, tgt_descrip_max_length=200, use_soft_prompt=True, use_rel_prompt_emb=True, check_every_n_epochs=3, seq_dropout=0.2, temporal=False, n_ent=12068, n_rel=90, vocab_size=384, model_dim=1536)
Global seed set to 41504

----------------------------------------------------------------------------------
 - pretrained_model.model_type: t5
 - tokenizer.additional_special_tokens: ['<extra_id_0>', '<extra_id_1>', '<extra_id_2>', '<extra_id_3>', '<extra_id_4>', '<extra_id_5>', '<extra_id_6>', '<extra_id_7>', '<extra_id_8>', '<extra_id_9>', '<extra_id_10>', '<extra_id_11>', '<extra_id_12>', '<extra_id_13>', '<extra_id_14>', '<extra_id_15>', '<extra_id_16>', '<extra_id_17>', '<extra_id_18>', '<extra_id_19>', '<extra_id_20>', '<extra_id_21>', '<extra_id_22>', '<extra_id_23>', '<extra_id_24>', '<extra_id_25>', '<extra_id_26>', '<extra_id_27>', '<extra_id_28>', '<extra_id_29>', '<extra_id_30>', '<extra_id_31>', '<extra_id_32>', '<extra_id_33>', '<extra_id_34>', '<extra_id_35>', '<extra_id_36>', '<extra_id_37>', '<extra_id_38>', '<extra_id_39>', '<extra_id_40>', '<extra_id_41>', '<extra_id_42>', '<extra_id_43>', '<extra_id_44>', '<extra_id_45>', '<extra_id_46>', '<extra_id_47>', '<extra_id_48>', '<extra_id_49>', '<extra_id_50>', '<extra_id_51>', '<extra_id_52>', '<extra_id_53>', '<extra_id_54>', '<extra_id_55>', '<extra_id_56>', '<extra_id_57>', '<extra_id_58>', '<extra_id_59>', '<extra_id_60>', '<extra_id_61>', '<extra_id_62>', '<extra_id_63>', '<extra_id_64>', '<extra_id_65>', '<extra_id_66>', '<extra_id_67>', '<extra_id_68>', '<extra_id_69>', '<extra_id_70>', '<extra_id_71>', '<extra_id_72>', '<extra_id_73>', '<extra_id_74>', '<extra_id_75>', '<extra_id_76>', '<extra_id_77>', '<extra_id_78>', '<extra_id_79>', '<extra_id_80>', '<extra_id_81>', '<extra_id_82>', '<extra_id_83>', '<extra_id_84>', '<extra_id_85>', '<extra_id_86>', '<extra_id_87>', '<extra_id_88>', '<extra_id_89>', '<extra_id_90>', '<extra_id_91>', '<extra_id_92>', '<extra_id_93>', '<extra_id_94>', '<extra_id_95>', '<extra_id_96>', '<extra_id_97>', '<extra_id_98>', '<extra_id_99>', '<extra_id_100>', '<extra_id_101>', '<extra_id_102>', '<extra_id_103>', '<extra_id_104>', '<extra_id_105>', '<extra_id_106>', '<extra_id_107>', '<extra_id_108>', '<extra_id_109>', '<extra_id_110>', '<extra_id_111>', '<extra_id_112>', '<extra_id_113>', '<extra_id_114>', '<extra_id_115>', '<extra_id_116>', '<extra_id_117>', '<extra_id_118>', '<extra_id_119>', '<extra_id_120>', '<extra_id_121>', '<extra_id_122>', '<extra_id_123>', '<extra_id_124>']
 - extra_id_0_tok_id: 259
----------------------------------------------------------------------------------

tokenizing entities...
100%|███████████████████████████████████████████████████████████████████████████████████████████████████████████████████████████████████████████████████████████████████████████████████████████████████████████████████████████████████████████████████████████████████████████| 12068/12068 [02:32<00:00, 79.07it/s]
datamodule construction done.

----------------------------------------------------------------------------------
 * pl.Trainer(accelerator=gpu, precision=32, max_epochs=15, every_n_epoch=3)
----------------------------------------------------------------------------------

GPU available: True (cuda), used: True
TPU available: False, using: 0 TPU cores
IPU available: False, using: 0 IPUs
HPU available: False, using: 0 HPUs
model construction done.
LOCAL_RANK: 0 - CUDA_VISIBLE_DEVICES: [0]

  | Name          | Type                               | Params
---------------------------------------------------------------------
0 | core_t5_model | ModifiedT5ForConditionalGeneration | 581 M
1 | rel_embed1    | Embedding                          | 138 K
2 | rel_embed2    | Embedding                          | 138 K
3 | rel_embed3    | Embedding                          | 138 K
4 | rel_embed4    | Embedding                          | 138 K
---------------------------------------------------------------------
582 M     Trainable params
0         Non-trainable params
582 M     Total params
2,328.825 Total estimated model params size (MB)
Training: 0it [00:00, ?it/s]

======================================================================
Epoch:    0,
Epoch 0:  23%|█████████████████████████████████████████████████████████▍                                                                                                                                                              Epoch 0:  23%|█████████████████████████████████████████████████████████▍                                                                                                                                                              Epoch 0:  23%|█████████████████████████████████████████████████████████▍                                                                                                                                                              Epoch 0:  23%|█████████████████████████████████████████████████████████▍                                                                                                                                                              Epoch 0:  23%|█████████████████████████████████████████████████████████▍                                                                                                                                                              Epoch 0:  23%|█████████████████████████████████████████████████████████▍                                                                                                                                                              Epoch 0:  23%|██████████████████████████████████████▋                                                                                                                     Epoch 0: 100%|████████████████████████████████████████████████████████████████████████████████████████████████████████████████████████████████████████████████████████████████████████████████████████████████████████████████████████████████████████████████████| 36551/36551 [2:16:51<00:00,  4.45it/s, loss=0.197]
Total time: 8211s, loss: 0.2689
Epoch 0: 100%|████████████████████████████████████████████████████████████████████████████████████████████████████████████████████████████████████████████████████████████████████████████████████████████████████████████████████████████████████████████████████| 36551/36551 [2:16:51<00:00,  4.45it/s, loss=0.197]

======================================================================
Epoch:    1,
Epoch 1: 100%|████████████████████████████████████████████████████████████████████████████████████████████████████████████████████████████████████████████████████████████████████████████████████████████████████████████████████████████████████████████████████| 36551/36551 [2:16:43<00:00,  4.46it/s, loss=0.107]
Total time: 8203s, loss: 0.1320
Epoch 1: 100%|████████████████████████████████████████████████████████████████████████████████████████████████████████████████████████████████████████████████████████████████████████████████████████████████████████████████████████████████████████████████████| 36551/36551 [2:16:43<00:00,  4.46it/s, loss=0.107]

======================================================================
Epoch:    2,
Epoch 2: 100%|███████████████████████████████████████████████████████████████████████████████████████████████████████████████████████████████████████████████████████████████████████████████████████████████████████████████████████████████████████████████████| 36551/36551 [2:16:42<00:00,  4.46it/s, loss=0.0727]
Training time: 8202s
Epoch 2: : 42365it [4:19:38,  2.72it/s, loss=0.0727]
Validation DataLoader 1: 100%|██████████████████████████████████████████████████████████████████████████████████████████████████████████████████████████████████████████████████████████████████████████████████████████████████████████████████████████████████████████████████| 2907/2907 [1:01:36<00:00,  1.27s/it]

           mrr   hit@1   hit@3  hit@10
tail  0.258315  19.97%  28.08%  38.12%
head  0.032992   1.84%   3.25%   6.61%
mean  0.145653  10.91%  15.66%  22.36%

Ellipsis
Validation time: 7376s
Epoch 2: : 42365it [4:19:38,  2.72it/s, loss=0.0727]
Total time: 15635s, loss: 0.0914
Epoch 2: : 42365it [4:20:35,  2.71it/s, loss=0.0727]

======================================================================
Epoch:    3,
Epoch 3: 100%|███████████████████████████████████████████████████████████████████████████████████████████████████████████████████████████████████████████████████████████████████████████████████████████████████████████████████████████████████████████████████| 36551/36551 [2:16:38<00:00,  4.46it/s, loss=0.0612]
Total time: 8198s, loss: 0.0744
Epoch 3: 100%|███████████████████████████████████████████████████████████████████████████████████████████████████████████████████████████████████████████████████████████████████████████████████████████████████████████████████████████████████████████████████| 36551/36551 [2:16:38<00:00,  4.46it/s, loss=0.0612]

======================================================================
Epoch:    4,
Epoch 4: 100%|███████████████████████████████████████████████████████████████████████████████████████████████████████████████████████████████████████████████████████████████████████████████████████████████████████████████████████████████████████████████████| 36551/36551 [2:16:41<00:00,  4.46it/s, loss=0.0562]
Total time: 8201s, loss: 0.0652
Epoch 4: 100%|███████████████████████████████████████████████████████████████████████████████████████████████████████████████████████████████████████████████████████████████████████████████████████████████████████████████████████████████████████████████████| 36551/36551 [2:16:41<00:00,  4.46it/s, loss=0.0562]

======================================================================
Epoch:    5,
Epoch 5:  86%|██████████████████████████████████████████████████████████████████████████████████████████████████████████████████████████████████████████████████████████████████████████████████████████████████████████████████▌                                 | 36551/42365 [2:16:32<21:43,  4.46it/s, loss=0.056]
Training time: 8192s
Epoch 5: 100%|████████████████████████████████████████████████████████████████████████████████████████████████████████████████████████████████████████████████████████████████████████████████████████████████████████████████████████████████████████████████████| 42365/42365 [4:19:14<00:00,  2.72it/s, loss=0.056]
Validation DataLoader 1: 100%|██████████████████████████████████████████████████████████████████████████████████████████████████████████████████████████████████████████████████████████████████████████████████████████████████████████████████████████████████████████████████| 2907/2907 [1:01:32<00:00,  1.27s/it]

           mrr   hit@1   hit@3  hit@10
tail  0.262711  19.65%  29.00%  41.27%
head  0.055358   3.44%   5.71%  10.41%
mean  0.159035  11.54%  17.36%  25.84%

Ellipsis
Validation time: 7362s
Epoch 5: 100%|████████████████████████████████████████████████████████████████████████████████████████████████████████████████████████████████████████████████████████████████████████████████████████████████████████████████████████████████████████████████████| 42365/42365 [4:19:14<00:00,  2.72it/s, loss=0.056]
Total time: 15611s, loss: 0.0595
Epoch 5: 100%|████████████████████████████████████████████████████████████████████████████████████████████████████████████████████████████████████████████████████████████████████████████████████████████████████████████████████████████████████████████████████| 42365/42365 [4:20:11<00:00,  2.71it/s, loss=0.056]

======================================================================
Epoch:    6,
Epoch 6: 100%|███████████████████████████████████████████████████████████████████████████████████████████████████████████████████████████████████████████████████████████████████████████████████████████████████████████████████████████████████████████████████| 36551/36551 [2:16:39<00:00,  4.46it/s, loss=0.0501]
Total time: 8199s, loss: 0.0551
Epoch 6: 100%|███████████████████████████████████████████████████████████████████████████████████████████████████████████████████████████████████████████████████████████████████████████████████████████████████████████████████████████████████████████████████| 36551/36551 [2:16:39<00:00,  4.46it/s, loss=0.0501]

======================================================================
Epoch:    7,
Epoch 7: 100%|████████████████████████████████████████████████████████████████████████████████████████████████████████████████████████████████████████████████████████████████████████████████████████████████████████████████████████████████████████████████████| 36551/36551 [2:16:33<00:00,  4.46it/s, loss=0.046]
Total time: 8193s, loss: 0.0695
Epoch 7: 100%|████████████████████████████████████████████████████████████████████████████████████████████████████████████████████████████████████████████████████████████████████████████████████████████████████████████████████████████████████████████████████| 36551/36551 [2:16:33<00:00,  4.46it/s, loss=0.046]

======================================================================
Epoch:    8,
Epoch 8:  86%|█████████████████████████████████████████████████████████████████████████████████████████████████████████████████████████████████████████████████████████████████████████████████████████████████████████████████▋                                 | 36551/42365 [2:16:17<21:40,  4.47it/s, loss=0.0487]
Training time: 8177s
Epoch 8: 100%|███████████████████████████████████████████████████████████████████████████████████████████████████████████████████████████████████████████████████████████████████████████████████████████████████████████████████████████████████████████████████| 42365/42365 [4:19:17<00:00,  2.72it/s, loss=0.0487]
Validation DataLoader 1: 100%|██████████████████████████████████████████████████████████████████████████████████████████████████████████████████████████████████████████████████████████████████████████████████████████████████████████████████████████████████████████████████| 2907/2907 [1:01:40<00:00,  1.27s/it]

           mrr   hit@1   hit@3  hit@10
tail  0.273304  20.83%  29.76%  41.56%
head  0.056515   3.51%   5.57%  10.60%
mean  0.164910  12.17%  17.67%  26.08%

Ellipsis
Validation time: 7380s
Epoch 8: 100%|███████████████████████████████████████████████████████████████████████████████████████████████████████████████████████████████████████████████████████████████████████████████████████████████████████████████████████████████████████████████████| 42365/42365 [4:19:17<00:00,  2.72it/s, loss=0.0487]
Total time: 15618s, loss: 0.0738
Epoch 8: 100%|███████████████████████████████████████████████████████████████████████████████████████████████████████████████████████████████████████████████████████████████████████████████████████████████████████████████████████████████████████████████████| 42365/42365 [4:20:18<00:00,  2.71it/s, loss=0.0487]

======================================================================
Epoch:    9,
Epoch 9: 100%|███████████████████████████████████████████████████████████████████████████████████████████████████████████████████████████████████████████████████████████████████████████████████████████████████████████████████████████████████████████████████| 36551/36551 [2:16:24<00:00,  4.47it/s, loss=0.0548]
Total time: 8184s, loss: 0.0491
Epoch 9: 100%|███████████████████████████████████████████████████████████████████████████████████████████████████████████████████████████████████████████████████████████████████████████████████████████████████████████████████████████████████████████████████| 36551/36551 [2:16:24<00:00,  4.47it/s, loss=0.0548]

======================================================================
Epoch:   10,
Epoch 10: 100%|██████████████████████████████████████████████████████████████████████████████████████████████████████████████████████████████████████████████████████████████████████████████████████████████████████████████████████████████████████████████████| 36551/36551 [2:16:35<00:00,  4.46it/s, loss=0.0493]
Total time: 8195s, loss: 0.0477
Epoch 10: 100%|██████████████████████████████████████████████████████████████████████████████████████████████████████████████████████████████████████████████████████████████████████████████████████████████████████████████████████████████████████████████████| 36551/36551 [2:16:35<00:00,  4.46it/s, loss=0.0493]

======================================================================
Epoch:   11,
Epoch 11:  86%|████████████████████████████████████████████████████████████████████████████████████████████████████████████████████████████████████████████████████████████████████████████████████████████████████████████████▊                                 | 36551/42365 [2:16:17<21:40,  4.47it/s, loss=0.0348]
Training time: 8177s
Epoch 11: 100%|██████████████████████████████████████████████████████████████████████████████████████████████████████████████████████████████████████████████████████████████████████████████████████████████████████████████████████████████████████████████████| 42365/42365 [4:19:43<00:00,  2.72it/s, loss=0.0348]
Validation DataLoader 1: 100%|██████████████████████████████████████████████████████████████████████████████████████████████████████████████████████████████████████████████████████████████████████████████████████████████████████████████████████████████████████████████████| 2907/2907 [1:01:48<00:00,  1.28s/it]

           mrr   hit@1   hit@3  hit@10
tail  0.278893  20.63%  31.05%  43.13%
head  0.060090   3.61%   6.33%  11.11%
mean  0.169492  12.12%  18.69%  27.12%

Ellipsis
Validation time: 7405s
Epoch 11: 100%|██████████████████████████████████████████████████████████████████████████████████████████████████████████████████████████████████████████████████████████████████████████████████████████████████████████████████████████████████████████████████| 42365/42365 [4:19:43<00:00,  2.72it/s, loss=0.0348]
Total time: 15639s, loss: 0.0461
Epoch 11: 100%|██████████████████████████████████████████████████████████████████████████████████████████████████████████████████████████████████████████████████████████████████████████████████████████████████████████████████████████████████████████████████| 42365/42365 [4:20:39<00:00,  2.71it/s, loss=0.0348]

======================================================================
Epoch:   12,
Epoch 12: 100%|██████████████████████████████████████████████████████████████████████████████████████████████████████████████████████████████████████████████████████████████████████████████████████████████████████████████████████████████████████████████████| 36551/36551 [2:16:26<00:00,  4.46it/s, loss=0.0451]
Total time: 8186s, loss: 0.0449
Epoch 12: 100%|██████████████████████████████████████████████████████████████████████████████████████████████████████████████████████████████████████████████████████████████████████████████████████████████████████████████████████████████████████████████████| 36551/36551 [2:16:26<00:00,  4.46it/s, loss=0.0451]

======================================================================
Epoch:   13,
Epoch 13: 100%|██████████████████████████████████████████████████████████████████████████████████████████████████████████████████████████████████████████████████████████████████████████████████████████████████████████████████████████████████████████████████| 36551/36551 [2:16:29<00:00,  4.46it/s, loss=0.0453]
Total time: 8189s, loss: 0.0441
Epoch 13: 100%|██████████████████████████████████████████████████████████████████████████████████████████████████████████████████████████████████████████████████████████████████████████████████████████████████████████████████████████████████████████████████| 36551/36551 [2:16:29<00:00,  4.46it/s, loss=0.0453]

======================================================================
Epoch:   14,
Epoch 14:  86%|████████████████████████████████████████████████████████████████████████████████████████████████████████████████████████████████████████████████████████████████████████████████████████████████████████████████▊                                 | 36551/42365 [2:16:09<21:39,  4.47it/s, loss=0.0446]
Training time: 8170s
Epoch 14: 100%|██████████████████████████████████████████████████████████████████████████████████████████████████████████████████████████████████████████████████████████████████████████████████████████████████████████████████████████████████████████████████| 42365/42365 [4:19:25<00:00,  2.72it/s, loss=0.0446]
Validation DataLoader 1: 100%|██████████████████████████████████████████████████████████████████████████████████████████████████████████████████████████████████████████████████████████████████████████████████████████████████████████████████████████████████████████████████| 2907/2907 [1:01:43<00:00,  1.27s/it]

           mrr   hit@1   hit@3  hit@10
tail  0.267147  18.84%  30.78%  42.54%
head  0.055055   3.08%   5.95%  10.72%
mean  0.161101  10.96%  18.36%  26.63%

Ellipsis
Validation time: 7395s
Epoch 14: 100%|██████████████████████████████████████████████████████████████████████████████████████████████████████████████████████████████████████████████████████████████████████████████████████████████████████████████████████████████████████████████████| 42365/42365 [4:19:25<00:00,  2.72it/s, loss=0.0446]
Total time: 15621s, loss: 0.0434
Epoch 14: 100%|██████████████████████████████████████████████████████████████████████████████████████████████████████████████████████████████████████████████████████████████████████████████████████████████████████████████████████████████████████████████████| 42365/42365 [4:20:21<00:00,  2.71it/s, loss=0.0446]`Trainer.fit` stopped: `max_epochs=15` reached.
Epoch 14: 100%|██████████████████████████████████████████████████████████████████████████████████████████████████████████████████████████████████████████████████████████████████████████████████████████████████████████████████████████████████████████████████| 42365/42365 [4:20:21<00:00,  2.71it/s, loss=0.0446]
model_path: [./checkpoint/FB15k-237N-ko=ETRI-KEByT5-Base-230426=1214.222451/FB15k-237N-ko-epoch=011-val_mrr=0.1695.ckpt]
LOCAL_RANK: 0 - CUDA_VISIBLE_DEVICES: [0]
Testing DataLoader 0:  96%|██████████████████████████████████████████████████████████████████████████████████████████████████████████████████████████████████████████████████████████████████████████████████████████████████████████████████████████████████████████▍          | 3236/3381 [1:00:28<02:42,  1.12s/it]
Testing DataLoader 1: 100%|█████████████████████████████████████████████████████████████████████████████████████████████████████████████████████████████████████████████████████████████████████████████████████████████████████████████████████████████████████████████████████| 3381/3381 [1:03:29<00:00,  1.13s/it]


           mrr   hit@1   hit@3  hit@10
tail  0.275602  20.33%  30.70%  42.32%
head  0.059636   3.42%   6.83%  11.00%
mean  0.167619  11.88%  18.77%  26.66%

======================================================================
Epoch: test
Ellipsis
======================================================================
Testing DataLoader 1: 100%|█████████████████████████████████████████████████████████████████████████████████████████████████████████████████████████████████████████████████████████████████████████████████████████████████████████████████████████████████████████████████████| 3381/3381 [1:03:29<00:00,  1.13s/it]
──────────────────────────────────────────────────────────────────────────────────────────────────────────────────────────────────────────────────────────────────────────────────────────────────────────────────────────────────────────────────────────────────────────────────────────────────────────────────────
Runningstage.testing metric      DataLoader 0             DataLoader 1
──────────────────────────────────────────────────────────────────────────────────────────────────────────────────────────────────────────────────────────────────────────────────────────────────────────────────────────────────────────────────────────────────────────────────────────────────────────────────────
         val_mrr            0.16761882603168488      0.16761882603168488
──────────────────────────────────────────────────────────────────────────────────────────────────────────────────────────────────────────────────────────────────────────────────────────────────────────────────────────────────────────────────────────────────────────────────────────────────────────────────────
(KG-S2S) chrisjihee@ptlm3:~/proj/KG-S2S$

