#export CUDA_VISIBLE_DEVICES=1
#export CUDA_VISIBLE_DEVICES=5
#python3 main.py -dataset FB15k-237N-ko -lr 0.0005 -num_beams 40 -seq_dropout 0.2 -use_soft_prompt -use_rel_prompt_emb -src_descrip_max_length 200 -tgt_descrip_max_length 200 -pretrained_model pretrained-pro/ETRI-KEByT5-Base-230426
python3 main.py -dataset FB15k-237N-ko \
                -lr 0.0005 \
                -precision bf16 \
                -epoch 15 \
                -batch_size 4 \
                -val_batch_size 2 \
                -num_beams 40 \
                -seq_dropout 0.2 \
                -use_soft_prompt \
                -use_rel_prompt_emb \
                -src_descrip_max_length 200 \
                -tgt_descrip_max_length 200 \
                -eval_tgt_max_length 75 \
                -pretrained_model pretrained-pro/ETRI-KEByT5-Base-230426



(KG-S2S) chrisjihee@ptlm3:~/proj/KG-S2S$ export CUDA_VISIBLE_DEVICES=3
(KG-S2S) chrisjihee@ptlm3:~/proj/KG-S2S$ setting-korean/train-FB15k-237N-ko-KeByT5-base-2.sh
Namespace(dataset_path='./data/processed', dataset='FB15k-237N-ko', model='T5Finetuner', precision='bf16', accelerator='gpu', seed=41504, num_workers=12, save_dir='./checkpoint/FB15k-237N-ko=ETRI-KEByT5-Base-230426=1214.222517', pretrained_model='pretrained-pro/ETRI-KEByT5-Base-230426', batch_size=4, val_batch_size=2, num_beams=40, num_beam_groups=1, src_max_length=512, train_tgt_max_length=512, eval_tgt_max_length=75, epochs=15, lr=0.0005, diversity_penalty=0.0, model_path='', optim='Adam', decoder='beam_search', log_text=False, use_prefix_search=False, src_descrip_max_length=200, tgt_descrip_max_length=200, use_soft_prompt=True, use_rel_prompt_emb=True, check_every_n_epochs=3, seq_dropout=0.2, temporal=False, n_ent=12068, n_rel=90, vocab_size=384, model_dim=1536)
Global seed set to 41504

----------------------------------------------------------------------------------
 - pretrained_model.model_type: t5
 - tokenizer.additional_special_tokens: ['<extra_id_0>', '<extra_id_1>', '<extra_id_2>', '<extra_id_3>', '<extra_id_4>', '<extra_id_5>', '<extra_id_6>', '<extra_id_7>', '<extra_id_8>', '<extra_id_9>', '<extra_id_10>', '<extra_id_11>', '<extra_id_12>', '<extra_id_13>', '<extra_id_14>', '<extra_id_15>', '<extra_id_16>', '<extra_id_17>', '<extra_id_18>', '<extra_id_19>', '<extra_id_20>', '<extra_id_21>', '<extra_id_22>', '<extra_id_23>', '<extra_id_24>', '<extra_id_25>', '<extra_id_26>', '<extra_id_27>', '<extra_id_28>', '<extra_id_29>', '<extra_id_30>', '<extra_id_31>', '<extra_id_32>', '<extra_id_33>', '<extra_id_34>', '<extra_id_35>', '<extra_id_36>', '<extra_id_37>', '<extra_id_38>', '<extra_id_39>', '<extra_id_40>', '<extra_id_41>', '<extra_id_42>', '<extra_id_43>', '<extra_id_44>', '<extra_id_45>', '<extra_id_46>', '<extra_id_47>', '<extra_id_48>', '<extra_id_49>', '<extra_id_50>', '<extra_id_51>', '<extra_id_52>', '<extra_id_53>', '<extra_id_54>', '<extra_id_55>', '<extra_id_56>', '<extra_id_57>', '<extra_id_58>', '<extra_id_59>', '<extra_id_60>', '<extra_id_61>', '<extra_id_62>', '<extra_id_63>', '<extra_id_64>', '<extra_id_65>', '<extra_id_66>', '<extra_id_67>', '<extra_id_68>', '<extra_id_69>', '<extra_id_70>', '<extra_id_71>', '<extra_id_72>', '<extra_id_73>', '<extra_id_74>', '<extra_id_75>', '<extra_id_76>', '<extra_id_77>', '<extra_id_78>', '<extra_id_79>', '<extra_id_80>', '<extra_id_81>', '<extra_id_82>', '<extra_id_83>', '<extra_id_84>', '<extra_id_85>', '<extra_id_86>', '<extra_id_87>', '<extra_id_88>', '<extra_id_89>', '<extra_id_90>', '<extra_id_91>', '<extra_id_92>', '<extra_id_93>', '<extra_id_94>', '<extra_id_95>', '<extra_id_96>', '<extra_id_97>', '<extra_id_98>', '<extra_id_99>', '<extra_id_100>', '<extra_id_101>', '<extra_id_102>', '<extra_id_103>', '<extra_id_104>', '<extra_id_105>', '<extra_id_106>', '<extra_id_107>', '<extra_id_108>', '<extra_id_109>', '<extra_id_110>', '<extra_id_111>', '<extra_id_112>', '<extra_id_113>', '<extra_id_114>', '<extra_id_115>', '<extra_id_116>', '<extra_id_117>', '<extra_id_118>', '<extra_id_119>', '<extra_id_120>', '<extra_id_121>', '<extra_id_122>', '<extra_id_123>', '<extra_id_124>']
 - extra_id_0_tok_id: 259
----------------------------------------------------------------------------------

tokenizing entities...
100%|███████████████████████████████████████████████████████████████████████████████████████████████████████████████████████████████████████████████████████████████████████████████████████████████████████████████████████████████████████████████████████████████████████████| 12068/12068 [02:33<00:00, 78.79it/s]
datamodule construction done.

----------------------------------------------------------------------------------
 * pl.Trainer(accelerator=gpu, precision=bf16, max_epochs=15, every_n_epoch=3)
----------------------------------------------------------------------------------

Using bfloat16 Automatic Mixed Precision (AMP)
GPU available: True (cuda), used: True
TPU available: False, using: 0 TPU cores
IPU available: False, using: 0 IPUs
HPU available: False, using: 0 HPUs
model construction done.
LOCAL_RANK: 0 - CUDA_VISIBLE_DEVICES: [3]

  | Name          | Type                               | Params
---------------------------------------------------------------------
0 | core_t5_model | ModifiedT5ForConditionalGeneration | 581 M
1 | rel_embed1    | Embedding                          | 138 K
2 | rel_embed2    | Embedding                          | 138 K
3 | rel_embed3    | Embedding                          | 138 K
4 | rel_embed4    | Embedding                          | 138 K
---------------------------------------------------------------------
582 M     Trainable params
0         Non-trainable params
582 M     Total params
2,328.825 Total estimated model params size (MB)
Training: 0it [00:00, ?it/s]

======================================================================
Epoch:    0,
Epoch 0: 100%|████████████████████████████████████████████████████████████████████████████████████████████████████████████████████████████████████████████████████████████████████████████████████████████████████████████████████████████████████████████████████| 36551/36551 [2:07:10<00:00,  4.79it/s, loss=0.189]
Total time: 7630s, loss: 0.2560
Epoch 0: 100%|████████████████████████████████████████████████████████████████████████████████████████████████████████████████████████████████████████████████████████████████████████████████████████████████████████████████████████████████████████████████████| 36551/36551 [2:07:10<00:00,  4.79it/s, loss=0.189]

======================================================================
Epoch:    1,
Epoch 1: 100%|████████████████████████████████████████████████████████████████████████████████████████████████████████████████████████████████████████████████████████████████████████████████████████████████████████████████████████████████████████████████████| 36551/36551 [2:07:30<00:00,  4.78it/s, loss=0.105]
Total time: 7650s, loss: 0.1281
Epoch 1: 100%|████████████████████████████████████████████████████████████████████████████████████████████████████████████████████████████████████████████████████████████████████████████████████████████████████████████████████████████████████████████████████| 36551/36551 [2:07:30<00:00,  4.78it/s, loss=0.105]

======================================================================
Epoch:    2,
Epoch 2: 100%|███████████████████████████████████████████████████████████████████████████████████████████████████████████████████████████████████████████████████████████████████████████████████████████████████████████████████████████████████████████████████| 36551/36551 [2:07:23<00:00,  4.78it/s, loss=0.0697]
Training time: 7643s
Epoch 2: : 42365it [4:12:15,  2.80it/s, loss=0.0697]
Validation DataLoader 1: 100%|██████████████████████████████████████████████████████████████████████████████████████████████████████████████████████████████████████████████████████████████████████████████████████████████████████████████████████████████████████████████████| 2907/2907 [1:02:26<00:00,  1.29s/it]

           mrr   hit@1   hit@3  hit@10
tail  0.259246  19.83%  27.68%  39.96%
head  0.051547   2.99%   5.81%   9.77%
mean  0.155396  11.41%  16.75%  24.87%

Ellipsis
Validation time: 7492s
Epoch 2: : 42365it [4:12:15,  2.80it/s, loss=0.0697]
Total time: 15191s, loss: 0.0886
Epoch 2: : 42365it [4:13:11,  2.79it/s, loss=0.0697]

======================================================================
Epoch:    3,
Epoch 3: 100%|███████████████████████████████████████████████████████████████████████████████████████████████████████████████████████████████████████████████████████████████████████████████████████████████████████████████████████████████████████████████████| 36551/36551 [2:07:21<00:00,  4.78it/s, loss=0.0572]
Total time: 7641s, loss: 0.0716
Epoch 3: 100%|███████████████████████████████████████████████████████████████████████████████████████████████████████████████████████████████████████████████████████████████████████████████████████████████████████████████████████████████████████████████████| 36551/36551 [2:07:21<00:00,  4.78it/s, loss=0.0572]

======================================================================
Epoch:    4,
Epoch 4: 100%|███████████████████████████████████████████████████████████████████████████████████████████████████████████████████████████████████████████████████████████████████████████████████████████████████████████████████████████████████████████████████| 36551/36551 [2:07:25<00:00,  4.78it/s, loss=0.0574]
Total time: 7645s, loss: 0.0612
Epoch 4: 100%|███████████████████████████████████████████████████████████████████████████████████████████████████████████████████████████████████████████████████████████████████████████████████████████████████████████████████████████████████████████████████| 36551/36551 [2:07:25<00:00,  4.78it/s, loss=0.0574]

======================================================================
Epoch:    5,
Epoch 5:  86%|█████████████████████████████████████████████████████████████████████████████████████████████████████████████████████████████████████████████████████████████████████████████████████████████████████████████████▋                                 | 36551/42365 [2:07:28<20:16,  4.78it/s, loss=0.0511]
Training time: 7648s
Epoch 5: 100%|███████████████████████████████████████████████████████████████████████████████████████████████████████████████████████████████████████████████████████████████████████████████████████████████████████████████████████████████████████████████████| 42365/42365 [4:12:34<00:00,  2.80it/s, loss=0.0511]
Validation DataLoader 1: 100%|██████████████████████████████████████████████████████████████████████████████████████████████████████████████████████████████████████████████████████████████████████████████████████████████████████████████████████████████████████████████████| 2907/2907 [1:02:32<00:00,  1.29s/it]

           mrr   hit@1   hit@3  hit@10
tail  0.268696  20.39%  29.45%  41.17%
head  0.055749   3.35%   5.90%  10.42%
mean  0.162222  11.87%  17.68%  25.80%

Ellipsis
Validation time: 7506s
Epoch 5: 100%|███████████████████████████████████████████████████████████████████████████████████████████████████████████████████████████████████████████████████████████████████████████████████████████████████████████████████████████████████████████████████| 42365/42365 [4:12:34<00:00,  2.80it/s, loss=0.0511]
Total time: 15211s, loss: 0.0556
Epoch 5: 100%|███████████████████████████████████████████████████████████████████████████████████████████████████████████████████████████████████████████████████████████████████████████████████████████████████████████████████████████████████████████████████| 42365/42365 [4:13:31<00:00,  2.79it/s, loss=0.0511]

======================================================================
Epoch:    6,
Epoch 6: 100%|████████████████████████████████████████████████████████████████████████████████████████████████████████████████████████████████████████████████████████████████████████████████████████████████████████████████████████████████████████████████████| 36551/36551 [2:07:12<00:00,  4.79it/s, loss=0.047]
Total time: 7632s, loss: 0.0525
Epoch 6: 100%|████████████████████████████████████████████████████████████████████████████████████████████████████████████████████████████████████████████████████████████████████████████████████████████████████████████████████████████████████████████████████| 36551/36551 [2:07:12<00:00,  4.79it/s, loss=0.047]

======================================================================
Epoch:    7,
Epoch 7: 100%|███████████████████████████████████████████████████████████████████████████████████████████████████████████████████████████████████████████████████████████████████████████████████████████████████████████████████████████████████████████████████| 36551/36551 [2:07:39<00:00,  4.77it/s, loss=0.0425]
Total time: 7659s, loss: 0.0494
Epoch 7: 100%|███████████████████████████████████████████████████████████████████████████████████████████████████████████████████████████████████████████████████████████████████████████████████████████████████████████████████████████████████████████████████| 36551/36551 [2:07:39<00:00,  4.77it/s, loss=0.0425]

======================================================================
Epoch:    8,
Epoch 8:  86%|█████████████████████████████████████████████████████████████████████████████████████████████████████████████████████████████████████████████████████████████████████████████████████████████████████████████████▋                                 | 36551/42365 [2:07:35<20:17,  4.77it/s, loss=0.0449]
Training time: 7655s
Epoch 8: 100%|███████████████████████████████████████████████████████████████████████████████████████████████████████████████████████████████████████████████████████████████████████████████████████████████████████████████████████████████████████████████████| 42365/42365 [4:12:40<00:00,  2.79it/s, loss=0.0449]
Validation DataLoader 1: 100%|██████████████████████████████████████████████████████████████████████████████████████████████████████████████████████████████████████████████████████████████████████████████████████████████████████████████████████████████████████████████████| 2907/2907 [1:02:34<00:00,  1.29s/it]

           mrr   hit@1   hit@3  hit@10
tail  0.275273  21.00%  30.17%  41.13%
head  0.059205   3.56%   6.45%  10.63%
mean  0.167239  12.28%  18.31%  25.88%

Ellipsis
Validation time: 7505s
Epoch 8: 100%|███████████████████████████████████████████████████████████████████████████████████████████████████████████████████████████████████████████████████████████████████████████████████████████████████████████████████████████████████████████████████| 42365/42365 [4:12:40<00:00,  2.79it/s, loss=0.0449]
Total time: 15219s, loss: 0.0472
Epoch 8: 100%|███████████████████████████████████████████████████████████████████████████████████████████████████████████████████████████████████████████████████████████████████████████████████████████████████████████████████████████████████████████████████| 42365/42365 [4:13:39<00:00,  2.78it/s, loss=0.0449]

======================================================================
Epoch:    9,
Epoch 9: 100%|███████████████████████████████████████████████████████████████████████████████████████████████████████████████████████████████████████████████████████████████████████████████████████████████████████████████████████████████████████████████████| 36551/36551 [2:07:02<00:00,  4.79it/s, loss=0.0453]
Total time: 7622s, loss: 0.0469
Epoch 9: 100%|███████████████████████████████████████████████████████████████████████████████████████████████████████████████████████████████████████████████████████████████████████████████████████████████████████████████████████████████████████████████████| 36551/36551 [2:07:02<00:00,  4.79it/s, loss=0.0453]

======================================================================
Epoch:   10,
Epoch 10: 100%|██████████████████████████████████████████████████████████████████████████████████████████████████████████████████████████████████████████████████████████████████████████████████████████████████████████████████████████████████████████████████| 36551/36551 [2:07:23<00:00,  4.78it/s, loss=0.0486]
Total time: 7643s, loss: 0.0459
Epoch 10: 100%|██████████████████████████████████████████████████████████████████████████████████████████████████████████████████████████████████████████████████████████████████████████████████████████████████████████████████████████████████████████████████| 36551/36551 [2:07:23<00:00,  4.78it/s, loss=0.0486]

======================================================================
Epoch:   11,
Epoch 11:  86%|████████████████████████████████████████████████████████████████████████████████████████████████████████████████████████████████████████████████████████████████████████████████████████████████████████████████▊                                 | 36551/42365 [2:07:29<20:16,  4.78it/s, loss=0.0391]
Training time: 7650s
Epoch 11: 100%|██████████████████████████████████████████████████████████████████████████████████████████████████████████████████████████████████████████████████████████████████████████████████████████████████████████████████████████████████████████████████| 42365/42365 [4:12:29<00:00,  2.80it/s, loss=0.0391]
Validation DataLoader 1: 100%|██████████████████████████████████████████████████████████████████████████████████████████████████████████████████████████████████████████████████████████████████████████████████████████████████████████████████████████████████████████████████| 2907/2907 [1:02:31<00:00,  1.29s/it]

           mrr   hit@1   hit@3  hit@10
tail  0.222906  15.47%  25.12%  37.07%
head  0.041402   2.67%   4.15%   7.24%
mean  0.132154   9.07%  14.63%  22.16%

Ellipsis
Validation time: 7499s
Epoch 11: 100%|██████████████████████████████████████████████████████████████████████████████████████████████████████████████████████████████████████████████████████████████████████████████████████████████████████████████████████████████████████████████████| 42365/42365 [4:12:29<00:00,  2.80it/s, loss=0.0391]
Total time: 15205s, loss: 0.0461
Epoch 11: 100%|██████████████████████████████████████████████████████████████████████████████████████████████████████████████████████████████████████████████████████████████████████████████████████████████████████████████████████████████████████████████████| 42365/42365 [4:13:25<00:00,  2.79it/s, loss=0.0391]

======================================================================
Epoch:   12,
Epoch 12: 100%|██████████████████████████████████████████████████████████████████████████████████████████████████████████████████████████████████████████████████████████████████████████████████████████████████████████████████████████████████████████████████| 36551/36551 [2:06:59<00:00,  4.80it/s, loss=0.0465]
Total time: 7619s, loss: 0.0469
Epoch 12: 100%|██████████████████████████████████████████████████████████████████████████████████████████████████████████████████████████████████████████████████████████████████████████████████████████████████████████████████████████████████████████████████| 36551/36551 [2:06:59<00:00,  4.80it/s, loss=0.0465]

======================================================================
Epoch:   13,
Epoch 13: 100%|███████████████████████████████████████████████████████████████████████████████████████████████████████████████████████████████████████████████████████████████████████████████████████████████████████████████████████████████████████████████████| 36551/36551 [2:07:26<00:00,  4.78it/s, loss=0.047]
Total time: 7646s, loss: 0.0464
Epoch 13: 100%|███████████████████████████████████████████████████████████████████████████████████████████████████████████████████████████████████████████████████████████████████████████████████████████████████████████████████████████████████████████████████| 36551/36551 [2:07:26<00:00,  4.78it/s, loss=0.047]

======================================================================
Epoch:   14,
Epoch 14:  86%|████████████████████████████████████████████████████████████████████████████████████████████████████████████████████████████████████████████████████████████████████████████████████████████████████████████████▊                                 | 36551/42365 [2:07:39<20:18,  4.77it/s, loss=0.0482]
Training time: 7659s
Epoch 14: 100%|██████████████████████████████████████████████████████████████████████████████████████████████████████████████████████████████████████████████████████████████████████████████████████████████████████████████████████████████████████████████████| 42365/42365 [4:12:58<00:00,  2.79it/s, loss=0.0482]
Validation DataLoader 1: 100%|██████████████████████████████████████████████████████████████████████████████████████████████████████████████████████████████████████████████████████████████████████████████████████████████████████████████████████████████████████████████████| 2907/2907 [1:02:41<00:00,  1.29s/it]

           mrr   hit@1   hit@3  hit@10
tail  0.203746  13.52%  23.33%  33.60%
head  0.035858   2.20%   3.47%   6.80%
mean  0.119802   7.86%  13.40%  20.20%

Ellipsis
Validation time: 7518s
Epoch 14: 100%|██████████████████████████████████████████████████████████████████████████████████████████████████████████████████████████████████████████████████████████████████████████████████████████████████████████████████████████████████████████████████| 42365/42365 [4:12:58<00:00,  2.79it/s, loss=0.0482]
Total time: 15234s, loss: 0.0460
Epoch 14: 100%|██████████████████████████████████████████████████████████████████████████████████████████████████████████████████████████████████████████████████████████████████████████████████████████████████████████████████████████████████████████████████| 42365/42365 [4:13:54<00:00,  2.78it/s, loss=0.0482]`Trainer.fit` stopped: `max_epochs=15` reached.
Epoch 14: 100%|██████████████████████████████████████████████████████████████████████████████████████████████████████████████████████████████████████████████████████████████████████████████████████████████████████████████████████████████████████████████████| 42365/42365 [4:13:54<00:00,  2.78it/s, loss=0.0482]
model_path: [./checkpoint/FB15k-237N-ko=ETRI-KEByT5-Base-230426=1214.222517/FB15k-237N-ko-epoch=008-val_mrr=0.1672.ckpt]
LOCAL_RANK: 0 - CUDA_VISIBLE_DEVICES: [3]
Testing DataLoader 1: 100%|█████████████████████████████████████████████████████████████████████████████████████████████████████████████████████████████████████████████████████████████████████████████████████████████████████████████████████████████████████████████████████| 3381/3381 [1:03:31<00:00,  1.13s/it]


           mrr   hit@1   hit@3  hit@10
tail  0.271010  20.44%  29.74%  41.01%
head  0.062297   3.87%   6.73%  11.30%
mean  0.166654  12.16%  18.23%  26.15%

======================================================================
Epoch: test
Ellipsis
======================================================================
Testing DataLoader 1: 100%|█████████████████████████████████████████████████████████████████████████████████████████████████████████████████████████████████████████████████████████████████████████████████████████████████████████████████████████████████████████████████████| 3381/3381 [1:03:31<00:00,  1.13s/it]
──────────────────────────────────────────────────────────────────────────────────────────────────────────────────────────────────────────────────────────────────────────────────────────────────────────────────────────────────────────────────────────────────────────────────────────────────────────────────────
Runningstage.testing metric      DataLoader 0             DataLoader 1
──────────────────────────────────────────────────────────────────────────────────────────────────────────────────────────────────────────────────────────────────────────────────────────────────────────────────────────────────────────────────────────────────────────────────────────────────────────────────────
         val_mrr            0.16665369272232056      0.16665369272232056
──────────────────────────────────────────────────────────────────────────────────────────────────────────────────────────────────────────────────────────────────────────────────────────────────────────────────────────────────────────────────────────────────────────────────────────────────────────────────────
(KG-S2S) chrisjihee@ptlm3:~/proj/KG-S2S$

